[2020-03-10 08:52:10] local.ERROR: PDOException: SQLSTATE[23000]: Integrity constraint violation: 1062 Duplicate entry 'TVS-Victor-110-Feature-Review' for key 'products_slug_unique' in C:\xampp\htdocs\Lumen\NewBikeBD09032020\vendor\illuminate\database\Connection.php:463
Stack trace:
#0 C:\xampp\htdocs\Lumen\NewBikeBD09032020\vendor\illuminate\database\Connection.php(463): PDOStatement->execute()
#1 C:\xampp\htdocs\Lumen\NewBikeBD09032020\vendor\illuminate\database\Connection.php(662): Illuminate\Database\Connection->Illuminate\Database\{closure}('insert into `pr...', Array)
#2 C:\xampp\htdocs\Lumen\NewBikeBD09032020\vendor\illuminate\database\Connection.php(629): Illuminate\Database\Connection->runQueryCallback('insert into `pr...', Array, Object(Closure))
#3 C:\xampp\htdocs\Lumen\NewBikeBD09032020\vendor\illuminate\database\Connection.php(464): Illuminate\Database\Connection->run('insert into `pr...', Array, Object(Closure))
#4 C:\xampp\htdocs\Lumen\NewBikeBD09032020\vendor\illuminate\database\Connection.php(416): Illuminate\Database\Connection->statement('insert into `pr...', Array)
#5 C:\xampp\htdocs\Lumen\NewBikeBD09032020\vendor\illuminate\database\Query\Processors\Processor.php(32): Illuminate\Database\Connection->insert('insert into `pr...', Array)
#6 C:\xampp\htdocs\Lumen\NewBikeBD09032020\vendor\illuminate\database\Query\Builder.php(2678): Illuminate\Database\Query\Processors\Processor->processInsertGetId(Object(Illuminate\Database\Query\Builder), 'insert into `pr...', Array, 'id')
#7 C:\xampp\htdocs\Lumen\NewBikeBD09032020\vendor\illuminate\database\Eloquent\Builder.php(1366): Illuminate\Database\Query\Builder->insertGetId(Array, 'id')
#8 C:\xampp\htdocs\Lumen\NewBikeBD09032020\vendor\illuminate\database\Eloquent\Model.php(839): Illuminate\Database\Eloquent\Builder->__call('insertGetId', Array)
#9 C:\xampp\htdocs\Lumen\NewBikeBD09032020\vendor\illuminate\database\Eloquent\Model.php(804): Illuminate\Database\Eloquent\Model->insertAndSetId(Object(Illuminate\Database\Eloquent\Builder), Array)
#10 C:\xampp\htdocs\Lumen\NewBikeBD09032020\vendor\illuminate\database\Eloquent\Model.php(667): Illuminate\Database\Eloquent\Model->performInsert(Object(Illuminate\Database\Eloquent\Builder))
#11 C:\xampp\htdocs\Lumen\NewBikeBD09032020\app\Http\Controllers\api\v1\admin\ProductController.php(153): Illuminate\Database\Eloquent\Model->save()
#12 [internal function]: App\Http\Controllers\api\v1\admin\ProductController->store(Object(Laravel\Lumen\Http\Request))
#13 C:\xampp\htdocs\Lumen\NewBikeBD09032020\vendor\illuminate\container\BoundMethod.php(32): call_user_func_array(Array, Array)
#14 C:\xampp\htdocs\Lumen\NewBikeBD09032020\vendor\illuminate\container\Util.php(36): Illuminate\Container\BoundMethod::Illuminate\Container\{closure}()
#15 C:\xampp\htdocs\Lumen\NewBikeBD09032020\vendor\illuminate\container\BoundMethod.php(90): Illuminate\Container\Util::unwrapIfClosure(Object(Closure))
#16 C:\xampp\htdocs\Lumen\NewBikeBD09032020\vendor\illuminate\container\BoundMethod.php(34): Illuminate\Container\BoundMethod::callBoundMethod(Object(Laravel\Lumen\Application), Array, Object(Closure))
#17 C:\xampp\htdocs\Lumen\NewBikeBD09032020\vendor\illuminate\container\Container.php(590): Illuminate\Container\BoundMethod::call(Object(Laravel\Lumen\Application), Array, Array, NULL)
#18 C:\xampp\htdocs\Lumen\NewBikeBD09032020\vendor\laravel\lumen-framework\src\Concerns\RoutesRequests.php(376): Illuminate\Container\Container->call(Array, Array)
#19 C:\xampp\htdocs\Lumen\NewBikeBD09032020\vendor\laravel\lumen-framework\src\Concerns\RoutesRequests.php(342): Laravel\Lumen\Application->callControllerCallable(Array, Array)
#20 C:\xampp\htdocs\Lumen\NewBikeBD09032020\vendor\laravel\lumen-framework\src\Concerns\RoutesRequests.php(316): Laravel\Lumen\Application->callLumenController(Object(App\Http\Controllers\api\v1\admin\ProductController), 'store', Array)
#21 C:\xampp\htdocs\Lumen\NewBikeBD09032020\vendor\laravel\lumen-framework\src\Concerns\RoutesRequests.php(278): Laravel\Lumen\Application->callControllerAction(Array)
#22 C:\xampp\htdocs\Lumen\NewBikeBD09032020\vendor\laravel\lumen-framework\src\Concerns\RoutesRequests.php(258): Laravel\Lumen\Application->callActionOnArrayBasedRoute(Array)
#23 [internal function]: Laravel\Lumen\Application->Laravel\Lumen\Concerns\{closure}(Object(Laravel\Lumen\Http\Request))
#24 C:\xampp\htdocs\Lumen\NewBikeBD09032020\vendor\laravel\lumen-framework\src\Routing\Pipeline.php(52): call_user_func(Object(Closure), Object(Laravel\Lumen\Http\Request))
#25 C:\xampp\htdocs\Lumen\NewBikeBD09032020\app\Http\Middleware\Admin.php(49): Laravel\Lumen\Routing\Pipeline->Laravel\Lumen\Routing\{closure}(Object(Laravel\Lumen\Http\Request))
#26 C:\xampp\htdocs\Lumen\NewBikeBD09032020\vendor\illuminate\pipeline\Pipeline.php(171): App\Http\Middleware\Admin->handle(Object(Laravel\Lumen\Http\Request), Object(Closure))
#27 [internal function]: Illuminate\Pipeline\Pipeline->Illuminate\Pipeline\{closure}(Object(Laravel\Lumen\Http\Request))
#28 C:\xampp\htdocs\Lumen\NewBikeBD09032020\vendor\laravel\lumen-framework\src\Routing\Pipeline.php(32): call_user_func(Object(Closure), Object(Laravel\Lumen\Http\Request))
#29 C:\xampp\htdocs\Lumen\NewBikeBD09032020\vendor\illuminate\pipeline\Pipeline.php(105): Laravel\Lumen\Routing\Pipeline->Laravel\Lumen\Routing\{closure}(Object(Laravel\Lumen\Http\Request))
#30 C:\xampp\htdocs\Lumen\NewBikeBD09032020\vendor\laravel\lumen-framework\src\Concerns\RoutesRequests.php(413): Illuminate\Pipeline\Pipeline->then(Object(Closure))
#31 C:\xampp\htdocs\Lumen\NewBikeBD09032020\vendor\laravel\lumen-framework\src\Concerns\RoutesRequests.php(259): Laravel\Lumen\Application->sendThroughPipeline(Array, Object(Closure))
#32 C:\xampp\htdocs\Lumen\NewBikeBD09032020\vendor\laravel\lumen-framework\src\Concerns\RoutesRequests.php(165): Laravel\Lumen\Application->handleFoundRoute(Array)
#33 C:\xampp\htdocs\Lumen\NewBikeBD09032020\vendor\laravel\lumen-framework\src\Concerns\RoutesRequests.php(416): Laravel\Lumen\Application->Laravel\Lumen\Concerns\{closure}(Object(Laravel\Lumen\Http\Request))
#34 C:\xampp\htdocs\Lumen\NewBikeBD09032020\vendor\laravel\lumen-framework\src\Concerns\RoutesRequests.php(171): Laravel\Lumen\Application->sendThroughPipeline(Array, Object(Closure))
#35 C:\xampp\htdocs\Lumen\NewBikeBD09032020\vendor\laravel\lumen-framework\src\Concerns\RoutesRequests.php(108): Laravel\Lumen\Application->dispatch(NULL)
#36 C:\xampp\htdocs\Lumen\NewBikeBD09032020\public\index.php(28): Laravel\Lumen\Application->run()
#37 {main}

Next Illuminate\Database\QueryException: SQLSTATE[23000]: Integrity constraint violation: 1062 Duplicate entry 'TVS-Victor-110-Feature-Review' for key 'products_slug_unique' (SQL: insert into `products` (`keyword`, `title`, `slug`, `cc`, `producttype`, `marketstatus`, `regularprice`, `offerprice`, `offerurl`, `displacement`, `mileage`, `rm`, `rpm`, `torquenm`, `torquerpm`, `brand_id`, `brandcategory_id`, `engine`, `enginemaximumpower`, `enginemaximumtorque`, `bore`, `stroke`, `cylinder`, `compressionratio`, `gears`, `clutch`, `transmission`, `chassis`, `frontsuspension`, `rearsuspension`, `frontbrake`, `rearbrake`, `frontbrakediameter`, `rearbrakediameter`, `abs`, `ftyre`, `rtyre`, `tubeless`, `overalllength`, `groundclearness`, `weight`, `ftcapacity`, `wheelbase`, `battery`, `bvoltage`, `headlight`, `taillight`, `indicators`, `speedometer`, `odometer`, `rpmmeter`, `handle`, `seattype`, `passenger`, `engineks`, `shortdescription`, `featureimage`, `embedurl`, `admin_id`, `updated_at`, `created_at`) values (ggggg,dfgdfg,dfgdfg,1, Honda Spring CashBack Offer 2020 | BikeBD, TVS-Victor-110-Feature-Review, 1, old, Yes, 3444, 44, drfasd fsdafsad, 44, 44, 44, 44, 44, 44, 1, 3, stroke, DTs-i,Single cylinder, 2345, 432545, 57.0 mm, 56.4 mmm, 2, 452345, 3, Auto, Auto, single, 43534, 4352345, Auto, Auto, 5234543, Auto, yes, 80/100-17, 80/100-17, 4344, 4444, 44, 143 kg, 15 litres, 444, Auto, 12V, 4325435, Manual, bulb, digital, digital, digital, 2-Part , unibody, yes, yes, sd fsadfsda fsdf sdfs dafsdafa dfsdf sdafsdafdsfdsfsdfsdfsdf, 1583830329_1_911951.jpeg, https://www.facebook.com, 1, 2020-03-10 08:52:09, 2020-03-10 08:52:09)) in C:\xampp\htdocs\Lumen\NewBikeBD09032020\vendor\illuminate\database\Connection.php:669
Stack trace:
#0 C:\xampp\htdocs\Lumen\NewBikeBD09032020\vendor\illuminate\database\Connection.php(629): Illuminate\Database\Connection->runQueryCallback('insert into `pr...', Array, Object(Closure))
#1 C:\xampp\htdocs\Lumen\NewBikeBD09032020\vendor\illuminate\database\Connection.php(464): Illuminate\Database\Connection->run('insert into `pr...', Array, Object(Closure))
#2 C:\xampp\htdocs\Lumen\NewBikeBD09032020\vendor\illuminate\database\Connection.php(416): Illuminate\Database\Connection->statement('insert into `pr...', Array)
#3 C:\xampp\htdocs\Lumen\NewBikeBD09032020\vendor\illuminate\database\Query\Processors\Processor.php(32): Illuminate\Database\Connection->insert('insert into `pr...', Array)
#4 C:\xampp\htdocs\Lumen\NewBikeBD09032020\vendor\illuminate\database\Query\Builder.php(2678): Illuminate\Database\Query\Processors\Processor->processInsertGetId(Object(Illuminate\Database\Query\Builder), 'insert into `pr...', Array, 'id')
#5 C:\xampp\htdocs\Lumen\NewBikeBD09032020\vendor\illuminate\database\Eloquent\Builder.php(1366): Illuminate\Database\Query\Builder->insertGetId(Array, 'id')
#6 C:\xampp\htdocs\Lumen\NewBikeBD09032020\vendor\illuminate\database\Eloquent\Model.php(839): Illuminate\Database\Eloquent\Builder->__call('insertGetId', Array)
#7 C:\xampp\htdocs\Lumen\NewBikeBD09032020\vendor\illuminate\database\Eloquent\Model.php(804): Illuminate\Database\Eloquent\Model->insertAndSetId(Object(Illuminate\Database\Eloquent\Builder), Array)
#8 C:\xampp\htdocs\Lumen\NewBikeBD09032020\vendor\illuminate\database\Eloquent\Model.php(667): Illuminate\Database\Eloquent\Model->performInsert(Object(Illuminate\Database\Eloquent\Builder))
#9 C:\xampp\htdocs\Lumen\NewBikeBD09032020\app\Http\Controllers\api\v1\admin\ProductController.php(153): Illuminate\Database\Eloquent\Model->save()
#10 [internal function]: App\Http\Controllers\api\v1\admin\ProductController->store(Object(Laravel\Lumen\Http\Request))
#11 C:\xampp\htdocs\Lumen\NewBikeBD09032020\vendor\illuminate\container\BoundMethod.php(32): call_user_func_array(Array, Array)
#12 C:\xampp\htdocs\Lumen\NewBikeBD09032020\vendor\illuminate\container\Util.php(36): Illuminate\Container\BoundMethod::Illuminate\Container\{closure}()
#13 C:\xampp\htdocs\Lumen\NewBikeBD09032020\vendor\illuminate\container\BoundMethod.php(90): Illuminate\Container\Util::unwrapIfClosure(Object(Closure))
#14 C:\xampp\htdocs\Lumen\NewBikeBD09032020\vendor\illuminate\container\BoundMethod.php(34): Illuminate\Container\BoundMethod::callBoundMethod(Object(Laravel\Lumen\Application), Array, Object(Closure))
#15 C:\xampp\htdocs\Lumen\NewBikeBD09032020\vendor\illuminate\container\Container.php(590): Illuminate\Container\BoundMethod::call(Object(Laravel\Lumen\Application), Array, Array, NULL)
#16 C:\xampp\htdocs\Lumen\NewBikeBD09032020\vendor\laravel\lumen-framework\src\Concerns\RoutesRequests.php(376): Illuminate\Container\Container->call(Array, Array)
#17 C:\xampp\htdocs\Lumen\NewBikeBD09032020\vendor\laravel\lumen-framework\src\Concerns\RoutesRequests.php(342): Laravel\Lumen\Application->callControllerCallable(Array, Array)
#18 C:\xampp\htdocs\Lumen\NewBikeBD09032020\vendor\laravel\lumen-framework\src\Concerns\RoutesRequests.php(316): Laravel\Lumen\Application->callLumenController(Object(App\Http\Controllers\api\v1\admin\ProductController), 'store', Array)
#19 C:\xampp\htdocs\Lumen\NewBikeBD09032020\vendor\laravel\lumen-framework\src\Concerns\RoutesRequests.php(278): Laravel\Lumen\Application->callControllerAction(Array)
#20 C:\xampp\htdocs\Lumen\NewBikeBD09032020\vendor\laravel\lumen-framework\src\Concerns\RoutesRequests.php(258): Laravel\Lumen\Application->callActionOnArrayBasedRoute(Array)
#21 [internal function]: Laravel\Lumen\Application->Laravel\Lumen\Concerns\{closure}(Object(Laravel\Lumen\Http\Request))
#22 C:\xampp\htdocs\Lumen\NewBikeBD09032020\vendor\laravel\lumen-framework\src\Routing\Pipeline.php(52): call_user_func(Object(Closure), Object(Laravel\Lumen\Http\Request))
#23 C:\xampp\htdocs\Lumen\NewBikeBD09032020\app\Http\Middleware\Admin.php(49): Laravel\Lumen\Routing\Pipeline->Laravel\Lumen\Routing\{closure}(Object(Laravel\Lumen\Http\Request))
#24 C:\xampp\htdocs\Lumen\NewBikeBD09032020\vendor\illuminate\pipeline\Pipeline.php(171): App\Http\Middleware\Admin->handle(Object(Laravel\Lumen\Http\Request), Object(Closure))
#25 [internal function]: Illuminate\Pipeline\Pipeline->Illuminate\Pipeline\{closure}(Object(Laravel\Lumen\Http\Request))
#26 C:\xampp\htdocs\Lumen\NewBikeBD09032020\vendor\laravel\lumen-framework\src\Routing\Pipeline.php(32): call_user_func(Object(Closure), Object(Laravel\Lumen\Http\Request))
#27 C:\xampp\htdocs\Lumen\NewBikeBD09032020\vendor\illuminate\pipeline\Pipeline.php(105): Laravel\Lumen\Routing\Pipeline->Laravel\Lumen\Routing\{closure}(Object(Laravel\Lumen\Http\Request))
#28 C:\xampp\htdocs\Lumen\NewBikeBD09032020\vendor\laravel\lumen-framework\src\Concerns\RoutesRequests.php(413): Illuminate\Pipeline\Pipeline->then(Object(Closure))
#29 C:\xampp\htdocs\Lumen\NewBikeBD09032020\vendor\laravel\lumen-framework\src\Concerns\RoutesRequests.php(259): Laravel\Lumen\Application->sendThroughPipeline(Array, Object(Closure))
#30 C:\xampp\htdocs\Lumen\NewBikeBD09032020\vendor\laravel\lumen-framework\src\Concerns\RoutesRequests.php(165): Laravel\Lumen\Application->handleFoundRoute(Array)
#31 C:\xampp\htdocs\Lumen\NewBikeBD09032020\vendor\laravel\lumen-framework\src\Concerns\RoutesRequests.php(416): Laravel\Lumen\Application->Laravel\Lumen\Concerns\{closure}(Object(Laravel\Lumen\Http\Request))
#32 C:\xampp\htdocs\Lumen\NewBikeBD09032020\vendor\laravel\lumen-framework\src\Concerns\RoutesRequests.php(171): Laravel\Lumen\Application->sendThroughPipeline(Array, Object(Closure))
#33 C:\xampp\htdocs\Lumen\NewBikeBD09032020\vendor\laravel\lumen-framework\src\Concerns\RoutesRequests.php(108): Laravel\Lumen\Application->dispatch(NULL)
#34 C:\xampp\htdocs\Lumen\NewBikeBD09032020\public\index.php(28): Laravel\Lumen\Application->run()
#35 {main} {"exception":"[object] (Illuminate\\Database\\QueryException(code: 23000): SQLSTATE[23000]: Integrity constraint violation: 1062 Duplicate entry 'TVS-Victor-110-Feature-Review' for key 'products_slug_unique' (SQL: insert into `products` (`keyword`, `title`, `slug`, `cc`, `producttype`, `marketstatus`, `regularprice`, `offerprice`, `offerurl`, `displacement`, `mileage`, `rm`, `rpm`, `torquenm`, `torquerpm`, `brand_id`, `brandcategory_id`, `engine`, `enginemaximumpower`, `enginemaximumtorque`, `bore`, `stroke`, `cylinder`, `compressionratio`, `gears`, `clutch`, `transmission`, `chassis`, `frontsuspension`, `rearsuspension`, `frontbrake`, `rearbrake`, `frontbrakediameter`, `rearbrakediameter`, `abs`, `ftyre`, `rtyre`, `tubeless`, `overalllength`, `groundclearness`, `weight`, `ftcapacity`, `wheelbase`, `battery`, `bvoltage`, `headlight`, `taillight`, `indicators`, `speedometer`, `odometer`, `rpmmeter`, `handle`, `seattype`, `passenger`, `engineks`, `shortdescription`, `featureimage`, `embedurl`, `admin_id`, `updated_at`, `created_at`) values (ggggg,dfgdfg,dfgdfg,1, Honda Spring CashBack Offer 2020 | BikeBD, TVS-Victor-110-Feature-Review, 1, old, Yes, 3444, 44, drfasd fsdafsad, 44, 44, 44, 44, 44, 44, 1, 3, stroke, DTs-i,Single cylinder, 2345, 432545, 57.0 mm, 56.4 mmm, 2, 452345, 3, Auto, Auto, single, 43534, 4352345, Auto, Auto, 5234543, Auto, yes, 80/100-17, 80/100-17, 4344, 4444, 44, 143 kg, 15 litres, 444, Auto, 12V, 4325435, Manual, bulb, digital, digital, digital, 2-Part , unibody, yes, yes, sd fsadfsda fsdf sdfs dafsdafa dfsdf sdafsdafdsfdsfsdfsdfsdf, 1583830329_1_911951.jpeg, https://www.facebook.com, 1, 2020-03-10 08:52:09, 2020-03-10 08:52:09)) at C:\\xampp\\htdocs\\Lumen\\NewBikeBD09032020\\vendor\\illuminate\\database\\Connection.php:669)
[stacktrace]
#0 C:\\xampp\\htdocs\\Lumen\\NewBikeBD09032020\\vendor\\illuminate\\database\\Connection.php(629): Illuminate\\Database\\Connection->runQueryCallback('insert into `pr...', Array, Object(Closure))
#1 C:\\xampp\\htdocs\\Lumen\\NewBikeBD09032020\\vendor\\illuminate\\database\\Connection.php(464): Illuminate\\Database\\Connection->run('insert into `pr...', Array, Object(Closure))
#2 C:\\xampp\\htdocs\\Lumen\\NewBikeBD09032020\\vendor\\illuminate\\database\\Connection.php(416): Illuminate\\Database\\Connection->statement('insert into `pr...', Array)
#3 C:\\xampp\\htdocs\\Lumen\\NewBikeBD09032020\\vendor\\illuminate\\database\\Query\\Processors\\Processor.php(32): Illuminate\\Database\\Connection->insert('insert into `pr...', Array)
#4 C:\\xampp\\htdocs\\Lumen\\NewBikeBD09032020\\vendor\\illuminate\\database\\Query\\Builder.php(2678): Illuminate\\Database\\Query\\Processors\\Processor->processInsertGetId(Object(Illuminate\\Database\\Query\\Builder), 'insert into `pr...', Array, 'id')
#5 C:\\xampp\\htdocs\\Lumen\\NewBikeBD09032020\\vendor\\illuminate\\database\\Eloquent\\Builder.php(1366): Illuminate\\Database\\Query\\Builder->insertGetId(Array, 'id')
#6 C:\\xampp\\htdocs\\Lumen\\NewBikeBD09032020\\vendor\\illuminate\\database\\Eloquent\\Model.php(839): Illuminate\\Database\\Eloquent\\Builder->__call('insertGetId', Array)
#7 C:\\xampp\\htdocs\\Lumen\\NewBikeBD09032020\\vendor\\illuminate\\database\\Eloquent\\Model.php(804): Illuminate\\Database\\Eloquent\\Model->insertAndSetId(Object(Illuminate\\Database\\Eloquent\\Builder), Array)
#8 C:\\xampp\\htdocs\\Lumen\\NewBikeBD09032020\\vendor\\illuminate\\database\\Eloquent\\Model.php(667): Illuminate\\Database\\Eloquent\\Model->performInsert(Object(Illuminate\\Database\\Eloquent\\Builder))
#9 C:\\xampp\\htdocs\\Lumen\\NewBikeBD09032020\\app\\Http\\Controllers\\api\\v1\\admin\\ProductController.php(153): Illuminate\\Database\\Eloquent\\Model->save()
#10 [internal function]: App\\Http\\Controllers\\api\\v1\\admin\\ProductController->store(Object(Laravel\\Lumen\\Http\\Request))
#11 C:\\xampp\\htdocs\\Lumen\\NewBikeBD09032020\\vendor\\illuminate\\container\\BoundMethod.php(32): call_user_func_array(Array, Array)
#12 C:\\xampp\\htdocs\\Lumen\\NewBikeBD09032020\\vendor\\illuminate\\container\\Util.php(36): Illuminate\\Container\\BoundMethod::Illuminate\\Container\\{closure}()
#13 C:\\xampp\\htdocs\\Lumen\\NewBikeBD09032020\\vendor\\illuminate\\container\\BoundMethod.php(90): Illuminate\\Container\\Util::unwrapIfClosure(Object(Closure))
#14 C:\\xampp\\htdocs\\Lumen\\NewBikeBD09032020\\vendor\\illuminate\\container\\BoundMethod.php(34): Illuminate\\Container\\BoundMethod::callBoundMethod(Object(Laravel\\Lumen\\Application), Array, Object(Closure))
#15 C:\\xampp\\htdocs\\Lumen\\NewBikeBD09032020\\vendor\\illuminate\\container\\Container.php(590): Illuminate\\Container\\BoundMethod::call(Object(Laravel\\Lumen\\Application), Array, Array, NULL)
#16 C:\\xampp\\htdocs\\Lumen\\NewBikeBD09032020\\vendor\\laravel\\lumen-framework\\src\\Concerns\\RoutesRequests.php(376): Illuminate\\Container\\Container->call(Array, Array)
#17 C:\\xampp\\htdocs\\Lumen\\NewBikeBD09032020\\vendor\\laravel\\lumen-framework\\src\\Concerns\\RoutesRequests.php(342): Laravel\\Lumen\\Application->callControllerCallable(Array, Array)
#18 C:\\xampp\\htdocs\\Lumen\\NewBikeBD09032020\\vendor\\laravel\\lumen-framework\\src\\Concerns\\RoutesRequests.php(316): Laravel\\Lumen\\Application->callLumenController(Object(App\\Http\\Controllers\\api\\v1\\admin\\ProductController), 'store', Array)
#19 C:\\xampp\\htdocs\\Lumen\\NewBikeBD09032020\\vendor\\laravel\\lumen-framework\\src\\Concerns\\RoutesRequests.php(278): Laravel\\Lumen\\Application->callControllerAction(Array)
#20 C:\\xampp\\htdocs\\Lumen\\NewBikeBD09032020\\vendor\\laravel\\lumen-framework\\src\\Concerns\\RoutesRequests.php(258): Laravel\\Lumen\\Application->callActionOnArrayBasedRoute(Array)
#21 [internal function]: Laravel\\Lumen\\Application->Laravel\\Lumen\\Concerns\\{closure}(Object(Laravel\\Lumen\\Http\\Request))
#22 C:\\xampp\\htdocs\\Lumen\\NewBikeBD09032020\\vendor\\laravel\\lumen-framework\\src\\Routing\\Pipeline.php(52): call_user_func(Object(Closure), Object(Laravel\\Lumen\\Http\\Request))
#23 C:\\xampp\\htdocs\\Lumen\\NewBikeBD09032020\\app\\Http\\Middleware\\Admin.php(49): Laravel\\Lumen\\Routing\\Pipeline->Laravel\\Lumen\\Routing\\{closure}(Object(Laravel\\Lumen\\Http\\Request))
#24 C:\\xampp\\htdocs\\Lumen\\NewBikeBD09032020\\vendor\\illuminate\\pipeline\\Pipeline.php(171): App\\Http\\Middleware\\Admin->handle(Object(Laravel\\Lumen\\Http\\Request), Object(Closure))
#25 [internal function]: Illuminate\\Pipeline\\Pipeline->Illuminate\\Pipeline\\{closure}(Object(Laravel\\Lumen\\Http\\Request))
#26 C:\\xampp\\htdocs\\Lumen\\NewBikeBD09032020\\vendor\\laravel\\lumen-framework\\src\\Routing\\Pipeline.php(32): call_user_func(Object(Closure), Object(Laravel\\Lumen\\Http\\Request))
#27 C:\\xampp\\htdocs\\Lumen\\NewBikeBD09032020\\vendor\\illuminate\\pipeline\\Pipeline.php(105): Laravel\\Lumen\\Routing\\Pipeline->Laravel\\Lumen\\Routing\\{closure}(Object(Laravel\\Lumen\\Http\\Request))
#28 C:\\xampp\\htdocs\\Lumen\\NewBikeBD09032020\\vendor\\laravel\\lumen-framework\\src\\Concerns\\RoutesRequests.php(413): Illuminate\\Pipeline\\Pipeline->then(Object(Closure))
#29 C:\\xampp\\htdocs\\Lumen\\NewBikeBD09032020\\vendor\\laravel\\lumen-framework\\src\\Concerns\\RoutesRequests.php(259): Laravel\\Lumen\\Application->sendThroughPipeline(Array, Object(Closure))
#30 C:\\xampp\\htdocs\\Lumen\\NewBikeBD09032020\\vendor\\laravel\\lumen-framework\\src\\Concerns\\RoutesRequests.php(165): Laravel\\Lumen\\Application->handleFoundRoute(Array)
#31 C:\\xampp\\htdocs\\Lumen\\NewBikeBD09032020\\vendor\\laravel\\lumen-framework\\src\\Concerns\\RoutesRequests.php(416): Laravel\\Lumen\\Application->Laravel\\Lumen\\Concerns\\{closure}(Object(Laravel\\Lumen\\Http\\Request))
#32 C:\\xampp\\htdocs\\Lumen\\NewBikeBD09032020\\vendor\\laravel\\lumen-framework\\src\\Concerns\\RoutesRequests.php(171): Laravel\\Lumen\\Application->sendThroughPipeline(Array, Object(Closure))
#33 C:\\xampp\\htdocs\\Lumen\\NewBikeBD09032020\\vendor\\laravel\\lumen-framework\\src\\Concerns\\RoutesRequests.php(108): Laravel\\Lumen\\Application->dispatch(NULL)
#34 C:\\xampp\\htdocs\\Lumen\\NewBikeBD09032020\\public\\index.php(28): Laravel\\Lumen\\Application->run()
#35 {main}

[previous exception] [object] (PDOException(code: 23000): SQLSTATE[23000]: Integrity constraint violation: 1062 Duplicate entry 'TVS-Victor-110-Feature-Review' for key 'products_slug_unique' at C:\\xampp\\htdocs\\Lumen\\NewBikeBD09032020\\vendor\\illuminate\\database\\Connection.php:463)
[stacktrace]
#0 C:\\xampp\\htdocs\\Lumen\\NewBikeBD09032020\\vendor\\illuminate\\database\\Connection.php(463): PDOStatement->execute()
#1 C:\\xampp\\htdocs\\Lumen\\NewBikeBD09032020\\vendor\\illuminate\\database\\Connection.php(662): Illuminate\\Database\\Connection->Illuminate\\Database\\{closure}('insert into `pr...', Array)
#2 C:\\xampp\\htdocs\\Lumen\\NewBikeBD09032020\\vendor\\illuminate\\database\\Connection.php(629): Illuminate\\Database\\Connection->runQueryCallback('insert into `pr...', Array, Object(Closure))
#3 C:\\xampp\\htdocs\\Lumen\\NewBikeBD09032020\\vendor\\illuminate\\database\\Connection.php(464): Illuminate\\Database\\Connection->run('insert into `pr...', Array, Object(Closure))
#4 C:\\xampp\\htdocs\\Lumen\\NewBikeBD09032020\\vendor\\illuminate\\database\\Connection.php(416): Illuminate\\Database\\Connection->statement('insert into `pr...', Array)
#5 C:\\xampp\\htdocs\\Lumen\\NewBikeBD09032020\\vendor\\illuminate\\database\\Query\\Processors\\Processor.php(32): Illuminate\\Database\\Connection->insert('insert into `pr...', Array)
#6 C:\\xampp\\htdocs\\Lumen\\NewBikeBD09032020\\vendor\\illuminate\\database\\Query\\Builder.php(2678): Illuminate\\Database\\Query\\Processors\\Processor->processInsertGetId(Object(Illuminate\\Database\\Query\\Builder), 'insert into `pr...', Array, 'id')
#7 C:\\xampp\\htdocs\\Lumen\\NewBikeBD09032020\\vendor\\illuminate\\database\\Eloquent\\Builder.php(1366): Illuminate\\Database\\Query\\Builder->insertGetId(Array, 'id')
#8 C:\\xampp\\htdocs\\Lumen\\NewBikeBD09032020\\vendor\\illuminate\\database\\Eloquent\\Model.php(839): Illuminate\\Database\\Eloquent\\Builder->__call('insertGetId', Array)
#9 C:\\xampp\\htdocs\\Lumen\\NewBikeBD09032020\\vendor\\illuminate\\database\\Eloquent\\Model.php(804): Illuminate\\Database\\Eloquent\\Model->insertAndSetId(Object(Illuminate\\Database\\Eloquent\\Builder), Array)
#10 C:\\xampp\\htdocs\\Lumen\\NewBikeBD09032020\\vendor\\illuminate\\database\\Eloquent\\Model.php(667): Illuminate\\Database\\Eloquent\\Model->performInsert(Object(Illuminate\\Database\\Eloquent\\Builder))
#11 C:\\xampp\\htdocs\\Lumen\\NewBikeBD09032020\\app\\Http\\Controllers\\api\\v1\\admin\\ProductController.php(153): Illuminate\\Database\\Eloquent\\Model->save()
#12 [internal function]: App\\Http\\Controllers\\api\\v1\\admin\\ProductController->store(Object(Laravel\\Lumen\\Http\\Request))
#13 C:\\xampp\\htdocs\\Lumen\\NewBikeBD09032020\\vendor\\illuminate\\container\\BoundMethod.php(32): call_user_func_array(Array, Array)
#14 C:\\xampp\\htdocs\\Lumen\\NewBikeBD09032020\\vendor\\illuminate\\container\\Util.php(36): Illuminate\\Container\\BoundMethod::Illuminate\\Container\\{closure}()
#15 C:\\xampp\\htdocs\\Lumen\\NewBikeBD09032020\\vendor\\illuminate\\container\\BoundMethod.php(90): Illuminate\\Container\\Util::unwrapIfClosure(Object(Closure))
#16 C:\\xampp\\htdocs\\Lumen\\NewBikeBD09032020\\vendor\\illuminate\\container\\BoundMethod.php(34): Illuminate\\Container\\BoundMethod::callBoundMethod(Object(Laravel\\Lumen\\Application), Array, Object(Closure))
#17 C:\\xampp\\htdocs\\Lumen\\NewBikeBD09032020\\vendor\\illuminate\\container\\Container.php(590): Illuminate\\Container\\BoundMethod::call(Object(Laravel\\Lumen\\Application), Array, Array, NULL)
#18 C:\\xampp\\htdocs\\Lumen\\NewBikeBD09032020\\vendor\\laravel\\lumen-framework\\src\\Concerns\\RoutesRequests.php(376): Illuminate\\Container\\Container->call(Array, Array)
#19 C:\\xampp\\htdocs\\Lumen\\NewBikeBD09032020\\vendor\\laravel\\lumen-framework\\src\\Concerns\\RoutesRequests.php(342): Laravel\\Lumen\\Application->callControllerCallable(Array, Array)
#20 C:\\xampp\\htdocs\\Lumen\\NewBikeBD09032020\\vendor\\laravel\\lumen-framework\\src\\Concerns\\RoutesRequests.php(316): Laravel\\Lumen\\Application->callLumenController(Object(App\\Http\\Controllers\\api\\v1\\admin\\ProductController), 'store', Array)
#21 C:\\xampp\\htdocs\\Lumen\\NewBikeBD09032020\\vendor\\laravel\\lumen-framework\\src\\Concerns\\RoutesRequests.php(278): Laravel\\Lumen\\Application->callControllerAction(Array)
#22 C:\\xampp\\htdocs\\Lumen\\NewBikeBD09032020\\vendor\\laravel\\lumen-framework\\src\\Concerns\\RoutesRequests.php(258): Laravel\\Lumen\\Application->callActionOnArrayBasedRoute(Array)
#23 [internal function]: Laravel\\Lumen\\Application->Laravel\\Lumen\\Concerns\\{closure}(Object(Laravel\\Lumen\\Http\\Request))
#24 C:\\xampp\\htdocs\\Lumen\\NewBikeBD09032020\\vendor\\laravel\\lumen-framework\\src\\Routing\\Pipeline.php(52): call_user_func(Object(Closure), Object(Laravel\\Lumen\\Http\\Request))
#25 C:\\xampp\\htdocs\\Lumen\\NewBikeBD09032020\\app\\Http\\Middleware\\Admin.php(49): Laravel\\Lumen\\Routing\\Pipeline->Laravel\\Lumen\\Routing\\{closure}(Object(Laravel\\Lumen\\Http\\Request))
#26 C:\\xampp\\htdocs\\Lumen\\NewBikeBD09032020\\vendor\\illuminate\\pipeline\\Pipeline.php(171): App\\Http\\Middleware\\Admin->handle(Object(Laravel\\Lumen\\Http\\Request), Object(Closure))
#27 [internal function]: Illuminate\\Pipeline\\Pipeline->Illuminate\\Pipeline\\{closure}(Object(Laravel\\Lumen\\Http\\Request))
#28 C:\\xampp\\htdocs\\Lumen\\NewBikeBD09032020\\vendor\\laravel\\lumen-framework\\src\\Routing\\Pipeline.php(32): call_user_func(Object(Closure), Object(Laravel\\Lumen\\Http\\Request))
#29 C:\\xampp\\htdocs\\Lumen\\NewBikeBD09032020\\vendor\\illuminate\\pipeline\\Pipeline.php(105): Laravel\\Lumen\\Routing\\Pipeline->Laravel\\Lumen\\Routing\\{closure}(Object(Laravel\\Lumen\\Http\\Request))
#30 C:\\xampp\\htdocs\\Lumen\\NewBikeBD09032020\\vendor\\laravel\\lumen-framework\\src\\Concerns\\RoutesRequests.php(413): Illuminate\\Pipeline\\Pipeline->then(Object(Closure))
#31 C:\\xampp\\htdocs\\Lumen\\NewBikeBD09032020\\vendor\\laravel\\lumen-framework\\src\\Concerns\\RoutesRequests.php(259): Laravel\\Lumen\\Application->sendThroughPipeline(Array, Object(Closure))
#32 C:\\xampp\\htdocs\\Lumen\\NewBikeBD09032020\\vendor\\laravel\\lumen-framework\\src\\Concerns\\RoutesRequests.php(165): Laravel\\Lumen\\Application->handleFoundRoute(Array)
#33 C:\\xampp\\htdocs\\Lumen\\NewBikeBD09032020\\vendor\\laravel\\lumen-framework\\src\\Concerns\\RoutesRequests.php(416): Laravel\\Lumen\\Application->Laravel\\Lumen\\Concerns\\{closure}(Object(Laravel\\Lumen\\Http\\Request))
#34 C:\\xampp\\htdocs\\Lumen\\NewBikeBD09032020\\vendor\\laravel\\lumen-framework\\src\\Concerns\\RoutesRequests.php(171): Laravel\\Lumen\\Application->sendThroughPipeline(Array, Object(Closure))
#35 C:\\xampp\\htdocs\\Lumen\\NewBikeBD09032020\\vendor\\laravel\\lumen-framework\\src\\Concerns\\RoutesRequests.php(108): Laravel\\Lumen\\Application->dispatch(NULL)
#36 C:\\xampp\\htdocs\\Lumen\\NewBikeBD09032020\\public\\index.php(28): Laravel\\Lumen\\Application->run()
#37 {main}
"} 
[2020-03-10 09:06:12] local.ERROR: Illuminate\Database\Eloquent\RelationNotFoundException: Call to undefined relationship [blogcategorylist] on model [App\Product]. in C:\xampp\htdocs\Lumen\NewBikeBD09032020\vendor\illuminate\database\Eloquent\RelationNotFoundException.php:34
Stack trace:
#0 C:\xampp\htdocs\Lumen\NewBikeBD09032020\vendor\illuminate\database\Eloquent\Builder.php(604): Illuminate\Database\Eloquent\RelationNotFoundException::make(Object(App\Product), 'blogcategorylis...')
#1 C:\xampp\htdocs\Lumen\NewBikeBD09032020\vendor\illuminate\database\Eloquent\Relations\Relation.php(90): Illuminate\Database\Eloquent\Builder->Illuminate\Database\Eloquent\{closure}()
#2 C:\xampp\htdocs\Lumen\NewBikeBD09032020\vendor\illuminate\database\Eloquent\Builder.php(606): Illuminate\Database\Eloquent\Relations\Relation::noConstraints(Object(Closure))
#3 C:\xampp\htdocs\Lumen\NewBikeBD09032020\vendor\illuminate\database\Eloquent\Builder.php(574): Illuminate\Database\Eloquent\Builder->getRelation('blogcategorylis...')
#4 C:\xampp\htdocs\Lumen\NewBikeBD09032020\vendor\illuminate\database\Eloquent\Builder.php(554): Illuminate\Database\Eloquent\Builder->eagerLoadRelation(Array, 'blogcategorylis...', Object(Closure))
#5 C:\xampp\htdocs\Lumen\NewBikeBD09032020\vendor\illuminate\database\Eloquent\Builder.php(522): Illuminate\Database\Eloquent\Builder->eagerLoadRelations(Array)
#6 C:\xampp\htdocs\Lumen\NewBikeBD09032020\vendor\illuminate\database\Eloquent\Builder.php(721): Illuminate\Database\Eloquent\Builder->get(Array)
#7 C:\xampp\htdocs\Lumen\NewBikeBD09032020\app\Http\Controllers\api\v1\admin\ProductController.php(454): Illuminate\Database\Eloquent\Builder->paginate()
#8 [internal function]: App\Http\Controllers\api\v1\admin\ProductController->productsearch(Object(Laravel\Lumen\Http\Request))
#9 C:\xampp\htdocs\Lumen\NewBikeBD09032020\vendor\illuminate\container\BoundMethod.php(32): call_user_func_array(Array, Array)
#10 C:\xampp\htdocs\Lumen\NewBikeBD09032020\vendor\illuminate\container\Util.php(36): Illuminate\Container\BoundMethod::Illuminate\Container\{closure}()
#11 C:\xampp\htdocs\Lumen\NewBikeBD09032020\vendor\illuminate\container\BoundMethod.php(90): Illuminate\Container\Util::unwrapIfClosure(Object(Closure))
#12 C:\xampp\htdocs\Lumen\NewBikeBD09032020\vendor\illuminate\container\BoundMethod.php(34): Illuminate\Container\BoundMethod::callBoundMethod(Object(Laravel\Lumen\Application), Array, Object(Closure))
#13 C:\xampp\htdocs\Lumen\NewBikeBD09032020\vendor\illuminate\container\Container.php(590): Illuminate\Container\BoundMethod::call(Object(Laravel\Lumen\Application), Array, Array, NULL)
#14 C:\xampp\htdocs\Lumen\NewBikeBD09032020\vendor\laravel\lumen-framework\src\Concerns\RoutesRequests.php(376): Illuminate\Container\Container->call(Array, Array)
#15 C:\xampp\htdocs\Lumen\NewBikeBD09032020\vendor\laravel\lumen-framework\src\Concerns\RoutesRequests.php(342): Laravel\Lumen\Application->callControllerCallable(Array, Array)
#16 C:\xampp\htdocs\Lumen\NewBikeBD09032020\vendor\laravel\lumen-framework\src\Concerns\RoutesRequests.php(316): Laravel\Lumen\Application->callLumenController(Object(App\Http\Controllers\api\v1\admin\ProductController), 'productsearch', Array)
#17 C:\xampp\htdocs\Lumen\NewBikeBD09032020\vendor\laravel\lumen-framework\src\Concerns\RoutesRequests.php(278): Laravel\Lumen\Application->callControllerAction(Array)
#18 C:\xampp\htdocs\Lumen\NewBikeBD09032020\vendor\laravel\lumen-framework\src\Concerns\RoutesRequests.php(258): Laravel\Lumen\Application->callActionOnArrayBasedRoute(Array)
#19 [internal function]: Laravel\Lumen\Application->Laravel\Lumen\Concerns\{closure}(Object(Laravel\Lumen\Http\Request))
#20 C:\xampp\htdocs\Lumen\NewBikeBD09032020\vendor\laravel\lumen-framework\src\Routing\Pipeline.php(52): call_user_func(Object(Closure), Object(Laravel\Lumen\Http\Request))
#21 C:\xampp\htdocs\Lumen\NewBikeBD09032020\app\Http\Middleware\Admin.php(49): Laravel\Lumen\Routing\Pipeline->Laravel\Lumen\Routing\{closure}(Object(Laravel\Lumen\Http\Request))
#22 C:\xampp\htdocs\Lumen\NewBikeBD09032020\vendor\illuminate\pipeline\Pipeline.php(171): App\Http\Middleware\Admin->handle(Object(Laravel\Lumen\Http\Request), Object(Closure))
#23 [internal function]: Illuminate\Pipeline\Pipeline->Illuminate\Pipeline\{closure}(Object(Laravel\Lumen\Http\Request))
#24 C:\xampp\htdocs\Lumen\NewBikeBD09032020\vendor\laravel\lumen-framework\src\Routing\Pipeline.php(32): call_user_func(Object(Closure), Object(Laravel\Lumen\Http\Request))
#25 C:\xampp\htdocs\Lumen\NewBikeBD09032020\vendor\illuminate\pipeline\Pipeline.php(105): Laravel\Lumen\Routing\Pipeline->Laravel\Lumen\Routing\{closure}(Object(Laravel\Lumen\Http\Request))
#26 C:\xampp\htdocs\Lumen\NewBikeBD09032020\vendor\laravel\lumen-framework\src\Concerns\RoutesRequests.php(413): Illuminate\Pipeline\Pipeline->then(Object(Closure))
#27 C:\xampp\htdocs\Lumen\NewBikeBD09032020\vendor\laravel\lumen-framework\src\Concerns\RoutesRequests.php(259): Laravel\Lumen\Application->sendThroughPipeline(Array, Object(Closure))
#28 C:\xampp\htdocs\Lumen\NewBikeBD09032020\vendor\laravel\lumen-framework\src\Concerns\RoutesRequests.php(165): Laravel\Lumen\Application->handleFoundRoute(Array)
#29 C:\xampp\htdocs\Lumen\NewBikeBD09032020\vendor\laravel\lumen-framework\src\Concerns\RoutesRequests.php(416): Laravel\Lumen\Application->Laravel\Lumen\Concerns\{closure}(Object(Laravel\Lumen\Http\Request))
#30 C:\xampp\htdocs\Lumen\NewBikeBD09032020\vendor\laravel\lumen-framework\src\Concerns\RoutesRequests.php(171): Laravel\Lumen\Application->sendThroughPipeline(Array, Object(Closure))
#31 C:\xampp\htdocs\Lumen\NewBikeBD09032020\vendor\laravel\lumen-framework\src\Concerns\RoutesRequests.php(108): Laravel\Lumen\Application->dispatch(NULL)
#32 C:\xampp\htdocs\Lumen\NewBikeBD09032020\public\index.php(28): Laravel\Lumen\Application->run()
#33 {main} {"exception":"[object] (Illuminate\\Database\\Eloquent\\RelationNotFoundException(code: 0): Call to undefined relationship [blogcategorylist] on model [App\\Product]. at C:\\xampp\\htdocs\\Lumen\\NewBikeBD09032020\\vendor\\illuminate\\database\\Eloquent\\RelationNotFoundException.php:34)
[stacktrace]
#0 C:\\xampp\\htdocs\\Lumen\\NewBikeBD09032020\\vendor\\illuminate\\database\\Eloquent\\Builder.php(604): Illuminate\\Database\\Eloquent\\RelationNotFoundException::make(Object(App\\Product), 'blogcategorylis...')
#1 C:\\xampp\\htdocs\\Lumen\\NewBikeBD09032020\\vendor\\illuminate\\database\\Eloquent\\Relations\\Relation.php(90): Illuminate\\Database\\Eloquent\\Builder->Illuminate\\Database\\Eloquent\\{closure}()
#2 C:\\xampp\\htdocs\\Lumen\\NewBikeBD09032020\\vendor\\illuminate\\database\\Eloquent\\Builder.php(606): Illuminate\\Database\\Eloquent\\Relations\\Relation::noConstraints(Object(Closure))
#3 C:\\xampp\\htdocs\\Lumen\\NewBikeBD09032020\\vendor\\illuminate\\database\\Eloquent\\Builder.php(574): Illuminate\\Database\\Eloquent\\Builder->getRelation('blogcategorylis...')
#4 C:\\xampp\\htdocs\\Lumen\\NewBikeBD09032020\\vendor\\illuminate\\database\\Eloquent\\Builder.php(554): Illuminate\\Database\\Eloquent\\Builder->eagerLoadRelation(Array, 'blogcategorylis...', Object(Closure))
#5 C:\\xampp\\htdocs\\Lumen\\NewBikeBD09032020\\vendor\\illuminate\\database\\Eloquent\\Builder.php(522): Illuminate\\Database\\Eloquent\\Builder->eagerLoadRelations(Array)
#6 C:\\xampp\\htdocs\\Lumen\\NewBikeBD09032020\\vendor\\illuminate\\database\\Eloquent\\Builder.php(721): Illuminate\\Database\\Eloquent\\Builder->get(Array)
#7 C:\\xampp\\htdocs\\Lumen\\NewBikeBD09032020\\app\\Http\\Controllers\\api\\v1\\admin\\ProductController.php(454): Illuminate\\Database\\Eloquent\\Builder->paginate()
#8 [internal function]: App\\Http\\Controllers\\api\\v1\\admin\\ProductController->productsearch(Object(Laravel\\Lumen\\Http\\Request))
#9 C:\\xampp\\htdocs\\Lumen\\NewBikeBD09032020\\vendor\\illuminate\\container\\BoundMethod.php(32): call_user_func_array(Array, Array)
#10 C:\\xampp\\htdocs\\Lumen\\NewBikeBD09032020\\vendor\\illuminate\\container\\Util.php(36): Illuminate\\Container\\BoundMethod::Illuminate\\Container\\{closure}()
#11 C:\\xampp\\htdocs\\Lumen\\NewBikeBD09032020\\vendor\\illuminate\\container\\BoundMethod.php(90): Illuminate\\Container\\Util::unwrapIfClosure(Object(Closure))
#12 C:\\xampp\\htdocs\\Lumen\\NewBikeBD09032020\\vendor\\illuminate\\container\\BoundMethod.php(34): Illuminate\\Container\\BoundMethod::callBoundMethod(Object(Laravel\\Lumen\\Application), Array, Object(Closure))
#13 C:\\xampp\\htdocs\\Lumen\\NewBikeBD09032020\\vendor\\illuminate\\container\\Container.php(590): Illuminate\\Container\\BoundMethod::call(Object(Laravel\\Lumen\\Application), Array, Array, NULL)
#14 C:\\xampp\\htdocs\\Lumen\\NewBikeBD09032020\\vendor\\laravel\\lumen-framework\\src\\Concerns\\RoutesRequests.php(376): Illuminate\\Container\\Container->call(Array, Array)
#15 C:\\xampp\\htdocs\\Lumen\\NewBikeBD09032020\\vendor\\laravel\\lumen-framework\\src\\Concerns\\RoutesRequests.php(342): Laravel\\Lumen\\Application->callControllerCallable(Array, Array)
#16 C:\\xampp\\htdocs\\Lumen\\NewBikeBD09032020\\vendor\\laravel\\lumen-framework\\src\\Concerns\\RoutesRequests.php(316): Laravel\\Lumen\\Application->callLumenController(Object(App\\Http\\Controllers\\api\\v1\\admin\\ProductController), 'productsearch', Array)
#17 C:\\xampp\\htdocs\\Lumen\\NewBikeBD09032020\\vendor\\laravel\\lumen-framework\\src\\Concerns\\RoutesRequests.php(278): Laravel\\Lumen\\Application->callControllerAction(Array)
#18 C:\\xampp\\htdocs\\Lumen\\NewBikeBD09032020\\vendor\\laravel\\lumen-framework\\src\\Concerns\\RoutesRequests.php(258): Laravel\\Lumen\\Application->callActionOnArrayBasedRoute(Array)
#19 [internal function]: Laravel\\Lumen\\Application->Laravel\\Lumen\\Concerns\\{closure}(Object(Laravel\\Lumen\\Http\\Request))
#20 C:\\xampp\\htdocs\\Lumen\\NewBikeBD09032020\\vendor\\laravel\\lumen-framework\\src\\Routing\\Pipeline.php(52): call_user_func(Object(Closure), Object(Laravel\\Lumen\\Http\\Request))
#21 C:\\xampp\\htdocs\\Lumen\\NewBikeBD09032020\\app\\Http\\Middleware\\Admin.php(49): Laravel\\Lumen\\Routing\\Pipeline->Laravel\\Lumen\\Routing\\{closure}(Object(Laravel\\Lumen\\Http\\Request))
#22 C:\\xampp\\htdocs\\Lumen\\NewBikeBD09032020\\vendor\\illuminate\\pipeline\\Pipeline.php(171): App\\Http\\Middleware\\Admin->handle(Object(Laravel\\Lumen\\Http\\Request), Object(Closure))
#23 [internal function]: Illuminate\\Pipeline\\Pipeline->Illuminate\\Pipeline\\{closure}(Object(Laravel\\Lumen\\Http\\Request))
#24 C:\\xampp\\htdocs\\Lumen\\NewBikeBD09032020\\vendor\\laravel\\lumen-framework\\src\\Routing\\Pipeline.php(32): call_user_func(Object(Closure), Object(Laravel\\Lumen\\Http\\Request))
#25 C:\\xampp\\htdocs\\Lumen\\NewBikeBD09032020\\vendor\\illuminate\\pipeline\\Pipeline.php(105): Laravel\\Lumen\\Routing\\Pipeline->Laravel\\Lumen\\Routing\\{closure}(Object(Laravel\\Lumen\\Http\\Request))
#26 C:\\xampp\\htdocs\\Lumen\\NewBikeBD09032020\\vendor\\laravel\\lumen-framework\\src\\Concerns\\RoutesRequests.php(413): Illuminate\\Pipeline\\Pipeline->then(Object(Closure))
#27 C:\\xampp\\htdocs\\Lumen\\NewBikeBD09032020\\vendor\\laravel\\lumen-framework\\src\\Concerns\\RoutesRequests.php(259): Laravel\\Lumen\\Application->sendThroughPipeline(Array, Object(Closure))
#28 C:\\xampp\\htdocs\\Lumen\\NewBikeBD09032020\\vendor\\laravel\\lumen-framework\\src\\Concerns\\RoutesRequests.php(165): Laravel\\Lumen\\Application->handleFoundRoute(Array)
#29 C:\\xampp\\htdocs\\Lumen\\NewBikeBD09032020\\vendor\\laravel\\lumen-framework\\src\\Concerns\\RoutesRequests.php(416): Laravel\\Lumen\\Application->Laravel\\Lumen\\Concerns\\{closure}(Object(Laravel\\Lumen\\Http\\Request))
#30 C:\\xampp\\htdocs\\Lumen\\NewBikeBD09032020\\vendor\\laravel\\lumen-framework\\src\\Concerns\\RoutesRequests.php(171): Laravel\\Lumen\\Application->sendThroughPipeline(Array, Object(Closure))
#31 C:\\xampp\\htdocs\\Lumen\\NewBikeBD09032020\\vendor\\laravel\\lumen-framework\\src\\Concerns\\RoutesRequests.php(108): Laravel\\Lumen\\Application->dispatch(NULL)
#32 C:\\xampp\\htdocs\\Lumen\\NewBikeBD09032020\\public\\index.php(28): Laravel\\Lumen\\Application->run()
#33 {main}
"} 
