[2020-02-26 08:56:26] local.ERROR: ErrorException: Undefined variable: rolePermission in E:\xampp\htdocs\laravel\Office\NewBikeBD25022020\app\Http\Controllers\api\v1\superadmin\RoleController.php:104
Stack trace:
#0 E:\xampp\htdocs\laravel\Office\NewBikeBD25022020\app\Http\Controllers\api\v1\superadmin\RoleController.php(104): Laravel\Lumen\Application->Laravel\Lumen\Concerns\{closure}(8, 'Undefined varia...', 'E:\\xampp\\htdocs...', 104, Array)
#1 [internal function]: App\Http\Controllers\api\v1\superadmin\RoleController->edit('5')
#2 E:\xampp\htdocs\laravel\Office\NewBikeBD25022020\vendor\illuminate\container\BoundMethod.php(32): call_user_func_array(Array, Array)
#3 E:\xampp\htdocs\laravel\Office\NewBikeBD25022020\vendor\illuminate\container\Util.php(36): Illuminate\Container\BoundMethod::Illuminate\Container\{closure}()
#4 E:\xampp\htdocs\laravel\Office\NewBikeBD25022020\vendor\illuminate\container\BoundMethod.php(90): Illuminate\Container\Util::unwrapIfClosure(Object(Closure))
#5 E:\xampp\htdocs\laravel\Office\NewBikeBD25022020\vendor\illuminate\container\BoundMethod.php(34): Illuminate\Container\BoundMethod::callBoundMethod(Object(Laravel\Lumen\Application), Array, Object(Closure))
#6 E:\xampp\htdocs\laravel\Office\NewBikeBD25022020\vendor\illuminate\container\Container.php(590): Illuminate\Container\BoundMethod::call(Object(Laravel\Lumen\Application), Array, Array, NULL)
#7 E:\xampp\htdocs\laravel\Office\NewBikeBD25022020\vendor\laravel\lumen-framework\src\Concerns\RoutesRequests.php(376): Illuminate\Container\Container->call(Array, Array)
#8 E:\xampp\htdocs\laravel\Office\NewBikeBD25022020\vendor\laravel\lumen-framework\src\Concerns\RoutesRequests.php(342): Laravel\Lumen\Application->callControllerCallable(Array, Array)
#9 E:\xampp\htdocs\laravel\Office\NewBikeBD25022020\vendor\laravel\lumen-framework\src\Concerns\RoutesRequests.php(316): Laravel\Lumen\Application->callLumenController(Object(App\Http\Controllers\api\v1\superadmin\RoleController), 'edit', Array)
#10 E:\xampp\htdocs\laravel\Office\NewBikeBD25022020\vendor\laravel\lumen-framework\src\Concerns\RoutesRequests.php(278): Laravel\Lumen\Application->callControllerAction(Array)
#11 E:\xampp\htdocs\laravel\Office\NewBikeBD25022020\vendor\laravel\lumen-framework\src\Concerns\RoutesRequests.php(258): Laravel\Lumen\Application->callActionOnArrayBasedRoute(Array)
#12 [internal function]: Laravel\Lumen\Application->Laravel\Lumen\Concerns\{closure}(Object(Laravel\Lumen\Http\Request))
#13 E:\xampp\htdocs\laravel\Office\NewBikeBD25022020\vendor\laravel\lumen-framework\src\Routing\Pipeline.php(52): call_user_func(Object(Closure), Object(Laravel\Lumen\Http\Request))
#14 E:\xampp\htdocs\laravel\Office\NewBikeBD25022020\app\Http\Middleware\Superadmin.php(49): Laravel\Lumen\Routing\Pipeline->Laravel\Lumen\Routing\{closure}(Object(Laravel\Lumen\Http\Request))
#15 E:\xampp\htdocs\laravel\Office\NewBikeBD25022020\vendor\illuminate\pipeline\Pipeline.php(171): App\Http\Middleware\Superadmin->handle(Object(Laravel\Lumen\Http\Request), Object(Closure))
#16 [internal function]: Illuminate\Pipeline\Pipeline->Illuminate\Pipeline\{closure}(Object(Laravel\Lumen\Http\Request))
#17 E:\xampp\htdocs\laravel\Office\NewBikeBD25022020\vendor\laravel\lumen-framework\src\Routing\Pipeline.php(32): call_user_func(Object(Closure), Object(Laravel\Lumen\Http\Request))
#18 E:\xampp\htdocs\laravel\Office\NewBikeBD25022020\vendor\illuminate\pipeline\Pipeline.php(105): Laravel\Lumen\Routing\Pipeline->Laravel\Lumen\Routing\{closure}(Object(Laravel\Lumen\Http\Request))
#19 E:\xampp\htdocs\laravel\Office\NewBikeBD25022020\vendor\laravel\lumen-framework\src\Concerns\RoutesRequests.php(413): Illuminate\Pipeline\Pipeline->then(Object(Closure))
#20 E:\xampp\htdocs\laravel\Office\NewBikeBD25022020\vendor\laravel\lumen-framework\src\Concerns\RoutesRequests.php(259): Laravel\Lumen\Application->sendThroughPipeline(Array, Object(Closure))
#21 E:\xampp\htdocs\laravel\Office\NewBikeBD25022020\vendor\laravel\lumen-framework\src\Concerns\RoutesRequests.php(233): Laravel\Lumen\Application->handleFoundRoute(Array)
#22 E:\xampp\htdocs\laravel\Office\NewBikeBD25022020\vendor\laravel\lumen-framework\src\Concerns\RoutesRequests.php(169): Laravel\Lumen\Application->handleDispatcherResponse(Array)
#23 E:\xampp\htdocs\laravel\Office\NewBikeBD25022020\vendor\laravel\lumen-framework\src\Concerns\RoutesRequests.php(416): Laravel\Lumen\Application->Laravel\Lumen\Concerns\{closure}(Object(Laravel\Lumen\Http\Request))
#24 E:\xampp\htdocs\laravel\Office\NewBikeBD25022020\vendor\laravel\lumen-framework\src\Concerns\RoutesRequests.php(171): Laravel\Lumen\Application->sendThroughPipeline(Array, Object(Closure))
#25 E:\xampp\htdocs\laravel\Office\NewBikeBD25022020\vendor\laravel\lumen-framework\src\Concerns\RoutesRequests.php(108): Laravel\Lumen\Application->dispatch(NULL)
#26 E:\xampp\htdocs\laravel\Office\NewBikeBD25022020\public\index.php(28): Laravel\Lumen\Application->run()
#27 {main} {"exception":"[object] (ErrorException(code: 0): Undefined variable: rolePermission at E:\\xampp\\htdocs\\laravel\\Office\\NewBikeBD25022020\\app\\Http\\Controllers\\api\\v1\\superadmin\\RoleController.php:104)
[stacktrace]
#0 E:\\xampp\\htdocs\\laravel\\Office\\NewBikeBD25022020\\app\\Http\\Controllers\\api\\v1\\superadmin\\RoleController.php(104): Laravel\\Lumen\\Application->Laravel\\Lumen\\Concerns\\{closure}(8, 'Undefined varia...', 'E:\\\\xampp\\\\htdocs...', 104, Array)
#1 [internal function]: App\\Http\\Controllers\\api\\v1\\superadmin\\RoleController->edit('5')
#2 E:\\xampp\\htdocs\\laravel\\Office\\NewBikeBD25022020\\vendor\\illuminate\\container\\BoundMethod.php(32): call_user_func_array(Array, Array)
#3 E:\\xampp\\htdocs\\laravel\\Office\\NewBikeBD25022020\\vendor\\illuminate\\container\\Util.php(36): Illuminate\\Container\\BoundMethod::Illuminate\\Container\\{closure}()
#4 E:\\xampp\\htdocs\\laravel\\Office\\NewBikeBD25022020\\vendor\\illuminate\\container\\BoundMethod.php(90): Illuminate\\Container\\Util::unwrapIfClosure(Object(Closure))
#5 E:\\xampp\\htdocs\\laravel\\Office\\NewBikeBD25022020\\vendor\\illuminate\\container\\BoundMethod.php(34): Illuminate\\Container\\BoundMethod::callBoundMethod(Object(Laravel\\Lumen\\Application), Array, Object(Closure))
#6 E:\\xampp\\htdocs\\laravel\\Office\\NewBikeBD25022020\\vendor\\illuminate\\container\\Container.php(590): Illuminate\\Container\\BoundMethod::call(Object(Laravel\\Lumen\\Application), Array, Array, NULL)
#7 E:\\xampp\\htdocs\\laravel\\Office\\NewBikeBD25022020\\vendor\\laravel\\lumen-framework\\src\\Concerns\\RoutesRequests.php(376): Illuminate\\Container\\Container->call(Array, Array)
#8 E:\\xampp\\htdocs\\laravel\\Office\\NewBikeBD25022020\\vendor\\laravel\\lumen-framework\\src\\Concerns\\RoutesRequests.php(342): Laravel\\Lumen\\Application->callControllerCallable(Array, Array)
#9 E:\\xampp\\htdocs\\laravel\\Office\\NewBikeBD25022020\\vendor\\laravel\\lumen-framework\\src\\Concerns\\RoutesRequests.php(316): Laravel\\Lumen\\Application->callLumenController(Object(App\\Http\\Controllers\\api\\v1\\superadmin\\RoleController), 'edit', Array)
#10 E:\\xampp\\htdocs\\laravel\\Office\\NewBikeBD25022020\\vendor\\laravel\\lumen-framework\\src\\Concerns\\RoutesRequests.php(278): Laravel\\Lumen\\Application->callControllerAction(Array)
#11 E:\\xampp\\htdocs\\laravel\\Office\\NewBikeBD25022020\\vendor\\laravel\\lumen-framework\\src\\Concerns\\RoutesRequests.php(258): Laravel\\Lumen\\Application->callActionOnArrayBasedRoute(Array)
#12 [internal function]: Laravel\\Lumen\\Application->Laravel\\Lumen\\Concerns\\{closure}(Object(Laravel\\Lumen\\Http\\Request))
#13 E:\\xampp\\htdocs\\laravel\\Office\\NewBikeBD25022020\\vendor\\laravel\\lumen-framework\\src\\Routing\\Pipeline.php(52): call_user_func(Object(Closure), Object(Laravel\\Lumen\\Http\\Request))
#14 E:\\xampp\\htdocs\\laravel\\Office\\NewBikeBD25022020\\app\\Http\\Middleware\\Superadmin.php(49): Laravel\\Lumen\\Routing\\Pipeline->Laravel\\Lumen\\Routing\\{closure}(Object(Laravel\\Lumen\\Http\\Request))
#15 E:\\xampp\\htdocs\\laravel\\Office\\NewBikeBD25022020\\vendor\\illuminate\\pipeline\\Pipeline.php(171): App\\Http\\Middleware\\Superadmin->handle(Object(Laravel\\Lumen\\Http\\Request), Object(Closure))
#16 [internal function]: Illuminate\\Pipeline\\Pipeline->Illuminate\\Pipeline\\{closure}(Object(Laravel\\Lumen\\Http\\Request))
#17 E:\\xampp\\htdocs\\laravel\\Office\\NewBikeBD25022020\\vendor\\laravel\\lumen-framework\\src\\Routing\\Pipeline.php(32): call_user_func(Object(Closure), Object(Laravel\\Lumen\\Http\\Request))
#18 E:\\xampp\\htdocs\\laravel\\Office\\NewBikeBD25022020\\vendor\\illuminate\\pipeline\\Pipeline.php(105): Laravel\\Lumen\\Routing\\Pipeline->Laravel\\Lumen\\Routing\\{closure}(Object(Laravel\\Lumen\\Http\\Request))
#19 E:\\xampp\\htdocs\\laravel\\Office\\NewBikeBD25022020\\vendor\\laravel\\lumen-framework\\src\\Concerns\\RoutesRequests.php(413): Illuminate\\Pipeline\\Pipeline->then(Object(Closure))
#20 E:\\xampp\\htdocs\\laravel\\Office\\NewBikeBD25022020\\vendor\\laravel\\lumen-framework\\src\\Concerns\\RoutesRequests.php(259): Laravel\\Lumen\\Application->sendThroughPipeline(Array, Object(Closure))
#21 E:\\xampp\\htdocs\\laravel\\Office\\NewBikeBD25022020\\vendor\\laravel\\lumen-framework\\src\\Concerns\\RoutesRequests.php(233): Laravel\\Lumen\\Application->handleFoundRoute(Array)
#22 E:\\xampp\\htdocs\\laravel\\Office\\NewBikeBD25022020\\vendor\\laravel\\lumen-framework\\src\\Concerns\\RoutesRequests.php(169): Laravel\\Lumen\\Application->handleDispatcherResponse(Array)
#23 E:\\xampp\\htdocs\\laravel\\Office\\NewBikeBD25022020\\vendor\\laravel\\lumen-framework\\src\\Concerns\\RoutesRequests.php(416): Laravel\\Lumen\\Application->Laravel\\Lumen\\Concerns\\{closure}(Object(Laravel\\Lumen\\Http\\Request))
#24 E:\\xampp\\htdocs\\laravel\\Office\\NewBikeBD25022020\\vendor\\laravel\\lumen-framework\\src\\Concerns\\RoutesRequests.php(171): Laravel\\Lumen\\Application->sendThroughPipeline(Array, Object(Closure))
#25 E:\\xampp\\htdocs\\laravel\\Office\\NewBikeBD25022020\\vendor\\laravel\\lumen-framework\\src\\Concerns\\RoutesRequests.php(108): Laravel\\Lumen\\Application->dispatch(NULL)
#26 E:\\xampp\\htdocs\\laravel\\Office\\NewBikeBD25022020\\public\\index.php(28): Laravel\\Lumen\\Application->run()
#27 {main}
"} 
[2020-02-26 08:56:57] local.ERROR: ErrorException: Undefined variable: rolePermission in E:\xampp\htdocs\laravel\Office\NewBikeBD25022020\app\Http\Controllers\api\v1\superadmin\RoleController.php:104
Stack trace:
#0 E:\xampp\htdocs\laravel\Office\NewBikeBD25022020\app\Http\Controllers\api\v1\superadmin\RoleController.php(104): Laravel\Lumen\Application->Laravel\Lumen\Concerns\{closure}(8, 'Undefined varia...', 'E:\\xampp\\htdocs...', 104, Array)
#1 [internal function]: App\Http\Controllers\api\v1\superadmin\RoleController->edit('6')
#2 E:\xampp\htdocs\laravel\Office\NewBikeBD25022020\vendor\illuminate\container\BoundMethod.php(32): call_user_func_array(Array, Array)
#3 E:\xampp\htdocs\laravel\Office\NewBikeBD25022020\vendor\illuminate\container\Util.php(36): Illuminate\Container\BoundMethod::Illuminate\Container\{closure}()
#4 E:\xampp\htdocs\laravel\Office\NewBikeBD25022020\vendor\illuminate\container\BoundMethod.php(90): Illuminate\Container\Util::unwrapIfClosure(Object(Closure))
#5 E:\xampp\htdocs\laravel\Office\NewBikeBD25022020\vendor\illuminate\container\BoundMethod.php(34): Illuminate\Container\BoundMethod::callBoundMethod(Object(Laravel\Lumen\Application), Array, Object(Closure))
#6 E:\xampp\htdocs\laravel\Office\NewBikeBD25022020\vendor\illuminate\container\Container.php(590): Illuminate\Container\BoundMethod::call(Object(Laravel\Lumen\Application), Array, Array, NULL)
#7 E:\xampp\htdocs\laravel\Office\NewBikeBD25022020\vendor\laravel\lumen-framework\src\Concerns\RoutesRequests.php(376): Illuminate\Container\Container->call(Array, Array)
#8 E:\xampp\htdocs\laravel\Office\NewBikeBD25022020\vendor\laravel\lumen-framework\src\Concerns\RoutesRequests.php(342): Laravel\Lumen\Application->callControllerCallable(Array, Array)
#9 E:\xampp\htdocs\laravel\Office\NewBikeBD25022020\vendor\laravel\lumen-framework\src\Concerns\RoutesRequests.php(316): Laravel\Lumen\Application->callLumenController(Object(App\Http\Controllers\api\v1\superadmin\RoleController), 'edit', Array)
#10 E:\xampp\htdocs\laravel\Office\NewBikeBD25022020\vendor\laravel\lumen-framework\src\Concerns\RoutesRequests.php(278): Laravel\Lumen\Application->callControllerAction(Array)
#11 E:\xampp\htdocs\laravel\Office\NewBikeBD25022020\vendor\laravel\lumen-framework\src\Concerns\RoutesRequests.php(258): Laravel\Lumen\Application->callActionOnArrayBasedRoute(Array)
#12 [internal function]: Laravel\Lumen\Application->Laravel\Lumen\Concerns\{closure}(Object(Laravel\Lumen\Http\Request))
#13 E:\xampp\htdocs\laravel\Office\NewBikeBD25022020\vendor\laravel\lumen-framework\src\Routing\Pipeline.php(52): call_user_func(Object(Closure), Object(Laravel\Lumen\Http\Request))
#14 E:\xampp\htdocs\laravel\Office\NewBikeBD25022020\app\Http\Middleware\Superadmin.php(49): Laravel\Lumen\Routing\Pipeline->Laravel\Lumen\Routing\{closure}(Object(Laravel\Lumen\Http\Request))
#15 E:\xampp\htdocs\laravel\Office\NewBikeBD25022020\vendor\illuminate\pipeline\Pipeline.php(171): App\Http\Middleware\Superadmin->handle(Object(Laravel\Lumen\Http\Request), Object(Closure))
#16 [internal function]: Illuminate\Pipeline\Pipeline->Illuminate\Pipeline\{closure}(Object(Laravel\Lumen\Http\Request))
#17 E:\xampp\htdocs\laravel\Office\NewBikeBD25022020\vendor\laravel\lumen-framework\src\Routing\Pipeline.php(32): call_user_func(Object(Closure), Object(Laravel\Lumen\Http\Request))
#18 E:\xampp\htdocs\laravel\Office\NewBikeBD25022020\vendor\illuminate\pipeline\Pipeline.php(105): Laravel\Lumen\Routing\Pipeline->Laravel\Lumen\Routing\{closure}(Object(Laravel\Lumen\Http\Request))
#19 E:\xampp\htdocs\laravel\Office\NewBikeBD25022020\vendor\laravel\lumen-framework\src\Concerns\RoutesRequests.php(413): Illuminate\Pipeline\Pipeline->then(Object(Closure))
#20 E:\xampp\htdocs\laravel\Office\NewBikeBD25022020\vendor\laravel\lumen-framework\src\Concerns\RoutesRequests.php(259): Laravel\Lumen\Application->sendThroughPipeline(Array, Object(Closure))
#21 E:\xampp\htdocs\laravel\Office\NewBikeBD25022020\vendor\laravel\lumen-framework\src\Concerns\RoutesRequests.php(233): Laravel\Lumen\Application->handleFoundRoute(Array)
#22 E:\xampp\htdocs\laravel\Office\NewBikeBD25022020\vendor\laravel\lumen-framework\src\Concerns\RoutesRequests.php(169): Laravel\Lumen\Application->handleDispatcherResponse(Array)
#23 E:\xampp\htdocs\laravel\Office\NewBikeBD25022020\vendor\laravel\lumen-framework\src\Concerns\RoutesRequests.php(416): Laravel\Lumen\Application->Laravel\Lumen\Concerns\{closure}(Object(Laravel\Lumen\Http\Request))
#24 E:\xampp\htdocs\laravel\Office\NewBikeBD25022020\vendor\laravel\lumen-framework\src\Concerns\RoutesRequests.php(171): Laravel\Lumen\Application->sendThroughPipeline(Array, Object(Closure))
#25 E:\xampp\htdocs\laravel\Office\NewBikeBD25022020\vendor\laravel\lumen-framework\src\Concerns\RoutesRequests.php(108): Laravel\Lumen\Application->dispatch(NULL)
#26 E:\xampp\htdocs\laravel\Office\NewBikeBD25022020\public\index.php(28): Laravel\Lumen\Application->run()
#27 {main} {"exception":"[object] (ErrorException(code: 0): Undefined variable: rolePermission at E:\\xampp\\htdocs\\laravel\\Office\\NewBikeBD25022020\\app\\Http\\Controllers\\api\\v1\\superadmin\\RoleController.php:104)
[stacktrace]
#0 E:\\xampp\\htdocs\\laravel\\Office\\NewBikeBD25022020\\app\\Http\\Controllers\\api\\v1\\superadmin\\RoleController.php(104): Laravel\\Lumen\\Application->Laravel\\Lumen\\Concerns\\{closure}(8, 'Undefined varia...', 'E:\\\\xampp\\\\htdocs...', 104, Array)
#1 [internal function]: App\\Http\\Controllers\\api\\v1\\superadmin\\RoleController->edit('6')
#2 E:\\xampp\\htdocs\\laravel\\Office\\NewBikeBD25022020\\vendor\\illuminate\\container\\BoundMethod.php(32): call_user_func_array(Array, Array)
#3 E:\\xampp\\htdocs\\laravel\\Office\\NewBikeBD25022020\\vendor\\illuminate\\container\\Util.php(36): Illuminate\\Container\\BoundMethod::Illuminate\\Container\\{closure}()
#4 E:\\xampp\\htdocs\\laravel\\Office\\NewBikeBD25022020\\vendor\\illuminate\\container\\BoundMethod.php(90): Illuminate\\Container\\Util::unwrapIfClosure(Object(Closure))
#5 E:\\xampp\\htdocs\\laravel\\Office\\NewBikeBD25022020\\vendor\\illuminate\\container\\BoundMethod.php(34): Illuminate\\Container\\BoundMethod::callBoundMethod(Object(Laravel\\Lumen\\Application), Array, Object(Closure))
#6 E:\\xampp\\htdocs\\laravel\\Office\\NewBikeBD25022020\\vendor\\illuminate\\container\\Container.php(590): Illuminate\\Container\\BoundMethod::call(Object(Laravel\\Lumen\\Application), Array, Array, NULL)
#7 E:\\xampp\\htdocs\\laravel\\Office\\NewBikeBD25022020\\vendor\\laravel\\lumen-framework\\src\\Concerns\\RoutesRequests.php(376): Illuminate\\Container\\Container->call(Array, Array)
#8 E:\\xampp\\htdocs\\laravel\\Office\\NewBikeBD25022020\\vendor\\laravel\\lumen-framework\\src\\Concerns\\RoutesRequests.php(342): Laravel\\Lumen\\Application->callControllerCallable(Array, Array)
#9 E:\\xampp\\htdocs\\laravel\\Office\\NewBikeBD25022020\\vendor\\laravel\\lumen-framework\\src\\Concerns\\RoutesRequests.php(316): Laravel\\Lumen\\Application->callLumenController(Object(App\\Http\\Controllers\\api\\v1\\superadmin\\RoleController), 'edit', Array)
#10 E:\\xampp\\htdocs\\laravel\\Office\\NewBikeBD25022020\\vendor\\laravel\\lumen-framework\\src\\Concerns\\RoutesRequests.php(278): Laravel\\Lumen\\Application->callControllerAction(Array)
#11 E:\\xampp\\htdocs\\laravel\\Office\\NewBikeBD25022020\\vendor\\laravel\\lumen-framework\\src\\Concerns\\RoutesRequests.php(258): Laravel\\Lumen\\Application->callActionOnArrayBasedRoute(Array)
#12 [internal function]: Laravel\\Lumen\\Application->Laravel\\Lumen\\Concerns\\{closure}(Object(Laravel\\Lumen\\Http\\Request))
#13 E:\\xampp\\htdocs\\laravel\\Office\\NewBikeBD25022020\\vendor\\laravel\\lumen-framework\\src\\Routing\\Pipeline.php(52): call_user_func(Object(Closure), Object(Laravel\\Lumen\\Http\\Request))
#14 E:\\xampp\\htdocs\\laravel\\Office\\NewBikeBD25022020\\app\\Http\\Middleware\\Superadmin.php(49): Laravel\\Lumen\\Routing\\Pipeline->Laravel\\Lumen\\Routing\\{closure}(Object(Laravel\\Lumen\\Http\\Request))
#15 E:\\xampp\\htdocs\\laravel\\Office\\NewBikeBD25022020\\vendor\\illuminate\\pipeline\\Pipeline.php(171): App\\Http\\Middleware\\Superadmin->handle(Object(Laravel\\Lumen\\Http\\Request), Object(Closure))
#16 [internal function]: Illuminate\\Pipeline\\Pipeline->Illuminate\\Pipeline\\{closure}(Object(Laravel\\Lumen\\Http\\Request))
#17 E:\\xampp\\htdocs\\laravel\\Office\\NewBikeBD25022020\\vendor\\laravel\\lumen-framework\\src\\Routing\\Pipeline.php(32): call_user_func(Object(Closure), Object(Laravel\\Lumen\\Http\\Request))
#18 E:\\xampp\\htdocs\\laravel\\Office\\NewBikeBD25022020\\vendor\\illuminate\\pipeline\\Pipeline.php(105): Laravel\\Lumen\\Routing\\Pipeline->Laravel\\Lumen\\Routing\\{closure}(Object(Laravel\\Lumen\\Http\\Request))
#19 E:\\xampp\\htdocs\\laravel\\Office\\NewBikeBD25022020\\vendor\\laravel\\lumen-framework\\src\\Concerns\\RoutesRequests.php(413): Illuminate\\Pipeline\\Pipeline->then(Object(Closure))
#20 E:\\xampp\\htdocs\\laravel\\Office\\NewBikeBD25022020\\vendor\\laravel\\lumen-framework\\src\\Concerns\\RoutesRequests.php(259): Laravel\\Lumen\\Application->sendThroughPipeline(Array, Object(Closure))
#21 E:\\xampp\\htdocs\\laravel\\Office\\NewBikeBD25022020\\vendor\\laravel\\lumen-framework\\src\\Concerns\\RoutesRequests.php(233): Laravel\\Lumen\\Application->handleFoundRoute(Array)
#22 E:\\xampp\\htdocs\\laravel\\Office\\NewBikeBD25022020\\vendor\\laravel\\lumen-framework\\src\\Concerns\\RoutesRequests.php(169): Laravel\\Lumen\\Application->handleDispatcherResponse(Array)
#23 E:\\xampp\\htdocs\\laravel\\Office\\NewBikeBD25022020\\vendor\\laravel\\lumen-framework\\src\\Concerns\\RoutesRequests.php(416): Laravel\\Lumen\\Application->Laravel\\Lumen\\Concerns\\{closure}(Object(Laravel\\Lumen\\Http\\Request))
#24 E:\\xampp\\htdocs\\laravel\\Office\\NewBikeBD25022020\\vendor\\laravel\\lumen-framework\\src\\Concerns\\RoutesRequests.php(171): Laravel\\Lumen\\Application->sendThroughPipeline(Array, Object(Closure))
#25 E:\\xampp\\htdocs\\laravel\\Office\\NewBikeBD25022020\\vendor\\laravel\\lumen-framework\\src\\Concerns\\RoutesRequests.php(108): Laravel\\Lumen\\Application->dispatch(NULL)
#26 E:\\xampp\\htdocs\\laravel\\Office\\NewBikeBD25022020\\public\\index.php(28): Laravel\\Lumen\\Application->run()
#27 {main}
"} 
[2020-02-26 08:58:22] local.ERROR: ErrorException: Undefined variable: rolePermission in E:\xampp\htdocs\laravel\Office\NewBikeBD25022020\app\Http\Controllers\api\v1\superadmin\RoleController.php:104
Stack trace:
#0 E:\xampp\htdocs\laravel\Office\NewBikeBD25022020\app\Http\Controllers\api\v1\superadmin\RoleController.php(104): Laravel\Lumen\Application->Laravel\Lumen\Concerns\{closure}(8, 'Undefined varia...', 'E:\\xampp\\htdocs...', 104, Array)
#1 [internal function]: App\Http\Controllers\api\v1\superadmin\RoleController->edit('5')
#2 E:\xampp\htdocs\laravel\Office\NewBikeBD25022020\vendor\illuminate\container\BoundMethod.php(32): call_user_func_array(Array, Array)
#3 E:\xampp\htdocs\laravel\Office\NewBikeBD25022020\vendor\illuminate\container\Util.php(36): Illuminate\Container\BoundMethod::Illuminate\Container\{closure}()
#4 E:\xampp\htdocs\laravel\Office\NewBikeBD25022020\vendor\illuminate\container\BoundMethod.php(90): Illuminate\Container\Util::unwrapIfClosure(Object(Closure))
#5 E:\xampp\htdocs\laravel\Office\NewBikeBD25022020\vendor\illuminate\container\BoundMethod.php(34): Illuminate\Container\BoundMethod::callBoundMethod(Object(Laravel\Lumen\Application), Array, Object(Closure))
#6 E:\xampp\htdocs\laravel\Office\NewBikeBD25022020\vendor\illuminate\container\Container.php(590): Illuminate\Container\BoundMethod::call(Object(Laravel\Lumen\Application), Array, Array, NULL)
#7 E:\xampp\htdocs\laravel\Office\NewBikeBD25022020\vendor\laravel\lumen-framework\src\Concerns\RoutesRequests.php(376): Illuminate\Container\Container->call(Array, Array)
#8 E:\xampp\htdocs\laravel\Office\NewBikeBD25022020\vendor\laravel\lumen-framework\src\Concerns\RoutesRequests.php(342): Laravel\Lumen\Application->callControllerCallable(Array, Array)
#9 E:\xampp\htdocs\laravel\Office\NewBikeBD25022020\vendor\laravel\lumen-framework\src\Concerns\RoutesRequests.php(316): Laravel\Lumen\Application->callLumenController(Object(App\Http\Controllers\api\v1\superadmin\RoleController), 'edit', Array)
#10 E:\xampp\htdocs\laravel\Office\NewBikeBD25022020\vendor\laravel\lumen-framework\src\Concerns\RoutesRequests.php(278): Laravel\Lumen\Application->callControllerAction(Array)
#11 E:\xampp\htdocs\laravel\Office\NewBikeBD25022020\vendor\laravel\lumen-framework\src\Concerns\RoutesRequests.php(258): Laravel\Lumen\Application->callActionOnArrayBasedRoute(Array)
#12 [internal function]: Laravel\Lumen\Application->Laravel\Lumen\Concerns\{closure}(Object(Laravel\Lumen\Http\Request))
#13 E:\xampp\htdocs\laravel\Office\NewBikeBD25022020\vendor\laravel\lumen-framework\src\Routing\Pipeline.php(52): call_user_func(Object(Closure), Object(Laravel\Lumen\Http\Request))
#14 E:\xampp\htdocs\laravel\Office\NewBikeBD25022020\app\Http\Middleware\Superadmin.php(49): Laravel\Lumen\Routing\Pipeline->Laravel\Lumen\Routing\{closure}(Object(Laravel\Lumen\Http\Request))
#15 E:\xampp\htdocs\laravel\Office\NewBikeBD25022020\vendor\illuminate\pipeline\Pipeline.php(171): App\Http\Middleware\Superadmin->handle(Object(Laravel\Lumen\Http\Request), Object(Closure))
#16 [internal function]: Illuminate\Pipeline\Pipeline->Illuminate\Pipeline\{closure}(Object(Laravel\Lumen\Http\Request))
#17 E:\xampp\htdocs\laravel\Office\NewBikeBD25022020\vendor\laravel\lumen-framework\src\Routing\Pipeline.php(32): call_user_func(Object(Closure), Object(Laravel\Lumen\Http\Request))
#18 E:\xampp\htdocs\laravel\Office\NewBikeBD25022020\vendor\illuminate\pipeline\Pipeline.php(105): Laravel\Lumen\Routing\Pipeline->Laravel\Lumen\Routing\{closure}(Object(Laravel\Lumen\Http\Request))
#19 E:\xampp\htdocs\laravel\Office\NewBikeBD25022020\vendor\laravel\lumen-framework\src\Concerns\RoutesRequests.php(413): Illuminate\Pipeline\Pipeline->then(Object(Closure))
#20 E:\xampp\htdocs\laravel\Office\NewBikeBD25022020\vendor\laravel\lumen-framework\src\Concerns\RoutesRequests.php(259): Laravel\Lumen\Application->sendThroughPipeline(Array, Object(Closure))
#21 E:\xampp\htdocs\laravel\Office\NewBikeBD25022020\vendor\laravel\lumen-framework\src\Concerns\RoutesRequests.php(233): Laravel\Lumen\Application->handleFoundRoute(Array)
#22 E:\xampp\htdocs\laravel\Office\NewBikeBD25022020\vendor\laravel\lumen-framework\src\Concerns\RoutesRequests.php(169): Laravel\Lumen\Application->handleDispatcherResponse(Array)
#23 E:\xampp\htdocs\laravel\Office\NewBikeBD25022020\vendor\laravel\lumen-framework\src\Concerns\RoutesRequests.php(416): Laravel\Lumen\Application->Laravel\Lumen\Concerns\{closure}(Object(Laravel\Lumen\Http\Request))
#24 E:\xampp\htdocs\laravel\Office\NewBikeBD25022020\vendor\laravel\lumen-framework\src\Concerns\RoutesRequests.php(171): Laravel\Lumen\Application->sendThroughPipeline(Array, Object(Closure))
#25 E:\xampp\htdocs\laravel\Office\NewBikeBD25022020\vendor\laravel\lumen-framework\src\Concerns\RoutesRequests.php(108): Laravel\Lumen\Application->dispatch(NULL)
#26 E:\xampp\htdocs\laravel\Office\NewBikeBD25022020\public\index.php(28): Laravel\Lumen\Application->run()
#27 {main} {"exception":"[object] (ErrorException(code: 0): Undefined variable: rolePermission at E:\\xampp\\htdocs\\laravel\\Office\\NewBikeBD25022020\\app\\Http\\Controllers\\api\\v1\\superadmin\\RoleController.php:104)
[stacktrace]
#0 E:\\xampp\\htdocs\\laravel\\Office\\NewBikeBD25022020\\app\\Http\\Controllers\\api\\v1\\superadmin\\RoleController.php(104): Laravel\\Lumen\\Application->Laravel\\Lumen\\Concerns\\{closure}(8, 'Undefined varia...', 'E:\\\\xampp\\\\htdocs...', 104, Array)
#1 [internal function]: App\\Http\\Controllers\\api\\v1\\superadmin\\RoleController->edit('5')
#2 E:\\xampp\\htdocs\\laravel\\Office\\NewBikeBD25022020\\vendor\\illuminate\\container\\BoundMethod.php(32): call_user_func_array(Array, Array)
#3 E:\\xampp\\htdocs\\laravel\\Office\\NewBikeBD25022020\\vendor\\illuminate\\container\\Util.php(36): Illuminate\\Container\\BoundMethod::Illuminate\\Container\\{closure}()
#4 E:\\xampp\\htdocs\\laravel\\Office\\NewBikeBD25022020\\vendor\\illuminate\\container\\BoundMethod.php(90): Illuminate\\Container\\Util::unwrapIfClosure(Object(Closure))
#5 E:\\xampp\\htdocs\\laravel\\Office\\NewBikeBD25022020\\vendor\\illuminate\\container\\BoundMethod.php(34): Illuminate\\Container\\BoundMethod::callBoundMethod(Object(Laravel\\Lumen\\Application), Array, Object(Closure))
#6 E:\\xampp\\htdocs\\laravel\\Office\\NewBikeBD25022020\\vendor\\illuminate\\container\\Container.php(590): Illuminate\\Container\\BoundMethod::call(Object(Laravel\\Lumen\\Application), Array, Array, NULL)
#7 E:\\xampp\\htdocs\\laravel\\Office\\NewBikeBD25022020\\vendor\\laravel\\lumen-framework\\src\\Concerns\\RoutesRequests.php(376): Illuminate\\Container\\Container->call(Array, Array)
#8 E:\\xampp\\htdocs\\laravel\\Office\\NewBikeBD25022020\\vendor\\laravel\\lumen-framework\\src\\Concerns\\RoutesRequests.php(342): Laravel\\Lumen\\Application->callControllerCallable(Array, Array)
#9 E:\\xampp\\htdocs\\laravel\\Office\\NewBikeBD25022020\\vendor\\laravel\\lumen-framework\\src\\Concerns\\RoutesRequests.php(316): Laravel\\Lumen\\Application->callLumenController(Object(App\\Http\\Controllers\\api\\v1\\superadmin\\RoleController), 'edit', Array)
#10 E:\\xampp\\htdocs\\laravel\\Office\\NewBikeBD25022020\\vendor\\laravel\\lumen-framework\\src\\Concerns\\RoutesRequests.php(278): Laravel\\Lumen\\Application->callControllerAction(Array)
#11 E:\\xampp\\htdocs\\laravel\\Office\\NewBikeBD25022020\\vendor\\laravel\\lumen-framework\\src\\Concerns\\RoutesRequests.php(258): Laravel\\Lumen\\Application->callActionOnArrayBasedRoute(Array)
#12 [internal function]: Laravel\\Lumen\\Application->Laravel\\Lumen\\Concerns\\{closure}(Object(Laravel\\Lumen\\Http\\Request))
#13 E:\\xampp\\htdocs\\laravel\\Office\\NewBikeBD25022020\\vendor\\laravel\\lumen-framework\\src\\Routing\\Pipeline.php(52): call_user_func(Object(Closure), Object(Laravel\\Lumen\\Http\\Request))
#14 E:\\xampp\\htdocs\\laravel\\Office\\NewBikeBD25022020\\app\\Http\\Middleware\\Superadmin.php(49): Laravel\\Lumen\\Routing\\Pipeline->Laravel\\Lumen\\Routing\\{closure}(Object(Laravel\\Lumen\\Http\\Request))
#15 E:\\xampp\\htdocs\\laravel\\Office\\NewBikeBD25022020\\vendor\\illuminate\\pipeline\\Pipeline.php(171): App\\Http\\Middleware\\Superadmin->handle(Object(Laravel\\Lumen\\Http\\Request), Object(Closure))
#16 [internal function]: Illuminate\\Pipeline\\Pipeline->Illuminate\\Pipeline\\{closure}(Object(Laravel\\Lumen\\Http\\Request))
#17 E:\\xampp\\htdocs\\laravel\\Office\\NewBikeBD25022020\\vendor\\laravel\\lumen-framework\\src\\Routing\\Pipeline.php(32): call_user_func(Object(Closure), Object(Laravel\\Lumen\\Http\\Request))
#18 E:\\xampp\\htdocs\\laravel\\Office\\NewBikeBD25022020\\vendor\\illuminate\\pipeline\\Pipeline.php(105): Laravel\\Lumen\\Routing\\Pipeline->Laravel\\Lumen\\Routing\\{closure}(Object(Laravel\\Lumen\\Http\\Request))
#19 E:\\xampp\\htdocs\\laravel\\Office\\NewBikeBD25022020\\vendor\\laravel\\lumen-framework\\src\\Concerns\\RoutesRequests.php(413): Illuminate\\Pipeline\\Pipeline->then(Object(Closure))
#20 E:\\xampp\\htdocs\\laravel\\Office\\NewBikeBD25022020\\vendor\\laravel\\lumen-framework\\src\\Concerns\\RoutesRequests.php(259): Laravel\\Lumen\\Application->sendThroughPipeline(Array, Object(Closure))
#21 E:\\xampp\\htdocs\\laravel\\Office\\NewBikeBD25022020\\vendor\\laravel\\lumen-framework\\src\\Concerns\\RoutesRequests.php(233): Laravel\\Lumen\\Application->handleFoundRoute(Array)
#22 E:\\xampp\\htdocs\\laravel\\Office\\NewBikeBD25022020\\vendor\\laravel\\lumen-framework\\src\\Concerns\\RoutesRequests.php(169): Laravel\\Lumen\\Application->handleDispatcherResponse(Array)
#23 E:\\xampp\\htdocs\\laravel\\Office\\NewBikeBD25022020\\vendor\\laravel\\lumen-framework\\src\\Concerns\\RoutesRequests.php(416): Laravel\\Lumen\\Application->Laravel\\Lumen\\Concerns\\{closure}(Object(Laravel\\Lumen\\Http\\Request))
#24 E:\\xampp\\htdocs\\laravel\\Office\\NewBikeBD25022020\\vendor\\laravel\\lumen-framework\\src\\Concerns\\RoutesRequests.php(171): Laravel\\Lumen\\Application->sendThroughPipeline(Array, Object(Closure))
#25 E:\\xampp\\htdocs\\laravel\\Office\\NewBikeBD25022020\\vendor\\laravel\\lumen-framework\\src\\Concerns\\RoutesRequests.php(108): Laravel\\Lumen\\Application->dispatch(NULL)
#26 E:\\xampp\\htdocs\\laravel\\Office\\NewBikeBD25022020\\public\\index.php(28): Laravel\\Lumen\\Application->run()
#27 {main}
"} 
[2020-02-26 08:59:51] local.ERROR: ErrorException: Undefined variable: rolePermission in E:\xampp\htdocs\laravel\Office\NewBikeBD25022020\app\Http\Controllers\api\v1\superadmin\RoleController.php:104
Stack trace:
#0 E:\xampp\htdocs\laravel\Office\NewBikeBD25022020\app\Http\Controllers\api\v1\superadmin\RoleController.php(104): Laravel\Lumen\Application->Laravel\Lumen\Concerns\{closure}(8, 'Undefined varia...', 'E:\\xampp\\htdocs...', 104, Array)
#1 [internal function]: App\Http\Controllers\api\v1\superadmin\RoleController->edit('5')
#2 E:\xampp\htdocs\laravel\Office\NewBikeBD25022020\vendor\illuminate\container\BoundMethod.php(32): call_user_func_array(Array, Array)
#3 E:\xampp\htdocs\laravel\Office\NewBikeBD25022020\vendor\illuminate\container\Util.php(36): Illuminate\Container\BoundMethod::Illuminate\Container\{closure}()
#4 E:\xampp\htdocs\laravel\Office\NewBikeBD25022020\vendor\illuminate\container\BoundMethod.php(90): Illuminate\Container\Util::unwrapIfClosure(Object(Closure))
#5 E:\xampp\htdocs\laravel\Office\NewBikeBD25022020\vendor\illuminate\container\BoundMethod.php(34): Illuminate\Container\BoundMethod::callBoundMethod(Object(Laravel\Lumen\Application), Array, Object(Closure))
#6 E:\xampp\htdocs\laravel\Office\NewBikeBD25022020\vendor\illuminate\container\Container.php(590): Illuminate\Container\BoundMethod::call(Object(Laravel\Lumen\Application), Array, Array, NULL)
#7 E:\xampp\htdocs\laravel\Office\NewBikeBD25022020\vendor\laravel\lumen-framework\src\Concerns\RoutesRequests.php(376): Illuminate\Container\Container->call(Array, Array)
#8 E:\xampp\htdocs\laravel\Office\NewBikeBD25022020\vendor\laravel\lumen-framework\src\Concerns\RoutesRequests.php(342): Laravel\Lumen\Application->callControllerCallable(Array, Array)
#9 E:\xampp\htdocs\laravel\Office\NewBikeBD25022020\vendor\laravel\lumen-framework\src\Concerns\RoutesRequests.php(316): Laravel\Lumen\Application->callLumenController(Object(App\Http\Controllers\api\v1\superadmin\RoleController), 'edit', Array)
#10 E:\xampp\htdocs\laravel\Office\NewBikeBD25022020\vendor\laravel\lumen-framework\src\Concerns\RoutesRequests.php(278): Laravel\Lumen\Application->callControllerAction(Array)
#11 E:\xampp\htdocs\laravel\Office\NewBikeBD25022020\vendor\laravel\lumen-framework\src\Concerns\RoutesRequests.php(258): Laravel\Lumen\Application->callActionOnArrayBasedRoute(Array)
#12 [internal function]: Laravel\Lumen\Application->Laravel\Lumen\Concerns\{closure}(Object(Laravel\Lumen\Http\Request))
#13 E:\xampp\htdocs\laravel\Office\NewBikeBD25022020\vendor\laravel\lumen-framework\src\Routing\Pipeline.php(52): call_user_func(Object(Closure), Object(Laravel\Lumen\Http\Request))
#14 E:\xampp\htdocs\laravel\Office\NewBikeBD25022020\app\Http\Middleware\Superadmin.php(49): Laravel\Lumen\Routing\Pipeline->Laravel\Lumen\Routing\{closure}(Object(Laravel\Lumen\Http\Request))
#15 E:\xampp\htdocs\laravel\Office\NewBikeBD25022020\vendor\illuminate\pipeline\Pipeline.php(171): App\Http\Middleware\Superadmin->handle(Object(Laravel\Lumen\Http\Request), Object(Closure))
#16 [internal function]: Illuminate\Pipeline\Pipeline->Illuminate\Pipeline\{closure}(Object(Laravel\Lumen\Http\Request))
#17 E:\xampp\htdocs\laravel\Office\NewBikeBD25022020\vendor\laravel\lumen-framework\src\Routing\Pipeline.php(32): call_user_func(Object(Closure), Object(Laravel\Lumen\Http\Request))
#18 E:\xampp\htdocs\laravel\Office\NewBikeBD25022020\vendor\illuminate\pipeline\Pipeline.php(105): Laravel\Lumen\Routing\Pipeline->Laravel\Lumen\Routing\{closure}(Object(Laravel\Lumen\Http\Request))
#19 E:\xampp\htdocs\laravel\Office\NewBikeBD25022020\vendor\laravel\lumen-framework\src\Concerns\RoutesRequests.php(413): Illuminate\Pipeline\Pipeline->then(Object(Closure))
#20 E:\xampp\htdocs\laravel\Office\NewBikeBD25022020\vendor\laravel\lumen-framework\src\Concerns\RoutesRequests.php(259): Laravel\Lumen\Application->sendThroughPipeline(Array, Object(Closure))
#21 E:\xampp\htdocs\laravel\Office\NewBikeBD25022020\vendor\laravel\lumen-framework\src\Concerns\RoutesRequests.php(233): Laravel\Lumen\Application->handleFoundRoute(Array)
#22 E:\xampp\htdocs\laravel\Office\NewBikeBD25022020\vendor\laravel\lumen-framework\src\Concerns\RoutesRequests.php(169): Laravel\Lumen\Application->handleDispatcherResponse(Array)
#23 E:\xampp\htdocs\laravel\Office\NewBikeBD25022020\vendor\laravel\lumen-framework\src\Concerns\RoutesRequests.php(416): Laravel\Lumen\Application->Laravel\Lumen\Concerns\{closure}(Object(Laravel\Lumen\Http\Request))
#24 E:\xampp\htdocs\laravel\Office\NewBikeBD25022020\vendor\laravel\lumen-framework\src\Concerns\RoutesRequests.php(171): Laravel\Lumen\Application->sendThroughPipeline(Array, Object(Closure))
#25 E:\xampp\htdocs\laravel\Office\NewBikeBD25022020\vendor\laravel\lumen-framework\src\Concerns\RoutesRequests.php(108): Laravel\Lumen\Application->dispatch(NULL)
#26 E:\xampp\htdocs\laravel\Office\NewBikeBD25022020\public\index.php(28): Laravel\Lumen\Application->run()
#27 {main} {"exception":"[object] (ErrorException(code: 0): Undefined variable: rolePermission at E:\\xampp\\htdocs\\laravel\\Office\\NewBikeBD25022020\\app\\Http\\Controllers\\api\\v1\\superadmin\\RoleController.php:104)
[stacktrace]
#0 E:\\xampp\\htdocs\\laravel\\Office\\NewBikeBD25022020\\app\\Http\\Controllers\\api\\v1\\superadmin\\RoleController.php(104): Laravel\\Lumen\\Application->Laravel\\Lumen\\Concerns\\{closure}(8, 'Undefined varia...', 'E:\\\\xampp\\\\htdocs...', 104, Array)
#1 [internal function]: App\\Http\\Controllers\\api\\v1\\superadmin\\RoleController->edit('5')
#2 E:\\xampp\\htdocs\\laravel\\Office\\NewBikeBD25022020\\vendor\\illuminate\\container\\BoundMethod.php(32): call_user_func_array(Array, Array)
#3 E:\\xampp\\htdocs\\laravel\\Office\\NewBikeBD25022020\\vendor\\illuminate\\container\\Util.php(36): Illuminate\\Container\\BoundMethod::Illuminate\\Container\\{closure}()
#4 E:\\xampp\\htdocs\\laravel\\Office\\NewBikeBD25022020\\vendor\\illuminate\\container\\BoundMethod.php(90): Illuminate\\Container\\Util::unwrapIfClosure(Object(Closure))
#5 E:\\xampp\\htdocs\\laravel\\Office\\NewBikeBD25022020\\vendor\\illuminate\\container\\BoundMethod.php(34): Illuminate\\Container\\BoundMethod::callBoundMethod(Object(Laravel\\Lumen\\Application), Array, Object(Closure))
#6 E:\\xampp\\htdocs\\laravel\\Office\\NewBikeBD25022020\\vendor\\illuminate\\container\\Container.php(590): Illuminate\\Container\\BoundMethod::call(Object(Laravel\\Lumen\\Application), Array, Array, NULL)
#7 E:\\xampp\\htdocs\\laravel\\Office\\NewBikeBD25022020\\vendor\\laravel\\lumen-framework\\src\\Concerns\\RoutesRequests.php(376): Illuminate\\Container\\Container->call(Array, Array)
#8 E:\\xampp\\htdocs\\laravel\\Office\\NewBikeBD25022020\\vendor\\laravel\\lumen-framework\\src\\Concerns\\RoutesRequests.php(342): Laravel\\Lumen\\Application->callControllerCallable(Array, Array)
#9 E:\\xampp\\htdocs\\laravel\\Office\\NewBikeBD25022020\\vendor\\laravel\\lumen-framework\\src\\Concerns\\RoutesRequests.php(316): Laravel\\Lumen\\Application->callLumenController(Object(App\\Http\\Controllers\\api\\v1\\superadmin\\RoleController), 'edit', Array)
#10 E:\\xampp\\htdocs\\laravel\\Office\\NewBikeBD25022020\\vendor\\laravel\\lumen-framework\\src\\Concerns\\RoutesRequests.php(278): Laravel\\Lumen\\Application->callControllerAction(Array)
#11 E:\\xampp\\htdocs\\laravel\\Office\\NewBikeBD25022020\\vendor\\laravel\\lumen-framework\\src\\Concerns\\RoutesRequests.php(258): Laravel\\Lumen\\Application->callActionOnArrayBasedRoute(Array)
#12 [internal function]: Laravel\\Lumen\\Application->Laravel\\Lumen\\Concerns\\{closure}(Object(Laravel\\Lumen\\Http\\Request))
#13 E:\\xampp\\htdocs\\laravel\\Office\\NewBikeBD25022020\\vendor\\laravel\\lumen-framework\\src\\Routing\\Pipeline.php(52): call_user_func(Object(Closure), Object(Laravel\\Lumen\\Http\\Request))
#14 E:\\xampp\\htdocs\\laravel\\Office\\NewBikeBD25022020\\app\\Http\\Middleware\\Superadmin.php(49): Laravel\\Lumen\\Routing\\Pipeline->Laravel\\Lumen\\Routing\\{closure}(Object(Laravel\\Lumen\\Http\\Request))
#15 E:\\xampp\\htdocs\\laravel\\Office\\NewBikeBD25022020\\vendor\\illuminate\\pipeline\\Pipeline.php(171): App\\Http\\Middleware\\Superadmin->handle(Object(Laravel\\Lumen\\Http\\Request), Object(Closure))
#16 [internal function]: Illuminate\\Pipeline\\Pipeline->Illuminate\\Pipeline\\{closure}(Object(Laravel\\Lumen\\Http\\Request))
#17 E:\\xampp\\htdocs\\laravel\\Office\\NewBikeBD25022020\\vendor\\laravel\\lumen-framework\\src\\Routing\\Pipeline.php(32): call_user_func(Object(Closure), Object(Laravel\\Lumen\\Http\\Request))
#18 E:\\xampp\\htdocs\\laravel\\Office\\NewBikeBD25022020\\vendor\\illuminate\\pipeline\\Pipeline.php(105): Laravel\\Lumen\\Routing\\Pipeline->Laravel\\Lumen\\Routing\\{closure}(Object(Laravel\\Lumen\\Http\\Request))
#19 E:\\xampp\\htdocs\\laravel\\Office\\NewBikeBD25022020\\vendor\\laravel\\lumen-framework\\src\\Concerns\\RoutesRequests.php(413): Illuminate\\Pipeline\\Pipeline->then(Object(Closure))
#20 E:\\xampp\\htdocs\\laravel\\Office\\NewBikeBD25022020\\vendor\\laravel\\lumen-framework\\src\\Concerns\\RoutesRequests.php(259): Laravel\\Lumen\\Application->sendThroughPipeline(Array, Object(Closure))
#21 E:\\xampp\\htdocs\\laravel\\Office\\NewBikeBD25022020\\vendor\\laravel\\lumen-framework\\src\\Concerns\\RoutesRequests.php(233): Laravel\\Lumen\\Application->handleFoundRoute(Array)
#22 E:\\xampp\\htdocs\\laravel\\Office\\NewBikeBD25022020\\vendor\\laravel\\lumen-framework\\src\\Concerns\\RoutesRequests.php(169): Laravel\\Lumen\\Application->handleDispatcherResponse(Array)
#23 E:\\xampp\\htdocs\\laravel\\Office\\NewBikeBD25022020\\vendor\\laravel\\lumen-framework\\src\\Concerns\\RoutesRequests.php(416): Laravel\\Lumen\\Application->Laravel\\Lumen\\Concerns\\{closure}(Object(Laravel\\Lumen\\Http\\Request))
#24 E:\\xampp\\htdocs\\laravel\\Office\\NewBikeBD25022020\\vendor\\laravel\\lumen-framework\\src\\Concerns\\RoutesRequests.php(171): Laravel\\Lumen\\Application->sendThroughPipeline(Array, Object(Closure))
#25 E:\\xampp\\htdocs\\laravel\\Office\\NewBikeBD25022020\\vendor\\laravel\\lumen-framework\\src\\Concerns\\RoutesRequests.php(108): Laravel\\Lumen\\Application->dispatch(NULL)
#26 E:\\xampp\\htdocs\\laravel\\Office\\NewBikeBD25022020\\public\\index.php(28): Laravel\\Lumen\\Application->run()
#27 {main}
"} 
[2020-02-26 09:00:56] local.ERROR: ErrorException: Undefined variable: rolePermission in E:\xampp\htdocs\laravel\Office\NewBikeBD25022020\app\Http\Controllers\api\v1\superadmin\RoleController.php:102
Stack trace:
#0 E:\xampp\htdocs\laravel\Office\NewBikeBD25022020\app\Http\Controllers\api\v1\superadmin\RoleController.php(102): Laravel\Lumen\Application->Laravel\Lumen\Concerns\{closure}(8, 'Undefined varia...', 'E:\\xampp\\htdocs...', 102, Array)
#1 [internal function]: App\Http\Controllers\api\v1\superadmin\RoleController->edit('5')
#2 E:\xampp\htdocs\laravel\Office\NewBikeBD25022020\vendor\illuminate\container\BoundMethod.php(32): call_user_func_array(Array, Array)
#3 E:\xampp\htdocs\laravel\Office\NewBikeBD25022020\vendor\illuminate\container\Util.php(36): Illuminate\Container\BoundMethod::Illuminate\Container\{closure}()
#4 E:\xampp\htdocs\laravel\Office\NewBikeBD25022020\vendor\illuminate\container\BoundMethod.php(90): Illuminate\Container\Util::unwrapIfClosure(Object(Closure))
#5 E:\xampp\htdocs\laravel\Office\NewBikeBD25022020\vendor\illuminate\container\BoundMethod.php(34): Illuminate\Container\BoundMethod::callBoundMethod(Object(Laravel\Lumen\Application), Array, Object(Closure))
#6 E:\xampp\htdocs\laravel\Office\NewBikeBD25022020\vendor\illuminate\container\Container.php(590): Illuminate\Container\BoundMethod::call(Object(Laravel\Lumen\Application), Array, Array, NULL)
#7 E:\xampp\htdocs\laravel\Office\NewBikeBD25022020\vendor\laravel\lumen-framework\src\Concerns\RoutesRequests.php(376): Illuminate\Container\Container->call(Array, Array)
#8 E:\xampp\htdocs\laravel\Office\NewBikeBD25022020\vendor\laravel\lumen-framework\src\Concerns\RoutesRequests.php(342): Laravel\Lumen\Application->callControllerCallable(Array, Array)
#9 E:\xampp\htdocs\laravel\Office\NewBikeBD25022020\vendor\laravel\lumen-framework\src\Concerns\RoutesRequests.php(316): Laravel\Lumen\Application->callLumenController(Object(App\Http\Controllers\api\v1\superadmin\RoleController), 'edit', Array)
#10 E:\xampp\htdocs\laravel\Office\NewBikeBD25022020\vendor\laravel\lumen-framework\src\Concerns\RoutesRequests.php(278): Laravel\Lumen\Application->callControllerAction(Array)
#11 E:\xampp\htdocs\laravel\Office\NewBikeBD25022020\vendor\laravel\lumen-framework\src\Concerns\RoutesRequests.php(258): Laravel\Lumen\Application->callActionOnArrayBasedRoute(Array)
#12 [internal function]: Laravel\Lumen\Application->Laravel\Lumen\Concerns\{closure}(Object(Laravel\Lumen\Http\Request))
#13 E:\xampp\htdocs\laravel\Office\NewBikeBD25022020\vendor\laravel\lumen-framework\src\Routing\Pipeline.php(52): call_user_func(Object(Closure), Object(Laravel\Lumen\Http\Request))
#14 E:\xampp\htdocs\laravel\Office\NewBikeBD25022020\app\Http\Middleware\Superadmin.php(49): Laravel\Lumen\Routing\Pipeline->Laravel\Lumen\Routing\{closure}(Object(Laravel\Lumen\Http\Request))
#15 E:\xampp\htdocs\laravel\Office\NewBikeBD25022020\vendor\illuminate\pipeline\Pipeline.php(171): App\Http\Middleware\Superadmin->handle(Object(Laravel\Lumen\Http\Request), Object(Closure))
#16 [internal function]: Illuminate\Pipeline\Pipeline->Illuminate\Pipeline\{closure}(Object(Laravel\Lumen\Http\Request))
#17 E:\xampp\htdocs\laravel\Office\NewBikeBD25022020\vendor\laravel\lumen-framework\src\Routing\Pipeline.php(32): call_user_func(Object(Closure), Object(Laravel\Lumen\Http\Request))
#18 E:\xampp\htdocs\laravel\Office\NewBikeBD25022020\vendor\illuminate\pipeline\Pipeline.php(105): Laravel\Lumen\Routing\Pipeline->Laravel\Lumen\Routing\{closure}(Object(Laravel\Lumen\Http\Request))
#19 E:\xampp\htdocs\laravel\Office\NewBikeBD25022020\vendor\laravel\lumen-framework\src\Concerns\RoutesRequests.php(413): Illuminate\Pipeline\Pipeline->then(Object(Closure))
#20 E:\xampp\htdocs\laravel\Office\NewBikeBD25022020\vendor\laravel\lumen-framework\src\Concerns\RoutesRequests.php(259): Laravel\Lumen\Application->sendThroughPipeline(Array, Object(Closure))
#21 E:\xampp\htdocs\laravel\Office\NewBikeBD25022020\vendor\laravel\lumen-framework\src\Concerns\RoutesRequests.php(233): Laravel\Lumen\Application->handleFoundRoute(Array)
#22 E:\xampp\htdocs\laravel\Office\NewBikeBD25022020\vendor\laravel\lumen-framework\src\Concerns\RoutesRequests.php(169): Laravel\Lumen\Application->handleDispatcherResponse(Array)
#23 E:\xampp\htdocs\laravel\Office\NewBikeBD25022020\vendor\laravel\lumen-framework\src\Concerns\RoutesRequests.php(416): Laravel\Lumen\Application->Laravel\Lumen\Concerns\{closure}(Object(Laravel\Lumen\Http\Request))
#24 E:\xampp\htdocs\laravel\Office\NewBikeBD25022020\vendor\laravel\lumen-framework\src\Concerns\RoutesRequests.php(171): Laravel\Lumen\Application->sendThroughPipeline(Array, Object(Closure))
#25 E:\xampp\htdocs\laravel\Office\NewBikeBD25022020\vendor\laravel\lumen-framework\src\Concerns\RoutesRequests.php(108): Laravel\Lumen\Application->dispatch(NULL)
#26 E:\xampp\htdocs\laravel\Office\NewBikeBD25022020\public\index.php(28): Laravel\Lumen\Application->run()
#27 {main} {"exception":"[object] (ErrorException(code: 0): Undefined variable: rolePermission at E:\\xampp\\htdocs\\laravel\\Office\\NewBikeBD25022020\\app\\Http\\Controllers\\api\\v1\\superadmin\\RoleController.php:102)
[stacktrace]
#0 E:\\xampp\\htdocs\\laravel\\Office\\NewBikeBD25022020\\app\\Http\\Controllers\\api\\v1\\superadmin\\RoleController.php(102): Laravel\\Lumen\\Application->Laravel\\Lumen\\Concerns\\{closure}(8, 'Undefined varia...', 'E:\\\\xampp\\\\htdocs...', 102, Array)
#1 [internal function]: App\\Http\\Controllers\\api\\v1\\superadmin\\RoleController->edit('5')
#2 E:\\xampp\\htdocs\\laravel\\Office\\NewBikeBD25022020\\vendor\\illuminate\\container\\BoundMethod.php(32): call_user_func_array(Array, Array)
#3 E:\\xampp\\htdocs\\laravel\\Office\\NewBikeBD25022020\\vendor\\illuminate\\container\\Util.php(36): Illuminate\\Container\\BoundMethod::Illuminate\\Container\\{closure}()
#4 E:\\xampp\\htdocs\\laravel\\Office\\NewBikeBD25022020\\vendor\\illuminate\\container\\BoundMethod.php(90): Illuminate\\Container\\Util::unwrapIfClosure(Object(Closure))
#5 E:\\xampp\\htdocs\\laravel\\Office\\NewBikeBD25022020\\vendor\\illuminate\\container\\BoundMethod.php(34): Illuminate\\Container\\BoundMethod::callBoundMethod(Object(Laravel\\Lumen\\Application), Array, Object(Closure))
#6 E:\\xampp\\htdocs\\laravel\\Office\\NewBikeBD25022020\\vendor\\illuminate\\container\\Container.php(590): Illuminate\\Container\\BoundMethod::call(Object(Laravel\\Lumen\\Application), Array, Array, NULL)
#7 E:\\xampp\\htdocs\\laravel\\Office\\NewBikeBD25022020\\vendor\\laravel\\lumen-framework\\src\\Concerns\\RoutesRequests.php(376): Illuminate\\Container\\Container->call(Array, Array)
#8 E:\\xampp\\htdocs\\laravel\\Office\\NewBikeBD25022020\\vendor\\laravel\\lumen-framework\\src\\Concerns\\RoutesRequests.php(342): Laravel\\Lumen\\Application->callControllerCallable(Array, Array)
#9 E:\\xampp\\htdocs\\laravel\\Office\\NewBikeBD25022020\\vendor\\laravel\\lumen-framework\\src\\Concerns\\RoutesRequests.php(316): Laravel\\Lumen\\Application->callLumenController(Object(App\\Http\\Controllers\\api\\v1\\superadmin\\RoleController), 'edit', Array)
#10 E:\\xampp\\htdocs\\laravel\\Office\\NewBikeBD25022020\\vendor\\laravel\\lumen-framework\\src\\Concerns\\RoutesRequests.php(278): Laravel\\Lumen\\Application->callControllerAction(Array)
#11 E:\\xampp\\htdocs\\laravel\\Office\\NewBikeBD25022020\\vendor\\laravel\\lumen-framework\\src\\Concerns\\RoutesRequests.php(258): Laravel\\Lumen\\Application->callActionOnArrayBasedRoute(Array)
#12 [internal function]: Laravel\\Lumen\\Application->Laravel\\Lumen\\Concerns\\{closure}(Object(Laravel\\Lumen\\Http\\Request))
#13 E:\\xampp\\htdocs\\laravel\\Office\\NewBikeBD25022020\\vendor\\laravel\\lumen-framework\\src\\Routing\\Pipeline.php(52): call_user_func(Object(Closure), Object(Laravel\\Lumen\\Http\\Request))
#14 E:\\xampp\\htdocs\\laravel\\Office\\NewBikeBD25022020\\app\\Http\\Middleware\\Superadmin.php(49): Laravel\\Lumen\\Routing\\Pipeline->Laravel\\Lumen\\Routing\\{closure}(Object(Laravel\\Lumen\\Http\\Request))
#15 E:\\xampp\\htdocs\\laravel\\Office\\NewBikeBD25022020\\vendor\\illuminate\\pipeline\\Pipeline.php(171): App\\Http\\Middleware\\Superadmin->handle(Object(Laravel\\Lumen\\Http\\Request), Object(Closure))
#16 [internal function]: Illuminate\\Pipeline\\Pipeline->Illuminate\\Pipeline\\{closure}(Object(Laravel\\Lumen\\Http\\Request))
#17 E:\\xampp\\htdocs\\laravel\\Office\\NewBikeBD25022020\\vendor\\laravel\\lumen-framework\\src\\Routing\\Pipeline.php(32): call_user_func(Object(Closure), Object(Laravel\\Lumen\\Http\\Request))
#18 E:\\xampp\\htdocs\\laravel\\Office\\NewBikeBD25022020\\vendor\\illuminate\\pipeline\\Pipeline.php(105): Laravel\\Lumen\\Routing\\Pipeline->Laravel\\Lumen\\Routing\\{closure}(Object(Laravel\\Lumen\\Http\\Request))
#19 E:\\xampp\\htdocs\\laravel\\Office\\NewBikeBD25022020\\vendor\\laravel\\lumen-framework\\src\\Concerns\\RoutesRequests.php(413): Illuminate\\Pipeline\\Pipeline->then(Object(Closure))
#20 E:\\xampp\\htdocs\\laravel\\Office\\NewBikeBD25022020\\vendor\\laravel\\lumen-framework\\src\\Concerns\\RoutesRequests.php(259): Laravel\\Lumen\\Application->sendThroughPipeline(Array, Object(Closure))
#21 E:\\xampp\\htdocs\\laravel\\Office\\NewBikeBD25022020\\vendor\\laravel\\lumen-framework\\src\\Concerns\\RoutesRequests.php(233): Laravel\\Lumen\\Application->handleFoundRoute(Array)
#22 E:\\xampp\\htdocs\\laravel\\Office\\NewBikeBD25022020\\vendor\\laravel\\lumen-framework\\src\\Concerns\\RoutesRequests.php(169): Laravel\\Lumen\\Application->handleDispatcherResponse(Array)
#23 E:\\xampp\\htdocs\\laravel\\Office\\NewBikeBD25022020\\vendor\\laravel\\lumen-framework\\src\\Concerns\\RoutesRequests.php(416): Laravel\\Lumen\\Application->Laravel\\Lumen\\Concerns\\{closure}(Object(Laravel\\Lumen\\Http\\Request))
#24 E:\\xampp\\htdocs\\laravel\\Office\\NewBikeBD25022020\\vendor\\laravel\\lumen-framework\\src\\Concerns\\RoutesRequests.php(171): Laravel\\Lumen\\Application->sendThroughPipeline(Array, Object(Closure))
#25 E:\\xampp\\htdocs\\laravel\\Office\\NewBikeBD25022020\\vendor\\laravel\\lumen-framework\\src\\Concerns\\RoutesRequests.php(108): Laravel\\Lumen\\Application->dispatch(NULL)
#26 E:\\xampp\\htdocs\\laravel\\Office\\NewBikeBD25022020\\public\\index.php(28): Laravel\\Lumen\\Application->run()
#27 {main}
"} 
[2020-02-26 09:02:47] local.ERROR: Symfony\Component\Debug\Exception\FatalThrowableError: Too few arguments to function Illuminate\Support\Collection::get(), 0 passed in E:\xampp\htdocs\laravel\Office\NewBikeBD25022020\app\Http\Controllers\api\v1\superadmin\RoleController.php on line 97 and at least 1 expected in E:\xampp\htdocs\laravel\Office\NewBikeBD25022020\vendor\illuminate\support\Collection.php:413
Stack trace:
#0 E:\xampp\htdocs\laravel\Office\NewBikeBD25022020\app\Http\Controllers\api\v1\superadmin\RoleController.php(97): Illuminate\Support\Collection->get()
#1 [internal function]: App\Http\Controllers\api\v1\superadmin\RoleController->edit('5')
#2 E:\xampp\htdocs\laravel\Office\NewBikeBD25022020\vendor\illuminate\container\BoundMethod.php(32): call_user_func_array(Array, Array)
#3 E:\xampp\htdocs\laravel\Office\NewBikeBD25022020\vendor\illuminate\container\Util.php(36): Illuminate\Container\BoundMethod::Illuminate\Container\{closure}()
#4 E:\xampp\htdocs\laravel\Office\NewBikeBD25022020\vendor\illuminate\container\BoundMethod.php(90): Illuminate\Container\Util::unwrapIfClosure(Object(Closure))
#5 E:\xampp\htdocs\laravel\Office\NewBikeBD25022020\vendor\illuminate\container\BoundMethod.php(34): Illuminate\Container\BoundMethod::callBoundMethod(Object(Laravel\Lumen\Application), Array, Object(Closure))
#6 E:\xampp\htdocs\laravel\Office\NewBikeBD25022020\vendor\illuminate\container\Container.php(590): Illuminate\Container\BoundMethod::call(Object(Laravel\Lumen\Application), Array, Array, NULL)
#7 E:\xampp\htdocs\laravel\Office\NewBikeBD25022020\vendor\laravel\lumen-framework\src\Concerns\RoutesRequests.php(376): Illuminate\Container\Container->call(Array, Array)
#8 E:\xampp\htdocs\laravel\Office\NewBikeBD25022020\vendor\laravel\lumen-framework\src\Concerns\RoutesRequests.php(342): Laravel\Lumen\Application->callControllerCallable(Array, Array)
#9 E:\xampp\htdocs\laravel\Office\NewBikeBD25022020\vendor\laravel\lumen-framework\src\Concerns\RoutesRequests.php(316): Laravel\Lumen\Application->callLumenController(Object(App\Http\Controllers\api\v1\superadmin\RoleController), 'edit', Array)
#10 E:\xampp\htdocs\laravel\Office\NewBikeBD25022020\vendor\laravel\lumen-framework\src\Concerns\RoutesRequests.php(278): Laravel\Lumen\Application->callControllerAction(Array)
#11 E:\xampp\htdocs\laravel\Office\NewBikeBD25022020\vendor\laravel\lumen-framework\src\Concerns\RoutesRequests.php(258): Laravel\Lumen\Application->callActionOnArrayBasedRoute(Array)
#12 [internal function]: Laravel\Lumen\Application->Laravel\Lumen\Concerns\{closure}(Object(Laravel\Lumen\Http\Request))
#13 E:\xampp\htdocs\laravel\Office\NewBikeBD25022020\vendor\laravel\lumen-framework\src\Routing\Pipeline.php(52): call_user_func(Object(Closure), Object(Laravel\Lumen\Http\Request))
#14 E:\xampp\htdocs\laravel\Office\NewBikeBD25022020\app\Http\Middleware\Superadmin.php(49): Laravel\Lumen\Routing\Pipeline->Laravel\Lumen\Routing\{closure}(Object(Laravel\Lumen\Http\Request))
#15 E:\xampp\htdocs\laravel\Office\NewBikeBD25022020\vendor\illuminate\pipeline\Pipeline.php(171): App\Http\Middleware\Superadmin->handle(Object(Laravel\Lumen\Http\Request), Object(Closure))
#16 [internal function]: Illuminate\Pipeline\Pipeline->Illuminate\Pipeline\{closure}(Object(Laravel\Lumen\Http\Request))
#17 E:\xampp\htdocs\laravel\Office\NewBikeBD25022020\vendor\laravel\lumen-framework\src\Routing\Pipeline.php(32): call_user_func(Object(Closure), Object(Laravel\Lumen\Http\Request))
#18 E:\xampp\htdocs\laravel\Office\NewBikeBD25022020\vendor\illuminate\pipeline\Pipeline.php(105): Laravel\Lumen\Routing\Pipeline->Laravel\Lumen\Routing\{closure}(Object(Laravel\Lumen\Http\Request))
#19 E:\xampp\htdocs\laravel\Office\NewBikeBD25022020\vendor\laravel\lumen-framework\src\Concerns\RoutesRequests.php(413): Illuminate\Pipeline\Pipeline->then(Object(Closure))
#20 E:\xampp\htdocs\laravel\Office\NewBikeBD25022020\vendor\laravel\lumen-framework\src\Concerns\RoutesRequests.php(259): Laravel\Lumen\Application->sendThroughPipeline(Array, Object(Closure))
#21 E:\xampp\htdocs\laravel\Office\NewBikeBD25022020\vendor\laravel\lumen-framework\src\Concerns\RoutesRequests.php(233): Laravel\Lumen\Application->handleFoundRoute(Array)
#22 E:\xampp\htdocs\laravel\Office\NewBikeBD25022020\vendor\laravel\lumen-framework\src\Concerns\RoutesRequests.php(169): Laravel\Lumen\Application->handleDispatcherResponse(Array)
#23 E:\xampp\htdocs\laravel\Office\NewBikeBD25022020\vendor\laravel\lumen-framework\src\Concerns\RoutesRequests.php(416): Laravel\Lumen\Application->Laravel\Lumen\Concerns\{closure}(Object(Laravel\Lumen\Http\Request))
#24 E:\xampp\htdocs\laravel\Office\NewBikeBD25022020\vendor\laravel\lumen-framework\src\Concerns\RoutesRequests.php(171): Laravel\Lumen\Application->sendThroughPipeline(Array, Object(Closure))
#25 E:\xampp\htdocs\laravel\Office\NewBikeBD25022020\vendor\laravel\lumen-framework\src\Concerns\RoutesRequests.php(108): Laravel\Lumen\Application->dispatch(NULL)
#26 E:\xampp\htdocs\laravel\Office\NewBikeBD25022020\public\index.php(28): Laravel\Lumen\Application->run()
#27 {main} {"exception":"[object] (Symfony\\Component\\Debug\\Exception\\FatalThrowableError(code: 0): Too few arguments to function Illuminate\\Support\\Collection::get(), 0 passed in E:\\xampp\\htdocs\\laravel\\Office\\NewBikeBD25022020\\app\\Http\\Controllers\\api\\v1\\superadmin\\RoleController.php on line 97 and at least 1 expected at E:\\xampp\\htdocs\\laravel\\Office\\NewBikeBD25022020\\vendor\\illuminate\\support\\Collection.php:413)
[stacktrace]
#0 E:\\xampp\\htdocs\\laravel\\Office\\NewBikeBD25022020\\app\\Http\\Controllers\\api\\v1\\superadmin\\RoleController.php(97): Illuminate\\Support\\Collection->get()
#1 [internal function]: App\\Http\\Controllers\\api\\v1\\superadmin\\RoleController->edit('5')
#2 E:\\xampp\\htdocs\\laravel\\Office\\NewBikeBD25022020\\vendor\\illuminate\\container\\BoundMethod.php(32): call_user_func_array(Array, Array)
#3 E:\\xampp\\htdocs\\laravel\\Office\\NewBikeBD25022020\\vendor\\illuminate\\container\\Util.php(36): Illuminate\\Container\\BoundMethod::Illuminate\\Container\\{closure}()
#4 E:\\xampp\\htdocs\\laravel\\Office\\NewBikeBD25022020\\vendor\\illuminate\\container\\BoundMethod.php(90): Illuminate\\Container\\Util::unwrapIfClosure(Object(Closure))
#5 E:\\xampp\\htdocs\\laravel\\Office\\NewBikeBD25022020\\vendor\\illuminate\\container\\BoundMethod.php(34): Illuminate\\Container\\BoundMethod::callBoundMethod(Object(Laravel\\Lumen\\Application), Array, Object(Closure))
#6 E:\\xampp\\htdocs\\laravel\\Office\\NewBikeBD25022020\\vendor\\illuminate\\container\\Container.php(590): Illuminate\\Container\\BoundMethod::call(Object(Laravel\\Lumen\\Application), Array, Array, NULL)
#7 E:\\xampp\\htdocs\\laravel\\Office\\NewBikeBD25022020\\vendor\\laravel\\lumen-framework\\src\\Concerns\\RoutesRequests.php(376): Illuminate\\Container\\Container->call(Array, Array)
#8 E:\\xampp\\htdocs\\laravel\\Office\\NewBikeBD25022020\\vendor\\laravel\\lumen-framework\\src\\Concerns\\RoutesRequests.php(342): Laravel\\Lumen\\Application->callControllerCallable(Array, Array)
#9 E:\\xampp\\htdocs\\laravel\\Office\\NewBikeBD25022020\\vendor\\laravel\\lumen-framework\\src\\Concerns\\RoutesRequests.php(316): Laravel\\Lumen\\Application->callLumenController(Object(App\\Http\\Controllers\\api\\v1\\superadmin\\RoleController), 'edit', Array)
#10 E:\\xampp\\htdocs\\laravel\\Office\\NewBikeBD25022020\\vendor\\laravel\\lumen-framework\\src\\Concerns\\RoutesRequests.php(278): Laravel\\Lumen\\Application->callControllerAction(Array)
#11 E:\\xampp\\htdocs\\laravel\\Office\\NewBikeBD25022020\\vendor\\laravel\\lumen-framework\\src\\Concerns\\RoutesRequests.php(258): Laravel\\Lumen\\Application->callActionOnArrayBasedRoute(Array)
#12 [internal function]: Laravel\\Lumen\\Application->Laravel\\Lumen\\Concerns\\{closure}(Object(Laravel\\Lumen\\Http\\Request))
#13 E:\\xampp\\htdocs\\laravel\\Office\\NewBikeBD25022020\\vendor\\laravel\\lumen-framework\\src\\Routing\\Pipeline.php(52): call_user_func(Object(Closure), Object(Laravel\\Lumen\\Http\\Request))
#14 E:\\xampp\\htdocs\\laravel\\Office\\NewBikeBD25022020\\app\\Http\\Middleware\\Superadmin.php(49): Laravel\\Lumen\\Routing\\Pipeline->Laravel\\Lumen\\Routing\\{closure}(Object(Laravel\\Lumen\\Http\\Request))
#15 E:\\xampp\\htdocs\\laravel\\Office\\NewBikeBD25022020\\vendor\\illuminate\\pipeline\\Pipeline.php(171): App\\Http\\Middleware\\Superadmin->handle(Object(Laravel\\Lumen\\Http\\Request), Object(Closure))
#16 [internal function]: Illuminate\\Pipeline\\Pipeline->Illuminate\\Pipeline\\{closure}(Object(Laravel\\Lumen\\Http\\Request))
#17 E:\\xampp\\htdocs\\laravel\\Office\\NewBikeBD25022020\\vendor\\laravel\\lumen-framework\\src\\Routing\\Pipeline.php(32): call_user_func(Object(Closure), Object(Laravel\\Lumen\\Http\\Request))
#18 E:\\xampp\\htdocs\\laravel\\Office\\NewBikeBD25022020\\vendor\\illuminate\\pipeline\\Pipeline.php(105): Laravel\\Lumen\\Routing\\Pipeline->Laravel\\Lumen\\Routing\\{closure}(Object(Laravel\\Lumen\\Http\\Request))
#19 E:\\xampp\\htdocs\\laravel\\Office\\NewBikeBD25022020\\vendor\\laravel\\lumen-framework\\src\\Concerns\\RoutesRequests.php(413): Illuminate\\Pipeline\\Pipeline->then(Object(Closure))
#20 E:\\xampp\\htdocs\\laravel\\Office\\NewBikeBD25022020\\vendor\\laravel\\lumen-framework\\src\\Concerns\\RoutesRequests.php(259): Laravel\\Lumen\\Application->sendThroughPipeline(Array, Object(Closure))
#21 E:\\xampp\\htdocs\\laravel\\Office\\NewBikeBD25022020\\vendor\\laravel\\lumen-framework\\src\\Concerns\\RoutesRequests.php(233): Laravel\\Lumen\\Application->handleFoundRoute(Array)
#22 E:\\xampp\\htdocs\\laravel\\Office\\NewBikeBD25022020\\vendor\\laravel\\lumen-framework\\src\\Concerns\\RoutesRequests.php(169): Laravel\\Lumen\\Application->handleDispatcherResponse(Array)
#23 E:\\xampp\\htdocs\\laravel\\Office\\NewBikeBD25022020\\vendor\\laravel\\lumen-framework\\src\\Concerns\\RoutesRequests.php(416): Laravel\\Lumen\\Application->Laravel\\Lumen\\Concerns\\{closure}(Object(Laravel\\Lumen\\Http\\Request))
#24 E:\\xampp\\htdocs\\laravel\\Office\\NewBikeBD25022020\\vendor\\laravel\\lumen-framework\\src\\Concerns\\RoutesRequests.php(171): Laravel\\Lumen\\Application->sendThroughPipeline(Array, Object(Closure))
#25 E:\\xampp\\htdocs\\laravel\\Office\\NewBikeBD25022020\\vendor\\laravel\\lumen-framework\\src\\Concerns\\RoutesRequests.php(108): Laravel\\Lumen\\Application->dispatch(NULL)
#26 E:\\xampp\\htdocs\\laravel\\Office\\NewBikeBD25022020\\public\\index.php(28): Laravel\\Lumen\\Application->run()
#27 {main}
"} 
