[2020-03-08 05:44:10] local.ERROR: Symfony\Component\Debug\Exception\FatalErrorException: Class 'Jenssegers\Mongodb\Eloquent\Model' not found in C:\xampp\htdocs\Lumen\NewBikeBD03032020\app\Bikemodel.php:7
Stack trace:
#0 C:\xampp\htdocs\Lumen\NewBikeBD03032020\vendor\laravel\lumen-framework\src\Concerns\RegistersExceptionHandlers.php(54): Laravel\Lumen\Application->handleShutdown()
#1 [internal function]: Laravel\Lumen\Application->Laravel\Lumen\Concerns\{closure}()
#2 {main} {"exception":"[object] (Symfony\\Component\\Debug\\Exception\\FatalErrorException(code: 1): Class 'Jenssegers\\Mongodb\\Eloquent\\Model' not found at C:\\xampp\\htdocs\\Lumen\\NewBikeBD03032020\\app\\Bikemodel.php:7)
[stacktrace]
#0 C:\\xampp\\htdocs\\Lumen\\NewBikeBD03032020\\vendor\\laravel\\lumen-framework\\src\\Concerns\\RegistersExceptionHandlers.php(54): Laravel\\Lumen\\Application->handleShutdown()
#1 [internal function]: Laravel\\Lumen\\Application->Laravel\\Lumen\\Concerns\\{closure}()
#2 {main}
"} 
[2020-03-08 05:44:16] local.ERROR: PDOException: SQLSTATE[42S02]: Base table or view not found: 1146 Table 'bikebdnew.bikemodels' doesn't exist in C:\xampp\htdocs\Lumen\NewBikeBD03032020\vendor\illuminate\database\Connection.php:331
Stack trace:
#0 C:\xampp\htdocs\Lumen\NewBikeBD03032020\vendor\illuminate\database\Connection.php(331): PDO->prepare('select count(*)...')
#1 C:\xampp\htdocs\Lumen\NewBikeBD03032020\vendor\illuminate\database\Connection.php(662): Illuminate\Database\Connection->Illuminate\Database\{closure}('select count(*)...', Array)
#2 C:\xampp\htdocs\Lumen\NewBikeBD03032020\vendor\illuminate\database\Connection.php(629): Illuminate\Database\Connection->runQueryCallback('select count(*)...', Array, Object(Closure))
#3 C:\xampp\htdocs\Lumen\NewBikeBD03032020\vendor\illuminate\database\Connection.php(338): Illuminate\Database\Connection->run('select count(*)...', Array, Object(Closure))
#4 C:\xampp\htdocs\Lumen\NewBikeBD03032020\vendor\illuminate\database\Query\Builder.php(2132): Illuminate\Database\Connection->select('select count(*)...', Array, false)
#5 C:\xampp\htdocs\Lumen\NewBikeBD03032020\vendor\illuminate\database\Query\Builder.php(2120): Illuminate\Database\Query\Builder->runSelect()
#6 C:\xampp\htdocs\Lumen\NewBikeBD03032020\vendor\illuminate\database\Query\Builder.php(2592): Illuminate\Database\Query\Builder->Illuminate\Database\Query\{closure}()
#7 C:\xampp\htdocs\Lumen\NewBikeBD03032020\vendor\illuminate\database\Query\Builder.php(2121): Illuminate\Database\Query\Builder->onceWithColumns(Array, Object(Closure))
#8 C:\xampp\htdocs\Lumen\NewBikeBD03032020\vendor\illuminate\database\Query\Builder.php(2519): Illuminate\Database\Query\Builder->get(Array)
#9 C:\xampp\htdocs\Lumen\NewBikeBD03032020\vendor\illuminate\database\Query\Builder.php(2447): Illuminate\Database\Query\Builder->aggregate('count', Array)
#10 C:\xampp\htdocs\Lumen\NewBikeBD03032020\vendor\illuminate\validation\DatabasePresenceVerifier.php(55): Illuminate\Database\Query\Builder->count()
#11 C:\xampp\htdocs\Lumen\NewBikeBD03032020\vendor\illuminate\validation\Concerns\ValidatesAttributes.php(756): Illuminate\Validation\DatabasePresenceVerifier->getCount('bikemodels', 'bikemodel', '120cc', NULL, NULL, Array)
#12 C:\xampp\htdocs\Lumen\NewBikeBD03032020\vendor\illuminate\validation\Validator.php(457): Illuminate\Validation\Validator->validateUnique('bikemodel', '120cc', Array, Object(Illuminate\Validation\Validator))
#13 C:\xampp\htdocs\Lumen\NewBikeBD03032020\vendor\illuminate\validation\Validator.php(300): Illuminate\Validation\Validator->validateAttribute('bikemodel', 'Unique')
#14 C:\xampp\htdocs\Lumen\NewBikeBD03032020\vendor\illuminate\validation\Validator.php(331): Illuminate\Validation\Validator->passes()
#15 C:\xampp\htdocs\Lumen\NewBikeBD03032020\vendor\laravel\lumen-framework\src\Routing\ProvidesConvenienceMethods.php(66): Illuminate\Validation\Validator->fails()
#16 C:\xampp\htdocs\Lumen\NewBikeBD03032020\app\Http\Controllers\api\v1\admin\BikemodelController.php(59): Laravel\Lumen\Routing\Controller->validate(Object(Laravel\Lumen\Http\Request), Array, Array)
#17 [internal function]: App\Http\Controllers\api\v1\admin\BikemodelController->store(Object(Laravel\Lumen\Http\Request))
#18 C:\xampp\htdocs\Lumen\NewBikeBD03032020\vendor\illuminate\container\BoundMethod.php(32): call_user_func_array(Array, Array)
#19 C:\xampp\htdocs\Lumen\NewBikeBD03032020\vendor\illuminate\container\Util.php(36): Illuminate\Container\BoundMethod::Illuminate\Container\{closure}()
#20 C:\xampp\htdocs\Lumen\NewBikeBD03032020\vendor\illuminate\container\BoundMethod.php(90): Illuminate\Container\Util::unwrapIfClosure(Object(Closure))
#21 C:\xampp\htdocs\Lumen\NewBikeBD03032020\vendor\illuminate\container\BoundMethod.php(34): Illuminate\Container\BoundMethod::callBoundMethod(Object(Laravel\Lumen\Application), Array, Object(Closure))
#22 C:\xampp\htdocs\Lumen\NewBikeBD03032020\vendor\illuminate\container\Container.php(590): Illuminate\Container\BoundMethod::call(Object(Laravel\Lumen\Application), Array, Array, NULL)
#23 C:\xampp\htdocs\Lumen\NewBikeBD03032020\vendor\laravel\lumen-framework\src\Concerns\RoutesRequests.php(376): Illuminate\Container\Container->call(Array, Array)
#24 C:\xampp\htdocs\Lumen\NewBikeBD03032020\vendor\laravel\lumen-framework\src\Concerns\RoutesRequests.php(342): Laravel\Lumen\Application->callControllerCallable(Array, Array)
#25 C:\xampp\htdocs\Lumen\NewBikeBD03032020\vendor\laravel\lumen-framework\src\Concerns\RoutesRequests.php(316): Laravel\Lumen\Application->callLumenController(Object(App\Http\Controllers\api\v1\admin\BikemodelController), 'store', Array)
#26 C:\xampp\htdocs\Lumen\NewBikeBD03032020\vendor\laravel\lumen-framework\src\Concerns\RoutesRequests.php(278): Laravel\Lumen\Application->callControllerAction(Array)
#27 C:\xampp\htdocs\Lumen\NewBikeBD03032020\vendor\laravel\lumen-framework\src\Concerns\RoutesRequests.php(258): Laravel\Lumen\Application->callActionOnArrayBasedRoute(Array)
#28 [internal function]: Laravel\Lumen\Application->Laravel\Lumen\Concerns\{closure}(Object(Laravel\Lumen\Http\Request))
#29 C:\xampp\htdocs\Lumen\NewBikeBD03032020\vendor\laravel\lumen-framework\src\Routing\Pipeline.php(52): call_user_func(Object(Closure), Object(Laravel\Lumen\Http\Request))
#30 C:\xampp\htdocs\Lumen\NewBikeBD03032020\app\Http\Middleware\Admin.php(49): Laravel\Lumen\Routing\Pipeline->Laravel\Lumen\Routing\{closure}(Object(Laravel\Lumen\Http\Request))
#31 C:\xampp\htdocs\Lumen\NewBikeBD03032020\vendor\illuminate\pipeline\Pipeline.php(171): App\Http\Middleware\Admin->handle(Object(Laravel\Lumen\Http\Request), Object(Closure))
#32 [internal function]: Illuminate\Pipeline\Pipeline->Illuminate\Pipeline\{closure}(Object(Laravel\Lumen\Http\Request))
#33 C:\xampp\htdocs\Lumen\NewBikeBD03032020\vendor\laravel\lumen-framework\src\Routing\Pipeline.php(32): call_user_func(Object(Closure), Object(Laravel\Lumen\Http\Request))
#34 C:\xampp\htdocs\Lumen\NewBikeBD03032020\vendor\illuminate\pipeline\Pipeline.php(105): Laravel\Lumen\Routing\Pipeline->Laravel\Lumen\Routing\{closure}(Object(Laravel\Lumen\Http\Request))
#35 C:\xampp\htdocs\Lumen\NewBikeBD03032020\vendor\laravel\lumen-framework\src\Concerns\RoutesRequests.php(413): Illuminate\Pipeline\Pipeline->then(Object(Closure))
#36 C:\xampp\htdocs\Lumen\NewBikeBD03032020\vendor\laravel\lumen-framework\src\Concerns\RoutesRequests.php(259): Laravel\Lumen\Application->sendThroughPipeline(Array, Object(Closure))
#37 C:\xampp\htdocs\Lumen\NewBikeBD03032020\vendor\laravel\lumen-framework\src\Concerns\RoutesRequests.php(165): Laravel\Lumen\Application->handleFoundRoute(Array)
#38 C:\xampp\htdocs\Lumen\NewBikeBD03032020\vendor\laravel\lumen-framework\src\Concerns\RoutesRequests.php(416): Laravel\Lumen\Application->Laravel\Lumen\Concerns\{closure}(Object(Laravel\Lumen\Http\Request))
#39 C:\xampp\htdocs\Lumen\NewBikeBD03032020\vendor\laravel\lumen-framework\src\Concerns\RoutesRequests.php(171): Laravel\Lumen\Application->sendThroughPipeline(Array, Object(Closure))
#40 C:\xampp\htdocs\Lumen\NewBikeBD03032020\vendor\laravel\lumen-framework\src\Concerns\RoutesRequests.php(108): Laravel\Lumen\Application->dispatch(NULL)
#41 C:\xampp\htdocs\Lumen\NewBikeBD03032020\public\index.php(28): Laravel\Lumen\Application->run()
#42 {main}

Next Illuminate\Database\QueryException: SQLSTATE[42S02]: Base table or view not found: 1146 Table 'bikebdnew.bikemodels' doesn't exist (SQL: select count(*) as aggregate from `bikemodels` where `bikemodel` = 120cc) in C:\xampp\htdocs\Lumen\NewBikeBD03032020\vendor\illuminate\database\Connection.php:669
Stack trace:
#0 C:\xampp\htdocs\Lumen\NewBikeBD03032020\vendor\illuminate\database\Connection.php(629): Illuminate\Database\Connection->runQueryCallback('select count(*)...', Array, Object(Closure))
#1 C:\xampp\htdocs\Lumen\NewBikeBD03032020\vendor\illuminate\database\Connection.php(338): Illuminate\Database\Connection->run('select count(*)...', Array, Object(Closure))
#2 C:\xampp\htdocs\Lumen\NewBikeBD03032020\vendor\illuminate\database\Query\Builder.php(2132): Illuminate\Database\Connection->select('select count(*)...', Array, false)
#3 C:\xampp\htdocs\Lumen\NewBikeBD03032020\vendor\illuminate\database\Query\Builder.php(2120): Illuminate\Database\Query\Builder->runSelect()
#4 C:\xampp\htdocs\Lumen\NewBikeBD03032020\vendor\illuminate\database\Query\Builder.php(2592): Illuminate\Database\Query\Builder->Illuminate\Database\Query\{closure}()
#5 C:\xampp\htdocs\Lumen\NewBikeBD03032020\vendor\illuminate\database\Query\Builder.php(2121): Illuminate\Database\Query\Builder->onceWithColumns(Array, Object(Closure))
#6 C:\xampp\htdocs\Lumen\NewBikeBD03032020\vendor\illuminate\database\Query\Builder.php(2519): Illuminate\Database\Query\Builder->get(Array)
#7 C:\xampp\htdocs\Lumen\NewBikeBD03032020\vendor\illuminate\database\Query\Builder.php(2447): Illuminate\Database\Query\Builder->aggregate('count', Array)
#8 C:\xampp\htdocs\Lumen\NewBikeBD03032020\vendor\illuminate\validation\DatabasePresenceVerifier.php(55): Illuminate\Database\Query\Builder->count()
#9 C:\xampp\htdocs\Lumen\NewBikeBD03032020\vendor\illuminate\validation\Concerns\ValidatesAttributes.php(756): Illuminate\Validation\DatabasePresenceVerifier->getCount('bikemodels', 'bikemodel', '120cc', NULL, NULL, Array)
#10 C:\xampp\htdocs\Lumen\NewBikeBD03032020\vendor\illuminate\validation\Validator.php(457): Illuminate\Validation\Validator->validateUnique('bikemodel', '120cc', Array, Object(Illuminate\Validation\Validator))
#11 C:\xampp\htdocs\Lumen\NewBikeBD03032020\vendor\illuminate\validation\Validator.php(300): Illuminate\Validation\Validator->validateAttribute('bikemodel', 'Unique')
#12 C:\xampp\htdocs\Lumen\NewBikeBD03032020\vendor\illuminate\validation\Validator.php(331): Illuminate\Validation\Validator->passes()
#13 C:\xampp\htdocs\Lumen\NewBikeBD03032020\vendor\laravel\lumen-framework\src\Routing\ProvidesConvenienceMethods.php(66): Illuminate\Validation\Validator->fails()
#14 C:\xampp\htdocs\Lumen\NewBikeBD03032020\app\Http\Controllers\api\v1\admin\BikemodelController.php(59): Laravel\Lumen\Routing\Controller->validate(Object(Laravel\Lumen\Http\Request), Array, Array)
#15 [internal function]: App\Http\Controllers\api\v1\admin\BikemodelController->store(Object(Laravel\Lumen\Http\Request))
#16 C:\xampp\htdocs\Lumen\NewBikeBD03032020\vendor\illuminate\container\BoundMethod.php(32): call_user_func_array(Array, Array)
#17 C:\xampp\htdocs\Lumen\NewBikeBD03032020\vendor\illuminate\container\Util.php(36): Illuminate\Container\BoundMethod::Illuminate\Container\{closure}()
#18 C:\xampp\htdocs\Lumen\NewBikeBD03032020\vendor\illuminate\container\BoundMethod.php(90): Illuminate\Container\Util::unwrapIfClosure(Object(Closure))
#19 C:\xampp\htdocs\Lumen\NewBikeBD03032020\vendor\illuminate\container\BoundMethod.php(34): Illuminate\Container\BoundMethod::callBoundMethod(Object(Laravel\Lumen\Application), Array, Object(Closure))
#20 C:\xampp\htdocs\Lumen\NewBikeBD03032020\vendor\illuminate\container\Container.php(590): Illuminate\Container\BoundMethod::call(Object(Laravel\Lumen\Application), Array, Array, NULL)
#21 C:\xampp\htdocs\Lumen\NewBikeBD03032020\vendor\laravel\lumen-framework\src\Concerns\RoutesRequests.php(376): Illuminate\Container\Container->call(Array, Array)
#22 C:\xampp\htdocs\Lumen\NewBikeBD03032020\vendor\laravel\lumen-framework\src\Concerns\RoutesRequests.php(342): Laravel\Lumen\Application->callControllerCallable(Array, Array)
#23 C:\xampp\htdocs\Lumen\NewBikeBD03032020\vendor\laravel\lumen-framework\src\Concerns\RoutesRequests.php(316): Laravel\Lumen\Application->callLumenController(Object(App\Http\Controllers\api\v1\admin\BikemodelController), 'store', Array)
#24 C:\xampp\htdocs\Lumen\NewBikeBD03032020\vendor\laravel\lumen-framework\src\Concerns\RoutesRequests.php(278): Laravel\Lumen\Application->callControllerAction(Array)
#25 C:\xampp\htdocs\Lumen\NewBikeBD03032020\vendor\laravel\lumen-framework\src\Concerns\RoutesRequests.php(258): Laravel\Lumen\Application->callActionOnArrayBasedRoute(Array)
#26 [internal function]: Laravel\Lumen\Application->Laravel\Lumen\Concerns\{closure}(Object(Laravel\Lumen\Http\Request))
#27 C:\xampp\htdocs\Lumen\NewBikeBD03032020\vendor\laravel\lumen-framework\src\Routing\Pipeline.php(52): call_user_func(Object(Closure), Object(Laravel\Lumen\Http\Request))
#28 C:\xampp\htdocs\Lumen\NewBikeBD03032020\app\Http\Middleware\Admin.php(49): Laravel\Lumen\Routing\Pipeline->Laravel\Lumen\Routing\{closure}(Object(Laravel\Lumen\Http\Request))
#29 C:\xampp\htdocs\Lumen\NewBikeBD03032020\vendor\illuminate\pipeline\Pipeline.php(171): App\Http\Middleware\Admin->handle(Object(Laravel\Lumen\Http\Request), Object(Closure))
#30 [internal function]: Illuminate\Pipeline\Pipeline->Illuminate\Pipeline\{closure}(Object(Laravel\Lumen\Http\Request))
#31 C:\xampp\htdocs\Lumen\NewBikeBD03032020\vendor\laravel\lumen-framework\src\Routing\Pipeline.php(32): call_user_func(Object(Closure), Object(Laravel\Lumen\Http\Request))
#32 C:\xampp\htdocs\Lumen\NewBikeBD03032020\vendor\illuminate\pipeline\Pipeline.php(105): Laravel\Lumen\Routing\Pipeline->Laravel\Lumen\Routing\{closure}(Object(Laravel\Lumen\Http\Request))
#33 C:\xampp\htdocs\Lumen\NewBikeBD03032020\vendor\laravel\lumen-framework\src\Concerns\RoutesRequests.php(413): Illuminate\Pipeline\Pipeline->then(Object(Closure))
#34 C:\xampp\htdocs\Lumen\NewBikeBD03032020\vendor\laravel\lumen-framework\src\Concerns\RoutesRequests.php(259): Laravel\Lumen\Application->sendThroughPipeline(Array, Object(Closure))
#35 C:\xampp\htdocs\Lumen\NewBikeBD03032020\vendor\laravel\lumen-framework\src\Concerns\RoutesRequests.php(165): Laravel\Lumen\Application->handleFoundRoute(Array)
#36 C:\xampp\htdocs\Lumen\NewBikeBD03032020\vendor\laravel\lumen-framework\src\Concerns\RoutesRequests.php(416): Laravel\Lumen\Application->Laravel\Lumen\Concerns\{closure}(Object(Laravel\Lumen\Http\Request))
#37 C:\xampp\htdocs\Lumen\NewBikeBD03032020\vendor\laravel\lumen-framework\src\Concerns\RoutesRequests.php(171): Laravel\Lumen\Application->sendThroughPipeline(Array, Object(Closure))
#38 C:\xampp\htdocs\Lumen\NewBikeBD03032020\vendor\laravel\lumen-framework\src\Concerns\RoutesRequests.php(108): Laravel\Lumen\Application->dispatch(NULL)
#39 C:\xampp\htdocs\Lumen\NewBikeBD03032020\public\index.php(28): Laravel\Lumen\Application->run()
#40 {main} {"exception":"[object] (Illuminate\\Database\\QueryException(code: 42S02): SQLSTATE[42S02]: Base table or view not found: 1146 Table 'bikebdnew.bikemodels' doesn't exist (SQL: select count(*) as aggregate from `bikemodels` where `bikemodel` = 120cc) at C:\\xampp\\htdocs\\Lumen\\NewBikeBD03032020\\vendor\\illuminate\\database\\Connection.php:669)
[stacktrace]
#0 C:\\xampp\\htdocs\\Lumen\\NewBikeBD03032020\\vendor\\illuminate\\database\\Connection.php(629): Illuminate\\Database\\Connection->runQueryCallback('select count(*)...', Array, Object(Closure))
#1 C:\\xampp\\htdocs\\Lumen\\NewBikeBD03032020\\vendor\\illuminate\\database\\Connection.php(338): Illuminate\\Database\\Connection->run('select count(*)...', Array, Object(Closure))
#2 C:\\xampp\\htdocs\\Lumen\\NewBikeBD03032020\\vendor\\illuminate\\database\\Query\\Builder.php(2132): Illuminate\\Database\\Connection->select('select count(*)...', Array, false)
#3 C:\\xampp\\htdocs\\Lumen\\NewBikeBD03032020\\vendor\\illuminate\\database\\Query\\Builder.php(2120): Illuminate\\Database\\Query\\Builder->runSelect()
#4 C:\\xampp\\htdocs\\Lumen\\NewBikeBD03032020\\vendor\\illuminate\\database\\Query\\Builder.php(2592): Illuminate\\Database\\Query\\Builder->Illuminate\\Database\\Query\\{closure}()
#5 C:\\xampp\\htdocs\\Lumen\\NewBikeBD03032020\\vendor\\illuminate\\database\\Query\\Builder.php(2121): Illuminate\\Database\\Query\\Builder->onceWithColumns(Array, Object(Closure))
#6 C:\\xampp\\htdocs\\Lumen\\NewBikeBD03032020\\vendor\\illuminate\\database\\Query\\Builder.php(2519): Illuminate\\Database\\Query\\Builder->get(Array)
#7 C:\\xampp\\htdocs\\Lumen\\NewBikeBD03032020\\vendor\\illuminate\\database\\Query\\Builder.php(2447): Illuminate\\Database\\Query\\Builder->aggregate('count', Array)
#8 C:\\xampp\\htdocs\\Lumen\\NewBikeBD03032020\\vendor\\illuminate\\validation\\DatabasePresenceVerifier.php(55): Illuminate\\Database\\Query\\Builder->count()
#9 C:\\xampp\\htdocs\\Lumen\\NewBikeBD03032020\\vendor\\illuminate\\validation\\Concerns\\ValidatesAttributes.php(756): Illuminate\\Validation\\DatabasePresenceVerifier->getCount('bikemodels', 'bikemodel', '120cc', NULL, NULL, Array)
#10 C:\\xampp\\htdocs\\Lumen\\NewBikeBD03032020\\vendor\\illuminate\\validation\\Validator.php(457): Illuminate\\Validation\\Validator->validateUnique('bikemodel', '120cc', Array, Object(Illuminate\\Validation\\Validator))
#11 C:\\xampp\\htdocs\\Lumen\\NewBikeBD03032020\\vendor\\illuminate\\validation\\Validator.php(300): Illuminate\\Validation\\Validator->validateAttribute('bikemodel', 'Unique')
#12 C:\\xampp\\htdocs\\Lumen\\NewBikeBD03032020\\vendor\\illuminate\\validation\\Validator.php(331): Illuminate\\Validation\\Validator->passes()
#13 C:\\xampp\\htdocs\\Lumen\\NewBikeBD03032020\\vendor\\laravel\\lumen-framework\\src\\Routing\\ProvidesConvenienceMethods.php(66): Illuminate\\Validation\\Validator->fails()
#14 C:\\xampp\\htdocs\\Lumen\\NewBikeBD03032020\\app\\Http\\Controllers\\api\\v1\\admin\\BikemodelController.php(59): Laravel\\Lumen\\Routing\\Controller->validate(Object(Laravel\\Lumen\\Http\\Request), Array, Array)
#15 [internal function]: App\\Http\\Controllers\\api\\v1\\admin\\BikemodelController->store(Object(Laravel\\Lumen\\Http\\Request))
#16 C:\\xampp\\htdocs\\Lumen\\NewBikeBD03032020\\vendor\\illuminate\\container\\BoundMethod.php(32): call_user_func_array(Array, Array)
#17 C:\\xampp\\htdocs\\Lumen\\NewBikeBD03032020\\vendor\\illuminate\\container\\Util.php(36): Illuminate\\Container\\BoundMethod::Illuminate\\Container\\{closure}()
#18 C:\\xampp\\htdocs\\Lumen\\NewBikeBD03032020\\vendor\\illuminate\\container\\BoundMethod.php(90): Illuminate\\Container\\Util::unwrapIfClosure(Object(Closure))
#19 C:\\xampp\\htdocs\\Lumen\\NewBikeBD03032020\\vendor\\illuminate\\container\\BoundMethod.php(34): Illuminate\\Container\\BoundMethod::callBoundMethod(Object(Laravel\\Lumen\\Application), Array, Object(Closure))
#20 C:\\xampp\\htdocs\\Lumen\\NewBikeBD03032020\\vendor\\illuminate\\container\\Container.php(590): Illuminate\\Container\\BoundMethod::call(Object(Laravel\\Lumen\\Application), Array, Array, NULL)
#21 C:\\xampp\\htdocs\\Lumen\\NewBikeBD03032020\\vendor\\laravel\\lumen-framework\\src\\Concerns\\RoutesRequests.php(376): Illuminate\\Container\\Container->call(Array, Array)
#22 C:\\xampp\\htdocs\\Lumen\\NewBikeBD03032020\\vendor\\laravel\\lumen-framework\\src\\Concerns\\RoutesRequests.php(342): Laravel\\Lumen\\Application->callControllerCallable(Array, Array)
#23 C:\\xampp\\htdocs\\Lumen\\NewBikeBD03032020\\vendor\\laravel\\lumen-framework\\src\\Concerns\\RoutesRequests.php(316): Laravel\\Lumen\\Application->callLumenController(Object(App\\Http\\Controllers\\api\\v1\\admin\\BikemodelController), 'store', Array)
#24 C:\\xampp\\htdocs\\Lumen\\NewBikeBD03032020\\vendor\\laravel\\lumen-framework\\src\\Concerns\\RoutesRequests.php(278): Laravel\\Lumen\\Application->callControllerAction(Array)
#25 C:\\xampp\\htdocs\\Lumen\\NewBikeBD03032020\\vendor\\laravel\\lumen-framework\\src\\Concerns\\RoutesRequests.php(258): Laravel\\Lumen\\Application->callActionOnArrayBasedRoute(Array)
#26 [internal function]: Laravel\\Lumen\\Application->Laravel\\Lumen\\Concerns\\{closure}(Object(Laravel\\Lumen\\Http\\Request))
#27 C:\\xampp\\htdocs\\Lumen\\NewBikeBD03032020\\vendor\\laravel\\lumen-framework\\src\\Routing\\Pipeline.php(52): call_user_func(Object(Closure), Object(Laravel\\Lumen\\Http\\Request))
#28 C:\\xampp\\htdocs\\Lumen\\NewBikeBD03032020\\app\\Http\\Middleware\\Admin.php(49): Laravel\\Lumen\\Routing\\Pipeline->Laravel\\Lumen\\Routing\\{closure}(Object(Laravel\\Lumen\\Http\\Request))
#29 C:\\xampp\\htdocs\\Lumen\\NewBikeBD03032020\\vendor\\illuminate\\pipeline\\Pipeline.php(171): App\\Http\\Middleware\\Admin->handle(Object(Laravel\\Lumen\\Http\\Request), Object(Closure))
#30 [internal function]: Illuminate\\Pipeline\\Pipeline->Illuminate\\Pipeline\\{closure}(Object(Laravel\\Lumen\\Http\\Request))
#31 C:\\xampp\\htdocs\\Lumen\\NewBikeBD03032020\\vendor\\laravel\\lumen-framework\\src\\Routing\\Pipeline.php(32): call_user_func(Object(Closure), Object(Laravel\\Lumen\\Http\\Request))
#32 C:\\xampp\\htdocs\\Lumen\\NewBikeBD03032020\\vendor\\illuminate\\pipeline\\Pipeline.php(105): Laravel\\Lumen\\Routing\\Pipeline->Laravel\\Lumen\\Routing\\{closure}(Object(Laravel\\Lumen\\Http\\Request))
#33 C:\\xampp\\htdocs\\Lumen\\NewBikeBD03032020\\vendor\\laravel\\lumen-framework\\src\\Concerns\\RoutesRequests.php(413): Illuminate\\Pipeline\\Pipeline->then(Object(Closure))
#34 C:\\xampp\\htdocs\\Lumen\\NewBikeBD03032020\\vendor\\laravel\\lumen-framework\\src\\Concerns\\RoutesRequests.php(259): Laravel\\Lumen\\Application->sendThroughPipeline(Array, Object(Closure))
#35 C:\\xampp\\htdocs\\Lumen\\NewBikeBD03032020\\vendor\\laravel\\lumen-framework\\src\\Concerns\\RoutesRequests.php(165): Laravel\\Lumen\\Application->handleFoundRoute(Array)
#36 C:\\xampp\\htdocs\\Lumen\\NewBikeBD03032020\\vendor\\laravel\\lumen-framework\\src\\Concerns\\RoutesRequests.php(416): Laravel\\Lumen\\Application->Laravel\\Lumen\\Concerns\\{closure}(Object(Laravel\\Lumen\\Http\\Request))
#37 C:\\xampp\\htdocs\\Lumen\\NewBikeBD03032020\\vendor\\laravel\\lumen-framework\\src\\Concerns\\RoutesRequests.php(171): Laravel\\Lumen\\Application->sendThroughPipeline(Array, Object(Closure))
#38 C:\\xampp\\htdocs\\Lumen\\NewBikeBD03032020\\vendor\\laravel\\lumen-framework\\src\\Concerns\\RoutesRequests.php(108): Laravel\\Lumen\\Application->dispatch(NULL)
#39 C:\\xampp\\htdocs\\Lumen\\NewBikeBD03032020\\public\\index.php(28): Laravel\\Lumen\\Application->run()
#40 {main}

[previous exception] [object] (PDOException(code: 42S02): SQLSTATE[42S02]: Base table or view not found: 1146 Table 'bikebdnew.bikemodels' doesn't exist at C:\\xampp\\htdocs\\Lumen\\NewBikeBD03032020\\vendor\\illuminate\\database\\Connection.php:331)
[stacktrace]
#0 C:\\xampp\\htdocs\\Lumen\\NewBikeBD03032020\\vendor\\illuminate\\database\\Connection.php(331): PDO->prepare('select count(*)...')
#1 C:\\xampp\\htdocs\\Lumen\\NewBikeBD03032020\\vendor\\illuminate\\database\\Connection.php(662): Illuminate\\Database\\Connection->Illuminate\\Database\\{closure}('select count(*)...', Array)
#2 C:\\xampp\\htdocs\\Lumen\\NewBikeBD03032020\\vendor\\illuminate\\database\\Connection.php(629): Illuminate\\Database\\Connection->runQueryCallback('select count(*)...', Array, Object(Closure))
#3 C:\\xampp\\htdocs\\Lumen\\NewBikeBD03032020\\vendor\\illuminate\\database\\Connection.php(338): Illuminate\\Database\\Connection->run('select count(*)...', Array, Object(Closure))
#4 C:\\xampp\\htdocs\\Lumen\\NewBikeBD03032020\\vendor\\illuminate\\database\\Query\\Builder.php(2132): Illuminate\\Database\\Connection->select('select count(*)...', Array, false)
#5 C:\\xampp\\htdocs\\Lumen\\NewBikeBD03032020\\vendor\\illuminate\\database\\Query\\Builder.php(2120): Illuminate\\Database\\Query\\Builder->runSelect()
#6 C:\\xampp\\htdocs\\Lumen\\NewBikeBD03032020\\vendor\\illuminate\\database\\Query\\Builder.php(2592): Illuminate\\Database\\Query\\Builder->Illuminate\\Database\\Query\\{closure}()
#7 C:\\xampp\\htdocs\\Lumen\\NewBikeBD03032020\\vendor\\illuminate\\database\\Query\\Builder.php(2121): Illuminate\\Database\\Query\\Builder->onceWithColumns(Array, Object(Closure))
#8 C:\\xampp\\htdocs\\Lumen\\NewBikeBD03032020\\vendor\\illuminate\\database\\Query\\Builder.php(2519): Illuminate\\Database\\Query\\Builder->get(Array)
#9 C:\\xampp\\htdocs\\Lumen\\NewBikeBD03032020\\vendor\\illuminate\\database\\Query\\Builder.php(2447): Illuminate\\Database\\Query\\Builder->aggregate('count', Array)
#10 C:\\xampp\\htdocs\\Lumen\\NewBikeBD03032020\\vendor\\illuminate\\validation\\DatabasePresenceVerifier.php(55): Illuminate\\Database\\Query\\Builder->count()
#11 C:\\xampp\\htdocs\\Lumen\\NewBikeBD03032020\\vendor\\illuminate\\validation\\Concerns\\ValidatesAttributes.php(756): Illuminate\\Validation\\DatabasePresenceVerifier->getCount('bikemodels', 'bikemodel', '120cc', NULL, NULL, Array)
#12 C:\\xampp\\htdocs\\Lumen\\NewBikeBD03032020\\vendor\\illuminate\\validation\\Validator.php(457): Illuminate\\Validation\\Validator->validateUnique('bikemodel', '120cc', Array, Object(Illuminate\\Validation\\Validator))
#13 C:\\xampp\\htdocs\\Lumen\\NewBikeBD03032020\\vendor\\illuminate\\validation\\Validator.php(300): Illuminate\\Validation\\Validator->validateAttribute('bikemodel', 'Unique')
#14 C:\\xampp\\htdocs\\Lumen\\NewBikeBD03032020\\vendor\\illuminate\\validation\\Validator.php(331): Illuminate\\Validation\\Validator->passes()
#15 C:\\xampp\\htdocs\\Lumen\\NewBikeBD03032020\\vendor\\laravel\\lumen-framework\\src\\Routing\\ProvidesConvenienceMethods.php(66): Illuminate\\Validation\\Validator->fails()
#16 C:\\xampp\\htdocs\\Lumen\\NewBikeBD03032020\\app\\Http\\Controllers\\api\\v1\\admin\\BikemodelController.php(59): Laravel\\Lumen\\Routing\\Controller->validate(Object(Laravel\\Lumen\\Http\\Request), Array, Array)
#17 [internal function]: App\\Http\\Controllers\\api\\v1\\admin\\BikemodelController->store(Object(Laravel\\Lumen\\Http\\Request))
#18 C:\\xampp\\htdocs\\Lumen\\NewBikeBD03032020\\vendor\\illuminate\\container\\BoundMethod.php(32): call_user_func_array(Array, Array)
#19 C:\\xampp\\htdocs\\Lumen\\NewBikeBD03032020\\vendor\\illuminate\\container\\Util.php(36): Illuminate\\Container\\BoundMethod::Illuminate\\Container\\{closure}()
#20 C:\\xampp\\htdocs\\Lumen\\NewBikeBD03032020\\vendor\\illuminate\\container\\BoundMethod.php(90): Illuminate\\Container\\Util::unwrapIfClosure(Object(Closure))
#21 C:\\xampp\\htdocs\\Lumen\\NewBikeBD03032020\\vendor\\illuminate\\container\\BoundMethod.php(34): Illuminate\\Container\\BoundMethod::callBoundMethod(Object(Laravel\\Lumen\\Application), Array, Object(Closure))
#22 C:\\xampp\\htdocs\\Lumen\\NewBikeBD03032020\\vendor\\illuminate\\container\\Container.php(590): Illuminate\\Container\\BoundMethod::call(Object(Laravel\\Lumen\\Application), Array, Array, NULL)
#23 C:\\xampp\\htdocs\\Lumen\\NewBikeBD03032020\\vendor\\laravel\\lumen-framework\\src\\Concerns\\RoutesRequests.php(376): Illuminate\\Container\\Container->call(Array, Array)
#24 C:\\xampp\\htdocs\\Lumen\\NewBikeBD03032020\\vendor\\laravel\\lumen-framework\\src\\Concerns\\RoutesRequests.php(342): Laravel\\Lumen\\Application->callControllerCallable(Array, Array)
#25 C:\\xampp\\htdocs\\Lumen\\NewBikeBD03032020\\vendor\\laravel\\lumen-framework\\src\\Concerns\\RoutesRequests.php(316): Laravel\\Lumen\\Application->callLumenController(Object(App\\Http\\Controllers\\api\\v1\\admin\\BikemodelController), 'store', Array)
#26 C:\\xampp\\htdocs\\Lumen\\NewBikeBD03032020\\vendor\\laravel\\lumen-framework\\src\\Concerns\\RoutesRequests.php(278): Laravel\\Lumen\\Application->callControllerAction(Array)
#27 C:\\xampp\\htdocs\\Lumen\\NewBikeBD03032020\\vendor\\laravel\\lumen-framework\\src\\Concerns\\RoutesRequests.php(258): Laravel\\Lumen\\Application->callActionOnArrayBasedRoute(Array)
#28 [internal function]: Laravel\\Lumen\\Application->Laravel\\Lumen\\Concerns\\{closure}(Object(Laravel\\Lumen\\Http\\Request))
#29 C:\\xampp\\htdocs\\Lumen\\NewBikeBD03032020\\vendor\\laravel\\lumen-framework\\src\\Routing\\Pipeline.php(52): call_user_func(Object(Closure), Object(Laravel\\Lumen\\Http\\Request))
#30 C:\\xampp\\htdocs\\Lumen\\NewBikeBD03032020\\app\\Http\\Middleware\\Admin.php(49): Laravel\\Lumen\\Routing\\Pipeline->Laravel\\Lumen\\Routing\\{closure}(Object(Laravel\\Lumen\\Http\\Request))
#31 C:\\xampp\\htdocs\\Lumen\\NewBikeBD03032020\\vendor\\illuminate\\pipeline\\Pipeline.php(171): App\\Http\\Middleware\\Admin->handle(Object(Laravel\\Lumen\\Http\\Request), Object(Closure))
#32 [internal function]: Illuminate\\Pipeline\\Pipeline->Illuminate\\Pipeline\\{closure}(Object(Laravel\\Lumen\\Http\\Request))
#33 C:\\xampp\\htdocs\\Lumen\\NewBikeBD03032020\\vendor\\laravel\\lumen-framework\\src\\Routing\\Pipeline.php(32): call_user_func(Object(Closure), Object(Laravel\\Lumen\\Http\\Request))
#34 C:\\xampp\\htdocs\\Lumen\\NewBikeBD03032020\\vendor\\illuminate\\pipeline\\Pipeline.php(105): Laravel\\Lumen\\Routing\\Pipeline->Laravel\\Lumen\\Routing\\{closure}(Object(Laravel\\Lumen\\Http\\Request))
#35 C:\\xampp\\htdocs\\Lumen\\NewBikeBD03032020\\vendor\\laravel\\lumen-framework\\src\\Concerns\\RoutesRequests.php(413): Illuminate\\Pipeline\\Pipeline->then(Object(Closure))
#36 C:\\xampp\\htdocs\\Lumen\\NewBikeBD03032020\\vendor\\laravel\\lumen-framework\\src\\Concerns\\RoutesRequests.php(259): Laravel\\Lumen\\Application->sendThroughPipeline(Array, Object(Closure))
#37 C:\\xampp\\htdocs\\Lumen\\NewBikeBD03032020\\vendor\\laravel\\lumen-framework\\src\\Concerns\\RoutesRequests.php(165): Laravel\\Lumen\\Application->handleFoundRoute(Array)
#38 C:\\xampp\\htdocs\\Lumen\\NewBikeBD03032020\\vendor\\laravel\\lumen-framework\\src\\Concerns\\RoutesRequests.php(416): Laravel\\Lumen\\Application->Laravel\\Lumen\\Concerns\\{closure}(Object(Laravel\\Lumen\\Http\\Request))
#39 C:\\xampp\\htdocs\\Lumen\\NewBikeBD03032020\\vendor\\laravel\\lumen-framework\\src\\Concerns\\RoutesRequests.php(171): Laravel\\Lumen\\Application->sendThroughPipeline(Array, Object(Closure))
#40 C:\\xampp\\htdocs\\Lumen\\NewBikeBD03032020\\vendor\\laravel\\lumen-framework\\src\\Concerns\\RoutesRequests.php(108): Laravel\\Lumen\\Application->dispatch(NULL)
#41 C:\\xampp\\htdocs\\Lumen\\NewBikeBD03032020\\public\\index.php(28): Laravel\\Lumen\\Application->run()
#42 {main}
"} 
[2020-03-08 05:44:29] local.ERROR: Symfony\Component\Debug\Exception\FatalErrorException: Class 'Jenssegers\Mongodb\Eloquent\Model' not found in C:\xampp\htdocs\Lumen\NewBikeBD03032020\app\Bikemodel.php:7
Stack trace:
#0 C:\xampp\htdocs\Lumen\NewBikeBD03032020\vendor\laravel\lumen-framework\src\Concerns\RegistersExceptionHandlers.php(54): Laravel\Lumen\Application->handleShutdown()
#1 [internal function]: Laravel\Lumen\Application->Laravel\Lumen\Concerns\{closure}()
#2 {main} {"exception":"[object] (Symfony\\Component\\Debug\\Exception\\FatalErrorException(code: 1): Class 'Jenssegers\\Mongodb\\Eloquent\\Model' not found at C:\\xampp\\htdocs\\Lumen\\NewBikeBD03032020\\app\\Bikemodel.php:7)
[stacktrace]
#0 C:\\xampp\\htdocs\\Lumen\\NewBikeBD03032020\\vendor\\laravel\\lumen-framework\\src\\Concerns\\RegistersExceptionHandlers.php(54): Laravel\\Lumen\\Application->handleShutdown()
#1 [internal function]: Laravel\\Lumen\\Application->Laravel\\Lumen\\Concerns\\{closure}()
#2 {main}
"} 
[2020-03-08 06:47:42] local.ERROR: PDOException: SQLSTATE[42S02]: Base table or view not found: 1146 Table 'bikebdnew.ccs' doesn't exist in C:\xampp\htdocs\Lumen\NewBikeBD03032020\vendor\illuminate\database\Connection.php:331
Stack trace:
#0 C:\xampp\htdocs\Lumen\NewBikeBD03032020\vendor\illuminate\database\Connection.php(331): PDO->prepare('select * from `...')
#1 C:\xampp\htdocs\Lumen\NewBikeBD03032020\vendor\illuminate\database\Connection.php(662): Illuminate\Database\Connection->Illuminate\Database\{closure}('select * from `...', Array)
#2 C:\xampp\htdocs\Lumen\NewBikeBD03032020\vendor\illuminate\database\Connection.php(629): Illuminate\Database\Connection->runQueryCallback('select * from `...', Array, Object(Closure))
#3 C:\xampp\htdocs\Lumen\NewBikeBD03032020\vendor\illuminate\database\Connection.php(338): Illuminate\Database\Connection->run('select * from `...', Array, Object(Closure))
#4 C:\xampp\htdocs\Lumen\NewBikeBD03032020\vendor\illuminate\database\Query\Builder.php(2132): Illuminate\Database\Connection->select('select * from `...', Array, true)
#5 C:\xampp\htdocs\Lumen\NewBikeBD03032020\vendor\illuminate\database\Query\Builder.php(2120): Illuminate\Database\Query\Builder->runSelect()
#6 C:\xampp\htdocs\Lumen\NewBikeBD03032020\vendor\illuminate\database\Query\Builder.php(2592): Illuminate\Database\Query\Builder->Illuminate\Database\Query\{closure}()
#7 C:\xampp\htdocs\Lumen\NewBikeBD03032020\vendor\illuminate\database\Query\Builder.php(2121): Illuminate\Database\Query\Builder->onceWithColumns(Array, Object(Closure))
#8 C:\xampp\htdocs\Lumen\NewBikeBD03032020\vendor\illuminate\database\Eloquent\Builder.php(537): Illuminate\Database\Query\Builder->get(Array)
#9 C:\xampp\htdocs\Lumen\NewBikeBD03032020\vendor\illuminate\database\Eloquent\Builder.php(521): Illuminate\Database\Eloquent\Builder->getModels(Array)
#10 C:\xampp\htdocs\Lumen\NewBikeBD03032020\app\Http\Controllers\api\v1\admin\CcController.php(17): Illuminate\Database\Eloquent\Builder->get()
#11 [internal function]: App\Http\Controllers\api\v1\admin\CcController->index()
#12 C:\xampp\htdocs\Lumen\NewBikeBD03032020\vendor\illuminate\container\BoundMethod.php(32): call_user_func_array(Array, Array)
#13 C:\xampp\htdocs\Lumen\NewBikeBD03032020\vendor\illuminate\container\Util.php(36): Illuminate\Container\BoundMethod::Illuminate\Container\{closure}()
#14 C:\xampp\htdocs\Lumen\NewBikeBD03032020\vendor\illuminate\container\BoundMethod.php(90): Illuminate\Container\Util::unwrapIfClosure(Object(Closure))
#15 C:\xampp\htdocs\Lumen\NewBikeBD03032020\vendor\illuminate\container\BoundMethod.php(34): Illuminate\Container\BoundMethod::callBoundMethod(Object(Laravel\Lumen\Application), Array, Object(Closure))
#16 C:\xampp\htdocs\Lumen\NewBikeBD03032020\vendor\illuminate\container\Container.php(590): Illuminate\Container\BoundMethod::call(Object(Laravel\Lumen\Application), Array, Array, NULL)
#17 C:\xampp\htdocs\Lumen\NewBikeBD03032020\vendor\laravel\lumen-framework\src\Concerns\RoutesRequests.php(376): Illuminate\Container\Container->call(Array, Array)
#18 C:\xampp\htdocs\Lumen\NewBikeBD03032020\vendor\laravel\lumen-framework\src\Concerns\RoutesRequests.php(342): Laravel\Lumen\Application->callControllerCallable(Array, Array)
#19 C:\xampp\htdocs\Lumen\NewBikeBD03032020\vendor\laravel\lumen-framework\src\Concerns\RoutesRequests.php(316): Laravel\Lumen\Application->callLumenController(Object(App\Http\Controllers\api\v1\admin\CcController), 'index', Array)
#20 C:\xampp\htdocs\Lumen\NewBikeBD03032020\vendor\laravel\lumen-framework\src\Concerns\RoutesRequests.php(278): Laravel\Lumen\Application->callControllerAction(Array)
#21 C:\xampp\htdocs\Lumen\NewBikeBD03032020\vendor\laravel\lumen-framework\src\Concerns\RoutesRequests.php(258): Laravel\Lumen\Application->callActionOnArrayBasedRoute(Array)
#22 [internal function]: Laravel\Lumen\Application->Laravel\Lumen\Concerns\{closure}(Object(Laravel\Lumen\Http\Request))
#23 C:\xampp\htdocs\Lumen\NewBikeBD03032020\vendor\laravel\lumen-framework\src\Routing\Pipeline.php(52): call_user_func(Object(Closure), Object(Laravel\Lumen\Http\Request))
#24 C:\xampp\htdocs\Lumen\NewBikeBD03032020\app\Http\Middleware\Admin.php(49): Laravel\Lumen\Routing\Pipeline->Laravel\Lumen\Routing\{closure}(Object(Laravel\Lumen\Http\Request))
#25 C:\xampp\htdocs\Lumen\NewBikeBD03032020\vendor\illuminate\pipeline\Pipeline.php(171): App\Http\Middleware\Admin->handle(Object(Laravel\Lumen\Http\Request), Object(Closure))
#26 [internal function]: Illuminate\Pipeline\Pipeline->Illuminate\Pipeline\{closure}(Object(Laravel\Lumen\Http\Request))
#27 C:\xampp\htdocs\Lumen\NewBikeBD03032020\vendor\laravel\lumen-framework\src\Routing\Pipeline.php(32): call_user_func(Object(Closure), Object(Laravel\Lumen\Http\Request))
#28 C:\xampp\htdocs\Lumen\NewBikeBD03032020\vendor\illuminate\pipeline\Pipeline.php(105): Laravel\Lumen\Routing\Pipeline->Laravel\Lumen\Routing\{closure}(Object(Laravel\Lumen\Http\Request))
#29 C:\xampp\htdocs\Lumen\NewBikeBD03032020\vendor\laravel\lumen-framework\src\Concerns\RoutesRequests.php(413): Illuminate\Pipeline\Pipeline->then(Object(Closure))
#30 C:\xampp\htdocs\Lumen\NewBikeBD03032020\vendor\laravel\lumen-framework\src\Concerns\RoutesRequests.php(259): Laravel\Lumen\Application->sendThroughPipeline(Array, Object(Closure))
#31 C:\xampp\htdocs\Lumen\NewBikeBD03032020\vendor\laravel\lumen-framework\src\Concerns\RoutesRequests.php(165): Laravel\Lumen\Application->handleFoundRoute(Array)
#32 C:\xampp\htdocs\Lumen\NewBikeBD03032020\vendor\laravel\lumen-framework\src\Concerns\RoutesRequests.php(416): Laravel\Lumen\Application->Laravel\Lumen\Concerns\{closure}(Object(Laravel\Lumen\Http\Request))
#33 C:\xampp\htdocs\Lumen\NewBikeBD03032020\vendor\laravel\lumen-framework\src\Concerns\RoutesRequests.php(171): Laravel\Lumen\Application->sendThroughPipeline(Array, Object(Closure))
#34 C:\xampp\htdocs\Lumen\NewBikeBD03032020\vendor\laravel\lumen-framework\src\Concerns\RoutesRequests.php(108): Laravel\Lumen\Application->dispatch(NULL)
#35 C:\xampp\htdocs\Lumen\NewBikeBD03032020\public\index.php(28): Laravel\Lumen\Application->run()
#36 {main}

Next Illuminate\Database\QueryException: SQLSTATE[42S02]: Base table or view not found: 1146 Table 'bikebdnew.ccs' doesn't exist (SQL: select * from `ccs` order by `created_at` desc) in C:\xampp\htdocs\Lumen\NewBikeBD03032020\vendor\illuminate\database\Connection.php:669
Stack trace:
#0 C:\xampp\htdocs\Lumen\NewBikeBD03032020\vendor\illuminate\database\Connection.php(629): Illuminate\Database\Connection->runQueryCallback('select * from `...', Array, Object(Closure))
#1 C:\xampp\htdocs\Lumen\NewBikeBD03032020\vendor\illuminate\database\Connection.php(338): Illuminate\Database\Connection->run('select * from `...', Array, Object(Closure))
#2 C:\xampp\htdocs\Lumen\NewBikeBD03032020\vendor\illuminate\database\Query\Builder.php(2132): Illuminate\Database\Connection->select('select * from `...', Array, true)
#3 C:\xampp\htdocs\Lumen\NewBikeBD03032020\vendor\illuminate\database\Query\Builder.php(2120): Illuminate\Database\Query\Builder->runSelect()
#4 C:\xampp\htdocs\Lumen\NewBikeBD03032020\vendor\illuminate\database\Query\Builder.php(2592): Illuminate\Database\Query\Builder->Illuminate\Database\Query\{closure}()
#5 C:\xampp\htdocs\Lumen\NewBikeBD03032020\vendor\illuminate\database\Query\Builder.php(2121): Illuminate\Database\Query\Builder->onceWithColumns(Array, Object(Closure))
#6 C:\xampp\htdocs\Lumen\NewBikeBD03032020\vendor\illuminate\database\Eloquent\Builder.php(537): Illuminate\Database\Query\Builder->get(Array)
#7 C:\xampp\htdocs\Lumen\NewBikeBD03032020\vendor\illuminate\database\Eloquent\Builder.php(521): Illuminate\Database\Eloquent\Builder->getModels(Array)
#8 C:\xampp\htdocs\Lumen\NewBikeBD03032020\app\Http\Controllers\api\v1\admin\CcController.php(17): Illuminate\Database\Eloquent\Builder->get()
#9 [internal function]: App\Http\Controllers\api\v1\admin\CcController->index()
#10 C:\xampp\htdocs\Lumen\NewBikeBD03032020\vendor\illuminate\container\BoundMethod.php(32): call_user_func_array(Array, Array)
#11 C:\xampp\htdocs\Lumen\NewBikeBD03032020\vendor\illuminate\container\Util.php(36): Illuminate\Container\BoundMethod::Illuminate\Container\{closure}()
#12 C:\xampp\htdocs\Lumen\NewBikeBD03032020\vendor\illuminate\container\BoundMethod.php(90): Illuminate\Container\Util::unwrapIfClosure(Object(Closure))
#13 C:\xampp\htdocs\Lumen\NewBikeBD03032020\vendor\illuminate\container\BoundMethod.php(34): Illuminate\Container\BoundMethod::callBoundMethod(Object(Laravel\Lumen\Application), Array, Object(Closure))
#14 C:\xampp\htdocs\Lumen\NewBikeBD03032020\vendor\illuminate\container\Container.php(590): Illuminate\Container\BoundMethod::call(Object(Laravel\Lumen\Application), Array, Array, NULL)
#15 C:\xampp\htdocs\Lumen\NewBikeBD03032020\vendor\laravel\lumen-framework\src\Concerns\RoutesRequests.php(376): Illuminate\Container\Container->call(Array, Array)
#16 C:\xampp\htdocs\Lumen\NewBikeBD03032020\vendor\laravel\lumen-framework\src\Concerns\RoutesRequests.php(342): Laravel\Lumen\Application->callControllerCallable(Array, Array)
#17 C:\xampp\htdocs\Lumen\NewBikeBD03032020\vendor\laravel\lumen-framework\src\Concerns\RoutesRequests.php(316): Laravel\Lumen\Application->callLumenController(Object(App\Http\Controllers\api\v1\admin\CcController), 'index', Array)
#18 C:\xampp\htdocs\Lumen\NewBikeBD03032020\vendor\laravel\lumen-framework\src\Concerns\RoutesRequests.php(278): Laravel\Lumen\Application->callControllerAction(Array)
#19 C:\xampp\htdocs\Lumen\NewBikeBD03032020\vendor\laravel\lumen-framework\src\Concerns\RoutesRequests.php(258): Laravel\Lumen\Application->callActionOnArrayBasedRoute(Array)
#20 [internal function]: Laravel\Lumen\Application->Laravel\Lumen\Concerns\{closure}(Object(Laravel\Lumen\Http\Request))
#21 C:\xampp\htdocs\Lumen\NewBikeBD03032020\vendor\laravel\lumen-framework\src\Routing\Pipeline.php(52): call_user_func(Object(Closure), Object(Laravel\Lumen\Http\Request))
#22 C:\xampp\htdocs\Lumen\NewBikeBD03032020\app\Http\Middleware\Admin.php(49): Laravel\Lumen\Routing\Pipeline->Laravel\Lumen\Routing\{closure}(Object(Laravel\Lumen\Http\Request))
#23 C:\xampp\htdocs\Lumen\NewBikeBD03032020\vendor\illuminate\pipeline\Pipeline.php(171): App\Http\Middleware\Admin->handle(Object(Laravel\Lumen\Http\Request), Object(Closure))
#24 [internal function]: Illuminate\Pipeline\Pipeline->Illuminate\Pipeline\{closure}(Object(Laravel\Lumen\Http\Request))
#25 C:\xampp\htdocs\Lumen\NewBikeBD03032020\vendor\laravel\lumen-framework\src\Routing\Pipeline.php(32): call_user_func(Object(Closure), Object(Laravel\Lumen\Http\Request))
#26 C:\xampp\htdocs\Lumen\NewBikeBD03032020\vendor\illuminate\pipeline\Pipeline.php(105): Laravel\Lumen\Routing\Pipeline->Laravel\Lumen\Routing\{closure}(Object(Laravel\Lumen\Http\Request))
#27 C:\xampp\htdocs\Lumen\NewBikeBD03032020\vendor\laravel\lumen-framework\src\Concerns\RoutesRequests.php(413): Illuminate\Pipeline\Pipeline->then(Object(Closure))
#28 C:\xampp\htdocs\Lumen\NewBikeBD03032020\vendor\laravel\lumen-framework\src\Concerns\RoutesRequests.php(259): Laravel\Lumen\Application->sendThroughPipeline(Array, Object(Closure))
#29 C:\xampp\htdocs\Lumen\NewBikeBD03032020\vendor\laravel\lumen-framework\src\Concerns\RoutesRequests.php(165): Laravel\Lumen\Application->handleFoundRoute(Array)
#30 C:\xampp\htdocs\Lumen\NewBikeBD03032020\vendor\laravel\lumen-framework\src\Concerns\RoutesRequests.php(416): Laravel\Lumen\Application->Laravel\Lumen\Concerns\{closure}(Object(Laravel\Lumen\Http\Request))
#31 C:\xampp\htdocs\Lumen\NewBikeBD03032020\vendor\laravel\lumen-framework\src\Concerns\RoutesRequests.php(171): Laravel\Lumen\Application->sendThroughPipeline(Array, Object(Closure))
#32 C:\xampp\htdocs\Lumen\NewBikeBD03032020\vendor\laravel\lumen-framework\src\Concerns\RoutesRequests.php(108): Laravel\Lumen\Application->dispatch(NULL)
#33 C:\xampp\htdocs\Lumen\NewBikeBD03032020\public\index.php(28): Laravel\Lumen\Application->run()
#34 {main} {"exception":"[object] (Illuminate\\Database\\QueryException(code: 42S02): SQLSTATE[42S02]: Base table or view not found: 1146 Table 'bikebdnew.ccs' doesn't exist (SQL: select * from `ccs` order by `created_at` desc) at C:\\xampp\\htdocs\\Lumen\\NewBikeBD03032020\\vendor\\illuminate\\database\\Connection.php:669)
[stacktrace]
#0 C:\\xampp\\htdocs\\Lumen\\NewBikeBD03032020\\vendor\\illuminate\\database\\Connection.php(629): Illuminate\\Database\\Connection->runQueryCallback('select * from `...', Array, Object(Closure))
#1 C:\\xampp\\htdocs\\Lumen\\NewBikeBD03032020\\vendor\\illuminate\\database\\Connection.php(338): Illuminate\\Database\\Connection->run('select * from `...', Array, Object(Closure))
#2 C:\\xampp\\htdocs\\Lumen\\NewBikeBD03032020\\vendor\\illuminate\\database\\Query\\Builder.php(2132): Illuminate\\Database\\Connection->select('select * from `...', Array, true)
#3 C:\\xampp\\htdocs\\Lumen\\NewBikeBD03032020\\vendor\\illuminate\\database\\Query\\Builder.php(2120): Illuminate\\Database\\Query\\Builder->runSelect()
#4 C:\\xampp\\htdocs\\Lumen\\NewBikeBD03032020\\vendor\\illuminate\\database\\Query\\Builder.php(2592): Illuminate\\Database\\Query\\Builder->Illuminate\\Database\\Query\\{closure}()
#5 C:\\xampp\\htdocs\\Lumen\\NewBikeBD03032020\\vendor\\illuminate\\database\\Query\\Builder.php(2121): Illuminate\\Database\\Query\\Builder->onceWithColumns(Array, Object(Closure))
#6 C:\\xampp\\htdocs\\Lumen\\NewBikeBD03032020\\vendor\\illuminate\\database\\Eloquent\\Builder.php(537): Illuminate\\Database\\Query\\Builder->get(Array)
#7 C:\\xampp\\htdocs\\Lumen\\NewBikeBD03032020\\vendor\\illuminate\\database\\Eloquent\\Builder.php(521): Illuminate\\Database\\Eloquent\\Builder->getModels(Array)
#8 C:\\xampp\\htdocs\\Lumen\\NewBikeBD03032020\\app\\Http\\Controllers\\api\\v1\\admin\\CcController.php(17): Illuminate\\Database\\Eloquent\\Builder->get()
#9 [internal function]: App\\Http\\Controllers\\api\\v1\\admin\\CcController->index()
#10 C:\\xampp\\htdocs\\Lumen\\NewBikeBD03032020\\vendor\\illuminate\\container\\BoundMethod.php(32): call_user_func_array(Array, Array)
#11 C:\\xampp\\htdocs\\Lumen\\NewBikeBD03032020\\vendor\\illuminate\\container\\Util.php(36): Illuminate\\Container\\BoundMethod::Illuminate\\Container\\{closure}()
#12 C:\\xampp\\htdocs\\Lumen\\NewBikeBD03032020\\vendor\\illuminate\\container\\BoundMethod.php(90): Illuminate\\Container\\Util::unwrapIfClosure(Object(Closure))
#13 C:\\xampp\\htdocs\\Lumen\\NewBikeBD03032020\\vendor\\illuminate\\container\\BoundMethod.php(34): Illuminate\\Container\\BoundMethod::callBoundMethod(Object(Laravel\\Lumen\\Application), Array, Object(Closure))
#14 C:\\xampp\\htdocs\\Lumen\\NewBikeBD03032020\\vendor\\illuminate\\container\\Container.php(590): Illuminate\\Container\\BoundMethod::call(Object(Laravel\\Lumen\\Application), Array, Array, NULL)
#15 C:\\xampp\\htdocs\\Lumen\\NewBikeBD03032020\\vendor\\laravel\\lumen-framework\\src\\Concerns\\RoutesRequests.php(376): Illuminate\\Container\\Container->call(Array, Array)
#16 C:\\xampp\\htdocs\\Lumen\\NewBikeBD03032020\\vendor\\laravel\\lumen-framework\\src\\Concerns\\RoutesRequests.php(342): Laravel\\Lumen\\Application->callControllerCallable(Array, Array)
#17 C:\\xampp\\htdocs\\Lumen\\NewBikeBD03032020\\vendor\\laravel\\lumen-framework\\src\\Concerns\\RoutesRequests.php(316): Laravel\\Lumen\\Application->callLumenController(Object(App\\Http\\Controllers\\api\\v1\\admin\\CcController), 'index', Array)
#18 C:\\xampp\\htdocs\\Lumen\\NewBikeBD03032020\\vendor\\laravel\\lumen-framework\\src\\Concerns\\RoutesRequests.php(278): Laravel\\Lumen\\Application->callControllerAction(Array)
#19 C:\\xampp\\htdocs\\Lumen\\NewBikeBD03032020\\vendor\\laravel\\lumen-framework\\src\\Concerns\\RoutesRequests.php(258): Laravel\\Lumen\\Application->callActionOnArrayBasedRoute(Array)
#20 [internal function]: Laravel\\Lumen\\Application->Laravel\\Lumen\\Concerns\\{closure}(Object(Laravel\\Lumen\\Http\\Request))
#21 C:\\xampp\\htdocs\\Lumen\\NewBikeBD03032020\\vendor\\laravel\\lumen-framework\\src\\Routing\\Pipeline.php(52): call_user_func(Object(Closure), Object(Laravel\\Lumen\\Http\\Request))
#22 C:\\xampp\\htdocs\\Lumen\\NewBikeBD03032020\\app\\Http\\Middleware\\Admin.php(49): Laravel\\Lumen\\Routing\\Pipeline->Laravel\\Lumen\\Routing\\{closure}(Object(Laravel\\Lumen\\Http\\Request))
#23 C:\\xampp\\htdocs\\Lumen\\NewBikeBD03032020\\vendor\\illuminate\\pipeline\\Pipeline.php(171): App\\Http\\Middleware\\Admin->handle(Object(Laravel\\Lumen\\Http\\Request), Object(Closure))
#24 [internal function]: Illuminate\\Pipeline\\Pipeline->Illuminate\\Pipeline\\{closure}(Object(Laravel\\Lumen\\Http\\Request))
#25 C:\\xampp\\htdocs\\Lumen\\NewBikeBD03032020\\vendor\\laravel\\lumen-framework\\src\\Routing\\Pipeline.php(32): call_user_func(Object(Closure), Object(Laravel\\Lumen\\Http\\Request))
#26 C:\\xampp\\htdocs\\Lumen\\NewBikeBD03032020\\vendor\\illuminate\\pipeline\\Pipeline.php(105): Laravel\\Lumen\\Routing\\Pipeline->Laravel\\Lumen\\Routing\\{closure}(Object(Laravel\\Lumen\\Http\\Request))
#27 C:\\xampp\\htdocs\\Lumen\\NewBikeBD03032020\\vendor\\laravel\\lumen-framework\\src\\Concerns\\RoutesRequests.php(413): Illuminate\\Pipeline\\Pipeline->then(Object(Closure))
#28 C:\\xampp\\htdocs\\Lumen\\NewBikeBD03032020\\vendor\\laravel\\lumen-framework\\src\\Concerns\\RoutesRequests.php(259): Laravel\\Lumen\\Application->sendThroughPipeline(Array, Object(Closure))
#29 C:\\xampp\\htdocs\\Lumen\\NewBikeBD03032020\\vendor\\laravel\\lumen-framework\\src\\Concerns\\RoutesRequests.php(165): Laravel\\Lumen\\Application->handleFoundRoute(Array)
#30 C:\\xampp\\htdocs\\Lumen\\NewBikeBD03032020\\vendor\\laravel\\lumen-framework\\src\\Concerns\\RoutesRequests.php(416): Laravel\\Lumen\\Application->Laravel\\Lumen\\Concerns\\{closure}(Object(Laravel\\Lumen\\Http\\Request))
#31 C:\\xampp\\htdocs\\Lumen\\NewBikeBD03032020\\vendor\\laravel\\lumen-framework\\src\\Concerns\\RoutesRequests.php(171): Laravel\\Lumen\\Application->sendThroughPipeline(Array, Object(Closure))
#32 C:\\xampp\\htdocs\\Lumen\\NewBikeBD03032020\\vendor\\laravel\\lumen-framework\\src\\Concerns\\RoutesRequests.php(108): Laravel\\Lumen\\Application->dispatch(NULL)
#33 C:\\xampp\\htdocs\\Lumen\\NewBikeBD03032020\\public\\index.php(28): Laravel\\Lumen\\Application->run()
#34 {main}

[previous exception] [object] (PDOException(code: 42S02): SQLSTATE[42S02]: Base table or view not found: 1146 Table 'bikebdnew.ccs' doesn't exist at C:\\xampp\\htdocs\\Lumen\\NewBikeBD03032020\\vendor\\illuminate\\database\\Connection.php:331)
[stacktrace]
#0 C:\\xampp\\htdocs\\Lumen\\NewBikeBD03032020\\vendor\\illuminate\\database\\Connection.php(331): PDO->prepare('select * from `...')
#1 C:\\xampp\\htdocs\\Lumen\\NewBikeBD03032020\\vendor\\illuminate\\database\\Connection.php(662): Illuminate\\Database\\Connection->Illuminate\\Database\\{closure}('select * from `...', Array)
#2 C:\\xampp\\htdocs\\Lumen\\NewBikeBD03032020\\vendor\\illuminate\\database\\Connection.php(629): Illuminate\\Database\\Connection->runQueryCallback('select * from `...', Array, Object(Closure))
#3 C:\\xampp\\htdocs\\Lumen\\NewBikeBD03032020\\vendor\\illuminate\\database\\Connection.php(338): Illuminate\\Database\\Connection->run('select * from `...', Array, Object(Closure))
#4 C:\\xampp\\htdocs\\Lumen\\NewBikeBD03032020\\vendor\\illuminate\\database\\Query\\Builder.php(2132): Illuminate\\Database\\Connection->select('select * from `...', Array, true)
#5 C:\\xampp\\htdocs\\Lumen\\NewBikeBD03032020\\vendor\\illuminate\\database\\Query\\Builder.php(2120): Illuminate\\Database\\Query\\Builder->runSelect()
#6 C:\\xampp\\htdocs\\Lumen\\NewBikeBD03032020\\vendor\\illuminate\\database\\Query\\Builder.php(2592): Illuminate\\Database\\Query\\Builder->Illuminate\\Database\\Query\\{closure}()
#7 C:\\xampp\\htdocs\\Lumen\\NewBikeBD03032020\\vendor\\illuminate\\database\\Query\\Builder.php(2121): Illuminate\\Database\\Query\\Builder->onceWithColumns(Array, Object(Closure))
#8 C:\\xampp\\htdocs\\Lumen\\NewBikeBD03032020\\vendor\\illuminate\\database\\Eloquent\\Builder.php(537): Illuminate\\Database\\Query\\Builder->get(Array)
#9 C:\\xampp\\htdocs\\Lumen\\NewBikeBD03032020\\vendor\\illuminate\\database\\Eloquent\\Builder.php(521): Illuminate\\Database\\Eloquent\\Builder->getModels(Array)
#10 C:\\xampp\\htdocs\\Lumen\\NewBikeBD03032020\\app\\Http\\Controllers\\api\\v1\\admin\\CcController.php(17): Illuminate\\Database\\Eloquent\\Builder->get()
#11 [internal function]: App\\Http\\Controllers\\api\\v1\\admin\\CcController->index()
#12 C:\\xampp\\htdocs\\Lumen\\NewBikeBD03032020\\vendor\\illuminate\\container\\BoundMethod.php(32): call_user_func_array(Array, Array)
#13 C:\\xampp\\htdocs\\Lumen\\NewBikeBD03032020\\vendor\\illuminate\\container\\Util.php(36): Illuminate\\Container\\BoundMethod::Illuminate\\Container\\{closure}()
#14 C:\\xampp\\htdocs\\Lumen\\NewBikeBD03032020\\vendor\\illuminate\\container\\BoundMethod.php(90): Illuminate\\Container\\Util::unwrapIfClosure(Object(Closure))
#15 C:\\xampp\\htdocs\\Lumen\\NewBikeBD03032020\\vendor\\illuminate\\container\\BoundMethod.php(34): Illuminate\\Container\\BoundMethod::callBoundMethod(Object(Laravel\\Lumen\\Application), Array, Object(Closure))
#16 C:\\xampp\\htdocs\\Lumen\\NewBikeBD03032020\\vendor\\illuminate\\container\\Container.php(590): Illuminate\\Container\\BoundMethod::call(Object(Laravel\\Lumen\\Application), Array, Array, NULL)
#17 C:\\xampp\\htdocs\\Lumen\\NewBikeBD03032020\\vendor\\laravel\\lumen-framework\\src\\Concerns\\RoutesRequests.php(376): Illuminate\\Container\\Container->call(Array, Array)
#18 C:\\xampp\\htdocs\\Lumen\\NewBikeBD03032020\\vendor\\laravel\\lumen-framework\\src\\Concerns\\RoutesRequests.php(342): Laravel\\Lumen\\Application->callControllerCallable(Array, Array)
#19 C:\\xampp\\htdocs\\Lumen\\NewBikeBD03032020\\vendor\\laravel\\lumen-framework\\src\\Concerns\\RoutesRequests.php(316): Laravel\\Lumen\\Application->callLumenController(Object(App\\Http\\Controllers\\api\\v1\\admin\\CcController), 'index', Array)
#20 C:\\xampp\\htdocs\\Lumen\\NewBikeBD03032020\\vendor\\laravel\\lumen-framework\\src\\Concerns\\RoutesRequests.php(278): Laravel\\Lumen\\Application->callControllerAction(Array)
#21 C:\\xampp\\htdocs\\Lumen\\NewBikeBD03032020\\vendor\\laravel\\lumen-framework\\src\\Concerns\\RoutesRequests.php(258): Laravel\\Lumen\\Application->callActionOnArrayBasedRoute(Array)
#22 [internal function]: Laravel\\Lumen\\Application->Laravel\\Lumen\\Concerns\\{closure}(Object(Laravel\\Lumen\\Http\\Request))
#23 C:\\xampp\\htdocs\\Lumen\\NewBikeBD03032020\\vendor\\laravel\\lumen-framework\\src\\Routing\\Pipeline.php(52): call_user_func(Object(Closure), Object(Laravel\\Lumen\\Http\\Request))
#24 C:\\xampp\\htdocs\\Lumen\\NewBikeBD03032020\\app\\Http\\Middleware\\Admin.php(49): Laravel\\Lumen\\Routing\\Pipeline->Laravel\\Lumen\\Routing\\{closure}(Object(Laravel\\Lumen\\Http\\Request))
#25 C:\\xampp\\htdocs\\Lumen\\NewBikeBD03032020\\vendor\\illuminate\\pipeline\\Pipeline.php(171): App\\Http\\Middleware\\Admin->handle(Object(Laravel\\Lumen\\Http\\Request), Object(Closure))
#26 [internal function]: Illuminate\\Pipeline\\Pipeline->Illuminate\\Pipeline\\{closure}(Object(Laravel\\Lumen\\Http\\Request))
#27 C:\\xampp\\htdocs\\Lumen\\NewBikeBD03032020\\vendor\\laravel\\lumen-framework\\src\\Routing\\Pipeline.php(32): call_user_func(Object(Closure), Object(Laravel\\Lumen\\Http\\Request))
#28 C:\\xampp\\htdocs\\Lumen\\NewBikeBD03032020\\vendor\\illuminate\\pipeline\\Pipeline.php(105): Laravel\\Lumen\\Routing\\Pipeline->Laravel\\Lumen\\Routing\\{closure}(Object(Laravel\\Lumen\\Http\\Request))
#29 C:\\xampp\\htdocs\\Lumen\\NewBikeBD03032020\\vendor\\laravel\\lumen-framework\\src\\Concerns\\RoutesRequests.php(413): Illuminate\\Pipeline\\Pipeline->then(Object(Closure))
#30 C:\\xampp\\htdocs\\Lumen\\NewBikeBD03032020\\vendor\\laravel\\lumen-framework\\src\\Concerns\\RoutesRequests.php(259): Laravel\\Lumen\\Application->sendThroughPipeline(Array, Object(Closure))
#31 C:\\xampp\\htdocs\\Lumen\\NewBikeBD03032020\\vendor\\laravel\\lumen-framework\\src\\Concerns\\RoutesRequests.php(165): Laravel\\Lumen\\Application->handleFoundRoute(Array)
#32 C:\\xampp\\htdocs\\Lumen\\NewBikeBD03032020\\vendor\\laravel\\lumen-framework\\src\\Concerns\\RoutesRequests.php(416): Laravel\\Lumen\\Application->Laravel\\Lumen\\Concerns\\{closure}(Object(Laravel\\Lumen\\Http\\Request))
#33 C:\\xampp\\htdocs\\Lumen\\NewBikeBD03032020\\vendor\\laravel\\lumen-framework\\src\\Concerns\\RoutesRequests.php(171): Laravel\\Lumen\\Application->sendThroughPipeline(Array, Object(Closure))
#34 C:\\xampp\\htdocs\\Lumen\\NewBikeBD03032020\\vendor\\laravel\\lumen-framework\\src\\Concerns\\RoutesRequests.php(108): Laravel\\Lumen\\Application->dispatch(NULL)
#35 C:\\xampp\\htdocs\\Lumen\\NewBikeBD03032020\\public\\index.php(28): Laravel\\Lumen\\Application->run()
#36 {main}
"} 
[2020-03-08 10:07:46] local.ERROR: Symfony\Component\Debug\Exception\FatalThrowableError: Class 'App\Ftcapacity' not found in C:\xampp\htdocs\Lumen\NewBikeBD03032020\app\Http\Controllers\api\v1\admin\FtcapacityController.php:14
Stack trace:
#0 [internal function]: App\Http\Controllers\api\v1\admin\FtcapacityController->index()
#1 C:\xampp\htdocs\Lumen\NewBikeBD03032020\vendor\illuminate\container\BoundMethod.php(32): call_user_func_array(Array, Array)
#2 C:\xampp\htdocs\Lumen\NewBikeBD03032020\vendor\illuminate\container\Util.php(36): Illuminate\Container\BoundMethod::Illuminate\Container\{closure}()
#3 C:\xampp\htdocs\Lumen\NewBikeBD03032020\vendor\illuminate\container\BoundMethod.php(90): Illuminate\Container\Util::unwrapIfClosure(Object(Closure))
#4 C:\xampp\htdocs\Lumen\NewBikeBD03032020\vendor\illuminate\container\BoundMethod.php(34): Illuminate\Container\BoundMethod::callBoundMethod(Object(Laravel\Lumen\Application), Array, Object(Closure))
#5 C:\xampp\htdocs\Lumen\NewBikeBD03032020\vendor\illuminate\container\Container.php(590): Illuminate\Container\BoundMethod::call(Object(Laravel\Lumen\Application), Array, Array, NULL)
#6 C:\xampp\htdocs\Lumen\NewBikeBD03032020\vendor\laravel\lumen-framework\src\Concerns\RoutesRequests.php(376): Illuminate\Container\Container->call(Array, Array)
#7 C:\xampp\htdocs\Lumen\NewBikeBD03032020\vendor\laravel\lumen-framework\src\Concerns\RoutesRequests.php(342): Laravel\Lumen\Application->callControllerCallable(Array, Array)
#8 C:\xampp\htdocs\Lumen\NewBikeBD03032020\vendor\laravel\lumen-framework\src\Concerns\RoutesRequests.php(316): Laravel\Lumen\Application->callLumenController(Object(App\Http\Controllers\api\v1\admin\FtcapacityController), 'index', Array)
#9 C:\xampp\htdocs\Lumen\NewBikeBD03032020\vendor\laravel\lumen-framework\src\Concerns\RoutesRequests.php(278): Laravel\Lumen\Application->callControllerAction(Array)
#10 C:\xampp\htdocs\Lumen\NewBikeBD03032020\vendor\laravel\lumen-framework\src\Concerns\RoutesRequests.php(258): Laravel\Lumen\Application->callActionOnArrayBasedRoute(Array)
#11 [internal function]: Laravel\Lumen\Application->Laravel\Lumen\Concerns\{closure}(Object(Laravel\Lumen\Http\Request))
#12 C:\xampp\htdocs\Lumen\NewBikeBD03032020\vendor\laravel\lumen-framework\src\Routing\Pipeline.php(52): call_user_func(Object(Closure), Object(Laravel\Lumen\Http\Request))
#13 C:\xampp\htdocs\Lumen\NewBikeBD03032020\app\Http\Middleware\Admin.php(49): Laravel\Lumen\Routing\Pipeline->Laravel\Lumen\Routing\{closure}(Object(Laravel\Lumen\Http\Request))
#14 C:\xampp\htdocs\Lumen\NewBikeBD03032020\vendor\illuminate\pipeline\Pipeline.php(171): App\Http\Middleware\Admin->handle(Object(Laravel\Lumen\Http\Request), Object(Closure))
#15 [internal function]: Illuminate\Pipeline\Pipeline->Illuminate\Pipeline\{closure}(Object(Laravel\Lumen\Http\Request))
#16 C:\xampp\htdocs\Lumen\NewBikeBD03032020\vendor\laravel\lumen-framework\src\Routing\Pipeline.php(32): call_user_func(Object(Closure), Object(Laravel\Lumen\Http\Request))
#17 C:\xampp\htdocs\Lumen\NewBikeBD03032020\vendor\illuminate\pipeline\Pipeline.php(105): Laravel\Lumen\Routing\Pipeline->Laravel\Lumen\Routing\{closure}(Object(Laravel\Lumen\Http\Request))
#18 C:\xampp\htdocs\Lumen\NewBikeBD03032020\vendor\laravel\lumen-framework\src\Concerns\RoutesRequests.php(413): Illuminate\Pipeline\Pipeline->then(Object(Closure))
#19 C:\xampp\htdocs\Lumen\NewBikeBD03032020\vendor\laravel\lumen-framework\src\Concerns\RoutesRequests.php(259): Laravel\Lumen\Application->sendThroughPipeline(Array, Object(Closure))
#20 C:\xampp\htdocs\Lumen\NewBikeBD03032020\vendor\laravel\lumen-framework\src\Concerns\RoutesRequests.php(165): Laravel\Lumen\Application->handleFoundRoute(Array)
#21 C:\xampp\htdocs\Lumen\NewBikeBD03032020\vendor\laravel\lumen-framework\src\Concerns\RoutesRequests.php(416): Laravel\Lumen\Application->Laravel\Lumen\Concerns\{closure}(Object(Laravel\Lumen\Http\Request))
#22 C:\xampp\htdocs\Lumen\NewBikeBD03032020\vendor\laravel\lumen-framework\src\Concerns\RoutesRequests.php(171): Laravel\Lumen\Application->sendThroughPipeline(Array, Object(Closure))
#23 C:\xampp\htdocs\Lumen\NewBikeBD03032020\vendor\laravel\lumen-framework\src\Concerns\RoutesRequests.php(108): Laravel\Lumen\Application->dispatch(NULL)
#24 C:\xampp\htdocs\Lumen\NewBikeBD03032020\public\index.php(28): Laravel\Lumen\Application->run()
#25 {main} {"exception":"[object] (Symfony\\Component\\Debug\\Exception\\FatalThrowableError(code: 0): Class 'App\\Ftcapacity' not found at C:\\xampp\\htdocs\\Lumen\\NewBikeBD03032020\\app\\Http\\Controllers\\api\\v1\\admin\\FtcapacityController.php:14)
[stacktrace]
#0 [internal function]: App\\Http\\Controllers\\api\\v1\\admin\\FtcapacityController->index()
#1 C:\\xampp\\htdocs\\Lumen\\NewBikeBD03032020\\vendor\\illuminate\\container\\BoundMethod.php(32): call_user_func_array(Array, Array)
#2 C:\\xampp\\htdocs\\Lumen\\NewBikeBD03032020\\vendor\\illuminate\\container\\Util.php(36): Illuminate\\Container\\BoundMethod::Illuminate\\Container\\{closure}()
#3 C:\\xampp\\htdocs\\Lumen\\NewBikeBD03032020\\vendor\\illuminate\\container\\BoundMethod.php(90): Illuminate\\Container\\Util::unwrapIfClosure(Object(Closure))
#4 C:\\xampp\\htdocs\\Lumen\\NewBikeBD03032020\\vendor\\illuminate\\container\\BoundMethod.php(34): Illuminate\\Container\\BoundMethod::callBoundMethod(Object(Laravel\\Lumen\\Application), Array, Object(Closure))
#5 C:\\xampp\\htdocs\\Lumen\\NewBikeBD03032020\\vendor\\illuminate\\container\\Container.php(590): Illuminate\\Container\\BoundMethod::call(Object(Laravel\\Lumen\\Application), Array, Array, NULL)
#6 C:\\xampp\\htdocs\\Lumen\\NewBikeBD03032020\\vendor\\laravel\\lumen-framework\\src\\Concerns\\RoutesRequests.php(376): Illuminate\\Container\\Container->call(Array, Array)
#7 C:\\xampp\\htdocs\\Lumen\\NewBikeBD03032020\\vendor\\laravel\\lumen-framework\\src\\Concerns\\RoutesRequests.php(342): Laravel\\Lumen\\Application->callControllerCallable(Array, Array)
#8 C:\\xampp\\htdocs\\Lumen\\NewBikeBD03032020\\vendor\\laravel\\lumen-framework\\src\\Concerns\\RoutesRequests.php(316): Laravel\\Lumen\\Application->callLumenController(Object(App\\Http\\Controllers\\api\\v1\\admin\\FtcapacityController), 'index', Array)
#9 C:\\xampp\\htdocs\\Lumen\\NewBikeBD03032020\\vendor\\laravel\\lumen-framework\\src\\Concerns\\RoutesRequests.php(278): Laravel\\Lumen\\Application->callControllerAction(Array)
#10 C:\\xampp\\htdocs\\Lumen\\NewBikeBD03032020\\vendor\\laravel\\lumen-framework\\src\\Concerns\\RoutesRequests.php(258): Laravel\\Lumen\\Application->callActionOnArrayBasedRoute(Array)
#11 [internal function]: Laravel\\Lumen\\Application->Laravel\\Lumen\\Concerns\\{closure}(Object(Laravel\\Lumen\\Http\\Request))
#12 C:\\xampp\\htdocs\\Lumen\\NewBikeBD03032020\\vendor\\laravel\\lumen-framework\\src\\Routing\\Pipeline.php(52): call_user_func(Object(Closure), Object(Laravel\\Lumen\\Http\\Request))
#13 C:\\xampp\\htdocs\\Lumen\\NewBikeBD03032020\\app\\Http\\Middleware\\Admin.php(49): Laravel\\Lumen\\Routing\\Pipeline->Laravel\\Lumen\\Routing\\{closure}(Object(Laravel\\Lumen\\Http\\Request))
#14 C:\\xampp\\htdocs\\Lumen\\NewBikeBD03032020\\vendor\\illuminate\\pipeline\\Pipeline.php(171): App\\Http\\Middleware\\Admin->handle(Object(Laravel\\Lumen\\Http\\Request), Object(Closure))
#15 [internal function]: Illuminate\\Pipeline\\Pipeline->Illuminate\\Pipeline\\{closure}(Object(Laravel\\Lumen\\Http\\Request))
#16 C:\\xampp\\htdocs\\Lumen\\NewBikeBD03032020\\vendor\\laravel\\lumen-framework\\src\\Routing\\Pipeline.php(32): call_user_func(Object(Closure), Object(Laravel\\Lumen\\Http\\Request))
#17 C:\\xampp\\htdocs\\Lumen\\NewBikeBD03032020\\vendor\\illuminate\\pipeline\\Pipeline.php(105): Laravel\\Lumen\\Routing\\Pipeline->Laravel\\Lumen\\Routing\\{closure}(Object(Laravel\\Lumen\\Http\\Request))
#18 C:\\xampp\\htdocs\\Lumen\\NewBikeBD03032020\\vendor\\laravel\\lumen-framework\\src\\Concerns\\RoutesRequests.php(413): Illuminate\\Pipeline\\Pipeline->then(Object(Closure))
#19 C:\\xampp\\htdocs\\Lumen\\NewBikeBD03032020\\vendor\\laravel\\lumen-framework\\src\\Concerns\\RoutesRequests.php(259): Laravel\\Lumen\\Application->sendThroughPipeline(Array, Object(Closure))
#20 C:\\xampp\\htdocs\\Lumen\\NewBikeBD03032020\\vendor\\laravel\\lumen-framework\\src\\Concerns\\RoutesRequests.php(165): Laravel\\Lumen\\Application->handleFoundRoute(Array)
#21 C:\\xampp\\htdocs\\Lumen\\NewBikeBD03032020\\vendor\\laravel\\lumen-framework\\src\\Concerns\\RoutesRequests.php(416): Laravel\\Lumen\\Application->Laravel\\Lumen\\Concerns\\{closure}(Object(Laravel\\Lumen\\Http\\Request))
#22 C:\\xampp\\htdocs\\Lumen\\NewBikeBD03032020\\vendor\\laravel\\lumen-framework\\src\\Concerns\\RoutesRequests.php(171): Laravel\\Lumen\\Application->sendThroughPipeline(Array, Object(Closure))
#23 C:\\xampp\\htdocs\\Lumen\\NewBikeBD03032020\\vendor\\laravel\\lumen-framework\\src\\Concerns\\RoutesRequests.php(108): Laravel\\Lumen\\Application->dispatch(NULL)
#24 C:\\xampp\\htdocs\\Lumen\\NewBikeBD03032020\\public\\index.php(28): Laravel\\Lumen\\Application->run()
#25 {main}
"} 
[2020-03-08 10:07:51] local.ERROR: Symfony\Component\Debug\Exception\FatalThrowableError: Class 'App\Ftcapacity' not found in C:\xampp\htdocs\Lumen\NewBikeBD03032020\app\Http\Controllers\api\v1\admin\FtcapacityController.php:58
Stack trace:
#0 [internal function]: App\Http\Controllers\api\v1\admin\FtcapacityController->store(Object(Laravel\Lumen\Http\Request))
#1 C:\xampp\htdocs\Lumen\NewBikeBD03032020\vendor\illuminate\container\BoundMethod.php(32): call_user_func_array(Array, Array)
#2 C:\xampp\htdocs\Lumen\NewBikeBD03032020\vendor\illuminate\container\Util.php(36): Illuminate\Container\BoundMethod::Illuminate\Container\{closure}()
#3 C:\xampp\htdocs\Lumen\NewBikeBD03032020\vendor\illuminate\container\BoundMethod.php(90): Illuminate\Container\Util::unwrapIfClosure(Object(Closure))
#4 C:\xampp\htdocs\Lumen\NewBikeBD03032020\vendor\illuminate\container\BoundMethod.php(34): Illuminate\Container\BoundMethod::callBoundMethod(Object(Laravel\Lumen\Application), Array, Object(Closure))
#5 C:\xampp\htdocs\Lumen\NewBikeBD03032020\vendor\illuminate\container\Container.php(590): Illuminate\Container\BoundMethod::call(Object(Laravel\Lumen\Application), Array, Array, NULL)
#6 C:\xampp\htdocs\Lumen\NewBikeBD03032020\vendor\laravel\lumen-framework\src\Concerns\RoutesRequests.php(376): Illuminate\Container\Container->call(Array, Array)
#7 C:\xampp\htdocs\Lumen\NewBikeBD03032020\vendor\laravel\lumen-framework\src\Concerns\RoutesRequests.php(342): Laravel\Lumen\Application->callControllerCallable(Array, Array)
#8 C:\xampp\htdocs\Lumen\NewBikeBD03032020\vendor\laravel\lumen-framework\src\Concerns\RoutesRequests.php(316): Laravel\Lumen\Application->callLumenController(Object(App\Http\Controllers\api\v1\admin\FtcapacityController), 'store', Array)
#9 C:\xampp\htdocs\Lumen\NewBikeBD03032020\vendor\laravel\lumen-framework\src\Concerns\RoutesRequests.php(278): Laravel\Lumen\Application->callControllerAction(Array)
#10 C:\xampp\htdocs\Lumen\NewBikeBD03032020\vendor\laravel\lumen-framework\src\Concerns\RoutesRequests.php(258): Laravel\Lumen\Application->callActionOnArrayBasedRoute(Array)
#11 [internal function]: Laravel\Lumen\Application->Laravel\Lumen\Concerns\{closure}(Object(Laravel\Lumen\Http\Request))
#12 C:\xampp\htdocs\Lumen\NewBikeBD03032020\vendor\laravel\lumen-framework\src\Routing\Pipeline.php(52): call_user_func(Object(Closure), Object(Laravel\Lumen\Http\Request))
#13 C:\xampp\htdocs\Lumen\NewBikeBD03032020\app\Http\Middleware\Admin.php(49): Laravel\Lumen\Routing\Pipeline->Laravel\Lumen\Routing\{closure}(Object(Laravel\Lumen\Http\Request))
#14 C:\xampp\htdocs\Lumen\NewBikeBD03032020\vendor\illuminate\pipeline\Pipeline.php(171): App\Http\Middleware\Admin->handle(Object(Laravel\Lumen\Http\Request), Object(Closure))
#15 [internal function]: Illuminate\Pipeline\Pipeline->Illuminate\Pipeline\{closure}(Object(Laravel\Lumen\Http\Request))
#16 C:\xampp\htdocs\Lumen\NewBikeBD03032020\vendor\laravel\lumen-framework\src\Routing\Pipeline.php(32): call_user_func(Object(Closure), Object(Laravel\Lumen\Http\Request))
#17 C:\xampp\htdocs\Lumen\NewBikeBD03032020\vendor\illuminate\pipeline\Pipeline.php(105): Laravel\Lumen\Routing\Pipeline->Laravel\Lumen\Routing\{closure}(Object(Laravel\Lumen\Http\Request))
#18 C:\xampp\htdocs\Lumen\NewBikeBD03032020\vendor\laravel\lumen-framework\src\Concerns\RoutesRequests.php(413): Illuminate\Pipeline\Pipeline->then(Object(Closure))
#19 C:\xampp\htdocs\Lumen\NewBikeBD03032020\vendor\laravel\lumen-framework\src\Concerns\RoutesRequests.php(259): Laravel\Lumen\Application->sendThroughPipeline(Array, Object(Closure))
#20 C:\xampp\htdocs\Lumen\NewBikeBD03032020\vendor\laravel\lumen-framework\src\Concerns\RoutesRequests.php(165): Laravel\Lumen\Application->handleFoundRoute(Array)
#21 C:\xampp\htdocs\Lumen\NewBikeBD03032020\vendor\laravel\lumen-framework\src\Concerns\RoutesRequests.php(416): Laravel\Lumen\Application->Laravel\Lumen\Concerns\{closure}(Object(Laravel\Lumen\Http\Request))
#22 C:\xampp\htdocs\Lumen\NewBikeBD03032020\vendor\laravel\lumen-framework\src\Concerns\RoutesRequests.php(171): Laravel\Lumen\Application->sendThroughPipeline(Array, Object(Closure))
#23 C:\xampp\htdocs\Lumen\NewBikeBD03032020\vendor\laravel\lumen-framework\src\Concerns\RoutesRequests.php(108): Laravel\Lumen\Application->dispatch(NULL)
#24 C:\xampp\htdocs\Lumen\NewBikeBD03032020\public\index.php(28): Laravel\Lumen\Application->run()
#25 {main} {"exception":"[object] (Symfony\\Component\\Debug\\Exception\\FatalThrowableError(code: 0): Class 'App\\Ftcapacity' not found at C:\\xampp\\htdocs\\Lumen\\NewBikeBD03032020\\app\\Http\\Controllers\\api\\v1\\admin\\FtcapacityController.php:58)
[stacktrace]
#0 [internal function]: App\\Http\\Controllers\\api\\v1\\admin\\FtcapacityController->store(Object(Laravel\\Lumen\\Http\\Request))
#1 C:\\xampp\\htdocs\\Lumen\\NewBikeBD03032020\\vendor\\illuminate\\container\\BoundMethod.php(32): call_user_func_array(Array, Array)
#2 C:\\xampp\\htdocs\\Lumen\\NewBikeBD03032020\\vendor\\illuminate\\container\\Util.php(36): Illuminate\\Container\\BoundMethod::Illuminate\\Container\\{closure}()
#3 C:\\xampp\\htdocs\\Lumen\\NewBikeBD03032020\\vendor\\illuminate\\container\\BoundMethod.php(90): Illuminate\\Container\\Util::unwrapIfClosure(Object(Closure))
#4 C:\\xampp\\htdocs\\Lumen\\NewBikeBD03032020\\vendor\\illuminate\\container\\BoundMethod.php(34): Illuminate\\Container\\BoundMethod::callBoundMethod(Object(Laravel\\Lumen\\Application), Array, Object(Closure))
#5 C:\\xampp\\htdocs\\Lumen\\NewBikeBD03032020\\vendor\\illuminate\\container\\Container.php(590): Illuminate\\Container\\BoundMethod::call(Object(Laravel\\Lumen\\Application), Array, Array, NULL)
#6 C:\\xampp\\htdocs\\Lumen\\NewBikeBD03032020\\vendor\\laravel\\lumen-framework\\src\\Concerns\\RoutesRequests.php(376): Illuminate\\Container\\Container->call(Array, Array)
#7 C:\\xampp\\htdocs\\Lumen\\NewBikeBD03032020\\vendor\\laravel\\lumen-framework\\src\\Concerns\\RoutesRequests.php(342): Laravel\\Lumen\\Application->callControllerCallable(Array, Array)
#8 C:\\xampp\\htdocs\\Lumen\\NewBikeBD03032020\\vendor\\laravel\\lumen-framework\\src\\Concerns\\RoutesRequests.php(316): Laravel\\Lumen\\Application->callLumenController(Object(App\\Http\\Controllers\\api\\v1\\admin\\FtcapacityController), 'store', Array)
#9 C:\\xampp\\htdocs\\Lumen\\NewBikeBD03032020\\vendor\\laravel\\lumen-framework\\src\\Concerns\\RoutesRequests.php(278): Laravel\\Lumen\\Application->callControllerAction(Array)
#10 C:\\xampp\\htdocs\\Lumen\\NewBikeBD03032020\\vendor\\laravel\\lumen-framework\\src\\Concerns\\RoutesRequests.php(258): Laravel\\Lumen\\Application->callActionOnArrayBasedRoute(Array)
#11 [internal function]: Laravel\\Lumen\\Application->Laravel\\Lumen\\Concerns\\{closure}(Object(Laravel\\Lumen\\Http\\Request))
#12 C:\\xampp\\htdocs\\Lumen\\NewBikeBD03032020\\vendor\\laravel\\lumen-framework\\src\\Routing\\Pipeline.php(52): call_user_func(Object(Closure), Object(Laravel\\Lumen\\Http\\Request))
#13 C:\\xampp\\htdocs\\Lumen\\NewBikeBD03032020\\app\\Http\\Middleware\\Admin.php(49): Laravel\\Lumen\\Routing\\Pipeline->Laravel\\Lumen\\Routing\\{closure}(Object(Laravel\\Lumen\\Http\\Request))
#14 C:\\xampp\\htdocs\\Lumen\\NewBikeBD03032020\\vendor\\illuminate\\pipeline\\Pipeline.php(171): App\\Http\\Middleware\\Admin->handle(Object(Laravel\\Lumen\\Http\\Request), Object(Closure))
#15 [internal function]: Illuminate\\Pipeline\\Pipeline->Illuminate\\Pipeline\\{closure}(Object(Laravel\\Lumen\\Http\\Request))
#16 C:\\xampp\\htdocs\\Lumen\\NewBikeBD03032020\\vendor\\laravel\\lumen-framework\\src\\Routing\\Pipeline.php(32): call_user_func(Object(Closure), Object(Laravel\\Lumen\\Http\\Request))
#17 C:\\xampp\\htdocs\\Lumen\\NewBikeBD03032020\\vendor\\illuminate\\pipeline\\Pipeline.php(105): Laravel\\Lumen\\Routing\\Pipeline->Laravel\\Lumen\\Routing\\{closure}(Object(Laravel\\Lumen\\Http\\Request))
#18 C:\\xampp\\htdocs\\Lumen\\NewBikeBD03032020\\vendor\\laravel\\lumen-framework\\src\\Concerns\\RoutesRequests.php(413): Illuminate\\Pipeline\\Pipeline->then(Object(Closure))
#19 C:\\xampp\\htdocs\\Lumen\\NewBikeBD03032020\\vendor\\laravel\\lumen-framework\\src\\Concerns\\RoutesRequests.php(259): Laravel\\Lumen\\Application->sendThroughPipeline(Array, Object(Closure))
#20 C:\\xampp\\htdocs\\Lumen\\NewBikeBD03032020\\vendor\\laravel\\lumen-framework\\src\\Concerns\\RoutesRequests.php(165): Laravel\\Lumen\\Application->handleFoundRoute(Array)
#21 C:\\xampp\\htdocs\\Lumen\\NewBikeBD03032020\\vendor\\laravel\\lumen-framework\\src\\Concerns\\RoutesRequests.php(416): Laravel\\Lumen\\Application->Laravel\\Lumen\\Concerns\\{closure}(Object(Laravel\\Lumen\\Http\\Request))
#22 C:\\xampp\\htdocs\\Lumen\\NewBikeBD03032020\\vendor\\laravel\\lumen-framework\\src\\Concerns\\RoutesRequests.php(171): Laravel\\Lumen\\Application->sendThroughPipeline(Array, Object(Closure))
#23 C:\\xampp\\htdocs\\Lumen\\NewBikeBD03032020\\vendor\\laravel\\lumen-framework\\src\\Concerns\\RoutesRequests.php(108): Laravel\\Lumen\\Application->dispatch(NULL)
#24 C:\\xampp\\htdocs\\Lumen\\NewBikeBD03032020\\public\\index.php(28): Laravel\\Lumen\\Application->run()
#25 {main}
"} 
[2020-03-08 10:09:17] local.ERROR: Symfony\Component\Debug\Exception\FatalThrowableError: Class 'App\Http\Controllers\api\v1\admin\Bettertvoltage' not found in C:\xampp\htdocs\Lumen\NewBikeBD03032020\app\Http\Controllers\api\v1\admin\BetteryvoltageController.php:100
Stack trace:
#0 [internal function]: App\Http\Controllers\api\v1\admin\BetteryvoltageController->edit('1')
#1 C:\xampp\htdocs\Lumen\NewBikeBD03032020\vendor\illuminate\container\BoundMethod.php(32): call_user_func_array(Array, Array)
#2 C:\xampp\htdocs\Lumen\NewBikeBD03032020\vendor\illuminate\container\Util.php(36): Illuminate\Container\BoundMethod::Illuminate\Container\{closure}()
#3 C:\xampp\htdocs\Lumen\NewBikeBD03032020\vendor\illuminate\container\BoundMethod.php(90): Illuminate\Container\Util::unwrapIfClosure(Object(Closure))
#4 C:\xampp\htdocs\Lumen\NewBikeBD03032020\vendor\illuminate\container\BoundMethod.php(34): Illuminate\Container\BoundMethod::callBoundMethod(Object(Laravel\Lumen\Application), Array, Object(Closure))
#5 C:\xampp\htdocs\Lumen\NewBikeBD03032020\vendor\illuminate\container\Container.php(590): Illuminate\Container\BoundMethod::call(Object(Laravel\Lumen\Application), Array, Array, NULL)
#6 C:\xampp\htdocs\Lumen\NewBikeBD03032020\vendor\laravel\lumen-framework\src\Concerns\RoutesRequests.php(376): Illuminate\Container\Container->call(Array, Array)
#7 C:\xampp\htdocs\Lumen\NewBikeBD03032020\vendor\laravel\lumen-framework\src\Concerns\RoutesRequests.php(342): Laravel\Lumen\Application->callControllerCallable(Array, Array)
#8 C:\xampp\htdocs\Lumen\NewBikeBD03032020\vendor\laravel\lumen-framework\src\Concerns\RoutesRequests.php(316): Laravel\Lumen\Application->callLumenController(Object(App\Http\Controllers\api\v1\admin\BetteryvoltageController), 'edit', Array)
#9 C:\xampp\htdocs\Lumen\NewBikeBD03032020\vendor\laravel\lumen-framework\src\Concerns\RoutesRequests.php(278): Laravel\Lumen\Application->callControllerAction(Array)
#10 C:\xampp\htdocs\Lumen\NewBikeBD03032020\vendor\laravel\lumen-framework\src\Concerns\RoutesRequests.php(258): Laravel\Lumen\Application->callActionOnArrayBasedRoute(Array)
#11 [internal function]: Laravel\Lumen\Application->Laravel\Lumen\Concerns\{closure}(Object(Laravel\Lumen\Http\Request))
#12 C:\xampp\htdocs\Lumen\NewBikeBD03032020\vendor\laravel\lumen-framework\src\Routing\Pipeline.php(52): call_user_func(Object(Closure), Object(Laravel\Lumen\Http\Request))
#13 C:\xampp\htdocs\Lumen\NewBikeBD03032020\app\Http\Middleware\Admin.php(49): Laravel\Lumen\Routing\Pipeline->Laravel\Lumen\Routing\{closure}(Object(Laravel\Lumen\Http\Request))
#14 C:\xampp\htdocs\Lumen\NewBikeBD03032020\vendor\illuminate\pipeline\Pipeline.php(171): App\Http\Middleware\Admin->handle(Object(Laravel\Lumen\Http\Request), Object(Closure))
#15 [internal function]: Illuminate\Pipeline\Pipeline->Illuminate\Pipeline\{closure}(Object(Laravel\Lumen\Http\Request))
#16 C:\xampp\htdocs\Lumen\NewBikeBD03032020\vendor\laravel\lumen-framework\src\Routing\Pipeline.php(32): call_user_func(Object(Closure), Object(Laravel\Lumen\Http\Request))
#17 C:\xampp\htdocs\Lumen\NewBikeBD03032020\vendor\illuminate\pipeline\Pipeline.php(105): Laravel\Lumen\Routing\Pipeline->Laravel\Lumen\Routing\{closure}(Object(Laravel\Lumen\Http\Request))
#18 C:\xampp\htdocs\Lumen\NewBikeBD03032020\vendor\laravel\lumen-framework\src\Concerns\RoutesRequests.php(413): Illuminate\Pipeline\Pipeline->then(Object(Closure))
#19 C:\xampp\htdocs\Lumen\NewBikeBD03032020\vendor\laravel\lumen-framework\src\Concerns\RoutesRequests.php(259): Laravel\Lumen\Application->sendThroughPipeline(Array, Object(Closure))
#20 C:\xampp\htdocs\Lumen\NewBikeBD03032020\vendor\laravel\lumen-framework\src\Concerns\RoutesRequests.php(233): Laravel\Lumen\Application->handleFoundRoute(Array)
#21 C:\xampp\htdocs\Lumen\NewBikeBD03032020\vendor\laravel\lumen-framework\src\Concerns\RoutesRequests.php(169): Laravel\Lumen\Application->handleDispatcherResponse(Array)
#22 C:\xampp\htdocs\Lumen\NewBikeBD03032020\vendor\laravel\lumen-framework\src\Concerns\RoutesRequests.php(416): Laravel\Lumen\Application->Laravel\Lumen\Concerns\{closure}(Object(Laravel\Lumen\Http\Request))
#23 C:\xampp\htdocs\Lumen\NewBikeBD03032020\vendor\laravel\lumen-framework\src\Concerns\RoutesRequests.php(171): Laravel\Lumen\Application->sendThroughPipeline(Array, Object(Closure))
#24 C:\xampp\htdocs\Lumen\NewBikeBD03032020\vendor\laravel\lumen-framework\src\Concerns\RoutesRequests.php(108): Laravel\Lumen\Application->dispatch(NULL)
#25 C:\xampp\htdocs\Lumen\NewBikeBD03032020\public\index.php(28): Laravel\Lumen\Application->run()
#26 {main} {"exception":"[object] (Symfony\\Component\\Debug\\Exception\\FatalThrowableError(code: 0): Class 'App\\Http\\Controllers\\api\\v1\\admin\\Bettertvoltage' not found at C:\\xampp\\htdocs\\Lumen\\NewBikeBD03032020\\app\\Http\\Controllers\\api\\v1\\admin\\BetteryvoltageController.php:100)
[stacktrace]
#0 [internal function]: App\\Http\\Controllers\\api\\v1\\admin\\BetteryvoltageController->edit('1')
#1 C:\\xampp\\htdocs\\Lumen\\NewBikeBD03032020\\vendor\\illuminate\\container\\BoundMethod.php(32): call_user_func_array(Array, Array)
#2 C:\\xampp\\htdocs\\Lumen\\NewBikeBD03032020\\vendor\\illuminate\\container\\Util.php(36): Illuminate\\Container\\BoundMethod::Illuminate\\Container\\{closure}()
#3 C:\\xampp\\htdocs\\Lumen\\NewBikeBD03032020\\vendor\\illuminate\\container\\BoundMethod.php(90): Illuminate\\Container\\Util::unwrapIfClosure(Object(Closure))
#4 C:\\xampp\\htdocs\\Lumen\\NewBikeBD03032020\\vendor\\illuminate\\container\\BoundMethod.php(34): Illuminate\\Container\\BoundMethod::callBoundMethod(Object(Laravel\\Lumen\\Application), Array, Object(Closure))
#5 C:\\xampp\\htdocs\\Lumen\\NewBikeBD03032020\\vendor\\illuminate\\container\\Container.php(590): Illuminate\\Container\\BoundMethod::call(Object(Laravel\\Lumen\\Application), Array, Array, NULL)
#6 C:\\xampp\\htdocs\\Lumen\\NewBikeBD03032020\\vendor\\laravel\\lumen-framework\\src\\Concerns\\RoutesRequests.php(376): Illuminate\\Container\\Container->call(Array, Array)
#7 C:\\xampp\\htdocs\\Lumen\\NewBikeBD03032020\\vendor\\laravel\\lumen-framework\\src\\Concerns\\RoutesRequests.php(342): Laravel\\Lumen\\Application->callControllerCallable(Array, Array)
#8 C:\\xampp\\htdocs\\Lumen\\NewBikeBD03032020\\vendor\\laravel\\lumen-framework\\src\\Concerns\\RoutesRequests.php(316): Laravel\\Lumen\\Application->callLumenController(Object(App\\Http\\Controllers\\api\\v1\\admin\\BetteryvoltageController), 'edit', Array)
#9 C:\\xampp\\htdocs\\Lumen\\NewBikeBD03032020\\vendor\\laravel\\lumen-framework\\src\\Concerns\\RoutesRequests.php(278): Laravel\\Lumen\\Application->callControllerAction(Array)
#10 C:\\xampp\\htdocs\\Lumen\\NewBikeBD03032020\\vendor\\laravel\\lumen-framework\\src\\Concerns\\RoutesRequests.php(258): Laravel\\Lumen\\Application->callActionOnArrayBasedRoute(Array)
#11 [internal function]: Laravel\\Lumen\\Application->Laravel\\Lumen\\Concerns\\{closure}(Object(Laravel\\Lumen\\Http\\Request))
#12 C:\\xampp\\htdocs\\Lumen\\NewBikeBD03032020\\vendor\\laravel\\lumen-framework\\src\\Routing\\Pipeline.php(52): call_user_func(Object(Closure), Object(Laravel\\Lumen\\Http\\Request))
#13 C:\\xampp\\htdocs\\Lumen\\NewBikeBD03032020\\app\\Http\\Middleware\\Admin.php(49): Laravel\\Lumen\\Routing\\Pipeline->Laravel\\Lumen\\Routing\\{closure}(Object(Laravel\\Lumen\\Http\\Request))
#14 C:\\xampp\\htdocs\\Lumen\\NewBikeBD03032020\\vendor\\illuminate\\pipeline\\Pipeline.php(171): App\\Http\\Middleware\\Admin->handle(Object(Laravel\\Lumen\\Http\\Request), Object(Closure))
#15 [internal function]: Illuminate\\Pipeline\\Pipeline->Illuminate\\Pipeline\\{closure}(Object(Laravel\\Lumen\\Http\\Request))
#16 C:\\xampp\\htdocs\\Lumen\\NewBikeBD03032020\\vendor\\laravel\\lumen-framework\\src\\Routing\\Pipeline.php(32): call_user_func(Object(Closure), Object(Laravel\\Lumen\\Http\\Request))
#17 C:\\xampp\\htdocs\\Lumen\\NewBikeBD03032020\\vendor\\illuminate\\pipeline\\Pipeline.php(105): Laravel\\Lumen\\Routing\\Pipeline->Laravel\\Lumen\\Routing\\{closure}(Object(Laravel\\Lumen\\Http\\Request))
#18 C:\\xampp\\htdocs\\Lumen\\NewBikeBD03032020\\vendor\\laravel\\lumen-framework\\src\\Concerns\\RoutesRequests.php(413): Illuminate\\Pipeline\\Pipeline->then(Object(Closure))
#19 C:\\xampp\\htdocs\\Lumen\\NewBikeBD03032020\\vendor\\laravel\\lumen-framework\\src\\Concerns\\RoutesRequests.php(259): Laravel\\Lumen\\Application->sendThroughPipeline(Array, Object(Closure))
#20 C:\\xampp\\htdocs\\Lumen\\NewBikeBD03032020\\vendor\\laravel\\lumen-framework\\src\\Concerns\\RoutesRequests.php(233): Laravel\\Lumen\\Application->handleFoundRoute(Array)
#21 C:\\xampp\\htdocs\\Lumen\\NewBikeBD03032020\\vendor\\laravel\\lumen-framework\\src\\Concerns\\RoutesRequests.php(169): Laravel\\Lumen\\Application->handleDispatcherResponse(Array)
#22 C:\\xampp\\htdocs\\Lumen\\NewBikeBD03032020\\vendor\\laravel\\lumen-framework\\src\\Concerns\\RoutesRequests.php(416): Laravel\\Lumen\\Application->Laravel\\Lumen\\Concerns\\{closure}(Object(Laravel\\Lumen\\Http\\Request))
#23 C:\\xampp\\htdocs\\Lumen\\NewBikeBD03032020\\vendor\\laravel\\lumen-framework\\src\\Concerns\\RoutesRequests.php(171): Laravel\\Lumen\\Application->sendThroughPipeline(Array, Object(Closure))
#24 C:\\xampp\\htdocs\\Lumen\\NewBikeBD03032020\\vendor\\laravel\\lumen-framework\\src\\Concerns\\RoutesRequests.php(108): Laravel\\Lumen\\Application->dispatch(NULL)
#25 C:\\xampp\\htdocs\\Lumen\\NewBikeBD03032020\\public\\index.php(28): Laravel\\Lumen\\Application->run()
#26 {main}
"} 
[2020-03-08 10:12:15] local.ERROR: Symfony\Component\Debug\Exception\FatalThrowableError: Class 'App\Http\Controllers\api\v1\admin\Bettertvoltage' not found in C:\xampp\htdocs\Lumen\NewBikeBD03032020\app\Http\Controllers\api\v1\admin\BetteryvoltageController.php:100
Stack trace:
#0 [internal function]: App\Http\Controllers\api\v1\admin\BetteryvoltageController->edit('3')
#1 C:\xampp\htdocs\Lumen\NewBikeBD03032020\vendor\illuminate\container\BoundMethod.php(32): call_user_func_array(Array, Array)
#2 C:\xampp\htdocs\Lumen\NewBikeBD03032020\vendor\illuminate\container\Util.php(36): Illuminate\Container\BoundMethod::Illuminate\Container\{closure}()
#3 C:\xampp\htdocs\Lumen\NewBikeBD03032020\vendor\illuminate\container\BoundMethod.php(90): Illuminate\Container\Util::unwrapIfClosure(Object(Closure))
#4 C:\xampp\htdocs\Lumen\NewBikeBD03032020\vendor\illuminate\container\BoundMethod.php(34): Illuminate\Container\BoundMethod::callBoundMethod(Object(Laravel\Lumen\Application), Array, Object(Closure))
#5 C:\xampp\htdocs\Lumen\NewBikeBD03032020\vendor\illuminate\container\Container.php(590): Illuminate\Container\BoundMethod::call(Object(Laravel\Lumen\Application), Array, Array, NULL)
#6 C:\xampp\htdocs\Lumen\NewBikeBD03032020\vendor\laravel\lumen-framework\src\Concerns\RoutesRequests.php(376): Illuminate\Container\Container->call(Array, Array)
#7 C:\xampp\htdocs\Lumen\NewBikeBD03032020\vendor\laravel\lumen-framework\src\Concerns\RoutesRequests.php(342): Laravel\Lumen\Application->callControllerCallable(Array, Array)
#8 C:\xampp\htdocs\Lumen\NewBikeBD03032020\vendor\laravel\lumen-framework\src\Concerns\RoutesRequests.php(316): Laravel\Lumen\Application->callLumenController(Object(App\Http\Controllers\api\v1\admin\BetteryvoltageController), 'edit', Array)
#9 C:\xampp\htdocs\Lumen\NewBikeBD03032020\vendor\laravel\lumen-framework\src\Concerns\RoutesRequests.php(278): Laravel\Lumen\Application->callControllerAction(Array)
#10 C:\xampp\htdocs\Lumen\NewBikeBD03032020\vendor\laravel\lumen-framework\src\Concerns\RoutesRequests.php(258): Laravel\Lumen\Application->callActionOnArrayBasedRoute(Array)
#11 [internal function]: Laravel\Lumen\Application->Laravel\Lumen\Concerns\{closure}(Object(Laravel\Lumen\Http\Request))
#12 C:\xampp\htdocs\Lumen\NewBikeBD03032020\vendor\laravel\lumen-framework\src\Routing\Pipeline.php(52): call_user_func(Object(Closure), Object(Laravel\Lumen\Http\Request))
#13 C:\xampp\htdocs\Lumen\NewBikeBD03032020\app\Http\Middleware\Admin.php(49): Laravel\Lumen\Routing\Pipeline->Laravel\Lumen\Routing\{closure}(Object(Laravel\Lumen\Http\Request))
#14 C:\xampp\htdocs\Lumen\NewBikeBD03032020\vendor\illuminate\pipeline\Pipeline.php(171): App\Http\Middleware\Admin->handle(Object(Laravel\Lumen\Http\Request), Object(Closure))
#15 [internal function]: Illuminate\Pipeline\Pipeline->Illuminate\Pipeline\{closure}(Object(Laravel\Lumen\Http\Request))
#16 C:\xampp\htdocs\Lumen\NewBikeBD03032020\vendor\laravel\lumen-framework\src\Routing\Pipeline.php(32): call_user_func(Object(Closure), Object(Laravel\Lumen\Http\Request))
#17 C:\xampp\htdocs\Lumen\NewBikeBD03032020\vendor\illuminate\pipeline\Pipeline.php(105): Laravel\Lumen\Routing\Pipeline->Laravel\Lumen\Routing\{closure}(Object(Laravel\Lumen\Http\Request))
#18 C:\xampp\htdocs\Lumen\NewBikeBD03032020\vendor\laravel\lumen-framework\src\Concerns\RoutesRequests.php(413): Illuminate\Pipeline\Pipeline->then(Object(Closure))
#19 C:\xampp\htdocs\Lumen\NewBikeBD03032020\vendor\laravel\lumen-framework\src\Concerns\RoutesRequests.php(259): Laravel\Lumen\Application->sendThroughPipeline(Array, Object(Closure))
#20 C:\xampp\htdocs\Lumen\NewBikeBD03032020\vendor\laravel\lumen-framework\src\Concerns\RoutesRequests.php(233): Laravel\Lumen\Application->handleFoundRoute(Array)
#21 C:\xampp\htdocs\Lumen\NewBikeBD03032020\vendor\laravel\lumen-framework\src\Concerns\RoutesRequests.php(169): Laravel\Lumen\Application->handleDispatcherResponse(Array)
#22 C:\xampp\htdocs\Lumen\NewBikeBD03032020\vendor\laravel\lumen-framework\src\Concerns\RoutesRequests.php(416): Laravel\Lumen\Application->Laravel\Lumen\Concerns\{closure}(Object(Laravel\Lumen\Http\Request))
#23 C:\xampp\htdocs\Lumen\NewBikeBD03032020\vendor\laravel\lumen-framework\src\Concerns\RoutesRequests.php(171): Laravel\Lumen\Application->sendThroughPipeline(Array, Object(Closure))
#24 C:\xampp\htdocs\Lumen\NewBikeBD03032020\vendor\laravel\lumen-framework\src\Concerns\RoutesRequests.php(108): Laravel\Lumen\Application->dispatch(NULL)
#25 C:\xampp\htdocs\Lumen\NewBikeBD03032020\public\index.php(28): Laravel\Lumen\Application->run()
#26 {main} {"exception":"[object] (Symfony\\Component\\Debug\\Exception\\FatalThrowableError(code: 0): Class 'App\\Http\\Controllers\\api\\v1\\admin\\Bettertvoltage' not found at C:\\xampp\\htdocs\\Lumen\\NewBikeBD03032020\\app\\Http\\Controllers\\api\\v1\\admin\\BetteryvoltageController.php:100)
[stacktrace]
#0 [internal function]: App\\Http\\Controllers\\api\\v1\\admin\\BetteryvoltageController->edit('3')
#1 C:\\xampp\\htdocs\\Lumen\\NewBikeBD03032020\\vendor\\illuminate\\container\\BoundMethod.php(32): call_user_func_array(Array, Array)
#2 C:\\xampp\\htdocs\\Lumen\\NewBikeBD03032020\\vendor\\illuminate\\container\\Util.php(36): Illuminate\\Container\\BoundMethod::Illuminate\\Container\\{closure}()
#3 C:\\xampp\\htdocs\\Lumen\\NewBikeBD03032020\\vendor\\illuminate\\container\\BoundMethod.php(90): Illuminate\\Container\\Util::unwrapIfClosure(Object(Closure))
#4 C:\\xampp\\htdocs\\Lumen\\NewBikeBD03032020\\vendor\\illuminate\\container\\BoundMethod.php(34): Illuminate\\Container\\BoundMethod::callBoundMethod(Object(Laravel\\Lumen\\Application), Array, Object(Closure))
#5 C:\\xampp\\htdocs\\Lumen\\NewBikeBD03032020\\vendor\\illuminate\\container\\Container.php(590): Illuminate\\Container\\BoundMethod::call(Object(Laravel\\Lumen\\Application), Array, Array, NULL)
#6 C:\\xampp\\htdocs\\Lumen\\NewBikeBD03032020\\vendor\\laravel\\lumen-framework\\src\\Concerns\\RoutesRequests.php(376): Illuminate\\Container\\Container->call(Array, Array)
#7 C:\\xampp\\htdocs\\Lumen\\NewBikeBD03032020\\vendor\\laravel\\lumen-framework\\src\\Concerns\\RoutesRequests.php(342): Laravel\\Lumen\\Application->callControllerCallable(Array, Array)
#8 C:\\xampp\\htdocs\\Lumen\\NewBikeBD03032020\\vendor\\laravel\\lumen-framework\\src\\Concerns\\RoutesRequests.php(316): Laravel\\Lumen\\Application->callLumenController(Object(App\\Http\\Controllers\\api\\v1\\admin\\BetteryvoltageController), 'edit', Array)
#9 C:\\xampp\\htdocs\\Lumen\\NewBikeBD03032020\\vendor\\laravel\\lumen-framework\\src\\Concerns\\RoutesRequests.php(278): Laravel\\Lumen\\Application->callControllerAction(Array)
#10 C:\\xampp\\htdocs\\Lumen\\NewBikeBD03032020\\vendor\\laravel\\lumen-framework\\src\\Concerns\\RoutesRequests.php(258): Laravel\\Lumen\\Application->callActionOnArrayBasedRoute(Array)
#11 [internal function]: Laravel\\Lumen\\Application->Laravel\\Lumen\\Concerns\\{closure}(Object(Laravel\\Lumen\\Http\\Request))
#12 C:\\xampp\\htdocs\\Lumen\\NewBikeBD03032020\\vendor\\laravel\\lumen-framework\\src\\Routing\\Pipeline.php(52): call_user_func(Object(Closure), Object(Laravel\\Lumen\\Http\\Request))
#13 C:\\xampp\\htdocs\\Lumen\\NewBikeBD03032020\\app\\Http\\Middleware\\Admin.php(49): Laravel\\Lumen\\Routing\\Pipeline->Laravel\\Lumen\\Routing\\{closure}(Object(Laravel\\Lumen\\Http\\Request))
#14 C:\\xampp\\htdocs\\Lumen\\NewBikeBD03032020\\vendor\\illuminate\\pipeline\\Pipeline.php(171): App\\Http\\Middleware\\Admin->handle(Object(Laravel\\Lumen\\Http\\Request), Object(Closure))
#15 [internal function]: Illuminate\\Pipeline\\Pipeline->Illuminate\\Pipeline\\{closure}(Object(Laravel\\Lumen\\Http\\Request))
#16 C:\\xampp\\htdocs\\Lumen\\NewBikeBD03032020\\vendor\\laravel\\lumen-framework\\src\\Routing\\Pipeline.php(32): call_user_func(Object(Closure), Object(Laravel\\Lumen\\Http\\Request))
#17 C:\\xampp\\htdocs\\Lumen\\NewBikeBD03032020\\vendor\\illuminate\\pipeline\\Pipeline.php(105): Laravel\\Lumen\\Routing\\Pipeline->Laravel\\Lumen\\Routing\\{closure}(Object(Laravel\\Lumen\\Http\\Request))
#18 C:\\xampp\\htdocs\\Lumen\\NewBikeBD03032020\\vendor\\laravel\\lumen-framework\\src\\Concerns\\RoutesRequests.php(413): Illuminate\\Pipeline\\Pipeline->then(Object(Closure))
#19 C:\\xampp\\htdocs\\Lumen\\NewBikeBD03032020\\vendor\\laravel\\lumen-framework\\src\\Concerns\\RoutesRequests.php(259): Laravel\\Lumen\\Application->sendThroughPipeline(Array, Object(Closure))
#20 C:\\xampp\\htdocs\\Lumen\\NewBikeBD03032020\\vendor\\laravel\\lumen-framework\\src\\Concerns\\RoutesRequests.php(233): Laravel\\Lumen\\Application->handleFoundRoute(Array)
#21 C:\\xampp\\htdocs\\Lumen\\NewBikeBD03032020\\vendor\\laravel\\lumen-framework\\src\\Concerns\\RoutesRequests.php(169): Laravel\\Lumen\\Application->handleDispatcherResponse(Array)
#22 C:\\xampp\\htdocs\\Lumen\\NewBikeBD03032020\\vendor\\laravel\\lumen-framework\\src\\Concerns\\RoutesRequests.php(416): Laravel\\Lumen\\Application->Laravel\\Lumen\\Concerns\\{closure}(Object(Laravel\\Lumen\\Http\\Request))
#23 C:\\xampp\\htdocs\\Lumen\\NewBikeBD03032020\\vendor\\laravel\\lumen-framework\\src\\Concerns\\RoutesRequests.php(171): Laravel\\Lumen\\Application->sendThroughPipeline(Array, Object(Closure))
#24 C:\\xampp\\htdocs\\Lumen\\NewBikeBD03032020\\vendor\\laravel\\lumen-framework\\src\\Concerns\\RoutesRequests.php(108): Laravel\\Lumen\\Application->dispatch(NULL)
#25 C:\\xampp\\htdocs\\Lumen\\NewBikeBD03032020\\public\\index.php(28): Laravel\\Lumen\\Application->run()
#26 {main}
"} 
