[2020-03-02 09:10:54] local.ERROR: Symfony\Component\Debug\Exception\FatalErrorException: Class 'Jenssegers\Mongodb\Eloquent\Model' not found in C:\xampp\htdocs\Lumen\NewBikeBD01032020\app\Modelyear.php:7
Stack trace:
#0 C:\xampp\htdocs\Lumen\NewBikeBD01032020\vendor\laravel\lumen-framework\src\Concerns\RegistersExceptionHandlers.php(54): Laravel\Lumen\Application->handleShutdown()
#1 [internal function]: Laravel\Lumen\Application->Laravel\Lumen\Concerns\{closure}()
#2 {main} {"exception":"[object] (Symfony\\Component\\Debug\\Exception\\FatalErrorException(code: 1): Class 'Jenssegers\\Mongodb\\Eloquent\\Model' not found at C:\\xampp\\htdocs\\Lumen\\NewBikeBD01032020\\app\\Modelyear.php:7)
[stacktrace]
#0 C:\\xampp\\htdocs\\Lumen\\NewBikeBD01032020\\vendor\\laravel\\lumen-framework\\src\\Concerns\\RegistersExceptionHandlers.php(54): Laravel\\Lumen\\Application->handleShutdown()
#1 [internal function]: Laravel\\Lumen\\Application->Laravel\\Lumen\\Concerns\\{closure}()
#2 {main}
"} 
[2020-03-02 09:30:15] local.ERROR: Symfony\Component\Debug\Exception\FatalErrorException: Class 'Jenssegers\Mongodb\Eloquent\Model' not found in C:\xampp\htdocs\Lumen\NewBikeBD01032020\app\Modelyear.php:7
Stack trace:
#0 C:\xampp\htdocs\Lumen\NewBikeBD01032020\vendor\laravel\lumen-framework\src\Concerns\RegistersExceptionHandlers.php(54): Laravel\Lumen\Application->handleShutdown()
#1 [internal function]: Laravel\Lumen\Application->Laravel\Lumen\Concerns\{closure}()
#2 {main} {"exception":"[object] (Symfony\\Component\\Debug\\Exception\\FatalErrorException(code: 1): Class 'Jenssegers\\Mongodb\\Eloquent\\Model' not found at C:\\xampp\\htdocs\\Lumen\\NewBikeBD01032020\\app\\Modelyear.php:7)
[stacktrace]
#0 C:\\xampp\\htdocs\\Lumen\\NewBikeBD01032020\\vendor\\laravel\\lumen-framework\\src\\Concerns\\RegistersExceptionHandlers.php(54): Laravel\\Lumen\\Application->handleShutdown()
#1 [internal function]: Laravel\\Lumen\\Application->Laravel\\Lumen\\Concerns\\{closure}()
#2 {main}
"} 
[2020-03-02 09:56:49] local.ERROR: Intervention\Image\Exception\NotReadableException: Image source not readable in C:\xampp\htdocs\Lumen\NewBikeBD01032020\vendor\intervention\image\src\Intervention\Image\AbstractDecoder.php:346
Stack trace:
#0 C:\xampp\htdocs\Lumen\NewBikeBD01032020\vendor\intervention\image\src\Intervention\Image\AbstractDriver.php(66): Intervention\Image\AbstractDecoder->init(NULL)
#1 C:\xampp\htdocs\Lumen\NewBikeBD01032020\vendor\intervention\image\src\Intervention\Image\ImageManager.php(54): Intervention\Image\AbstractDriver->init(NULL)
#2 C:\xampp\htdocs\Lumen\NewBikeBD01032020\vendor\illuminate\support\Facades\Facade.php(261): Intervention\Image\ImageManager->make(NULL)
#3 C:\xampp\htdocs\Lumen\NewBikeBD01032020\app\Http\Controllers\api\v1\admin\CompanyController.php(81): Illuminate\Support\Facades\Facade::__callStatic('make', Array)
#4 [internal function]: App\Http\Controllers\api\v1\admin\CompanyController->store(Object(Laravel\Lumen\Http\Request))
#5 C:\xampp\htdocs\Lumen\NewBikeBD01032020\vendor\illuminate\container\BoundMethod.php(32): call_user_func_array(Array, Array)
#6 C:\xampp\htdocs\Lumen\NewBikeBD01032020\vendor\illuminate\container\Util.php(36): Illuminate\Container\BoundMethod::Illuminate\Container\{closure}()
#7 C:\xampp\htdocs\Lumen\NewBikeBD01032020\vendor\illuminate\container\BoundMethod.php(90): Illuminate\Container\Util::unwrapIfClosure(Object(Closure))
#8 C:\xampp\htdocs\Lumen\NewBikeBD01032020\vendor\illuminate\container\BoundMethod.php(34): Illuminate\Container\BoundMethod::callBoundMethod(Object(Laravel\Lumen\Application), Array, Object(Closure))
#9 C:\xampp\htdocs\Lumen\NewBikeBD01032020\vendor\illuminate\container\Container.php(590): Illuminate\Container\BoundMethod::call(Object(Laravel\Lumen\Application), Array, Array, NULL)
#10 C:\xampp\htdocs\Lumen\NewBikeBD01032020\vendor\laravel\lumen-framework\src\Concerns\RoutesRequests.php(376): Illuminate\Container\Container->call(Array, Array)
#11 C:\xampp\htdocs\Lumen\NewBikeBD01032020\vendor\laravel\lumen-framework\src\Concerns\RoutesRequests.php(342): Laravel\Lumen\Application->callControllerCallable(Array, Array)
#12 C:\xampp\htdocs\Lumen\NewBikeBD01032020\vendor\laravel\lumen-framework\src\Concerns\RoutesRequests.php(316): Laravel\Lumen\Application->callLumenController(Object(App\Http\Controllers\api\v1\admin\CompanyController), 'store', Array)
#13 C:\xampp\htdocs\Lumen\NewBikeBD01032020\vendor\laravel\lumen-framework\src\Concerns\RoutesRequests.php(278): Laravel\Lumen\Application->callControllerAction(Array)
#14 C:\xampp\htdocs\Lumen\NewBikeBD01032020\vendor\laravel\lumen-framework\src\Concerns\RoutesRequests.php(258): Laravel\Lumen\Application->callActionOnArrayBasedRoute(Array)
#15 [internal function]: Laravel\Lumen\Application->Laravel\Lumen\Concerns\{closure}(Object(Laravel\Lumen\Http\Request))
#16 C:\xampp\htdocs\Lumen\NewBikeBD01032020\vendor\laravel\lumen-framework\src\Routing\Pipeline.php(52): call_user_func(Object(Closure), Object(Laravel\Lumen\Http\Request))
#17 C:\xampp\htdocs\Lumen\NewBikeBD01032020\app\Http\Middleware\Admin.php(49): Laravel\Lumen\Routing\Pipeline->Laravel\Lumen\Routing\{closure}(Object(Laravel\Lumen\Http\Request))
#18 C:\xampp\htdocs\Lumen\NewBikeBD01032020\vendor\illuminate\pipeline\Pipeline.php(171): App\Http\Middleware\Admin->handle(Object(Laravel\Lumen\Http\Request), Object(Closure))
#19 [internal function]: Illuminate\Pipeline\Pipeline->Illuminate\Pipeline\{closure}(Object(Laravel\Lumen\Http\Request))
#20 C:\xampp\htdocs\Lumen\NewBikeBD01032020\vendor\laravel\lumen-framework\src\Routing\Pipeline.php(32): call_user_func(Object(Closure), Object(Laravel\Lumen\Http\Request))
#21 C:\xampp\htdocs\Lumen\NewBikeBD01032020\vendor\illuminate\pipeline\Pipeline.php(105): Laravel\Lumen\Routing\Pipeline->Laravel\Lumen\Routing\{closure}(Object(Laravel\Lumen\Http\Request))
#22 C:\xampp\htdocs\Lumen\NewBikeBD01032020\vendor\laravel\lumen-framework\src\Concerns\RoutesRequests.php(413): Illuminate\Pipeline\Pipeline->then(Object(Closure))
#23 C:\xampp\htdocs\Lumen\NewBikeBD01032020\vendor\laravel\lumen-framework\src\Concerns\RoutesRequests.php(259): Laravel\Lumen\Application->sendThroughPipeline(Array, Object(Closure))
#24 C:\xampp\htdocs\Lumen\NewBikeBD01032020\vendor\laravel\lumen-framework\src\Concerns\RoutesRequests.php(165): Laravel\Lumen\Application->handleFoundRoute(Array)
#25 C:\xampp\htdocs\Lumen\NewBikeBD01032020\vendor\laravel\lumen-framework\src\Concerns\RoutesRequests.php(416): Laravel\Lumen\Application->Laravel\Lumen\Concerns\{closure}(Object(Laravel\Lumen\Http\Request))
#26 C:\xampp\htdocs\Lumen\NewBikeBD01032020\vendor\laravel\lumen-framework\src\Concerns\RoutesRequests.php(171): Laravel\Lumen\Application->sendThroughPipeline(Array, Object(Closure))
#27 C:\xampp\htdocs\Lumen\NewBikeBD01032020\vendor\laravel\lumen-framework\src\Concerns\RoutesRequests.php(108): Laravel\Lumen\Application->dispatch(NULL)
#28 C:\xampp\htdocs\Lumen\NewBikeBD01032020\public\index.php(28): Laravel\Lumen\Application->run()
#29 {main} {"exception":"[object] (Intervention\\Image\\Exception\\NotReadableException(code: 0): Image source not readable at C:\\xampp\\htdocs\\Lumen\\NewBikeBD01032020\\vendor\\intervention\\image\\src\\Intervention\\Image\\AbstractDecoder.php:346)
[stacktrace]
#0 C:\\xampp\\htdocs\\Lumen\\NewBikeBD01032020\\vendor\\intervention\\image\\src\\Intervention\\Image\\AbstractDriver.php(66): Intervention\\Image\\AbstractDecoder->init(NULL)
#1 C:\\xampp\\htdocs\\Lumen\\NewBikeBD01032020\\vendor\\intervention\\image\\src\\Intervention\\Image\\ImageManager.php(54): Intervention\\Image\\AbstractDriver->init(NULL)
#2 C:\\xampp\\htdocs\\Lumen\\NewBikeBD01032020\\vendor\\illuminate\\support\\Facades\\Facade.php(261): Intervention\\Image\\ImageManager->make(NULL)
#3 C:\\xampp\\htdocs\\Lumen\\NewBikeBD01032020\\app\\Http\\Controllers\\api\\v1\\admin\\CompanyController.php(81): Illuminate\\Support\\Facades\\Facade::__callStatic('make', Array)
#4 [internal function]: App\\Http\\Controllers\\api\\v1\\admin\\CompanyController->store(Object(Laravel\\Lumen\\Http\\Request))
#5 C:\\xampp\\htdocs\\Lumen\\NewBikeBD01032020\\vendor\\illuminate\\container\\BoundMethod.php(32): call_user_func_array(Array, Array)
#6 C:\\xampp\\htdocs\\Lumen\\NewBikeBD01032020\\vendor\\illuminate\\container\\Util.php(36): Illuminate\\Container\\BoundMethod::Illuminate\\Container\\{closure}()
#7 C:\\xampp\\htdocs\\Lumen\\NewBikeBD01032020\\vendor\\illuminate\\container\\BoundMethod.php(90): Illuminate\\Container\\Util::unwrapIfClosure(Object(Closure))
#8 C:\\xampp\\htdocs\\Lumen\\NewBikeBD01032020\\vendor\\illuminate\\container\\BoundMethod.php(34): Illuminate\\Container\\BoundMethod::callBoundMethod(Object(Laravel\\Lumen\\Application), Array, Object(Closure))
#9 C:\\xampp\\htdocs\\Lumen\\NewBikeBD01032020\\vendor\\illuminate\\container\\Container.php(590): Illuminate\\Container\\BoundMethod::call(Object(Laravel\\Lumen\\Application), Array, Array, NULL)
#10 C:\\xampp\\htdocs\\Lumen\\NewBikeBD01032020\\vendor\\laravel\\lumen-framework\\src\\Concerns\\RoutesRequests.php(376): Illuminate\\Container\\Container->call(Array, Array)
#11 C:\\xampp\\htdocs\\Lumen\\NewBikeBD01032020\\vendor\\laravel\\lumen-framework\\src\\Concerns\\RoutesRequests.php(342): Laravel\\Lumen\\Application->callControllerCallable(Array, Array)
#12 C:\\xampp\\htdocs\\Lumen\\NewBikeBD01032020\\vendor\\laravel\\lumen-framework\\src\\Concerns\\RoutesRequests.php(316): Laravel\\Lumen\\Application->callLumenController(Object(App\\Http\\Controllers\\api\\v1\\admin\\CompanyController), 'store', Array)
#13 C:\\xampp\\htdocs\\Lumen\\NewBikeBD01032020\\vendor\\laravel\\lumen-framework\\src\\Concerns\\RoutesRequests.php(278): Laravel\\Lumen\\Application->callControllerAction(Array)
#14 C:\\xampp\\htdocs\\Lumen\\NewBikeBD01032020\\vendor\\laravel\\lumen-framework\\src\\Concerns\\RoutesRequests.php(258): Laravel\\Lumen\\Application->callActionOnArrayBasedRoute(Array)
#15 [internal function]: Laravel\\Lumen\\Application->Laravel\\Lumen\\Concerns\\{closure}(Object(Laravel\\Lumen\\Http\\Request))
#16 C:\\xampp\\htdocs\\Lumen\\NewBikeBD01032020\\vendor\\laravel\\lumen-framework\\src\\Routing\\Pipeline.php(52): call_user_func(Object(Closure), Object(Laravel\\Lumen\\Http\\Request))
#17 C:\\xampp\\htdocs\\Lumen\\NewBikeBD01032020\\app\\Http\\Middleware\\Admin.php(49): Laravel\\Lumen\\Routing\\Pipeline->Laravel\\Lumen\\Routing\\{closure}(Object(Laravel\\Lumen\\Http\\Request))
#18 C:\\xampp\\htdocs\\Lumen\\NewBikeBD01032020\\vendor\\illuminate\\pipeline\\Pipeline.php(171): App\\Http\\Middleware\\Admin->handle(Object(Laravel\\Lumen\\Http\\Request), Object(Closure))
#19 [internal function]: Illuminate\\Pipeline\\Pipeline->Illuminate\\Pipeline\\{closure}(Object(Laravel\\Lumen\\Http\\Request))
#20 C:\\xampp\\htdocs\\Lumen\\NewBikeBD01032020\\vendor\\laravel\\lumen-framework\\src\\Routing\\Pipeline.php(32): call_user_func(Object(Closure), Object(Laravel\\Lumen\\Http\\Request))
#21 C:\\xampp\\htdocs\\Lumen\\NewBikeBD01032020\\vendor\\illuminate\\pipeline\\Pipeline.php(105): Laravel\\Lumen\\Routing\\Pipeline->Laravel\\Lumen\\Routing\\{closure}(Object(Laravel\\Lumen\\Http\\Request))
#22 C:\\xampp\\htdocs\\Lumen\\NewBikeBD01032020\\vendor\\laravel\\lumen-framework\\src\\Concerns\\RoutesRequests.php(413): Illuminate\\Pipeline\\Pipeline->then(Object(Closure))
#23 C:\\xampp\\htdocs\\Lumen\\NewBikeBD01032020\\vendor\\laravel\\lumen-framework\\src\\Concerns\\RoutesRequests.php(259): Laravel\\Lumen\\Application->sendThroughPipeline(Array, Object(Closure))
#24 C:\\xampp\\htdocs\\Lumen\\NewBikeBD01032020\\vendor\\laravel\\lumen-framework\\src\\Concerns\\RoutesRequests.php(165): Laravel\\Lumen\\Application->handleFoundRoute(Array)
#25 C:\\xampp\\htdocs\\Lumen\\NewBikeBD01032020\\vendor\\laravel\\lumen-framework\\src\\Concerns\\RoutesRequests.php(416): Laravel\\Lumen\\Application->Laravel\\Lumen\\Concerns\\{closure}(Object(Laravel\\Lumen\\Http\\Request))
#26 C:\\xampp\\htdocs\\Lumen\\NewBikeBD01032020\\vendor\\laravel\\lumen-framework\\src\\Concerns\\RoutesRequests.php(171): Laravel\\Lumen\\Application->sendThroughPipeline(Array, Object(Closure))
#27 C:\\xampp\\htdocs\\Lumen\\NewBikeBD01032020\\vendor\\laravel\\lumen-framework\\src\\Concerns\\RoutesRequests.php(108): Laravel\\Lumen\\Application->dispatch(NULL)
#28 C:\\xampp\\htdocs\\Lumen\\NewBikeBD01032020\\public\\index.php(28): Laravel\\Lumen\\Application->run()
#29 {main}
"} 
[2020-03-02 10:00:17] local.ERROR: Intervention\Image\Exception\NotReadableException: Image source not readable in C:\xampp\htdocs\Lumen\NewBikeBD01032020\vendor\intervention\image\src\Intervention\Image\AbstractDecoder.php:346
Stack trace:
#0 C:\xampp\htdocs\Lumen\NewBikeBD01032020\vendor\intervention\image\src\Intervention\Image\AbstractDriver.php(66): Intervention\Image\AbstractDecoder->init(NULL)
#1 C:\xampp\htdocs\Lumen\NewBikeBD01032020\vendor\intervention\image\src\Intervention\Image\ImageManager.php(54): Intervention\Image\AbstractDriver->init(NULL)
#2 C:\xampp\htdocs\Lumen\NewBikeBD01032020\vendor\illuminate\support\Facades\Facade.php(261): Intervention\Image\ImageManager->make(NULL)
#3 C:\xampp\htdocs\Lumen\NewBikeBD01032020\app\Http\Controllers\api\v1\admin\CompanyController.php(81): Illuminate\Support\Facades\Facade::__callStatic('make', Array)
#4 [internal function]: App\Http\Controllers\api\v1\admin\CompanyController->store(Object(Laravel\Lumen\Http\Request))
#5 C:\xampp\htdocs\Lumen\NewBikeBD01032020\vendor\illuminate\container\BoundMethod.php(32): call_user_func_array(Array, Array)
#6 C:\xampp\htdocs\Lumen\NewBikeBD01032020\vendor\illuminate\container\Util.php(36): Illuminate\Container\BoundMethod::Illuminate\Container\{closure}()
#7 C:\xampp\htdocs\Lumen\NewBikeBD01032020\vendor\illuminate\container\BoundMethod.php(90): Illuminate\Container\Util::unwrapIfClosure(Object(Closure))
#8 C:\xampp\htdocs\Lumen\NewBikeBD01032020\vendor\illuminate\container\BoundMethod.php(34): Illuminate\Container\BoundMethod::callBoundMethod(Object(Laravel\Lumen\Application), Array, Object(Closure))
#9 C:\xampp\htdocs\Lumen\NewBikeBD01032020\vendor\illuminate\container\Container.php(590): Illuminate\Container\BoundMethod::call(Object(Laravel\Lumen\Application), Array, Array, NULL)
#10 C:\xampp\htdocs\Lumen\NewBikeBD01032020\vendor\laravel\lumen-framework\src\Concerns\RoutesRequests.php(376): Illuminate\Container\Container->call(Array, Array)
#11 C:\xampp\htdocs\Lumen\NewBikeBD01032020\vendor\laravel\lumen-framework\src\Concerns\RoutesRequests.php(342): Laravel\Lumen\Application->callControllerCallable(Array, Array)
#12 C:\xampp\htdocs\Lumen\NewBikeBD01032020\vendor\laravel\lumen-framework\src\Concerns\RoutesRequests.php(316): Laravel\Lumen\Application->callLumenController(Object(App\Http\Controllers\api\v1\admin\CompanyController), 'store', Array)
#13 C:\xampp\htdocs\Lumen\NewBikeBD01032020\vendor\laravel\lumen-framework\src\Concerns\RoutesRequests.php(278): Laravel\Lumen\Application->callControllerAction(Array)
#14 C:\xampp\htdocs\Lumen\NewBikeBD01032020\vendor\laravel\lumen-framework\src\Concerns\RoutesRequests.php(258): Laravel\Lumen\Application->callActionOnArrayBasedRoute(Array)
#15 [internal function]: Laravel\Lumen\Application->Laravel\Lumen\Concerns\{closure}(Object(Laravel\Lumen\Http\Request))
#16 C:\xampp\htdocs\Lumen\NewBikeBD01032020\vendor\laravel\lumen-framework\src\Routing\Pipeline.php(52): call_user_func(Object(Closure), Object(Laravel\Lumen\Http\Request))
#17 C:\xampp\htdocs\Lumen\NewBikeBD01032020\app\Http\Middleware\Admin.php(49): Laravel\Lumen\Routing\Pipeline->Laravel\Lumen\Routing\{closure}(Object(Laravel\Lumen\Http\Request))
#18 C:\xampp\htdocs\Lumen\NewBikeBD01032020\vendor\illuminate\pipeline\Pipeline.php(171): App\Http\Middleware\Admin->handle(Object(Laravel\Lumen\Http\Request), Object(Closure))
#19 [internal function]: Illuminate\Pipeline\Pipeline->Illuminate\Pipeline\{closure}(Object(Laravel\Lumen\Http\Request))
#20 C:\xampp\htdocs\Lumen\NewBikeBD01032020\vendor\laravel\lumen-framework\src\Routing\Pipeline.php(32): call_user_func(Object(Closure), Object(Laravel\Lumen\Http\Request))
#21 C:\xampp\htdocs\Lumen\NewBikeBD01032020\vendor\illuminate\pipeline\Pipeline.php(105): Laravel\Lumen\Routing\Pipeline->Laravel\Lumen\Routing\{closure}(Object(Laravel\Lumen\Http\Request))
#22 C:\xampp\htdocs\Lumen\NewBikeBD01032020\vendor\laravel\lumen-framework\src\Concerns\RoutesRequests.php(413): Illuminate\Pipeline\Pipeline->then(Object(Closure))
#23 C:\xampp\htdocs\Lumen\NewBikeBD01032020\vendor\laravel\lumen-framework\src\Concerns\RoutesRequests.php(259): Laravel\Lumen\Application->sendThroughPipeline(Array, Object(Closure))
#24 C:\xampp\htdocs\Lumen\NewBikeBD01032020\vendor\laravel\lumen-framework\src\Concerns\RoutesRequests.php(165): Laravel\Lumen\Application->handleFoundRoute(Array)
#25 C:\xampp\htdocs\Lumen\NewBikeBD01032020\vendor\laravel\lumen-framework\src\Concerns\RoutesRequests.php(416): Laravel\Lumen\Application->Laravel\Lumen\Concerns\{closure}(Object(Laravel\Lumen\Http\Request))
#26 C:\xampp\htdocs\Lumen\NewBikeBD01032020\vendor\laravel\lumen-framework\src\Concerns\RoutesRequests.php(171): Laravel\Lumen\Application->sendThroughPipeline(Array, Object(Closure))
#27 C:\xampp\htdocs\Lumen\NewBikeBD01032020\vendor\laravel\lumen-framework\src\Concerns\RoutesRequests.php(108): Laravel\Lumen\Application->dispatch(NULL)
#28 C:\xampp\htdocs\Lumen\NewBikeBD01032020\public\index.php(28): Laravel\Lumen\Application->run()
#29 {main} {"exception":"[object] (Intervention\\Image\\Exception\\NotReadableException(code: 0): Image source not readable at C:\\xampp\\htdocs\\Lumen\\NewBikeBD01032020\\vendor\\intervention\\image\\src\\Intervention\\Image\\AbstractDecoder.php:346)
[stacktrace]
#0 C:\\xampp\\htdocs\\Lumen\\NewBikeBD01032020\\vendor\\intervention\\image\\src\\Intervention\\Image\\AbstractDriver.php(66): Intervention\\Image\\AbstractDecoder->init(NULL)
#1 C:\\xampp\\htdocs\\Lumen\\NewBikeBD01032020\\vendor\\intervention\\image\\src\\Intervention\\Image\\ImageManager.php(54): Intervention\\Image\\AbstractDriver->init(NULL)
#2 C:\\xampp\\htdocs\\Lumen\\NewBikeBD01032020\\vendor\\illuminate\\support\\Facades\\Facade.php(261): Intervention\\Image\\ImageManager->make(NULL)
#3 C:\\xampp\\htdocs\\Lumen\\NewBikeBD01032020\\app\\Http\\Controllers\\api\\v1\\admin\\CompanyController.php(81): Illuminate\\Support\\Facades\\Facade::__callStatic('make', Array)
#4 [internal function]: App\\Http\\Controllers\\api\\v1\\admin\\CompanyController->store(Object(Laravel\\Lumen\\Http\\Request))
#5 C:\\xampp\\htdocs\\Lumen\\NewBikeBD01032020\\vendor\\illuminate\\container\\BoundMethod.php(32): call_user_func_array(Array, Array)
#6 C:\\xampp\\htdocs\\Lumen\\NewBikeBD01032020\\vendor\\illuminate\\container\\Util.php(36): Illuminate\\Container\\BoundMethod::Illuminate\\Container\\{closure}()
#7 C:\\xampp\\htdocs\\Lumen\\NewBikeBD01032020\\vendor\\illuminate\\container\\BoundMethod.php(90): Illuminate\\Container\\Util::unwrapIfClosure(Object(Closure))
#8 C:\\xampp\\htdocs\\Lumen\\NewBikeBD01032020\\vendor\\illuminate\\container\\BoundMethod.php(34): Illuminate\\Container\\BoundMethod::callBoundMethod(Object(Laravel\\Lumen\\Application), Array, Object(Closure))
#9 C:\\xampp\\htdocs\\Lumen\\NewBikeBD01032020\\vendor\\illuminate\\container\\Container.php(590): Illuminate\\Container\\BoundMethod::call(Object(Laravel\\Lumen\\Application), Array, Array, NULL)
#10 C:\\xampp\\htdocs\\Lumen\\NewBikeBD01032020\\vendor\\laravel\\lumen-framework\\src\\Concerns\\RoutesRequests.php(376): Illuminate\\Container\\Container->call(Array, Array)
#11 C:\\xampp\\htdocs\\Lumen\\NewBikeBD01032020\\vendor\\laravel\\lumen-framework\\src\\Concerns\\RoutesRequests.php(342): Laravel\\Lumen\\Application->callControllerCallable(Array, Array)
#12 C:\\xampp\\htdocs\\Lumen\\NewBikeBD01032020\\vendor\\laravel\\lumen-framework\\src\\Concerns\\RoutesRequests.php(316): Laravel\\Lumen\\Application->callLumenController(Object(App\\Http\\Controllers\\api\\v1\\admin\\CompanyController), 'store', Array)
#13 C:\\xampp\\htdocs\\Lumen\\NewBikeBD01032020\\vendor\\laravel\\lumen-framework\\src\\Concerns\\RoutesRequests.php(278): Laravel\\Lumen\\Application->callControllerAction(Array)
#14 C:\\xampp\\htdocs\\Lumen\\NewBikeBD01032020\\vendor\\laravel\\lumen-framework\\src\\Concerns\\RoutesRequests.php(258): Laravel\\Lumen\\Application->callActionOnArrayBasedRoute(Array)
#15 [internal function]: Laravel\\Lumen\\Application->Laravel\\Lumen\\Concerns\\{closure}(Object(Laravel\\Lumen\\Http\\Request))
#16 C:\\xampp\\htdocs\\Lumen\\NewBikeBD01032020\\vendor\\laravel\\lumen-framework\\src\\Routing\\Pipeline.php(52): call_user_func(Object(Closure), Object(Laravel\\Lumen\\Http\\Request))
#17 C:\\xampp\\htdocs\\Lumen\\NewBikeBD01032020\\app\\Http\\Middleware\\Admin.php(49): Laravel\\Lumen\\Routing\\Pipeline->Laravel\\Lumen\\Routing\\{closure}(Object(Laravel\\Lumen\\Http\\Request))
#18 C:\\xampp\\htdocs\\Lumen\\NewBikeBD01032020\\vendor\\illuminate\\pipeline\\Pipeline.php(171): App\\Http\\Middleware\\Admin->handle(Object(Laravel\\Lumen\\Http\\Request), Object(Closure))
#19 [internal function]: Illuminate\\Pipeline\\Pipeline->Illuminate\\Pipeline\\{closure}(Object(Laravel\\Lumen\\Http\\Request))
#20 C:\\xampp\\htdocs\\Lumen\\NewBikeBD01032020\\vendor\\laravel\\lumen-framework\\src\\Routing\\Pipeline.php(32): call_user_func(Object(Closure), Object(Laravel\\Lumen\\Http\\Request))
#21 C:\\xampp\\htdocs\\Lumen\\NewBikeBD01032020\\vendor\\illuminate\\pipeline\\Pipeline.php(105): Laravel\\Lumen\\Routing\\Pipeline->Laravel\\Lumen\\Routing\\{closure}(Object(Laravel\\Lumen\\Http\\Request))
#22 C:\\xampp\\htdocs\\Lumen\\NewBikeBD01032020\\vendor\\laravel\\lumen-framework\\src\\Concerns\\RoutesRequests.php(413): Illuminate\\Pipeline\\Pipeline->then(Object(Closure))
#23 C:\\xampp\\htdocs\\Lumen\\NewBikeBD01032020\\vendor\\laravel\\lumen-framework\\src\\Concerns\\RoutesRequests.php(259): Laravel\\Lumen\\Application->sendThroughPipeline(Array, Object(Closure))
#24 C:\\xampp\\htdocs\\Lumen\\NewBikeBD01032020\\vendor\\laravel\\lumen-framework\\src\\Concerns\\RoutesRequests.php(165): Laravel\\Lumen\\Application->handleFoundRoute(Array)
#25 C:\\xampp\\htdocs\\Lumen\\NewBikeBD01032020\\vendor\\laravel\\lumen-framework\\src\\Concerns\\RoutesRequests.php(416): Laravel\\Lumen\\Application->Laravel\\Lumen\\Concerns\\{closure}(Object(Laravel\\Lumen\\Http\\Request))
#26 C:\\xampp\\htdocs\\Lumen\\NewBikeBD01032020\\vendor\\laravel\\lumen-framework\\src\\Concerns\\RoutesRequests.php(171): Laravel\\Lumen\\Application->sendThroughPipeline(Array, Object(Closure))
#27 C:\\xampp\\htdocs\\Lumen\\NewBikeBD01032020\\vendor\\laravel\\lumen-framework\\src\\Concerns\\RoutesRequests.php(108): Laravel\\Lumen\\Application->dispatch(NULL)
#28 C:\\xampp\\htdocs\\Lumen\\NewBikeBD01032020\\public\\index.php(28): Laravel\\Lumen\\Application->run()
#29 {main}
"} 
[2020-03-02 10:01:02] local.ERROR: Symfony\Component\Debug\Exception\FatalThrowableError: syntax error, unexpected '}', expecting ',' or ';' in C:\xampp\htdocs\Lumen\NewBikeBD01032020\app\Company.php:12
Stack trace:
#0 C:\xampp\htdocs\Lumen\NewBikeBD01032020\vendor\composer\ClassLoader.php(322): Composer\Autoload\includeFile('C:\\xampp\\htdocs...')
#1 [internal function]: Composer\Autoload\ClassLoader->loadClass('App\\Company')
#2 C:\xampp\htdocs\Lumen\NewBikeBD01032020\app\Http\Controllers\api\v1\admin\CompanyController.php(99): spl_autoload_call('App\\Company')
#3 [internal function]: App\Http\Controllers\api\v1\admin\CompanyController->store(Object(Laravel\Lumen\Http\Request))
#4 C:\xampp\htdocs\Lumen\NewBikeBD01032020\vendor\illuminate\container\BoundMethod.php(32): call_user_func_array(Array, Array)
#5 C:\xampp\htdocs\Lumen\NewBikeBD01032020\vendor\illuminate\container\Util.php(36): Illuminate\Container\BoundMethod::Illuminate\Container\{closure}()
#6 C:\xampp\htdocs\Lumen\NewBikeBD01032020\vendor\illuminate\container\BoundMethod.php(90): Illuminate\Container\Util::unwrapIfClosure(Object(Closure))
#7 C:\xampp\htdocs\Lumen\NewBikeBD01032020\vendor\illuminate\container\BoundMethod.php(34): Illuminate\Container\BoundMethod::callBoundMethod(Object(Laravel\Lumen\Application), Array, Object(Closure))
#8 C:\xampp\htdocs\Lumen\NewBikeBD01032020\vendor\illuminate\container\Container.php(590): Illuminate\Container\BoundMethod::call(Object(Laravel\Lumen\Application), Array, Array, NULL)
#9 C:\xampp\htdocs\Lumen\NewBikeBD01032020\vendor\laravel\lumen-framework\src\Concerns\RoutesRequests.php(376): Illuminate\Container\Container->call(Array, Array)
#10 C:\xampp\htdocs\Lumen\NewBikeBD01032020\vendor\laravel\lumen-framework\src\Concerns\RoutesRequests.php(342): Laravel\Lumen\Application->callControllerCallable(Array, Array)
#11 C:\xampp\htdocs\Lumen\NewBikeBD01032020\vendor\laravel\lumen-framework\src\Concerns\RoutesRequests.php(316): Laravel\Lumen\Application->callLumenController(Object(App\Http\Controllers\api\v1\admin\CompanyController), 'store', Array)
#12 C:\xampp\htdocs\Lumen\NewBikeBD01032020\vendor\laravel\lumen-framework\src\Concerns\RoutesRequests.php(278): Laravel\Lumen\Application->callControllerAction(Array)
#13 C:\xampp\htdocs\Lumen\NewBikeBD01032020\vendor\laravel\lumen-framework\src\Concerns\RoutesRequests.php(258): Laravel\Lumen\Application->callActionOnArrayBasedRoute(Array)
#14 [internal function]: Laravel\Lumen\Application->Laravel\Lumen\Concerns\{closure}(Object(Laravel\Lumen\Http\Request))
#15 C:\xampp\htdocs\Lumen\NewBikeBD01032020\vendor\laravel\lumen-framework\src\Routing\Pipeline.php(52): call_user_func(Object(Closure), Object(Laravel\Lumen\Http\Request))
#16 C:\xampp\htdocs\Lumen\NewBikeBD01032020\app\Http\Middleware\Admin.php(49): Laravel\Lumen\Routing\Pipeline->Laravel\Lumen\Routing\{closure}(Object(Laravel\Lumen\Http\Request))
#17 C:\xampp\htdocs\Lumen\NewBikeBD01032020\vendor\illuminate\pipeline\Pipeline.php(171): App\Http\Middleware\Admin->handle(Object(Laravel\Lumen\Http\Request), Object(Closure))
#18 [internal function]: Illuminate\Pipeline\Pipeline->Illuminate\Pipeline\{closure}(Object(Laravel\Lumen\Http\Request))
#19 C:\xampp\htdocs\Lumen\NewBikeBD01032020\vendor\laravel\lumen-framework\src\Routing\Pipeline.php(32): call_user_func(Object(Closure), Object(Laravel\Lumen\Http\Request))
#20 C:\xampp\htdocs\Lumen\NewBikeBD01032020\vendor\illuminate\pipeline\Pipeline.php(105): Laravel\Lumen\Routing\Pipeline->Laravel\Lumen\Routing\{closure}(Object(Laravel\Lumen\Http\Request))
#21 C:\xampp\htdocs\Lumen\NewBikeBD01032020\vendor\laravel\lumen-framework\src\Concerns\RoutesRequests.php(413): Illuminate\Pipeline\Pipeline->then(Object(Closure))
#22 C:\xampp\htdocs\Lumen\NewBikeBD01032020\vendor\laravel\lumen-framework\src\Concerns\RoutesRequests.php(259): Laravel\Lumen\Application->sendThroughPipeline(Array, Object(Closure))
#23 C:\xampp\htdocs\Lumen\NewBikeBD01032020\vendor\laravel\lumen-framework\src\Concerns\RoutesRequests.php(165): Laravel\Lumen\Application->handleFoundRoute(Array)
#24 C:\xampp\htdocs\Lumen\NewBikeBD01032020\vendor\laravel\lumen-framework\src\Concerns\RoutesRequests.php(416): Laravel\Lumen\Application->Laravel\Lumen\Concerns\{closure}(Object(Laravel\Lumen\Http\Request))
#25 C:\xampp\htdocs\Lumen\NewBikeBD01032020\vendor\laravel\lumen-framework\src\Concerns\RoutesRequests.php(171): Laravel\Lumen\Application->sendThroughPipeline(Array, Object(Closure))
#26 C:\xampp\htdocs\Lumen\NewBikeBD01032020\vendor\laravel\lumen-framework\src\Concerns\RoutesRequests.php(108): Laravel\Lumen\Application->dispatch(NULL)
#27 C:\xampp\htdocs\Lumen\NewBikeBD01032020\public\index.php(28): Laravel\Lumen\Application->run()
#28 {main} {"exception":"[object] (Symfony\\Component\\Debug\\Exception\\FatalThrowableError(code: 0): syntax error, unexpected '}', expecting ',' or ';' at C:\\xampp\\htdocs\\Lumen\\NewBikeBD01032020\\app\\Company.php:12)
[stacktrace]
#0 C:\\xampp\\htdocs\\Lumen\\NewBikeBD01032020\\vendor\\composer\\ClassLoader.php(322): Composer\\Autoload\\includeFile('C:\\\\xampp\\\\htdocs...')
#1 [internal function]: Composer\\Autoload\\ClassLoader->loadClass('App\\\\Company')
#2 C:\\xampp\\htdocs\\Lumen\\NewBikeBD01032020\\app\\Http\\Controllers\\api\\v1\\admin\\CompanyController.php(99): spl_autoload_call('App\\\\Company')
#3 [internal function]: App\\Http\\Controllers\\api\\v1\\admin\\CompanyController->store(Object(Laravel\\Lumen\\Http\\Request))
#4 C:\\xampp\\htdocs\\Lumen\\NewBikeBD01032020\\vendor\\illuminate\\container\\BoundMethod.php(32): call_user_func_array(Array, Array)
#5 C:\\xampp\\htdocs\\Lumen\\NewBikeBD01032020\\vendor\\illuminate\\container\\Util.php(36): Illuminate\\Container\\BoundMethod::Illuminate\\Container\\{closure}()
#6 C:\\xampp\\htdocs\\Lumen\\NewBikeBD01032020\\vendor\\illuminate\\container\\BoundMethod.php(90): Illuminate\\Container\\Util::unwrapIfClosure(Object(Closure))
#7 C:\\xampp\\htdocs\\Lumen\\NewBikeBD01032020\\vendor\\illuminate\\container\\BoundMethod.php(34): Illuminate\\Container\\BoundMethod::callBoundMethod(Object(Laravel\\Lumen\\Application), Array, Object(Closure))
#8 C:\\xampp\\htdocs\\Lumen\\NewBikeBD01032020\\vendor\\illuminate\\container\\Container.php(590): Illuminate\\Container\\BoundMethod::call(Object(Laravel\\Lumen\\Application), Array, Array, NULL)
#9 C:\\xampp\\htdocs\\Lumen\\NewBikeBD01032020\\vendor\\laravel\\lumen-framework\\src\\Concerns\\RoutesRequests.php(376): Illuminate\\Container\\Container->call(Array, Array)
#10 C:\\xampp\\htdocs\\Lumen\\NewBikeBD01032020\\vendor\\laravel\\lumen-framework\\src\\Concerns\\RoutesRequests.php(342): Laravel\\Lumen\\Application->callControllerCallable(Array, Array)
#11 C:\\xampp\\htdocs\\Lumen\\NewBikeBD01032020\\vendor\\laravel\\lumen-framework\\src\\Concerns\\RoutesRequests.php(316): Laravel\\Lumen\\Application->callLumenController(Object(App\\Http\\Controllers\\api\\v1\\admin\\CompanyController), 'store', Array)
#12 C:\\xampp\\htdocs\\Lumen\\NewBikeBD01032020\\vendor\\laravel\\lumen-framework\\src\\Concerns\\RoutesRequests.php(278): Laravel\\Lumen\\Application->callControllerAction(Array)
#13 C:\\xampp\\htdocs\\Lumen\\NewBikeBD01032020\\vendor\\laravel\\lumen-framework\\src\\Concerns\\RoutesRequests.php(258): Laravel\\Lumen\\Application->callActionOnArrayBasedRoute(Array)
#14 [internal function]: Laravel\\Lumen\\Application->Laravel\\Lumen\\Concerns\\{closure}(Object(Laravel\\Lumen\\Http\\Request))
#15 C:\\xampp\\htdocs\\Lumen\\NewBikeBD01032020\\vendor\\laravel\\lumen-framework\\src\\Routing\\Pipeline.php(52): call_user_func(Object(Closure), Object(Laravel\\Lumen\\Http\\Request))
#16 C:\\xampp\\htdocs\\Lumen\\NewBikeBD01032020\\app\\Http\\Middleware\\Admin.php(49): Laravel\\Lumen\\Routing\\Pipeline->Laravel\\Lumen\\Routing\\{closure}(Object(Laravel\\Lumen\\Http\\Request))
#17 C:\\xampp\\htdocs\\Lumen\\NewBikeBD01032020\\vendor\\illuminate\\pipeline\\Pipeline.php(171): App\\Http\\Middleware\\Admin->handle(Object(Laravel\\Lumen\\Http\\Request), Object(Closure))
#18 [internal function]: Illuminate\\Pipeline\\Pipeline->Illuminate\\Pipeline\\{closure}(Object(Laravel\\Lumen\\Http\\Request))
#19 C:\\xampp\\htdocs\\Lumen\\NewBikeBD01032020\\vendor\\laravel\\lumen-framework\\src\\Routing\\Pipeline.php(32): call_user_func(Object(Closure), Object(Laravel\\Lumen\\Http\\Request))
#20 C:\\xampp\\htdocs\\Lumen\\NewBikeBD01032020\\vendor\\illuminate\\pipeline\\Pipeline.php(105): Laravel\\Lumen\\Routing\\Pipeline->Laravel\\Lumen\\Routing\\{closure}(Object(Laravel\\Lumen\\Http\\Request))
#21 C:\\xampp\\htdocs\\Lumen\\NewBikeBD01032020\\vendor\\laravel\\lumen-framework\\src\\Concerns\\RoutesRequests.php(413): Illuminate\\Pipeline\\Pipeline->then(Object(Closure))
#22 C:\\xampp\\htdocs\\Lumen\\NewBikeBD01032020\\vendor\\laravel\\lumen-framework\\src\\Concerns\\RoutesRequests.php(259): Laravel\\Lumen\\Application->sendThroughPipeline(Array, Object(Closure))
#23 C:\\xampp\\htdocs\\Lumen\\NewBikeBD01032020\\vendor\\laravel\\lumen-framework\\src\\Concerns\\RoutesRequests.php(165): Laravel\\Lumen\\Application->handleFoundRoute(Array)
#24 C:\\xampp\\htdocs\\Lumen\\NewBikeBD01032020\\vendor\\laravel\\lumen-framework\\src\\Concerns\\RoutesRequests.php(416): Laravel\\Lumen\\Application->Laravel\\Lumen\\Concerns\\{closure}(Object(Laravel\\Lumen\\Http\\Request))
#25 C:\\xampp\\htdocs\\Lumen\\NewBikeBD01032020\\vendor\\laravel\\lumen-framework\\src\\Concerns\\RoutesRequests.php(171): Laravel\\Lumen\\Application->sendThroughPipeline(Array, Object(Closure))
#26 C:\\xampp\\htdocs\\Lumen\\NewBikeBD01032020\\vendor\\laravel\\lumen-framework\\src\\Concerns\\RoutesRequests.php(108): Laravel\\Lumen\\Application->dispatch(NULL)
#27 C:\\xampp\\htdocs\\Lumen\\NewBikeBD01032020\\public\\index.php(28): Laravel\\Lumen\\Application->run()
#28 {main}
"} 
[2020-03-02 10:01:49] local.ERROR: Symfony\Component\Debug\Exception\FatalErrorException: Class 'Jenssegers\Mongodb\Eloquent\Model' not found in C:\xampp\htdocs\Lumen\NewBikeBD01032020\app\Modelyear.php:7
Stack trace:
#0 C:\xampp\htdocs\Lumen\NewBikeBD01032020\vendor\laravel\lumen-framework\src\Concerns\RegistersExceptionHandlers.php(54): Laravel\Lumen\Application->handleShutdown()
#1 [internal function]: Laravel\Lumen\Application->Laravel\Lumen\Concerns\{closure}()
#2 {main} {"exception":"[object] (Symfony\\Component\\Debug\\Exception\\FatalErrorException(code: 1): Class 'Jenssegers\\Mongodb\\Eloquent\\Model' not found at C:\\xampp\\htdocs\\Lumen\\NewBikeBD01032020\\app\\Modelyear.php:7)
[stacktrace]
#0 C:\\xampp\\htdocs\\Lumen\\NewBikeBD01032020\\vendor\\laravel\\lumen-framework\\src\\Concerns\\RegistersExceptionHandlers.php(54): Laravel\\Lumen\\Application->handleShutdown()
#1 [internal function]: Laravel\\Lumen\\Application->Laravel\\Lumen\\Concerns\\{closure}()
#2 {main}
"} 
[2020-03-02 10:33:02] local.ERROR: ErrorException: Non-static method Illuminate\Database\Eloquent\Model::delete() should not be called statically in C:\xampp\htdocs\Lumen\NewBikeBD01032020\app\Http\Controllers\api\v1\admin\CompanyController.php:287
Stack trace:
#0 C:\xampp\htdocs\Lumen\NewBikeBD01032020\app\Http\Controllers\api\v1\admin\CompanyController.php(287): Laravel\Lumen\Application->Laravel\Lumen\Concerns\{closure}(8192, 'Non-static meth...', 'C:\\xampp\\htdocs...', 287, Array)
#1 [internal function]: App\Http\Controllers\api\v1\admin\CompanyController->destroy('2')
#2 C:\xampp\htdocs\Lumen\NewBikeBD01032020\vendor\illuminate\container\BoundMethod.php(32): call_user_func_array(Array, Array)
#3 C:\xampp\htdocs\Lumen\NewBikeBD01032020\vendor\illuminate\container\Util.php(36): Illuminate\Container\BoundMethod::Illuminate\Container\{closure}()
#4 C:\xampp\htdocs\Lumen\NewBikeBD01032020\vendor\illuminate\container\BoundMethod.php(90): Illuminate\Container\Util::unwrapIfClosure(Object(Closure))
#5 C:\xampp\htdocs\Lumen\NewBikeBD01032020\vendor\illuminate\container\BoundMethod.php(34): Illuminate\Container\BoundMethod::callBoundMethod(Object(Laravel\Lumen\Application), Array, Object(Closure))
#6 C:\xampp\htdocs\Lumen\NewBikeBD01032020\vendor\illuminate\container\Container.php(590): Illuminate\Container\BoundMethod::call(Object(Laravel\Lumen\Application), Array, Array, NULL)
#7 C:\xampp\htdocs\Lumen\NewBikeBD01032020\vendor\laravel\lumen-framework\src\Concerns\RoutesRequests.php(376): Illuminate\Container\Container->call(Array, Array)
#8 C:\xampp\htdocs\Lumen\NewBikeBD01032020\vendor\laravel\lumen-framework\src\Concerns\RoutesRequests.php(342): Laravel\Lumen\Application->callControllerCallable(Array, Array)
#9 C:\xampp\htdocs\Lumen\NewBikeBD01032020\vendor\laravel\lumen-framework\src\Concerns\RoutesRequests.php(316): Laravel\Lumen\Application->callLumenController(Object(App\Http\Controllers\api\v1\admin\CompanyController), 'destroy', Array)
#10 C:\xampp\htdocs\Lumen\NewBikeBD01032020\vendor\laravel\lumen-framework\src\Concerns\RoutesRequests.php(278): Laravel\Lumen\Application->callControllerAction(Array)
#11 C:\xampp\htdocs\Lumen\NewBikeBD01032020\vendor\laravel\lumen-framework\src\Concerns\RoutesRequests.php(258): Laravel\Lumen\Application->callActionOnArrayBasedRoute(Array)
#12 [internal function]: Laravel\Lumen\Application->Laravel\Lumen\Concerns\{closure}(Object(Laravel\Lumen\Http\Request))
#13 C:\xampp\htdocs\Lumen\NewBikeBD01032020\vendor\laravel\lumen-framework\src\Routing\Pipeline.php(52): call_user_func(Object(Closure), Object(Laravel\Lumen\Http\Request))
#14 C:\xampp\htdocs\Lumen\NewBikeBD01032020\app\Http\Middleware\Admin.php(49): Laravel\Lumen\Routing\Pipeline->Laravel\Lumen\Routing\{closure}(Object(Laravel\Lumen\Http\Request))
#15 C:\xampp\htdocs\Lumen\NewBikeBD01032020\vendor\illuminate\pipeline\Pipeline.php(171): App\Http\Middleware\Admin->handle(Object(Laravel\Lumen\Http\Request), Object(Closure))
#16 [internal function]: Illuminate\Pipeline\Pipeline->Illuminate\Pipeline\{closure}(Object(Laravel\Lumen\Http\Request))
#17 C:\xampp\htdocs\Lumen\NewBikeBD01032020\vendor\laravel\lumen-framework\src\Routing\Pipeline.php(32): call_user_func(Object(Closure), Object(Laravel\Lumen\Http\Request))
#18 C:\xampp\htdocs\Lumen\NewBikeBD01032020\vendor\illuminate\pipeline\Pipeline.php(105): Laravel\Lumen\Routing\Pipeline->Laravel\Lumen\Routing\{closure}(Object(Laravel\Lumen\Http\Request))
#19 C:\xampp\htdocs\Lumen\NewBikeBD01032020\vendor\laravel\lumen-framework\src\Concerns\RoutesRequests.php(413): Illuminate\Pipeline\Pipeline->then(Object(Closure))
#20 C:\xampp\htdocs\Lumen\NewBikeBD01032020\vendor\laravel\lumen-framework\src\Concerns\RoutesRequests.php(259): Laravel\Lumen\Application->sendThroughPipeline(Array, Object(Closure))
#21 C:\xampp\htdocs\Lumen\NewBikeBD01032020\vendor\laravel\lumen-framework\src\Concerns\RoutesRequests.php(233): Laravel\Lumen\Application->handleFoundRoute(Array)
#22 C:\xampp\htdocs\Lumen\NewBikeBD01032020\vendor\laravel\lumen-framework\src\Concerns\RoutesRequests.php(169): Laravel\Lumen\Application->handleDispatcherResponse(Array)
#23 C:\xampp\htdocs\Lumen\NewBikeBD01032020\vendor\laravel\lumen-framework\src\Concerns\RoutesRequests.php(416): Laravel\Lumen\Application->Laravel\Lumen\Concerns\{closure}(Object(Laravel\Lumen\Http\Request))
#24 C:\xampp\htdocs\Lumen\NewBikeBD01032020\vendor\laravel\lumen-framework\src\Concerns\RoutesRequests.php(171): Laravel\Lumen\Application->sendThroughPipeline(Array, Object(Closure))
#25 C:\xampp\htdocs\Lumen\NewBikeBD01032020\vendor\laravel\lumen-framework\src\Concerns\RoutesRequests.php(108): Laravel\Lumen\Application->dispatch(NULL)
#26 C:\xampp\htdocs\Lumen\NewBikeBD01032020\public\index.php(28): Laravel\Lumen\Application->run()
#27 {main} {"exception":"[object] (ErrorException(code: 0): Non-static method Illuminate\\Database\\Eloquent\\Model::delete() should not be called statically at C:\\xampp\\htdocs\\Lumen\\NewBikeBD01032020\\app\\Http\\Controllers\\api\\v1\\admin\\CompanyController.php:287)
[stacktrace]
#0 C:\\xampp\\htdocs\\Lumen\\NewBikeBD01032020\\app\\Http\\Controllers\\api\\v1\\admin\\CompanyController.php(287): Laravel\\Lumen\\Application->Laravel\\Lumen\\Concerns\\{closure}(8192, 'Non-static meth...', 'C:\\\\xampp\\\\htdocs...', 287, Array)
#1 [internal function]: App\\Http\\Controllers\\api\\v1\\admin\\CompanyController->destroy('2')
#2 C:\\xampp\\htdocs\\Lumen\\NewBikeBD01032020\\vendor\\illuminate\\container\\BoundMethod.php(32): call_user_func_array(Array, Array)
#3 C:\\xampp\\htdocs\\Lumen\\NewBikeBD01032020\\vendor\\illuminate\\container\\Util.php(36): Illuminate\\Container\\BoundMethod::Illuminate\\Container\\{closure}()
#4 C:\\xampp\\htdocs\\Lumen\\NewBikeBD01032020\\vendor\\illuminate\\container\\BoundMethod.php(90): Illuminate\\Container\\Util::unwrapIfClosure(Object(Closure))
#5 C:\\xampp\\htdocs\\Lumen\\NewBikeBD01032020\\vendor\\illuminate\\container\\BoundMethod.php(34): Illuminate\\Container\\BoundMethod::callBoundMethod(Object(Laravel\\Lumen\\Application), Array, Object(Closure))
#6 C:\\xampp\\htdocs\\Lumen\\NewBikeBD01032020\\vendor\\illuminate\\container\\Container.php(590): Illuminate\\Container\\BoundMethod::call(Object(Laravel\\Lumen\\Application), Array, Array, NULL)
#7 C:\\xampp\\htdocs\\Lumen\\NewBikeBD01032020\\vendor\\laravel\\lumen-framework\\src\\Concerns\\RoutesRequests.php(376): Illuminate\\Container\\Container->call(Array, Array)
#8 C:\\xampp\\htdocs\\Lumen\\NewBikeBD01032020\\vendor\\laravel\\lumen-framework\\src\\Concerns\\RoutesRequests.php(342): Laravel\\Lumen\\Application->callControllerCallable(Array, Array)
#9 C:\\xampp\\htdocs\\Lumen\\NewBikeBD01032020\\vendor\\laravel\\lumen-framework\\src\\Concerns\\RoutesRequests.php(316): Laravel\\Lumen\\Application->callLumenController(Object(App\\Http\\Controllers\\api\\v1\\admin\\CompanyController), 'destroy', Array)
#10 C:\\xampp\\htdocs\\Lumen\\NewBikeBD01032020\\vendor\\laravel\\lumen-framework\\src\\Concerns\\RoutesRequests.php(278): Laravel\\Lumen\\Application->callControllerAction(Array)
#11 C:\\xampp\\htdocs\\Lumen\\NewBikeBD01032020\\vendor\\laravel\\lumen-framework\\src\\Concerns\\RoutesRequests.php(258): Laravel\\Lumen\\Application->callActionOnArrayBasedRoute(Array)
#12 [internal function]: Laravel\\Lumen\\Application->Laravel\\Lumen\\Concerns\\{closure}(Object(Laravel\\Lumen\\Http\\Request))
#13 C:\\xampp\\htdocs\\Lumen\\NewBikeBD01032020\\vendor\\laravel\\lumen-framework\\src\\Routing\\Pipeline.php(52): call_user_func(Object(Closure), Object(Laravel\\Lumen\\Http\\Request))
#14 C:\\xampp\\htdocs\\Lumen\\NewBikeBD01032020\\app\\Http\\Middleware\\Admin.php(49): Laravel\\Lumen\\Routing\\Pipeline->Laravel\\Lumen\\Routing\\{closure}(Object(Laravel\\Lumen\\Http\\Request))
#15 C:\\xampp\\htdocs\\Lumen\\NewBikeBD01032020\\vendor\\illuminate\\pipeline\\Pipeline.php(171): App\\Http\\Middleware\\Admin->handle(Object(Laravel\\Lumen\\Http\\Request), Object(Closure))
#16 [internal function]: Illuminate\\Pipeline\\Pipeline->Illuminate\\Pipeline\\{closure}(Object(Laravel\\Lumen\\Http\\Request))
#17 C:\\xampp\\htdocs\\Lumen\\NewBikeBD01032020\\vendor\\laravel\\lumen-framework\\src\\Routing\\Pipeline.php(32): call_user_func(Object(Closure), Object(Laravel\\Lumen\\Http\\Request))
#18 C:\\xampp\\htdocs\\Lumen\\NewBikeBD01032020\\vendor\\illuminate\\pipeline\\Pipeline.php(105): Laravel\\Lumen\\Routing\\Pipeline->Laravel\\Lumen\\Routing\\{closure}(Object(Laravel\\Lumen\\Http\\Request))
#19 C:\\xampp\\htdocs\\Lumen\\NewBikeBD01032020\\vendor\\laravel\\lumen-framework\\src\\Concerns\\RoutesRequests.php(413): Illuminate\\Pipeline\\Pipeline->then(Object(Closure))
#20 C:\\xampp\\htdocs\\Lumen\\NewBikeBD01032020\\vendor\\laravel\\lumen-framework\\src\\Concerns\\RoutesRequests.php(259): Laravel\\Lumen\\Application->sendThroughPipeline(Array, Object(Closure))
#21 C:\\xampp\\htdocs\\Lumen\\NewBikeBD01032020\\vendor\\laravel\\lumen-framework\\src\\Concerns\\RoutesRequests.php(233): Laravel\\Lumen\\Application->handleFoundRoute(Array)
#22 C:\\xampp\\htdocs\\Lumen\\NewBikeBD01032020\\vendor\\laravel\\lumen-framework\\src\\Concerns\\RoutesRequests.php(169): Laravel\\Lumen\\Application->handleDispatcherResponse(Array)
#23 C:\\xampp\\htdocs\\Lumen\\NewBikeBD01032020\\vendor\\laravel\\lumen-framework\\src\\Concerns\\RoutesRequests.php(416): Laravel\\Lumen\\Application->Laravel\\Lumen\\Concerns\\{closure}(Object(Laravel\\Lumen\\Http\\Request))
#24 C:\\xampp\\htdocs\\Lumen\\NewBikeBD01032020\\vendor\\laravel\\lumen-framework\\src\\Concerns\\RoutesRequests.php(171): Laravel\\Lumen\\Application->sendThroughPipeline(Array, Object(Closure))
#25 C:\\xampp\\htdocs\\Lumen\\NewBikeBD01032020\\vendor\\laravel\\lumen-framework\\src\\Concerns\\RoutesRequests.php(108): Laravel\\Lumen\\Application->dispatch(NULL)
#26 C:\\xampp\\htdocs\\Lumen\\NewBikeBD01032020\\public\\index.php(28): Laravel\\Lumen\\Application->run()
#27 {main}
"} 
[2020-03-02 11:12:10] local.ERROR: Symfony\Component\Debug\Exception\FatalErrorException: Class 'Jenssegers\Mongodb\Eloquent\Model' not found in C:\xampp\htdocs\Lumen\NewBikeBD01032020\app\Modelyear.php:7
Stack trace:
#0 C:\xampp\htdocs\Lumen\NewBikeBD01032020\vendor\laravel\lumen-framework\src\Concerns\RegistersExceptionHandlers.php(54): Laravel\Lumen\Application->handleShutdown()
#1 [internal function]: Laravel\Lumen\Application->Laravel\Lumen\Concerns\{closure}()
#2 {main} {"exception":"[object] (Symfony\\Component\\Debug\\Exception\\FatalErrorException(code: 1): Class 'Jenssegers\\Mongodb\\Eloquent\\Model' not found at C:\\xampp\\htdocs\\Lumen\\NewBikeBD01032020\\app\\Modelyear.php:7)
[stacktrace]
#0 C:\\xampp\\htdocs\\Lumen\\NewBikeBD01032020\\vendor\\laravel\\lumen-framework\\src\\Concerns\\RegistersExceptionHandlers.php(54): Laravel\\Lumen\\Application->handleShutdown()
#1 [internal function]: Laravel\\Lumen\\Application->Laravel\\Lumen\\Concerns\\{closure}()
#2 {main}
"} 
[2020-03-02 11:49:46] local.ERROR: ErrorException: Creating default object from empty value in C:\xampp\htdocs\Lumen\NewBikeBD01032020\app\Http\Controllers\api\v1\admin\BlogpostController.php:326
Stack trace:
#0 C:\xampp\htdocs\Lumen\NewBikeBD01032020\app\Http\Controllers\api\v1\admin\BlogpostController.php(326): Laravel\Lumen\Application->Laravel\Lumen\Concerns\{closure}(2, 'Creating defaul...', 'C:\\xampp\\htdocs...', 326, Array)
#1 [internal function]: App\Http\Controllers\api\v1\admin\BlogpostController->blogpostactive(Object(Laravel\Lumen\Http\Request), '2')
#2 C:\xampp\htdocs\Lumen\NewBikeBD01032020\vendor\illuminate\container\BoundMethod.php(32): call_user_func_array(Array, Array)
#3 C:\xampp\htdocs\Lumen\NewBikeBD01032020\vendor\illuminate\container\Util.php(36): Illuminate\Container\BoundMethod::Illuminate\Container\{closure}()
#4 C:\xampp\htdocs\Lumen\NewBikeBD01032020\vendor\illuminate\container\BoundMethod.php(90): Illuminate\Container\Util::unwrapIfClosure(Object(Closure))
#5 C:\xampp\htdocs\Lumen\NewBikeBD01032020\vendor\illuminate\container\BoundMethod.php(34): Illuminate\Container\BoundMethod::callBoundMethod(Object(Laravel\Lumen\Application), Array, Object(Closure))
#6 C:\xampp\htdocs\Lumen\NewBikeBD01032020\vendor\illuminate\container\Container.php(590): Illuminate\Container\BoundMethod::call(Object(Laravel\Lumen\Application), Array, Array, NULL)
#7 C:\xampp\htdocs\Lumen\NewBikeBD01032020\vendor\laravel\lumen-framework\src\Concerns\RoutesRequests.php(376): Illuminate\Container\Container->call(Array, Array)
#8 C:\xampp\htdocs\Lumen\NewBikeBD01032020\vendor\laravel\lumen-framework\src\Concerns\RoutesRequests.php(361): Laravel\Lumen\Application->callControllerCallable(Array, Array)
#9 [internal function]: Laravel\Lumen\Application->Laravel\Lumen\Concerns\{closure}(Object(Laravel\Lumen\Http\Request))
#10 C:\xampp\htdocs\Lumen\NewBikeBD01032020\vendor\laravel\lumen-framework\src\Routing\Pipeline.php(52): call_user_func(Object(Closure), Object(Laravel\Lumen\Http\Request))
#11 C:\xampp\htdocs\Lumen\NewBikeBD01032020\vendor\spatie\laravel-permission\src\Middlewares\PermissionMiddleware.php(22): Laravel\Lumen\Routing\Pipeline->Laravel\Lumen\Routing\{closure}(Object(Laravel\Lumen\Http\Request))
#12 C:\xampp\htdocs\Lumen\NewBikeBD01032020\vendor\illuminate\pipeline\Pipeline.php(171): Spatie\Permission\Middlewares\PermissionMiddleware->handle(Object(Laravel\Lumen\Http\Request), Object(Closure), 'Admin-List')
#13 [internal function]: Illuminate\Pipeline\Pipeline->Illuminate\Pipeline\{closure}(Object(Laravel\Lumen\Http\Request))
#14 C:\xampp\htdocs\Lumen\NewBikeBD01032020\vendor\laravel\lumen-framework\src\Routing\Pipeline.php(32): call_user_func(Object(Closure), Object(Laravel\Lumen\Http\Request))
#15 C:\xampp\htdocs\Lumen\NewBikeBD01032020\vendor\illuminate\pipeline\Pipeline.php(105): Laravel\Lumen\Routing\Pipeline->Laravel\Lumen\Routing\{closure}(Object(Laravel\Lumen\Http\Request))
#16 C:\xampp\htdocs\Lumen\NewBikeBD01032020\vendor\laravel\lumen-framework\src\Concerns\RoutesRequests.php(413): Illuminate\Pipeline\Pipeline->then(Object(Closure))
#17 C:\xampp\htdocs\Lumen\NewBikeBD01032020\vendor\laravel\lumen-framework\src\Concerns\RoutesRequests.php(362): Laravel\Lumen\Application->sendThroughPipeline(Array, Object(Closure))
#18 C:\xampp\htdocs\Lumen\NewBikeBD01032020\vendor\laravel\lumen-framework\src\Concerns\RoutesRequests.php(338): Laravel\Lumen\Application->callLumenControllerWithMiddleware(Object(App\Http\Controllers\api\v1\admin\BlogpostController), 'blogpostactive', Array, Array)
#19 C:\xampp\htdocs\Lumen\NewBikeBD01032020\vendor\laravel\lumen-framework\src\Concerns\RoutesRequests.php(316): Laravel\Lumen\Application->callLumenController(Object(App\Http\Controllers\api\v1\admin\BlogpostController), 'blogpostactive', Array)
#20 C:\xampp\htdocs\Lumen\NewBikeBD01032020\vendor\laravel\lumen-framework\src\Concerns\RoutesRequests.php(278): Laravel\Lumen\Application->callControllerAction(Array)
#21 C:\xampp\htdocs\Lumen\NewBikeBD01032020\vendor\laravel\lumen-framework\src\Concerns\RoutesRequests.php(258): Laravel\Lumen\Application->callActionOnArrayBasedRoute(Array)
#22 [internal function]: Laravel\Lumen\Application->Laravel\Lumen\Concerns\{closure}(Object(Laravel\Lumen\Http\Request))
#23 C:\xampp\htdocs\Lumen\NewBikeBD01032020\vendor\laravel\lumen-framework\src\Routing\Pipeline.php(52): call_user_func(Object(Closure), Object(Laravel\Lumen\Http\Request))
#24 C:\xampp\htdocs\Lumen\NewBikeBD01032020\app\Http\Middleware\Admin.php(49): Laravel\Lumen\Routing\Pipeline->Laravel\Lumen\Routing\{closure}(Object(Laravel\Lumen\Http\Request))
#25 C:\xampp\htdocs\Lumen\NewBikeBD01032020\vendor\illuminate\pipeline\Pipeline.php(171): App\Http\Middleware\Admin->handle(Object(Laravel\Lumen\Http\Request), Object(Closure))
#26 [internal function]: Illuminate\Pipeline\Pipeline->Illuminate\Pipeline\{closure}(Object(Laravel\Lumen\Http\Request))
#27 C:\xampp\htdocs\Lumen\NewBikeBD01032020\vendor\laravel\lumen-framework\src\Routing\Pipeline.php(32): call_user_func(Object(Closure), Object(Laravel\Lumen\Http\Request))
#28 C:\xampp\htdocs\Lumen\NewBikeBD01032020\vendor\illuminate\pipeline\Pipeline.php(105): Laravel\Lumen\Routing\Pipeline->Laravel\Lumen\Routing\{closure}(Object(Laravel\Lumen\Http\Request))
#29 C:\xampp\htdocs\Lumen\NewBikeBD01032020\vendor\laravel\lumen-framework\src\Concerns\RoutesRequests.php(413): Illuminate\Pipeline\Pipeline->then(Object(Closure))
#30 C:\xampp\htdocs\Lumen\NewBikeBD01032020\vendor\laravel\lumen-framework\src\Concerns\RoutesRequests.php(259): Laravel\Lumen\Application->sendThroughPipeline(Array, Object(Closure))
#31 C:\xampp\htdocs\Lumen\NewBikeBD01032020\vendor\laravel\lumen-framework\src\Concerns\RoutesRequests.php(233): Laravel\Lumen\Application->handleFoundRoute(Array)
#32 C:\xampp\htdocs\Lumen\NewBikeBD01032020\vendor\laravel\lumen-framework\src\Concerns\RoutesRequests.php(169): Laravel\Lumen\Application->handleDispatcherResponse(Array)
#33 C:\xampp\htdocs\Lumen\NewBikeBD01032020\vendor\laravel\lumen-framework\src\Concerns\RoutesRequests.php(416): Laravel\Lumen\Application->Laravel\Lumen\Concerns\{closure}(Object(Laravel\Lumen\Http\Request))
#34 C:\xampp\htdocs\Lumen\NewBikeBD01032020\vendor\laravel\lumen-framework\src\Concerns\RoutesRequests.php(171): Laravel\Lumen\Application->sendThroughPipeline(Array, Object(Closure))
#35 C:\xampp\htdocs\Lumen\NewBikeBD01032020\vendor\laravel\lumen-framework\src\Concerns\RoutesRequests.php(108): Laravel\Lumen\Application->dispatch(NULL)
#36 C:\xampp\htdocs\Lumen\NewBikeBD01032020\public\index.php(28): Laravel\Lumen\Application->run()
#37 {main} {"exception":"[object] (ErrorException(code: 0): Creating default object from empty value at C:\\xampp\\htdocs\\Lumen\\NewBikeBD01032020\\app\\Http\\Controllers\\api\\v1\\admin\\BlogpostController.php:326)
[stacktrace]
#0 C:\\xampp\\htdocs\\Lumen\\NewBikeBD01032020\\app\\Http\\Controllers\\api\\v1\\admin\\BlogpostController.php(326): Laravel\\Lumen\\Application->Laravel\\Lumen\\Concerns\\{closure}(2, 'Creating defaul...', 'C:\\\\xampp\\\\htdocs...', 326, Array)
#1 [internal function]: App\\Http\\Controllers\\api\\v1\\admin\\BlogpostController->blogpostactive(Object(Laravel\\Lumen\\Http\\Request), '2')
#2 C:\\xampp\\htdocs\\Lumen\\NewBikeBD01032020\\vendor\\illuminate\\container\\BoundMethod.php(32): call_user_func_array(Array, Array)
#3 C:\\xampp\\htdocs\\Lumen\\NewBikeBD01032020\\vendor\\illuminate\\container\\Util.php(36): Illuminate\\Container\\BoundMethod::Illuminate\\Container\\{closure}()
#4 C:\\xampp\\htdocs\\Lumen\\NewBikeBD01032020\\vendor\\illuminate\\container\\BoundMethod.php(90): Illuminate\\Container\\Util::unwrapIfClosure(Object(Closure))
#5 C:\\xampp\\htdocs\\Lumen\\NewBikeBD01032020\\vendor\\illuminate\\container\\BoundMethod.php(34): Illuminate\\Container\\BoundMethod::callBoundMethod(Object(Laravel\\Lumen\\Application), Array, Object(Closure))
#6 C:\\xampp\\htdocs\\Lumen\\NewBikeBD01032020\\vendor\\illuminate\\container\\Container.php(590): Illuminate\\Container\\BoundMethod::call(Object(Laravel\\Lumen\\Application), Array, Array, NULL)
#7 C:\\xampp\\htdocs\\Lumen\\NewBikeBD01032020\\vendor\\laravel\\lumen-framework\\src\\Concerns\\RoutesRequests.php(376): Illuminate\\Container\\Container->call(Array, Array)
#8 C:\\xampp\\htdocs\\Lumen\\NewBikeBD01032020\\vendor\\laravel\\lumen-framework\\src\\Concerns\\RoutesRequests.php(361): Laravel\\Lumen\\Application->callControllerCallable(Array, Array)
#9 [internal function]: Laravel\\Lumen\\Application->Laravel\\Lumen\\Concerns\\{closure}(Object(Laravel\\Lumen\\Http\\Request))
#10 C:\\xampp\\htdocs\\Lumen\\NewBikeBD01032020\\vendor\\laravel\\lumen-framework\\src\\Routing\\Pipeline.php(52): call_user_func(Object(Closure), Object(Laravel\\Lumen\\Http\\Request))
#11 C:\\xampp\\htdocs\\Lumen\\NewBikeBD01032020\\vendor\\spatie\\laravel-permission\\src\\Middlewares\\PermissionMiddleware.php(22): Laravel\\Lumen\\Routing\\Pipeline->Laravel\\Lumen\\Routing\\{closure}(Object(Laravel\\Lumen\\Http\\Request))
#12 C:\\xampp\\htdocs\\Lumen\\NewBikeBD01032020\\vendor\\illuminate\\pipeline\\Pipeline.php(171): Spatie\\Permission\\Middlewares\\PermissionMiddleware->handle(Object(Laravel\\Lumen\\Http\\Request), Object(Closure), 'Admin-List')
#13 [internal function]: Illuminate\\Pipeline\\Pipeline->Illuminate\\Pipeline\\{closure}(Object(Laravel\\Lumen\\Http\\Request))
#14 C:\\xampp\\htdocs\\Lumen\\NewBikeBD01032020\\vendor\\laravel\\lumen-framework\\src\\Routing\\Pipeline.php(32): call_user_func(Object(Closure), Object(Laravel\\Lumen\\Http\\Request))
#15 C:\\xampp\\htdocs\\Lumen\\NewBikeBD01032020\\vendor\\illuminate\\pipeline\\Pipeline.php(105): Laravel\\Lumen\\Routing\\Pipeline->Laravel\\Lumen\\Routing\\{closure}(Object(Laravel\\Lumen\\Http\\Request))
#16 C:\\xampp\\htdocs\\Lumen\\NewBikeBD01032020\\vendor\\laravel\\lumen-framework\\src\\Concerns\\RoutesRequests.php(413): Illuminate\\Pipeline\\Pipeline->then(Object(Closure))
#17 C:\\xampp\\htdocs\\Lumen\\NewBikeBD01032020\\vendor\\laravel\\lumen-framework\\src\\Concerns\\RoutesRequests.php(362): Laravel\\Lumen\\Application->sendThroughPipeline(Array, Object(Closure))
#18 C:\\xampp\\htdocs\\Lumen\\NewBikeBD01032020\\vendor\\laravel\\lumen-framework\\src\\Concerns\\RoutesRequests.php(338): Laravel\\Lumen\\Application->callLumenControllerWithMiddleware(Object(App\\Http\\Controllers\\api\\v1\\admin\\BlogpostController), 'blogpostactive', Array, Array)
#19 C:\\xampp\\htdocs\\Lumen\\NewBikeBD01032020\\vendor\\laravel\\lumen-framework\\src\\Concerns\\RoutesRequests.php(316): Laravel\\Lumen\\Application->callLumenController(Object(App\\Http\\Controllers\\api\\v1\\admin\\BlogpostController), 'blogpostactive', Array)
#20 C:\\xampp\\htdocs\\Lumen\\NewBikeBD01032020\\vendor\\laravel\\lumen-framework\\src\\Concerns\\RoutesRequests.php(278): Laravel\\Lumen\\Application->callControllerAction(Array)
#21 C:\\xampp\\htdocs\\Lumen\\NewBikeBD01032020\\vendor\\laravel\\lumen-framework\\src\\Concerns\\RoutesRequests.php(258): Laravel\\Lumen\\Application->callActionOnArrayBasedRoute(Array)
#22 [internal function]: Laravel\\Lumen\\Application->Laravel\\Lumen\\Concerns\\{closure}(Object(Laravel\\Lumen\\Http\\Request))
#23 C:\\xampp\\htdocs\\Lumen\\NewBikeBD01032020\\vendor\\laravel\\lumen-framework\\src\\Routing\\Pipeline.php(52): call_user_func(Object(Closure), Object(Laravel\\Lumen\\Http\\Request))
#24 C:\\xampp\\htdocs\\Lumen\\NewBikeBD01032020\\app\\Http\\Middleware\\Admin.php(49): Laravel\\Lumen\\Routing\\Pipeline->Laravel\\Lumen\\Routing\\{closure}(Object(Laravel\\Lumen\\Http\\Request))
#25 C:\\xampp\\htdocs\\Lumen\\NewBikeBD01032020\\vendor\\illuminate\\pipeline\\Pipeline.php(171): App\\Http\\Middleware\\Admin->handle(Object(Laravel\\Lumen\\Http\\Request), Object(Closure))
#26 [internal function]: Illuminate\\Pipeline\\Pipeline->Illuminate\\Pipeline\\{closure}(Object(Laravel\\Lumen\\Http\\Request))
#27 C:\\xampp\\htdocs\\Lumen\\NewBikeBD01032020\\vendor\\laravel\\lumen-framework\\src\\Routing\\Pipeline.php(32): call_user_func(Object(Closure), Object(Laravel\\Lumen\\Http\\Request))
#28 C:\\xampp\\htdocs\\Lumen\\NewBikeBD01032020\\vendor\\illuminate\\pipeline\\Pipeline.php(105): Laravel\\Lumen\\Routing\\Pipeline->Laravel\\Lumen\\Routing\\{closure}(Object(Laravel\\Lumen\\Http\\Request))
#29 C:\\xampp\\htdocs\\Lumen\\NewBikeBD01032020\\vendor\\laravel\\lumen-framework\\src\\Concerns\\RoutesRequests.php(413): Illuminate\\Pipeline\\Pipeline->then(Object(Closure))
#30 C:\\xampp\\htdocs\\Lumen\\NewBikeBD01032020\\vendor\\laravel\\lumen-framework\\src\\Concerns\\RoutesRequests.php(259): Laravel\\Lumen\\Application->sendThroughPipeline(Array, Object(Closure))
#31 C:\\xampp\\htdocs\\Lumen\\NewBikeBD01032020\\vendor\\laravel\\lumen-framework\\src\\Concerns\\RoutesRequests.php(233): Laravel\\Lumen\\Application->handleFoundRoute(Array)
#32 C:\\xampp\\htdocs\\Lumen\\NewBikeBD01032020\\vendor\\laravel\\lumen-framework\\src\\Concerns\\RoutesRequests.php(169): Laravel\\Lumen\\Application->handleDispatcherResponse(Array)
#33 C:\\xampp\\htdocs\\Lumen\\NewBikeBD01032020\\vendor\\laravel\\lumen-framework\\src\\Concerns\\RoutesRequests.php(416): Laravel\\Lumen\\Application->Laravel\\Lumen\\Concerns\\{closure}(Object(Laravel\\Lumen\\Http\\Request))
#34 C:\\xampp\\htdocs\\Lumen\\NewBikeBD01032020\\vendor\\laravel\\lumen-framework\\src\\Concerns\\RoutesRequests.php(171): Laravel\\Lumen\\Application->sendThroughPipeline(Array, Object(Closure))
#35 C:\\xampp\\htdocs\\Lumen\\NewBikeBD01032020\\vendor\\laravel\\lumen-framework\\src\\Concerns\\RoutesRequests.php(108): Laravel\\Lumen\\Application->dispatch(NULL)
#36 C:\\xampp\\htdocs\\Lumen\\NewBikeBD01032020\\public\\index.php(28): Laravel\\Lumen\\Application->run()
#37 {main}
"} 
