[2020-03-14 09:09:33] local.ERROR: PDOException: SQLSTATE[HY000] [2002] No connection could be made because the target machine actively refused it.
 in C:\xampp\htdocs\Lumen\NewBikeBD11032020\vendor\illuminate\database\Connectors\Connector.php:70
Stack trace:
#0 C:\xampp\htdocs\Lumen\NewBikeBD11032020\vendor\illuminate\database\Connectors\Connector.php(70): PDO->__construct('mysql:host=127....', 'root', '', Array)
#1 C:\xampp\htdocs\Lumen\NewBikeBD11032020\vendor\illuminate\database\Connectors\Connector.php(46): Illuminate\Database\Connectors\Connector->createPdoConnection('mysql:host=127....', 'root', '', Array)
#2 C:\xampp\htdocs\Lumen\NewBikeBD11032020\vendor\illuminate\database\Connectors\MySqlConnector.php(24): Illuminate\Database\Connectors\Connector->createConnection('mysql:host=127....', Array, Array)
#3 C:\xampp\htdocs\Lumen\NewBikeBD11032020\vendor\illuminate\database\Connectors\ConnectionFactory.php(182): Illuminate\Database\Connectors\MySqlConnector->connect(Array)
#4 [internal function]: Illuminate\Database\Connectors\ConnectionFactory->Illuminate\Database\Connectors\{closure}()
#5 C:\xampp\htdocs\Lumen\NewBikeBD11032020\vendor\illuminate\database\Connection.php(924): call_user_func(Object(Closure))
#6 C:\xampp\htdocs\Lumen\NewBikeBD11032020\vendor\illuminate\database\Connection.php(959): Illuminate\Database\Connection->getPdo()
#7 C:\xampp\htdocs\Lumen\NewBikeBD11032020\vendor\illuminate\database\Connection.php(404): Illuminate\Database\Connection->getReadPdo()
#8 C:\xampp\htdocs\Lumen\NewBikeBD11032020\vendor\illuminate\database\Connection.php(330): Illuminate\Database\Connection->getPdoForSelect(true)
#9 C:\xampp\htdocs\Lumen\NewBikeBD11032020\vendor\illuminate\database\Connection.php(662): Illuminate\Database\Connection->Illuminate\Database\{closure}('select * from i...', Array)
#10 C:\xampp\htdocs\Lumen\NewBikeBD11032020\vendor\illuminate\database\Connection.php(629): Illuminate\Database\Connection->runQueryCallback('select * from i...', Array, Object(Closure))
#11 C:\xampp\htdocs\Lumen\NewBikeBD11032020\vendor\illuminate\database\Connection.php(338): Illuminate\Database\Connection->run('select * from i...', Array, Object(Closure))
#12 C:\xampp\htdocs\Lumen\NewBikeBD11032020\vendor\illuminate\database\Schema\MySqlBuilder.php(18): Illuminate\Database\Connection->select('select * from i...', Array)
#13 C:\xampp\htdocs\Lumen\NewBikeBD11032020\vendor\illuminate\database\Migrations\DatabaseMigrationRepository.php(169): Illuminate\Database\Schema\MySqlBuilder->hasTable('migrations')
#14 C:\xampp\htdocs\Lumen\NewBikeBD11032020\vendor\illuminate\database\Migrations\Migrator.php(590): Illuminate\Database\Migrations\DatabaseMigrationRepository->repositoryExists()
#15 C:\xampp\htdocs\Lumen\NewBikeBD11032020\vendor\illuminate\database\Console\Migrations\MigrateCommand.php(91): Illuminate\Database\Migrations\Migrator->repositoryExists()
#16 C:\xampp\htdocs\Lumen\NewBikeBD11032020\vendor\illuminate\database\Console\Migrations\MigrateCommand.php(63): Illuminate\Database\Console\Migrations\MigrateCommand->prepareDatabase()
#17 [internal function]: Illuminate\Database\Console\Migrations\MigrateCommand->handle()
#18 C:\xampp\htdocs\Lumen\NewBikeBD11032020\vendor\illuminate\container\BoundMethod.php(32): call_user_func_array(Array, Array)
#19 C:\xampp\htdocs\Lumen\NewBikeBD11032020\vendor\illuminate\container\Util.php(36): Illuminate\Container\BoundMethod::Illuminate\Container\{closure}()
#20 C:\xampp\htdocs\Lumen\NewBikeBD11032020\vendor\illuminate\container\BoundMethod.php(90): Illuminate\Container\Util::unwrapIfClosure(Object(Closure))
#21 C:\xampp\htdocs\Lumen\NewBikeBD11032020\vendor\illuminate\container\BoundMethod.php(34): Illuminate\Container\BoundMethod::callBoundMethod(Object(Laravel\Lumen\Application), Array, Object(Closure))
#22 C:\xampp\htdocs\Lumen\NewBikeBD11032020\vendor\illuminate\container\Container.php(590): Illuminate\Container\BoundMethod::call(Object(Laravel\Lumen\Application), Array, Array, NULL)
#23 C:\xampp\htdocs\Lumen\NewBikeBD11032020\vendor\illuminate\console\Command.php(134): Illuminate\Container\Container->call(Array)
#24 C:\xampp\htdocs\Lumen\NewBikeBD11032020\vendor\symfony\console\Command\Command.php(255): Illuminate\Console\Command->execute(Object(Symfony\Component\Console\Input\ArgvInput), Object(Illuminate\Console\OutputStyle))
#25 C:\xampp\htdocs\Lumen\NewBikeBD11032020\vendor\illuminate\console\Command.php(121): Symfony\Component\Console\Command\Command->run(Object(Symfony\Component\Console\Input\ArgvInput), Object(Illuminate\Console\OutputStyle))
#26 C:\xampp\htdocs\Lumen\NewBikeBD11032020\vendor\symfony\console\Application.php(1012): Illuminate\Console\Command->run(Object(Symfony\Component\Console\Input\ArgvInput), Object(Symfony\Component\Console\Output\ConsoleOutput))
#27 C:\xampp\htdocs\Lumen\NewBikeBD11032020\vendor\symfony\console\Application.php(272): Symfony\Component\Console\Application->doRunCommand(Object(Illuminate\Database\Console\Migrations\MigrateCommand), Object(Symfony\Component\Console\Input\ArgvInput), Object(Symfony\Component\Console\Output\ConsoleOutput))
#28 C:\xampp\htdocs\Lumen\NewBikeBD11032020\vendor\symfony\console\Application.php(148): Symfony\Component\Console\Application->doRun(Object(Symfony\Component\Console\Input\ArgvInput), Object(Symfony\Component\Console\Output\ConsoleOutput))
#29 C:\xampp\htdocs\Lumen\NewBikeBD11032020\vendor\illuminate\console\Application.php(93): Symfony\Component\Console\Application->run(Object(Symfony\Component\Console\Input\ArgvInput), Object(Symfony\Component\Console\Output\ConsoleOutput))
#30 C:\xampp\htdocs\Lumen\NewBikeBD11032020\vendor\laravel\lumen-framework\src\Console\Kernel.php(115): Illuminate\Console\Application->run(Object(Symfony\Component\Console\Input\ArgvInput), Object(Symfony\Component\Console\Output\ConsoleOutput))
#31 C:\xampp\htdocs\Lumen\NewBikeBD11032020\artisan(35): Laravel\Lumen\Console\Kernel->handle(Object(Symfony\Component\Console\Input\ArgvInput), Object(Symfony\Component\Console\Output\ConsoleOutput))
#32 {main}

Next Illuminate\Database\QueryException: SQLSTATE[HY000] [2002] No connection could be made because the target machine actively refused it.
 (SQL: select * from information_schema.tables where table_schema = bikebdnew and table_name = migrations and table_type = 'BASE TABLE') in C:\xampp\htdocs\Lumen\NewBikeBD11032020\vendor\illuminate\database\Connection.php:669
Stack trace:
#0 C:\xampp\htdocs\Lumen\NewBikeBD11032020\vendor\illuminate\database\Connection.php(629): Illuminate\Database\Connection->runQueryCallback('select * from i...', Array, Object(Closure))
#1 C:\xampp\htdocs\Lumen\NewBikeBD11032020\vendor\illuminate\database\Connection.php(338): Illuminate\Database\Connection->run('select * from i...', Array, Object(Closure))
#2 C:\xampp\htdocs\Lumen\NewBikeBD11032020\vendor\illuminate\database\Schema\MySqlBuilder.php(18): Illuminate\Database\Connection->select('select * from i...', Array)
#3 C:\xampp\htdocs\Lumen\NewBikeBD11032020\vendor\illuminate\database\Migrations\DatabaseMigrationRepository.php(169): Illuminate\Database\Schema\MySqlBuilder->hasTable('migrations')
#4 C:\xampp\htdocs\Lumen\NewBikeBD11032020\vendor\illuminate\database\Migrations\Migrator.php(590): Illuminate\Database\Migrations\DatabaseMigrationRepository->repositoryExists()
#5 C:\xampp\htdocs\Lumen\NewBikeBD11032020\vendor\illuminate\database\Console\Migrations\MigrateCommand.php(91): Illuminate\Database\Migrations\Migrator->repositoryExists()
#6 C:\xampp\htdocs\Lumen\NewBikeBD11032020\vendor\illuminate\database\Console\Migrations\MigrateCommand.php(63): Illuminate\Database\Console\Migrations\MigrateCommand->prepareDatabase()
#7 [internal function]: Illuminate\Database\Console\Migrations\MigrateCommand->handle()
#8 C:\xampp\htdocs\Lumen\NewBikeBD11032020\vendor\illuminate\container\BoundMethod.php(32): call_user_func_array(Array, Array)
#9 C:\xampp\htdocs\Lumen\NewBikeBD11032020\vendor\illuminate\container\Util.php(36): Illuminate\Container\BoundMethod::Illuminate\Container\{closure}()
#10 C:\xampp\htdocs\Lumen\NewBikeBD11032020\vendor\illuminate\container\BoundMethod.php(90): Illuminate\Container\Util::unwrapIfClosure(Object(Closure))
#11 C:\xampp\htdocs\Lumen\NewBikeBD11032020\vendor\illuminate\container\BoundMethod.php(34): Illuminate\Container\BoundMethod::callBoundMethod(Object(Laravel\Lumen\Application), Array, Object(Closure))
#12 C:\xampp\htdocs\Lumen\NewBikeBD11032020\vendor\illuminate\container\Container.php(590): Illuminate\Container\BoundMethod::call(Object(Laravel\Lumen\Application), Array, Array, NULL)
#13 C:\xampp\htdocs\Lumen\NewBikeBD11032020\vendor\illuminate\console\Command.php(134): Illuminate\Container\Container->call(Array)
#14 C:\xampp\htdocs\Lumen\NewBikeBD11032020\vendor\symfony\console\Command\Command.php(255): Illuminate\Console\Command->execute(Object(Symfony\Component\Console\Input\ArgvInput), Object(Illuminate\Console\OutputStyle))
#15 C:\xampp\htdocs\Lumen\NewBikeBD11032020\vendor\illuminate\console\Command.php(121): Symfony\Component\Console\Command\Command->run(Object(Symfony\Component\Console\Input\ArgvInput), Object(Illuminate\Console\OutputStyle))
#16 C:\xampp\htdocs\Lumen\NewBikeBD11032020\vendor\symfony\console\Application.php(1012): Illuminate\Console\Command->run(Object(Symfony\Component\Console\Input\ArgvInput), Object(Symfony\Component\Console\Output\ConsoleOutput))
#17 C:\xampp\htdocs\Lumen\NewBikeBD11032020\vendor\symfony\console\Application.php(272): Symfony\Component\Console\Application->doRunCommand(Object(Illuminate\Database\Console\Migrations\MigrateCommand), Object(Symfony\Component\Console\Input\ArgvInput), Object(Symfony\Component\Console\Output\ConsoleOutput))
#18 C:\xampp\htdocs\Lumen\NewBikeBD11032020\vendor\symfony\console\Application.php(148): Symfony\Component\Console\Application->doRun(Object(Symfony\Component\Console\Input\ArgvInput), Object(Symfony\Component\Console\Output\ConsoleOutput))
#19 C:\xampp\htdocs\Lumen\NewBikeBD11032020\vendor\illuminate\console\Application.php(93): Symfony\Component\Console\Application->run(Object(Symfony\Component\Console\Input\ArgvInput), Object(Symfony\Component\Console\Output\ConsoleOutput))
#20 C:\xampp\htdocs\Lumen\NewBikeBD11032020\vendor\laravel\lumen-framework\src\Console\Kernel.php(115): Illuminate\Console\Application->run(Object(Symfony\Component\Console\Input\ArgvInput), Object(Symfony\Component\Console\Output\ConsoleOutput))
#21 C:\xampp\htdocs\Lumen\NewBikeBD11032020\artisan(35): Laravel\Lumen\Console\Kernel->handle(Object(Symfony\Component\Console\Input\ArgvInput), Object(Symfony\Component\Console\Output\ConsoleOutput))
#22 {main} {"exception":"[object] (Illuminate\\Database\\QueryException(code: 2002): SQLSTATE[HY000] [2002] No connection could be made because the target machine actively refused it.
 (SQL: select * from information_schema.tables where table_schema = bikebdnew and table_name = migrations and table_type = 'BASE TABLE') at C:\\xampp\\htdocs\\Lumen\\NewBikeBD11032020\\vendor\\illuminate\\database\\Connection.php:669)
[stacktrace]
#0 C:\\xampp\\htdocs\\Lumen\\NewBikeBD11032020\\vendor\\illuminate\\database\\Connection.php(629): Illuminate\\Database\\Connection->runQueryCallback('select * from i...', Array, Object(Closure))
#1 C:\\xampp\\htdocs\\Lumen\\NewBikeBD11032020\\vendor\\illuminate\\database\\Connection.php(338): Illuminate\\Database\\Connection->run('select * from i...', Array, Object(Closure))
#2 C:\\xampp\\htdocs\\Lumen\\NewBikeBD11032020\\vendor\\illuminate\\database\\Schema\\MySqlBuilder.php(18): Illuminate\\Database\\Connection->select('select * from i...', Array)
#3 C:\\xampp\\htdocs\\Lumen\\NewBikeBD11032020\\vendor\\illuminate\\database\\Migrations\\DatabaseMigrationRepository.php(169): Illuminate\\Database\\Schema\\MySqlBuilder->hasTable('migrations')
#4 C:\\xampp\\htdocs\\Lumen\\NewBikeBD11032020\\vendor\\illuminate\\database\\Migrations\\Migrator.php(590): Illuminate\\Database\\Migrations\\DatabaseMigrationRepository->repositoryExists()
#5 C:\\xampp\\htdocs\\Lumen\\NewBikeBD11032020\\vendor\\illuminate\\database\\Console\\Migrations\\MigrateCommand.php(91): Illuminate\\Database\\Migrations\\Migrator->repositoryExists()
#6 C:\\xampp\\htdocs\\Lumen\\NewBikeBD11032020\\vendor\\illuminate\\database\\Console\\Migrations\\MigrateCommand.php(63): Illuminate\\Database\\Console\\Migrations\\MigrateCommand->prepareDatabase()
#7 [internal function]: Illuminate\\Database\\Console\\Migrations\\MigrateCommand->handle()
#8 C:\\xampp\\htdocs\\Lumen\\NewBikeBD11032020\\vendor\\illuminate\\container\\BoundMethod.php(32): call_user_func_array(Array, Array)
#9 C:\\xampp\\htdocs\\Lumen\\NewBikeBD11032020\\vendor\\illuminate\\container\\Util.php(36): Illuminate\\Container\\BoundMethod::Illuminate\\Container\\{closure}()
#10 C:\\xampp\\htdocs\\Lumen\\NewBikeBD11032020\\vendor\\illuminate\\container\\BoundMethod.php(90): Illuminate\\Container\\Util::unwrapIfClosure(Object(Closure))
#11 C:\\xampp\\htdocs\\Lumen\\NewBikeBD11032020\\vendor\\illuminate\\container\\BoundMethod.php(34): Illuminate\\Container\\BoundMethod::callBoundMethod(Object(Laravel\\Lumen\\Application), Array, Object(Closure))
#12 C:\\xampp\\htdocs\\Lumen\\NewBikeBD11032020\\vendor\\illuminate\\container\\Container.php(590): Illuminate\\Container\\BoundMethod::call(Object(Laravel\\Lumen\\Application), Array, Array, NULL)
#13 C:\\xampp\\htdocs\\Lumen\\NewBikeBD11032020\\vendor\\illuminate\\console\\Command.php(134): Illuminate\\Container\\Container->call(Array)
#14 C:\\xampp\\htdocs\\Lumen\\NewBikeBD11032020\\vendor\\symfony\\console\\Command\\Command.php(255): Illuminate\\Console\\Command->execute(Object(Symfony\\Component\\Console\\Input\\ArgvInput), Object(Illuminate\\Console\\OutputStyle))
#15 C:\\xampp\\htdocs\\Lumen\\NewBikeBD11032020\\vendor\\illuminate\\console\\Command.php(121): Symfony\\Component\\Console\\Command\\Command->run(Object(Symfony\\Component\\Console\\Input\\ArgvInput), Object(Illuminate\\Console\\OutputStyle))
#16 C:\\xampp\\htdocs\\Lumen\\NewBikeBD11032020\\vendor\\symfony\\console\\Application.php(1012): Illuminate\\Console\\Command->run(Object(Symfony\\Component\\Console\\Input\\ArgvInput), Object(Symfony\\Component\\Console\\Output\\ConsoleOutput))
#17 C:\\xampp\\htdocs\\Lumen\\NewBikeBD11032020\\vendor\\symfony\\console\\Application.php(272): Symfony\\Component\\Console\\Application->doRunCommand(Object(Illuminate\\Database\\Console\\Migrations\\MigrateCommand), Object(Symfony\\Component\\Console\\Input\\ArgvInput), Object(Symfony\\Component\\Console\\Output\\ConsoleOutput))
#18 C:\\xampp\\htdocs\\Lumen\\NewBikeBD11032020\\vendor\\symfony\\console\\Application.php(148): Symfony\\Component\\Console\\Application->doRun(Object(Symfony\\Component\\Console\\Input\\ArgvInput), Object(Symfony\\Component\\Console\\Output\\ConsoleOutput))
#19 C:\\xampp\\htdocs\\Lumen\\NewBikeBD11032020\\vendor\\illuminate\\console\\Application.php(93): Symfony\\Component\\Console\\Application->run(Object(Symfony\\Component\\Console\\Input\\ArgvInput), Object(Symfony\\Component\\Console\\Output\\ConsoleOutput))
#20 C:\\xampp\\htdocs\\Lumen\\NewBikeBD11032020\\vendor\\laravel\\lumen-framework\\src\\Console\\Kernel.php(115): Illuminate\\Console\\Application->run(Object(Symfony\\Component\\Console\\Input\\ArgvInput), Object(Symfony\\Component\\Console\\Output\\ConsoleOutput))
#21 C:\\xampp\\htdocs\\Lumen\\NewBikeBD11032020\\artisan(35): Laravel\\Lumen\\Console\\Kernel->handle(Object(Symfony\\Component\\Console\\Input\\ArgvInput), Object(Symfony\\Component\\Console\\Output\\ConsoleOutput))
#22 {main}

[previous exception] [object] (PDOException(code: 2002): SQLSTATE[HY000] [2002] No connection could be made because the target machine actively refused it.
 at C:\\xampp\\htdocs\\Lumen\\NewBikeBD11032020\\vendor\\illuminate\\database\\Connectors\\Connector.php:70)
[stacktrace]
#0 C:\\xampp\\htdocs\\Lumen\\NewBikeBD11032020\\vendor\\illuminate\\database\\Connectors\\Connector.php(70): PDO->__construct('mysql:host=127....', 'root', '', Array)
#1 C:\\xampp\\htdocs\\Lumen\\NewBikeBD11032020\\vendor\\illuminate\\database\\Connectors\\Connector.php(46): Illuminate\\Database\\Connectors\\Connector->createPdoConnection('mysql:host=127....', 'root', '', Array)
#2 C:\\xampp\\htdocs\\Lumen\\NewBikeBD11032020\\vendor\\illuminate\\database\\Connectors\\MySqlConnector.php(24): Illuminate\\Database\\Connectors\\Connector->createConnection('mysql:host=127....', Array, Array)
#3 C:\\xampp\\htdocs\\Lumen\\NewBikeBD11032020\\vendor\\illuminate\\database\\Connectors\\ConnectionFactory.php(182): Illuminate\\Database\\Connectors\\MySqlConnector->connect(Array)
#4 [internal function]: Illuminate\\Database\\Connectors\\ConnectionFactory->Illuminate\\Database\\Connectors\\{closure}()
#5 C:\\xampp\\htdocs\\Lumen\\NewBikeBD11032020\\vendor\\illuminate\\database\\Connection.php(924): call_user_func(Object(Closure))
#6 C:\\xampp\\htdocs\\Lumen\\NewBikeBD11032020\\vendor\\illuminate\\database\\Connection.php(959): Illuminate\\Database\\Connection->getPdo()
#7 C:\\xampp\\htdocs\\Lumen\\NewBikeBD11032020\\vendor\\illuminate\\database\\Connection.php(404): Illuminate\\Database\\Connection->getReadPdo()
#8 C:\\xampp\\htdocs\\Lumen\\NewBikeBD11032020\\vendor\\illuminate\\database\\Connection.php(330): Illuminate\\Database\\Connection->getPdoForSelect(true)
#9 C:\\xampp\\htdocs\\Lumen\\NewBikeBD11032020\\vendor\\illuminate\\database\\Connection.php(662): Illuminate\\Database\\Connection->Illuminate\\Database\\{closure}('select * from i...', Array)
#10 C:\\xampp\\htdocs\\Lumen\\NewBikeBD11032020\\vendor\\illuminate\\database\\Connection.php(629): Illuminate\\Database\\Connection->runQueryCallback('select * from i...', Array, Object(Closure))
#11 C:\\xampp\\htdocs\\Lumen\\NewBikeBD11032020\\vendor\\illuminate\\database\\Connection.php(338): Illuminate\\Database\\Connection->run('select * from i...', Array, Object(Closure))
#12 C:\\xampp\\htdocs\\Lumen\\NewBikeBD11032020\\vendor\\illuminate\\database\\Schema\\MySqlBuilder.php(18): Illuminate\\Database\\Connection->select('select * from i...', Array)
#13 C:\\xampp\\htdocs\\Lumen\\NewBikeBD11032020\\vendor\\illuminate\\database\\Migrations\\DatabaseMigrationRepository.php(169): Illuminate\\Database\\Schema\\MySqlBuilder->hasTable('migrations')
#14 C:\\xampp\\htdocs\\Lumen\\NewBikeBD11032020\\vendor\\illuminate\\database\\Migrations\\Migrator.php(590): Illuminate\\Database\\Migrations\\DatabaseMigrationRepository->repositoryExists()
#15 C:\\xampp\\htdocs\\Lumen\\NewBikeBD11032020\\vendor\\illuminate\\database\\Console\\Migrations\\MigrateCommand.php(91): Illuminate\\Database\\Migrations\\Migrator->repositoryExists()
#16 C:\\xampp\\htdocs\\Lumen\\NewBikeBD11032020\\vendor\\illuminate\\database\\Console\\Migrations\\MigrateCommand.php(63): Illuminate\\Database\\Console\\Migrations\\MigrateCommand->prepareDatabase()
#17 [internal function]: Illuminate\\Database\\Console\\Migrations\\MigrateCommand->handle()
#18 C:\\xampp\\htdocs\\Lumen\\NewBikeBD11032020\\vendor\\illuminate\\container\\BoundMethod.php(32): call_user_func_array(Array, Array)
#19 C:\\xampp\\htdocs\\Lumen\\NewBikeBD11032020\\vendor\\illuminate\\container\\Util.php(36): Illuminate\\Container\\BoundMethod::Illuminate\\Container\\{closure}()
#20 C:\\xampp\\htdocs\\Lumen\\NewBikeBD11032020\\vendor\\illuminate\\container\\BoundMethod.php(90): Illuminate\\Container\\Util::unwrapIfClosure(Object(Closure))
#21 C:\\xampp\\htdocs\\Lumen\\NewBikeBD11032020\\vendor\\illuminate\\container\\BoundMethod.php(34): Illuminate\\Container\\BoundMethod::callBoundMethod(Object(Laravel\\Lumen\\Application), Array, Object(Closure))
#22 C:\\xampp\\htdocs\\Lumen\\NewBikeBD11032020\\vendor\\illuminate\\container\\Container.php(590): Illuminate\\Container\\BoundMethod::call(Object(Laravel\\Lumen\\Application), Array, Array, NULL)
#23 C:\\xampp\\htdocs\\Lumen\\NewBikeBD11032020\\vendor\\illuminate\\console\\Command.php(134): Illuminate\\Container\\Container->call(Array)
#24 C:\\xampp\\htdocs\\Lumen\\NewBikeBD11032020\\vendor\\symfony\\console\\Command\\Command.php(255): Illuminate\\Console\\Command->execute(Object(Symfony\\Component\\Console\\Input\\ArgvInput), Object(Illuminate\\Console\\OutputStyle))
#25 C:\\xampp\\htdocs\\Lumen\\NewBikeBD11032020\\vendor\\illuminate\\console\\Command.php(121): Symfony\\Component\\Console\\Command\\Command->run(Object(Symfony\\Component\\Console\\Input\\ArgvInput), Object(Illuminate\\Console\\OutputStyle))
#26 C:\\xampp\\htdocs\\Lumen\\NewBikeBD11032020\\vendor\\symfony\\console\\Application.php(1012): Illuminate\\Console\\Command->run(Object(Symfony\\Component\\Console\\Input\\ArgvInput), Object(Symfony\\Component\\Console\\Output\\ConsoleOutput))
#27 C:\\xampp\\htdocs\\Lumen\\NewBikeBD11032020\\vendor\\symfony\\console\\Application.php(272): Symfony\\Component\\Console\\Application->doRunCommand(Object(Illuminate\\Database\\Console\\Migrations\\MigrateCommand), Object(Symfony\\Component\\Console\\Input\\ArgvInput), Object(Symfony\\Component\\Console\\Output\\ConsoleOutput))
#28 C:\\xampp\\htdocs\\Lumen\\NewBikeBD11032020\\vendor\\symfony\\console\\Application.php(148): Symfony\\Component\\Console\\Application->doRun(Object(Symfony\\Component\\Console\\Input\\ArgvInput), Object(Symfony\\Component\\Console\\Output\\ConsoleOutput))
#29 C:\\xampp\\htdocs\\Lumen\\NewBikeBD11032020\\vendor\\illuminate\\console\\Application.php(93): Symfony\\Component\\Console\\Application->run(Object(Symfony\\Component\\Console\\Input\\ArgvInput), Object(Symfony\\Component\\Console\\Output\\ConsoleOutput))
#30 C:\\xampp\\htdocs\\Lumen\\NewBikeBD11032020\\vendor\\laravel\\lumen-framework\\src\\Console\\Kernel.php(115): Illuminate\\Console\\Application->run(Object(Symfony\\Component\\Console\\Input\\ArgvInput), Object(Symfony\\Component\\Console\\Output\\ConsoleOutput))
#31 C:\\xampp\\htdocs\\Lumen\\NewBikeBD11032020\\artisan(35): Laravel\\Lumen\\Console\\Kernel->handle(Object(Symfony\\Component\\Console\\Input\\ArgvInput), Object(Symfony\\Component\\Console\\Output\\ConsoleOutput))
#32 {main}
"} 
[2020-03-14 12:49:50] local.ERROR: PDOException: SQLSTATE[42S01]: Base table or view already exists: 1050 Table 'producttypes' already exists in E:\xampp\htdocs\laravel\Office\NewBikeBD14032020\vendor\illuminate\database\Connection.php:463
Stack trace:
#0 E:\xampp\htdocs\laravel\Office\NewBikeBD14032020\vendor\illuminate\database\Connection.php(463): PDOStatement->execute()
#1 E:\xampp\htdocs\laravel\Office\NewBikeBD14032020\vendor\illuminate\database\Connection.php(662): Illuminate\Database\Connection->Illuminate\Database\{closure}('create table `p...', Array)
#2 E:\xampp\htdocs\laravel\Office\NewBikeBD14032020\vendor\illuminate\database\Connection.php(629): Illuminate\Database\Connection->runQueryCallback('create table `p...', Array, Object(Closure))
#3 E:\xampp\htdocs\laravel\Office\NewBikeBD14032020\vendor\illuminate\database\Connection.php(464): Illuminate\Database\Connection->run('create table `p...', Array, Object(Closure))
#4 E:\xampp\htdocs\laravel\Office\NewBikeBD14032020\vendor\illuminate\database\Schema\Blueprint.php(97): Illuminate\Database\Connection->statement('create table `p...')
#5 E:\xampp\htdocs\laravel\Office\NewBikeBD14032020\vendor\illuminate\database\Schema\Builder.php(290): Illuminate\Database\Schema\Blueprint->build(Object(Illuminate\Database\MySqlConnection), Object(Illuminate\Database\Schema\Grammars\MySqlGrammar))
#6 E:\xampp\htdocs\laravel\Office\NewBikeBD14032020\vendor\illuminate\database\Schema\Builder.php(167): Illuminate\Database\Schema\Builder->build(Object(Illuminate\Database\Schema\Blueprint))
#7 E:\xampp\htdocs\laravel\Office\NewBikeBD14032020\vendor\illuminate\support\Facades\Facade.php(261): Illuminate\Database\Schema\Builder->create('producttypes', Object(Closure))
#8 E:\xampp\htdocs\laravel\Office\NewBikeBD14032020\database\migrations\2020_03_08_072116_create_producttypes_table.php(23): Illuminate\Support\Facades\Facade::__callStatic('create', Array)
#9 E:\xampp\htdocs\laravel\Office\NewBikeBD14032020\vendor\illuminate\database\Migrations\Migrator.php(392): CreateProducttypesTable->up()
#10 E:\xampp\htdocs\laravel\Office\NewBikeBD14032020\vendor\illuminate\database\Migrations\Migrator.php(401): Illuminate\Database\Migrations\Migrator->Illuminate\Database\Migrations\{closure}()
#11 E:\xampp\htdocs\laravel\Office\NewBikeBD14032020\vendor\illuminate\database\Migrations\Migrator.php(200): Illuminate\Database\Migrations\Migrator->runMigration(Object(CreateProducttypesTable), 'up')
#12 E:\xampp\htdocs\laravel\Office\NewBikeBD14032020\vendor\illuminate\database\Migrations\Migrator.php(165): Illuminate\Database\Migrations\Migrator->runUp('E:\\xampp\\htdocs...', 11, false)
#13 E:\xampp\htdocs\laravel\Office\NewBikeBD14032020\vendor\illuminate\database\Migrations\Migrator.php(110): Illuminate\Database\Migrations\Migrator->runPending(Array, Array)
#14 E:\xampp\htdocs\laravel\Office\NewBikeBD14032020\vendor\illuminate\database\Console\Migrations\MigrateCommand.php(71): Illuminate\Database\Migrations\Migrator->run(Array, Array)
#15 [internal function]: Illuminate\Database\Console\Migrations\MigrateCommand->handle()
#16 E:\xampp\htdocs\laravel\Office\NewBikeBD14032020\vendor\illuminate\container\BoundMethod.php(32): call_user_func_array(Array, Array)
#17 E:\xampp\htdocs\laravel\Office\NewBikeBD14032020\vendor\illuminate\container\Util.php(36): Illuminate\Container\BoundMethod::Illuminate\Container\{closure}()
#18 E:\xampp\htdocs\laravel\Office\NewBikeBD14032020\vendor\illuminate\container\BoundMethod.php(90): Illuminate\Container\Util::unwrapIfClosure(Object(Closure))
#19 E:\xampp\htdocs\laravel\Office\NewBikeBD14032020\vendor\illuminate\container\BoundMethod.php(34): Illuminate\Container\BoundMethod::callBoundMethod(Object(Laravel\Lumen\Application), Array, Object(Closure))
#20 E:\xampp\htdocs\laravel\Office\NewBikeBD14032020\vendor\illuminate\container\Container.php(590): Illuminate\Container\BoundMethod::call(Object(Laravel\Lumen\Application), Array, Array, NULL)
#21 E:\xampp\htdocs\laravel\Office\NewBikeBD14032020\vendor\illuminate\console\Command.php(134): Illuminate\Container\Container->call(Array)
#22 E:\xampp\htdocs\laravel\Office\NewBikeBD14032020\vendor\symfony\console\Command\Command.php(255): Illuminate\Console\Command->execute(Object(Symfony\Component\Console\Input\ArgvInput), Object(Illuminate\Console\OutputStyle))
#23 E:\xampp\htdocs\laravel\Office\NewBikeBD14032020\vendor\illuminate\console\Command.php(121): Symfony\Component\Console\Command\Command->run(Object(Symfony\Component\Console\Input\ArgvInput), Object(Illuminate\Console\OutputStyle))
#24 E:\xampp\htdocs\laravel\Office\NewBikeBD14032020\vendor\symfony\console\Application.php(1012): Illuminate\Console\Command->run(Object(Symfony\Component\Console\Input\ArgvInput), Object(Symfony\Component\Console\Output\ConsoleOutput))
#25 E:\xampp\htdocs\laravel\Office\NewBikeBD14032020\vendor\symfony\console\Application.php(272): Symfony\Component\Console\Application->doRunCommand(Object(Illuminate\Database\Console\Migrations\MigrateCommand), Object(Symfony\Component\Console\Input\ArgvInput), Object(Symfony\Component\Console\Output\ConsoleOutput))
#26 E:\xampp\htdocs\laravel\Office\NewBikeBD14032020\vendor\symfony\console\Application.php(148): Symfony\Component\Console\Application->doRun(Object(Symfony\Component\Console\Input\ArgvInput), Object(Symfony\Component\Console\Output\ConsoleOutput))
#27 E:\xampp\htdocs\laravel\Office\NewBikeBD14032020\vendor\illuminate\console\Application.php(93): Symfony\Component\Console\Application->run(Object(Symfony\Component\Console\Input\ArgvInput), Object(Symfony\Component\Console\Output\ConsoleOutput))
#28 E:\xampp\htdocs\laravel\Office\NewBikeBD14032020\vendor\laravel\lumen-framework\src\Console\Kernel.php(115): Illuminate\Console\Application->run(Object(Symfony\Component\Console\Input\ArgvInput), Object(Symfony\Component\Console\Output\ConsoleOutput))
#29 E:\xampp\htdocs\laravel\Office\NewBikeBD14032020\artisan(35): Laravel\Lumen\Console\Kernel->handle(Object(Symfony\Component\Console\Input\ArgvInput), Object(Symfony\Component\Console\Output\ConsoleOutput))
#30 {main}

Next Illuminate\Database\QueryException: SQLSTATE[42S01]: Base table or view already exists: 1050 Table 'producttypes' already exists (SQL: create table `producttypes` (`id` bigint unsigned not null auto_increment primary key, `admin_id` bigint unsigned null, `producttype` varchar(191) not null, `status` tinyint not null default '1', `created_at` timestamp null, `updated_at` timestamp null) default character set utf8mb4 collate 'utf8mb4_unicode_ci') in E:\xampp\htdocs\laravel\Office\NewBikeBD14032020\vendor\illuminate\database\Connection.php:669
Stack trace:
#0 E:\xampp\htdocs\laravel\Office\NewBikeBD14032020\vendor\illuminate\database\Connection.php(629): Illuminate\Database\Connection->runQueryCallback('create table `p...', Array, Object(Closure))
#1 E:\xampp\htdocs\laravel\Office\NewBikeBD14032020\vendor\illuminate\database\Connection.php(464): Illuminate\Database\Connection->run('create table `p...', Array, Object(Closure))
#2 E:\xampp\htdocs\laravel\Office\NewBikeBD14032020\vendor\illuminate\database\Schema\Blueprint.php(97): Illuminate\Database\Connection->statement('create table `p...')
#3 E:\xampp\htdocs\laravel\Office\NewBikeBD14032020\vendor\illuminate\database\Schema\Builder.php(290): Illuminate\Database\Schema\Blueprint->build(Object(Illuminate\Database\MySqlConnection), Object(Illuminate\Database\Schema\Grammars\MySqlGrammar))
#4 E:\xampp\htdocs\laravel\Office\NewBikeBD14032020\vendor\illuminate\database\Schema\Builder.php(167): Illuminate\Database\Schema\Builder->build(Object(Illuminate\Database\Schema\Blueprint))
#5 E:\xampp\htdocs\laravel\Office\NewBikeBD14032020\vendor\illuminate\support\Facades\Facade.php(261): Illuminate\Database\Schema\Builder->create('producttypes', Object(Closure))
#6 E:\xampp\htdocs\laravel\Office\NewBikeBD14032020\database\migrations\2020_03_08_072116_create_producttypes_table.php(23): Illuminate\Support\Facades\Facade::__callStatic('create', Array)
#7 E:\xampp\htdocs\laravel\Office\NewBikeBD14032020\vendor\illuminate\database\Migrations\Migrator.php(392): CreateProducttypesTable->up()
#8 E:\xampp\htdocs\laravel\Office\NewBikeBD14032020\vendor\illuminate\database\Migrations\Migrator.php(401): Illuminate\Database\Migrations\Migrator->Illuminate\Database\Migrations\{closure}()
#9 E:\xampp\htdocs\laravel\Office\NewBikeBD14032020\vendor\illuminate\database\Migrations\Migrator.php(200): Illuminate\Database\Migrations\Migrator->runMigration(Object(CreateProducttypesTable), 'up')
#10 E:\xampp\htdocs\laravel\Office\NewBikeBD14032020\vendor\illuminate\database\Migrations\Migrator.php(165): Illuminate\Database\Migrations\Migrator->runUp('E:\\xampp\\htdocs...', 11, false)
#11 E:\xampp\htdocs\laravel\Office\NewBikeBD14032020\vendor\illuminate\database\Migrations\Migrator.php(110): Illuminate\Database\Migrations\Migrator->runPending(Array, Array)
#12 E:\xampp\htdocs\laravel\Office\NewBikeBD14032020\vendor\illuminate\database\Console\Migrations\MigrateCommand.php(71): Illuminate\Database\Migrations\Migrator->run(Array, Array)
#13 [internal function]: Illuminate\Database\Console\Migrations\MigrateCommand->handle()
#14 E:\xampp\htdocs\laravel\Office\NewBikeBD14032020\vendor\illuminate\container\BoundMethod.php(32): call_user_func_array(Array, Array)
#15 E:\xampp\htdocs\laravel\Office\NewBikeBD14032020\vendor\illuminate\container\Util.php(36): Illuminate\Container\BoundMethod::Illuminate\Container\{closure}()
#16 E:\xampp\htdocs\laravel\Office\NewBikeBD14032020\vendor\illuminate\container\BoundMethod.php(90): Illuminate\Container\Util::unwrapIfClosure(Object(Closure))
#17 E:\xampp\htdocs\laravel\Office\NewBikeBD14032020\vendor\illuminate\container\BoundMethod.php(34): Illuminate\Container\BoundMethod::callBoundMethod(Object(Laravel\Lumen\Application), Array, Object(Closure))
#18 E:\xampp\htdocs\laravel\Office\NewBikeBD14032020\vendor\illuminate\container\Container.php(590): Illuminate\Container\BoundMethod::call(Object(Laravel\Lumen\Application), Array, Array, NULL)
#19 E:\xampp\htdocs\laravel\Office\NewBikeBD14032020\vendor\illuminate\console\Command.php(134): Illuminate\Container\Container->call(Array)
#20 E:\xampp\htdocs\laravel\Office\NewBikeBD14032020\vendor\symfony\console\Command\Command.php(255): Illuminate\Console\Command->execute(Object(Symfony\Component\Console\Input\ArgvInput), Object(Illuminate\Console\OutputStyle))
#21 E:\xampp\htdocs\laravel\Office\NewBikeBD14032020\vendor\illuminate\console\Command.php(121): Symfony\Component\Console\Command\Command->run(Object(Symfony\Component\Console\Input\ArgvInput), Object(Illuminate\Console\OutputStyle))
#22 E:\xampp\htdocs\laravel\Office\NewBikeBD14032020\vendor\symfony\console\Application.php(1012): Illuminate\Console\Command->run(Object(Symfony\Component\Console\Input\ArgvInput), Object(Symfony\Component\Console\Output\ConsoleOutput))
#23 E:\xampp\htdocs\laravel\Office\NewBikeBD14032020\vendor\symfony\console\Application.php(272): Symfony\Component\Console\Application->doRunCommand(Object(Illuminate\Database\Console\Migrations\MigrateCommand), Object(Symfony\Component\Console\Input\ArgvInput), Object(Symfony\Component\Console\Output\ConsoleOutput))
#24 E:\xampp\htdocs\laravel\Office\NewBikeBD14032020\vendor\symfony\console\Application.php(148): Symfony\Component\Console\Application->doRun(Object(Symfony\Component\Console\Input\ArgvInput), Object(Symfony\Component\Console\Output\ConsoleOutput))
#25 E:\xampp\htdocs\laravel\Office\NewBikeBD14032020\vendor\illuminate\console\Application.php(93): Symfony\Component\Console\Application->run(Object(Symfony\Component\Console\Input\ArgvInput), Object(Symfony\Component\Console\Output\ConsoleOutput))
#26 E:\xampp\htdocs\laravel\Office\NewBikeBD14032020\vendor\laravel\lumen-framework\src\Console\Kernel.php(115): Illuminate\Console\Application->run(Object(Symfony\Component\Console\Input\ArgvInput), Object(Symfony\Component\Console\Output\ConsoleOutput))
#27 E:\xampp\htdocs\laravel\Office\NewBikeBD14032020\artisan(35): Laravel\Lumen\Console\Kernel->handle(Object(Symfony\Component\Console\Input\ArgvInput), Object(Symfony\Component\Console\Output\ConsoleOutput))
#28 {main} {"exception":"[object] (Illuminate\\Database\\QueryException(code: 42S01): SQLSTATE[42S01]: Base table or view already exists: 1050 Table 'producttypes' already exists (SQL: create table `producttypes` (`id` bigint unsigned not null auto_increment primary key, `admin_id` bigint unsigned null, `producttype` varchar(191) not null, `status` tinyint not null default '1', `created_at` timestamp null, `updated_at` timestamp null) default character set utf8mb4 collate 'utf8mb4_unicode_ci') at E:\\xampp\\htdocs\\laravel\\Office\\NewBikeBD14032020\\vendor\\illuminate\\database\\Connection.php:669)
[stacktrace]
#0 E:\\xampp\\htdocs\\laravel\\Office\\NewBikeBD14032020\\vendor\\illuminate\\database\\Connection.php(629): Illuminate\\Database\\Connection->runQueryCallback('create table `p...', Array, Object(Closure))
#1 E:\\xampp\\htdocs\\laravel\\Office\\NewBikeBD14032020\\vendor\\illuminate\\database\\Connection.php(464): Illuminate\\Database\\Connection->run('create table `p...', Array, Object(Closure))
#2 E:\\xampp\\htdocs\\laravel\\Office\\NewBikeBD14032020\\vendor\\illuminate\\database\\Schema\\Blueprint.php(97): Illuminate\\Database\\Connection->statement('create table `p...')
#3 E:\\xampp\\htdocs\\laravel\\Office\\NewBikeBD14032020\\vendor\\illuminate\\database\\Schema\\Builder.php(290): Illuminate\\Database\\Schema\\Blueprint->build(Object(Illuminate\\Database\\MySqlConnection), Object(Illuminate\\Database\\Schema\\Grammars\\MySqlGrammar))
#4 E:\\xampp\\htdocs\\laravel\\Office\\NewBikeBD14032020\\vendor\\illuminate\\database\\Schema\\Builder.php(167): Illuminate\\Database\\Schema\\Builder->build(Object(Illuminate\\Database\\Schema\\Blueprint))
#5 E:\\xampp\\htdocs\\laravel\\Office\\NewBikeBD14032020\\vendor\\illuminate\\support\\Facades\\Facade.php(261): Illuminate\\Database\\Schema\\Builder->create('producttypes', Object(Closure))
#6 E:\\xampp\\htdocs\\laravel\\Office\\NewBikeBD14032020\\database\\migrations\\2020_03_08_072116_create_producttypes_table.php(23): Illuminate\\Support\\Facades\\Facade::__callStatic('create', Array)
#7 E:\\xampp\\htdocs\\laravel\\Office\\NewBikeBD14032020\\vendor\\illuminate\\database\\Migrations\\Migrator.php(392): CreateProducttypesTable->up()
#8 E:\\xampp\\htdocs\\laravel\\Office\\NewBikeBD14032020\\vendor\\illuminate\\database\\Migrations\\Migrator.php(401): Illuminate\\Database\\Migrations\\Migrator->Illuminate\\Database\\Migrations\\{closure}()
#9 E:\\xampp\\htdocs\\laravel\\Office\\NewBikeBD14032020\\vendor\\illuminate\\database\\Migrations\\Migrator.php(200): Illuminate\\Database\\Migrations\\Migrator->runMigration(Object(CreateProducttypesTable), 'up')
#10 E:\\xampp\\htdocs\\laravel\\Office\\NewBikeBD14032020\\vendor\\illuminate\\database\\Migrations\\Migrator.php(165): Illuminate\\Database\\Migrations\\Migrator->runUp('E:\\\\xampp\\\\htdocs...', 11, false)
#11 E:\\xampp\\htdocs\\laravel\\Office\\NewBikeBD14032020\\vendor\\illuminate\\database\\Migrations\\Migrator.php(110): Illuminate\\Database\\Migrations\\Migrator->runPending(Array, Array)
#12 E:\\xampp\\htdocs\\laravel\\Office\\NewBikeBD14032020\\vendor\\illuminate\\database\\Console\\Migrations\\MigrateCommand.php(71): Illuminate\\Database\\Migrations\\Migrator->run(Array, Array)
#13 [internal function]: Illuminate\\Database\\Console\\Migrations\\MigrateCommand->handle()
#14 E:\\xampp\\htdocs\\laravel\\Office\\NewBikeBD14032020\\vendor\\illuminate\\container\\BoundMethod.php(32): call_user_func_array(Array, Array)
#15 E:\\xampp\\htdocs\\laravel\\Office\\NewBikeBD14032020\\vendor\\illuminate\\container\\Util.php(36): Illuminate\\Container\\BoundMethod::Illuminate\\Container\\{closure}()
#16 E:\\xampp\\htdocs\\laravel\\Office\\NewBikeBD14032020\\vendor\\illuminate\\container\\BoundMethod.php(90): Illuminate\\Container\\Util::unwrapIfClosure(Object(Closure))
#17 E:\\xampp\\htdocs\\laravel\\Office\\NewBikeBD14032020\\vendor\\illuminate\\container\\BoundMethod.php(34): Illuminate\\Container\\BoundMethod::callBoundMethod(Object(Laravel\\Lumen\\Application), Array, Object(Closure))
#18 E:\\xampp\\htdocs\\laravel\\Office\\NewBikeBD14032020\\vendor\\illuminate\\container\\Container.php(590): Illuminate\\Container\\BoundMethod::call(Object(Laravel\\Lumen\\Application), Array, Array, NULL)
#19 E:\\xampp\\htdocs\\laravel\\Office\\NewBikeBD14032020\\vendor\\illuminate\\console\\Command.php(134): Illuminate\\Container\\Container->call(Array)
#20 E:\\xampp\\htdocs\\laravel\\Office\\NewBikeBD14032020\\vendor\\symfony\\console\\Command\\Command.php(255): Illuminate\\Console\\Command->execute(Object(Symfony\\Component\\Console\\Input\\ArgvInput), Object(Illuminate\\Console\\OutputStyle))
#21 E:\\xampp\\htdocs\\laravel\\Office\\NewBikeBD14032020\\vendor\\illuminate\\console\\Command.php(121): Symfony\\Component\\Console\\Command\\Command->run(Object(Symfony\\Component\\Console\\Input\\ArgvInput), Object(Illuminate\\Console\\OutputStyle))
#22 E:\\xampp\\htdocs\\laravel\\Office\\NewBikeBD14032020\\vendor\\symfony\\console\\Application.php(1012): Illuminate\\Console\\Command->run(Object(Symfony\\Component\\Console\\Input\\ArgvInput), Object(Symfony\\Component\\Console\\Output\\ConsoleOutput))
#23 E:\\xampp\\htdocs\\laravel\\Office\\NewBikeBD14032020\\vendor\\symfony\\console\\Application.php(272): Symfony\\Component\\Console\\Application->doRunCommand(Object(Illuminate\\Database\\Console\\Migrations\\MigrateCommand), Object(Symfony\\Component\\Console\\Input\\ArgvInput), Object(Symfony\\Component\\Console\\Output\\ConsoleOutput))
#24 E:\\xampp\\htdocs\\laravel\\Office\\NewBikeBD14032020\\vendor\\symfony\\console\\Application.php(148): Symfony\\Component\\Console\\Application->doRun(Object(Symfony\\Component\\Console\\Input\\ArgvInput), Object(Symfony\\Component\\Console\\Output\\ConsoleOutput))
#25 E:\\xampp\\htdocs\\laravel\\Office\\NewBikeBD14032020\\vendor\\illuminate\\console\\Application.php(93): Symfony\\Component\\Console\\Application->run(Object(Symfony\\Component\\Console\\Input\\ArgvInput), Object(Symfony\\Component\\Console\\Output\\ConsoleOutput))
#26 E:\\xampp\\htdocs\\laravel\\Office\\NewBikeBD14032020\\vendor\\laravel\\lumen-framework\\src\\Console\\Kernel.php(115): Illuminate\\Console\\Application->run(Object(Symfony\\Component\\Console\\Input\\ArgvInput), Object(Symfony\\Component\\Console\\Output\\ConsoleOutput))
#27 E:\\xampp\\htdocs\\laravel\\Office\\NewBikeBD14032020\\artisan(35): Laravel\\Lumen\\Console\\Kernel->handle(Object(Symfony\\Component\\Console\\Input\\ArgvInput), Object(Symfony\\Component\\Console\\Output\\ConsoleOutput))
#28 {main}

[previous exception] [object] (PDOException(code: 42S01): SQLSTATE[42S01]: Base table or view already exists: 1050 Table 'producttypes' already exists at E:\\xampp\\htdocs\\laravel\\Office\\NewBikeBD14032020\\vendor\\illuminate\\database\\Connection.php:463)
[stacktrace]
#0 E:\\xampp\\htdocs\\laravel\\Office\\NewBikeBD14032020\\vendor\\illuminate\\database\\Connection.php(463): PDOStatement->execute()
#1 E:\\xampp\\htdocs\\laravel\\Office\\NewBikeBD14032020\\vendor\\illuminate\\database\\Connection.php(662): Illuminate\\Database\\Connection->Illuminate\\Database\\{closure}('create table `p...', Array)
#2 E:\\xampp\\htdocs\\laravel\\Office\\NewBikeBD14032020\\vendor\\illuminate\\database\\Connection.php(629): Illuminate\\Database\\Connection->runQueryCallback('create table `p...', Array, Object(Closure))
#3 E:\\xampp\\htdocs\\laravel\\Office\\NewBikeBD14032020\\vendor\\illuminate\\database\\Connection.php(464): Illuminate\\Database\\Connection->run('create table `p...', Array, Object(Closure))
#4 E:\\xampp\\htdocs\\laravel\\Office\\NewBikeBD14032020\\vendor\\illuminate\\database\\Schema\\Blueprint.php(97): Illuminate\\Database\\Connection->statement('create table `p...')
#5 E:\\xampp\\htdocs\\laravel\\Office\\NewBikeBD14032020\\vendor\\illuminate\\database\\Schema\\Builder.php(290): Illuminate\\Database\\Schema\\Blueprint->build(Object(Illuminate\\Database\\MySqlConnection), Object(Illuminate\\Database\\Schema\\Grammars\\MySqlGrammar))
#6 E:\\xampp\\htdocs\\laravel\\Office\\NewBikeBD14032020\\vendor\\illuminate\\database\\Schema\\Builder.php(167): Illuminate\\Database\\Schema\\Builder->build(Object(Illuminate\\Database\\Schema\\Blueprint))
#7 E:\\xampp\\htdocs\\laravel\\Office\\NewBikeBD14032020\\vendor\\illuminate\\support\\Facades\\Facade.php(261): Illuminate\\Database\\Schema\\Builder->create('producttypes', Object(Closure))
#8 E:\\xampp\\htdocs\\laravel\\Office\\NewBikeBD14032020\\database\\migrations\\2020_03_08_072116_create_producttypes_table.php(23): Illuminate\\Support\\Facades\\Facade::__callStatic('create', Array)
#9 E:\\xampp\\htdocs\\laravel\\Office\\NewBikeBD14032020\\vendor\\illuminate\\database\\Migrations\\Migrator.php(392): CreateProducttypesTable->up()
#10 E:\\xampp\\htdocs\\laravel\\Office\\NewBikeBD14032020\\vendor\\illuminate\\database\\Migrations\\Migrator.php(401): Illuminate\\Database\\Migrations\\Migrator->Illuminate\\Database\\Migrations\\{closure}()
#11 E:\\xampp\\htdocs\\laravel\\Office\\NewBikeBD14032020\\vendor\\illuminate\\database\\Migrations\\Migrator.php(200): Illuminate\\Database\\Migrations\\Migrator->runMigration(Object(CreateProducttypesTable), 'up')
#12 E:\\xampp\\htdocs\\laravel\\Office\\NewBikeBD14032020\\vendor\\illuminate\\database\\Migrations\\Migrator.php(165): Illuminate\\Database\\Migrations\\Migrator->runUp('E:\\\\xampp\\\\htdocs...', 11, false)
#13 E:\\xampp\\htdocs\\laravel\\Office\\NewBikeBD14032020\\vendor\\illuminate\\database\\Migrations\\Migrator.php(110): Illuminate\\Database\\Migrations\\Migrator->runPending(Array, Array)
#14 E:\\xampp\\htdocs\\laravel\\Office\\NewBikeBD14032020\\vendor\\illuminate\\database\\Console\\Migrations\\MigrateCommand.php(71): Illuminate\\Database\\Migrations\\Migrator->run(Array, Array)
#15 [internal function]: Illuminate\\Database\\Console\\Migrations\\MigrateCommand->handle()
#16 E:\\xampp\\htdocs\\laravel\\Office\\NewBikeBD14032020\\vendor\\illuminate\\container\\BoundMethod.php(32): call_user_func_array(Array, Array)
#17 E:\\xampp\\htdocs\\laravel\\Office\\NewBikeBD14032020\\vendor\\illuminate\\container\\Util.php(36): Illuminate\\Container\\BoundMethod::Illuminate\\Container\\{closure}()
#18 E:\\xampp\\htdocs\\laravel\\Office\\NewBikeBD14032020\\vendor\\illuminate\\container\\BoundMethod.php(90): Illuminate\\Container\\Util::unwrapIfClosure(Object(Closure))
#19 E:\\xampp\\htdocs\\laravel\\Office\\NewBikeBD14032020\\vendor\\illuminate\\container\\BoundMethod.php(34): Illuminate\\Container\\BoundMethod::callBoundMethod(Object(Laravel\\Lumen\\Application), Array, Object(Closure))
#20 E:\\xampp\\htdocs\\laravel\\Office\\NewBikeBD14032020\\vendor\\illuminate\\container\\Container.php(590): Illuminate\\Container\\BoundMethod::call(Object(Laravel\\Lumen\\Application), Array, Array, NULL)
#21 E:\\xampp\\htdocs\\laravel\\Office\\NewBikeBD14032020\\vendor\\illuminate\\console\\Command.php(134): Illuminate\\Container\\Container->call(Array)
#22 E:\\xampp\\htdocs\\laravel\\Office\\NewBikeBD14032020\\vendor\\symfony\\console\\Command\\Command.php(255): Illuminate\\Console\\Command->execute(Object(Symfony\\Component\\Console\\Input\\ArgvInput), Object(Illuminate\\Console\\OutputStyle))
#23 E:\\xampp\\htdocs\\laravel\\Office\\NewBikeBD14032020\\vendor\\illuminate\\console\\Command.php(121): Symfony\\Component\\Console\\Command\\Command->run(Object(Symfony\\Component\\Console\\Input\\ArgvInput), Object(Illuminate\\Console\\OutputStyle))
#24 E:\\xampp\\htdocs\\laravel\\Office\\NewBikeBD14032020\\vendor\\symfony\\console\\Application.php(1012): Illuminate\\Console\\Command->run(Object(Symfony\\Component\\Console\\Input\\ArgvInput), Object(Symfony\\Component\\Console\\Output\\ConsoleOutput))
#25 E:\\xampp\\htdocs\\laravel\\Office\\NewBikeBD14032020\\vendor\\symfony\\console\\Application.php(272): Symfony\\Component\\Console\\Application->doRunCommand(Object(Illuminate\\Database\\Console\\Migrations\\MigrateCommand), Object(Symfony\\Component\\Console\\Input\\ArgvInput), Object(Symfony\\Component\\Console\\Output\\ConsoleOutput))
#26 E:\\xampp\\htdocs\\laravel\\Office\\NewBikeBD14032020\\vendor\\symfony\\console\\Application.php(148): Symfony\\Component\\Console\\Application->doRun(Object(Symfony\\Component\\Console\\Input\\ArgvInput), Object(Symfony\\Component\\Console\\Output\\ConsoleOutput))
#27 E:\\xampp\\htdocs\\laravel\\Office\\NewBikeBD14032020\\vendor\\illuminate\\console\\Application.php(93): Symfony\\Component\\Console\\Application->run(Object(Symfony\\Component\\Console\\Input\\ArgvInput), Object(Symfony\\Component\\Console\\Output\\ConsoleOutput))
#28 E:\\xampp\\htdocs\\laravel\\Office\\NewBikeBD14032020\\vendor\\laravel\\lumen-framework\\src\\Console\\Kernel.php(115): Illuminate\\Console\\Application->run(Object(Symfony\\Component\\Console\\Input\\ArgvInput), Object(Symfony\\Component\\Console\\Output\\ConsoleOutput))
#29 E:\\xampp\\htdocs\\laravel\\Office\\NewBikeBD14032020\\artisan(35): Laravel\\Lumen\\Console\\Kernel->handle(Object(Symfony\\Component\\Console\\Input\\ArgvInput), Object(Symfony\\Component\\Console\\Output\\ConsoleOutput))
#30 {main}
"} 
