[2020-03-01 07:00:02] local.ERROR: Symfony\Component\Debug\Exception\FatalThrowableError: syntax error, unexpected 'public' (T_PUBLIC), expecting end of file in C:\xampp\htdocs\Lumen\NewBikeBD29022020\app\Http\Controllers\api\v1\admin\AdminController.php:56
Stack trace:
#0 C:\xampp\htdocs\Lumen\NewBikeBD29022020\vendor\composer\ClassLoader.php(322): Composer\Autoload\includeFile('C:\\xampp\\htdocs...')
#1 [internal function]: Composer\Autoload\ClassLoader->loadClass('App\\Http\\Contro...')
#2 [internal function]: spl_autoload_call('App\\Http\\Contro...')
#3 C:\xampp\htdocs\Lumen\NewBikeBD29022020\vendor\illuminate\container\Container.php(803): ReflectionClass->__construct('App\\Http\\Contro...')
#4 C:\xampp\htdocs\Lumen\NewBikeBD29022020\vendor\illuminate\container\Container.php(681): Illuminate\Container\Container->build('App\\Http\\Contro...')
#5 C:\xampp\htdocs\Lumen\NewBikeBD29022020\vendor\illuminate\container\Container.php(629): Illuminate\Container\Container->resolve('App\\Http\\Contro...', Array)
#6 C:\xampp\htdocs\Lumen\NewBikeBD29022020\vendor\laravel\lumen-framework\src\Application.php(273): Illuminate\Container\Container->make('App\\Http\\Contro...', Array)
#7 C:\xampp\htdocs\Lumen\NewBikeBD29022020\vendor\laravel\lumen-framework\src\Concerns\RoutesRequests.php(311): Laravel\Lumen\Application->make('App\\Http\\Contro...')
#8 C:\xampp\htdocs\Lumen\NewBikeBD29022020\vendor\laravel\lumen-framework\src\Concerns\RoutesRequests.php(278): Laravel\Lumen\Application->callControllerAction(Array)
#9 C:\xampp\htdocs\Lumen\NewBikeBD29022020\vendor\laravel\lumen-framework\src\Concerns\RoutesRequests.php(263): Laravel\Lumen\Application->callActionOnArrayBasedRoute(Array)
#10 C:\xampp\htdocs\Lumen\NewBikeBD29022020\vendor\laravel\lumen-framework\src\Concerns\RoutesRequests.php(165): Laravel\Lumen\Application->handleFoundRoute(Array)
#11 C:\xampp\htdocs\Lumen\NewBikeBD29022020\vendor\laravel\lumen-framework\src\Concerns\RoutesRequests.php(416): Laravel\Lumen\Application->Laravel\Lumen\Concerns\{closure}(Object(Laravel\Lumen\Http\Request))
#12 C:\xampp\htdocs\Lumen\NewBikeBD29022020\vendor\laravel\lumen-framework\src\Concerns\RoutesRequests.php(171): Laravel\Lumen\Application->sendThroughPipeline(Array, Object(Closure))
#13 C:\xampp\htdocs\Lumen\NewBikeBD29022020\vendor\laravel\lumen-framework\src\Concerns\RoutesRequests.php(108): Laravel\Lumen\Application->dispatch(NULL)
#14 C:\xampp\htdocs\Lumen\NewBikeBD29022020\public\index.php(28): Laravel\Lumen\Application->run()
#15 {main} {"exception":"[object] (Symfony\\Component\\Debug\\Exception\\FatalThrowableError(code: 0): syntax error, unexpected 'public' (T_PUBLIC), expecting end of file at C:\\xampp\\htdocs\\Lumen\\NewBikeBD29022020\\app\\Http\\Controllers\\api\\v1\\admin\\AdminController.php:56)
[stacktrace]
#0 C:\\xampp\\htdocs\\Lumen\\NewBikeBD29022020\\vendor\\composer\\ClassLoader.php(322): Composer\\Autoload\\includeFile('C:\\\\xampp\\\\htdocs...')
#1 [internal function]: Composer\\Autoload\\ClassLoader->loadClass('App\\\\Http\\\\Contro...')
#2 [internal function]: spl_autoload_call('App\\\\Http\\\\Contro...')
#3 C:\\xampp\\htdocs\\Lumen\\NewBikeBD29022020\\vendor\\illuminate\\container\\Container.php(803): ReflectionClass->__construct('App\\\\Http\\\\Contro...')
#4 C:\\xampp\\htdocs\\Lumen\\NewBikeBD29022020\\vendor\\illuminate\\container\\Container.php(681): Illuminate\\Container\\Container->build('App\\\\Http\\\\Contro...')
#5 C:\\xampp\\htdocs\\Lumen\\NewBikeBD29022020\\vendor\\illuminate\\container\\Container.php(629): Illuminate\\Container\\Container->resolve('App\\\\Http\\\\Contro...', Array)
#6 C:\\xampp\\htdocs\\Lumen\\NewBikeBD29022020\\vendor\\laravel\\lumen-framework\\src\\Application.php(273): Illuminate\\Container\\Container->make('App\\\\Http\\\\Contro...', Array)
#7 C:\\xampp\\htdocs\\Lumen\\NewBikeBD29022020\\vendor\\laravel\\lumen-framework\\src\\Concerns\\RoutesRequests.php(311): Laravel\\Lumen\\Application->make('App\\\\Http\\\\Contro...')
#8 C:\\xampp\\htdocs\\Lumen\\NewBikeBD29022020\\vendor\\laravel\\lumen-framework\\src\\Concerns\\RoutesRequests.php(278): Laravel\\Lumen\\Application->callControllerAction(Array)
#9 C:\\xampp\\htdocs\\Lumen\\NewBikeBD29022020\\vendor\\laravel\\lumen-framework\\src\\Concerns\\RoutesRequests.php(263): Laravel\\Lumen\\Application->callActionOnArrayBasedRoute(Array)
#10 C:\\xampp\\htdocs\\Lumen\\NewBikeBD29022020\\vendor\\laravel\\lumen-framework\\src\\Concerns\\RoutesRequests.php(165): Laravel\\Lumen\\Application->handleFoundRoute(Array)
#11 C:\\xampp\\htdocs\\Lumen\\NewBikeBD29022020\\vendor\\laravel\\lumen-framework\\src\\Concerns\\RoutesRequests.php(416): Laravel\\Lumen\\Application->Laravel\\Lumen\\Concerns\\{closure}(Object(Laravel\\Lumen\\Http\\Request))
#12 C:\\xampp\\htdocs\\Lumen\\NewBikeBD29022020\\vendor\\laravel\\lumen-framework\\src\\Concerns\\RoutesRequests.php(171): Laravel\\Lumen\\Application->sendThroughPipeline(Array, Object(Closure))
#13 C:\\xampp\\htdocs\\Lumen\\NewBikeBD29022020\\vendor\\laravel\\lumen-framework\\src\\Concerns\\RoutesRequests.php(108): Laravel\\Lumen\\Application->dispatch(NULL)
#14 C:\\xampp\\htdocs\\Lumen\\NewBikeBD29022020\\public\\index.php(28): Laravel\\Lumen\\Application->run()
#15 {main}
"} 
[2020-03-01 07:00:20] local.ERROR: Symfony\Component\Debug\Exception\FatalThrowableError: syntax error, unexpected 'public' (T_PUBLIC), expecting end of file in C:\xampp\htdocs\Lumen\NewBikeBD29022020\app\Http\Controllers\api\v1\admin\AdminController.php:56
Stack trace:
#0 C:\xampp\htdocs\Lumen\NewBikeBD29022020\vendor\composer\ClassLoader.php(322): Composer\Autoload\includeFile('C:\\xampp\\htdocs...')
#1 [internal function]: Composer\Autoload\ClassLoader->loadClass('App\\Http\\Contro...')
#2 [internal function]: spl_autoload_call('App\\Http\\Contro...')
#3 C:\xampp\htdocs\Lumen\NewBikeBD29022020\vendor\illuminate\container\Container.php(803): ReflectionClass->__construct('App\\Http\\Contro...')
#4 C:\xampp\htdocs\Lumen\NewBikeBD29022020\vendor\illuminate\container\Container.php(681): Illuminate\Container\Container->build('App\\Http\\Contro...')
#5 C:\xampp\htdocs\Lumen\NewBikeBD29022020\vendor\illuminate\container\Container.php(629): Illuminate\Container\Container->resolve('App\\Http\\Contro...', Array)
#6 C:\xampp\htdocs\Lumen\NewBikeBD29022020\vendor\laravel\lumen-framework\src\Application.php(273): Illuminate\Container\Container->make('App\\Http\\Contro...', Array)
#7 C:\xampp\htdocs\Lumen\NewBikeBD29022020\vendor\laravel\lumen-framework\src\Concerns\RoutesRequests.php(311): Laravel\Lumen\Application->make('App\\Http\\Contro...')
#8 C:\xampp\htdocs\Lumen\NewBikeBD29022020\vendor\laravel\lumen-framework\src\Concerns\RoutesRequests.php(278): Laravel\Lumen\Application->callControllerAction(Array)
#9 C:\xampp\htdocs\Lumen\NewBikeBD29022020\vendor\laravel\lumen-framework\src\Concerns\RoutesRequests.php(263): Laravel\Lumen\Application->callActionOnArrayBasedRoute(Array)
#10 C:\xampp\htdocs\Lumen\NewBikeBD29022020\vendor\laravel\lumen-framework\src\Concerns\RoutesRequests.php(165): Laravel\Lumen\Application->handleFoundRoute(Array)
#11 C:\xampp\htdocs\Lumen\NewBikeBD29022020\vendor\laravel\lumen-framework\src\Concerns\RoutesRequests.php(416): Laravel\Lumen\Application->Laravel\Lumen\Concerns\{closure}(Object(Laravel\Lumen\Http\Request))
#12 C:\xampp\htdocs\Lumen\NewBikeBD29022020\vendor\laravel\lumen-framework\src\Concerns\RoutesRequests.php(171): Laravel\Lumen\Application->sendThroughPipeline(Array, Object(Closure))
#13 C:\xampp\htdocs\Lumen\NewBikeBD29022020\vendor\laravel\lumen-framework\src\Concerns\RoutesRequests.php(108): Laravel\Lumen\Application->dispatch(NULL)
#14 C:\xampp\htdocs\Lumen\NewBikeBD29022020\public\index.php(28): Laravel\Lumen\Application->run()
#15 {main} {"exception":"[object] (Symfony\\Component\\Debug\\Exception\\FatalThrowableError(code: 0): syntax error, unexpected 'public' (T_PUBLIC), expecting end of file at C:\\xampp\\htdocs\\Lumen\\NewBikeBD29022020\\app\\Http\\Controllers\\api\\v1\\admin\\AdminController.php:56)
[stacktrace]
#0 C:\\xampp\\htdocs\\Lumen\\NewBikeBD29022020\\vendor\\composer\\ClassLoader.php(322): Composer\\Autoload\\includeFile('C:\\\\xampp\\\\htdocs...')
#1 [internal function]: Composer\\Autoload\\ClassLoader->loadClass('App\\\\Http\\\\Contro...')
#2 [internal function]: spl_autoload_call('App\\\\Http\\\\Contro...')
#3 C:\\xampp\\htdocs\\Lumen\\NewBikeBD29022020\\vendor\\illuminate\\container\\Container.php(803): ReflectionClass->__construct('App\\\\Http\\\\Contro...')
#4 C:\\xampp\\htdocs\\Lumen\\NewBikeBD29022020\\vendor\\illuminate\\container\\Container.php(681): Illuminate\\Container\\Container->build('App\\\\Http\\\\Contro...')
#5 C:\\xampp\\htdocs\\Lumen\\NewBikeBD29022020\\vendor\\illuminate\\container\\Container.php(629): Illuminate\\Container\\Container->resolve('App\\\\Http\\\\Contro...', Array)
#6 C:\\xampp\\htdocs\\Lumen\\NewBikeBD29022020\\vendor\\laravel\\lumen-framework\\src\\Application.php(273): Illuminate\\Container\\Container->make('App\\\\Http\\\\Contro...', Array)
#7 C:\\xampp\\htdocs\\Lumen\\NewBikeBD29022020\\vendor\\laravel\\lumen-framework\\src\\Concerns\\RoutesRequests.php(311): Laravel\\Lumen\\Application->make('App\\\\Http\\\\Contro...')
#8 C:\\xampp\\htdocs\\Lumen\\NewBikeBD29022020\\vendor\\laravel\\lumen-framework\\src\\Concerns\\RoutesRequests.php(278): Laravel\\Lumen\\Application->callControllerAction(Array)
#9 C:\\xampp\\htdocs\\Lumen\\NewBikeBD29022020\\vendor\\laravel\\lumen-framework\\src\\Concerns\\RoutesRequests.php(263): Laravel\\Lumen\\Application->callActionOnArrayBasedRoute(Array)
#10 C:\\xampp\\htdocs\\Lumen\\NewBikeBD29022020\\vendor\\laravel\\lumen-framework\\src\\Concerns\\RoutesRequests.php(165): Laravel\\Lumen\\Application->handleFoundRoute(Array)
#11 C:\\xampp\\htdocs\\Lumen\\NewBikeBD29022020\\vendor\\laravel\\lumen-framework\\src\\Concerns\\RoutesRequests.php(416): Laravel\\Lumen\\Application->Laravel\\Lumen\\Concerns\\{closure}(Object(Laravel\\Lumen\\Http\\Request))
#12 C:\\xampp\\htdocs\\Lumen\\NewBikeBD29022020\\vendor\\laravel\\lumen-framework\\src\\Concerns\\RoutesRequests.php(171): Laravel\\Lumen\\Application->sendThroughPipeline(Array, Object(Closure))
#13 C:\\xampp\\htdocs\\Lumen\\NewBikeBD29022020\\vendor\\laravel\\lumen-framework\\src\\Concerns\\RoutesRequests.php(108): Laravel\\Lumen\\Application->dispatch(NULL)
#14 C:\\xampp\\htdocs\\Lumen\\NewBikeBD29022020\\public\\index.php(28): Laravel\\Lumen\\Application->run()
#15 {main}
"} 
[2020-03-01 07:05:32] local.ERROR: InvalidArgumentException: Auth guard [] is not defined. in C:\xampp\htdocs\Lumen\NewBikeBD29022020\vendor\illuminate\auth\AuthManager.php:84
Stack trace:
#0 C:\xampp\htdocs\Lumen\NewBikeBD29022020\vendor\illuminate\auth\AuthManager.php(68): Illuminate\Auth\AuthManager->resolve(NULL)
#1 C:\xampp\htdocs\Lumen\NewBikeBD29022020\vendor\illuminate\auth\AuthManager.php(307): Illuminate\Auth\AuthManager->guard()
#2 C:\xampp\htdocs\Lumen\NewBikeBD29022020\app\Http\Controllers\api\v1\admin\AdminController.php(41): Illuminate\Auth\AuthManager->__call('attempt', Array)
#3 [internal function]: App\Http\Controllers\api\v1\admin\AdminController->login(Object(Laravel\Lumen\Http\Request))
#4 C:\xampp\htdocs\Lumen\NewBikeBD29022020\vendor\illuminate\container\BoundMethod.php(32): call_user_func_array(Array, Array)
#5 C:\xampp\htdocs\Lumen\NewBikeBD29022020\vendor\illuminate\container\Util.php(36): Illuminate\Container\BoundMethod::Illuminate\Container\{closure}()
#6 C:\xampp\htdocs\Lumen\NewBikeBD29022020\vendor\illuminate\container\BoundMethod.php(90): Illuminate\Container\Util::unwrapIfClosure(Object(Closure))
#7 C:\xampp\htdocs\Lumen\NewBikeBD29022020\vendor\illuminate\container\BoundMethod.php(34): Illuminate\Container\BoundMethod::callBoundMethod(Object(Laravel\Lumen\Application), Array, Object(Closure))
#8 C:\xampp\htdocs\Lumen\NewBikeBD29022020\vendor\illuminate\container\Container.php(590): Illuminate\Container\BoundMethod::call(Object(Laravel\Lumen\Application), Array, Array, NULL)
#9 C:\xampp\htdocs\Lumen\NewBikeBD29022020\vendor\laravel\lumen-framework\src\Concerns\RoutesRequests.php(376): Illuminate\Container\Container->call(Array, Array)
#10 C:\xampp\htdocs\Lumen\NewBikeBD29022020\vendor\laravel\lumen-framework\src\Concerns\RoutesRequests.php(342): Laravel\Lumen\Application->callControllerCallable(Array, Array)
#11 C:\xampp\htdocs\Lumen\NewBikeBD29022020\vendor\laravel\lumen-framework\src\Concerns\RoutesRequests.php(316): Laravel\Lumen\Application->callLumenController(Object(App\Http\Controllers\api\v1\admin\AdminController), 'login', Array)
#12 C:\xampp\htdocs\Lumen\NewBikeBD29022020\vendor\laravel\lumen-framework\src\Concerns\RoutesRequests.php(278): Laravel\Lumen\Application->callControllerAction(Array)
#13 C:\xampp\htdocs\Lumen\NewBikeBD29022020\vendor\laravel\lumen-framework\src\Concerns\RoutesRequests.php(263): Laravel\Lumen\Application->callActionOnArrayBasedRoute(Array)
#14 C:\xampp\htdocs\Lumen\NewBikeBD29022020\vendor\laravel\lumen-framework\src\Concerns\RoutesRequests.php(165): Laravel\Lumen\Application->handleFoundRoute(Array)
#15 C:\xampp\htdocs\Lumen\NewBikeBD29022020\vendor\laravel\lumen-framework\src\Concerns\RoutesRequests.php(416): Laravel\Lumen\Application->Laravel\Lumen\Concerns\{closure}(Object(Laravel\Lumen\Http\Request))
#16 C:\xampp\htdocs\Lumen\NewBikeBD29022020\vendor\laravel\lumen-framework\src\Concerns\RoutesRequests.php(171): Laravel\Lumen\Application->sendThroughPipeline(Array, Object(Closure))
#17 C:\xampp\htdocs\Lumen\NewBikeBD29022020\vendor\laravel\lumen-framework\src\Concerns\RoutesRequests.php(108): Laravel\Lumen\Application->dispatch(NULL)
#18 C:\xampp\htdocs\Lumen\NewBikeBD29022020\public\index.php(28): Laravel\Lumen\Application->run()
#19 {main} {"exception":"[object] (InvalidArgumentException(code: 0): Auth guard [] is not defined. at C:\\xampp\\htdocs\\Lumen\\NewBikeBD29022020\\vendor\\illuminate\\auth\\AuthManager.php:84)
[stacktrace]
#0 C:\\xampp\\htdocs\\Lumen\\NewBikeBD29022020\\vendor\\illuminate\\auth\\AuthManager.php(68): Illuminate\\Auth\\AuthManager->resolve(NULL)
#1 C:\\xampp\\htdocs\\Lumen\\NewBikeBD29022020\\vendor\\illuminate\\auth\\AuthManager.php(307): Illuminate\\Auth\\AuthManager->guard()
#2 C:\\xampp\\htdocs\\Lumen\\NewBikeBD29022020\\app\\Http\\Controllers\\api\\v1\\admin\\AdminController.php(41): Illuminate\\Auth\\AuthManager->__call('attempt', Array)
#3 [internal function]: App\\Http\\Controllers\\api\\v1\\admin\\AdminController->login(Object(Laravel\\Lumen\\Http\\Request))
#4 C:\\xampp\\htdocs\\Lumen\\NewBikeBD29022020\\vendor\\illuminate\\container\\BoundMethod.php(32): call_user_func_array(Array, Array)
#5 C:\\xampp\\htdocs\\Lumen\\NewBikeBD29022020\\vendor\\illuminate\\container\\Util.php(36): Illuminate\\Container\\BoundMethod::Illuminate\\Container\\{closure}()
#6 C:\\xampp\\htdocs\\Lumen\\NewBikeBD29022020\\vendor\\illuminate\\container\\BoundMethod.php(90): Illuminate\\Container\\Util::unwrapIfClosure(Object(Closure))
#7 C:\\xampp\\htdocs\\Lumen\\NewBikeBD29022020\\vendor\\illuminate\\container\\BoundMethod.php(34): Illuminate\\Container\\BoundMethod::callBoundMethod(Object(Laravel\\Lumen\\Application), Array, Object(Closure))
#8 C:\\xampp\\htdocs\\Lumen\\NewBikeBD29022020\\vendor\\illuminate\\container\\Container.php(590): Illuminate\\Container\\BoundMethod::call(Object(Laravel\\Lumen\\Application), Array, Array, NULL)
#9 C:\\xampp\\htdocs\\Lumen\\NewBikeBD29022020\\vendor\\laravel\\lumen-framework\\src\\Concerns\\RoutesRequests.php(376): Illuminate\\Container\\Container->call(Array, Array)
#10 C:\\xampp\\htdocs\\Lumen\\NewBikeBD29022020\\vendor\\laravel\\lumen-framework\\src\\Concerns\\RoutesRequests.php(342): Laravel\\Lumen\\Application->callControllerCallable(Array, Array)
#11 C:\\xampp\\htdocs\\Lumen\\NewBikeBD29022020\\vendor\\laravel\\lumen-framework\\src\\Concerns\\RoutesRequests.php(316): Laravel\\Lumen\\Application->callLumenController(Object(App\\Http\\Controllers\\api\\v1\\admin\\AdminController), 'login', Array)
#12 C:\\xampp\\htdocs\\Lumen\\NewBikeBD29022020\\vendor\\laravel\\lumen-framework\\src\\Concerns\\RoutesRequests.php(278): Laravel\\Lumen\\Application->callControllerAction(Array)
#13 C:\\xampp\\htdocs\\Lumen\\NewBikeBD29022020\\vendor\\laravel\\lumen-framework\\src\\Concerns\\RoutesRequests.php(263): Laravel\\Lumen\\Application->callActionOnArrayBasedRoute(Array)
#14 C:\\xampp\\htdocs\\Lumen\\NewBikeBD29022020\\vendor\\laravel\\lumen-framework\\src\\Concerns\\RoutesRequests.php(165): Laravel\\Lumen\\Application->handleFoundRoute(Array)
#15 C:\\xampp\\htdocs\\Lumen\\NewBikeBD29022020\\vendor\\laravel\\lumen-framework\\src\\Concerns\\RoutesRequests.php(416): Laravel\\Lumen\\Application->Laravel\\Lumen\\Concerns\\{closure}(Object(Laravel\\Lumen\\Http\\Request))
#16 C:\\xampp\\htdocs\\Lumen\\NewBikeBD29022020\\vendor\\laravel\\lumen-framework\\src\\Concerns\\RoutesRequests.php(171): Laravel\\Lumen\\Application->sendThroughPipeline(Array, Object(Closure))
#17 C:\\xampp\\htdocs\\Lumen\\NewBikeBD29022020\\vendor\\laravel\\lumen-framework\\src\\Concerns\\RoutesRequests.php(108): Laravel\\Lumen\\Application->dispatch(NULL)
#18 C:\\xampp\\htdocs\\Lumen\\NewBikeBD29022020\\public\\index.php(28): Laravel\\Lumen\\Application->run()
#19 {main}
"} 
[2020-03-01 07:14:53] local.ERROR: InvalidArgumentException: Auth guard [] is not defined. in C:\xampp\htdocs\Lumen\NewBikeBD29022020\vendor\illuminate\auth\AuthManager.php:84
Stack trace:
#0 C:\xampp\htdocs\Lumen\NewBikeBD29022020\vendor\illuminate\auth\AuthManager.php(68): Illuminate\Auth\AuthManager->resolve(NULL)
#1 C:\xampp\htdocs\Lumen\NewBikeBD29022020\vendor\illuminate\auth\AuthManager.php(307): Illuminate\Auth\AuthManager->guard()
#2 C:\xampp\htdocs\Lumen\NewBikeBD29022020\app\Http\Controllers\api\v1\admin\AdminController.php(41): Illuminate\Auth\AuthManager->__call('attempt', Array)
#3 [internal function]: App\Http\Controllers\api\v1\admin\AdminController->login(Object(Laravel\Lumen\Http\Request))
#4 C:\xampp\htdocs\Lumen\NewBikeBD29022020\vendor\illuminate\container\BoundMethod.php(32): call_user_func_array(Array, Array)
#5 C:\xampp\htdocs\Lumen\NewBikeBD29022020\vendor\illuminate\container\Util.php(36): Illuminate\Container\BoundMethod::Illuminate\Container\{closure}()
#6 C:\xampp\htdocs\Lumen\NewBikeBD29022020\vendor\illuminate\container\BoundMethod.php(90): Illuminate\Container\Util::unwrapIfClosure(Object(Closure))
#7 C:\xampp\htdocs\Lumen\NewBikeBD29022020\vendor\illuminate\container\BoundMethod.php(34): Illuminate\Container\BoundMethod::callBoundMethod(Object(Laravel\Lumen\Application), Array, Object(Closure))
#8 C:\xampp\htdocs\Lumen\NewBikeBD29022020\vendor\illuminate\container\Container.php(590): Illuminate\Container\BoundMethod::call(Object(Laravel\Lumen\Application), Array, Array, NULL)
#9 C:\xampp\htdocs\Lumen\NewBikeBD29022020\vendor\laravel\lumen-framework\src\Concerns\RoutesRequests.php(376): Illuminate\Container\Container->call(Array, Array)
#10 C:\xampp\htdocs\Lumen\NewBikeBD29022020\vendor\laravel\lumen-framework\src\Concerns\RoutesRequests.php(342): Laravel\Lumen\Application->callControllerCallable(Array, Array)
#11 C:\xampp\htdocs\Lumen\NewBikeBD29022020\vendor\laravel\lumen-framework\src\Concerns\RoutesRequests.php(316): Laravel\Lumen\Application->callLumenController(Object(App\Http\Controllers\api\v1\admin\AdminController), 'login', Array)
#12 C:\xampp\htdocs\Lumen\NewBikeBD29022020\vendor\laravel\lumen-framework\src\Concerns\RoutesRequests.php(278): Laravel\Lumen\Application->callControllerAction(Array)
#13 C:\xampp\htdocs\Lumen\NewBikeBD29022020\vendor\laravel\lumen-framework\src\Concerns\RoutesRequests.php(263): Laravel\Lumen\Application->callActionOnArrayBasedRoute(Array)
#14 C:\xampp\htdocs\Lumen\NewBikeBD29022020\vendor\laravel\lumen-framework\src\Concerns\RoutesRequests.php(165): Laravel\Lumen\Application->handleFoundRoute(Array)
#15 C:\xampp\htdocs\Lumen\NewBikeBD29022020\vendor\laravel\lumen-framework\src\Concerns\RoutesRequests.php(416): Laravel\Lumen\Application->Laravel\Lumen\Concerns\{closure}(Object(Laravel\Lumen\Http\Request))
#16 C:\xampp\htdocs\Lumen\NewBikeBD29022020\vendor\laravel\lumen-framework\src\Concerns\RoutesRequests.php(171): Laravel\Lumen\Application->sendThroughPipeline(Array, Object(Closure))
#17 C:\xampp\htdocs\Lumen\NewBikeBD29022020\vendor\laravel\lumen-framework\src\Concerns\RoutesRequests.php(108): Laravel\Lumen\Application->dispatch(NULL)
#18 C:\xampp\htdocs\Lumen\NewBikeBD29022020\public\index.php(28): Laravel\Lumen\Application->run()
#19 {main} {"exception":"[object] (InvalidArgumentException(code: 0): Auth guard [] is not defined. at C:\\xampp\\htdocs\\Lumen\\NewBikeBD29022020\\vendor\\illuminate\\auth\\AuthManager.php:84)
[stacktrace]
#0 C:\\xampp\\htdocs\\Lumen\\NewBikeBD29022020\\vendor\\illuminate\\auth\\AuthManager.php(68): Illuminate\\Auth\\AuthManager->resolve(NULL)
#1 C:\\xampp\\htdocs\\Lumen\\NewBikeBD29022020\\vendor\\illuminate\\auth\\AuthManager.php(307): Illuminate\\Auth\\AuthManager->guard()
#2 C:\\xampp\\htdocs\\Lumen\\NewBikeBD29022020\\app\\Http\\Controllers\\api\\v1\\admin\\AdminController.php(41): Illuminate\\Auth\\AuthManager->__call('attempt', Array)
#3 [internal function]: App\\Http\\Controllers\\api\\v1\\admin\\AdminController->login(Object(Laravel\\Lumen\\Http\\Request))
#4 C:\\xampp\\htdocs\\Lumen\\NewBikeBD29022020\\vendor\\illuminate\\container\\BoundMethod.php(32): call_user_func_array(Array, Array)
#5 C:\\xampp\\htdocs\\Lumen\\NewBikeBD29022020\\vendor\\illuminate\\container\\Util.php(36): Illuminate\\Container\\BoundMethod::Illuminate\\Container\\{closure}()
#6 C:\\xampp\\htdocs\\Lumen\\NewBikeBD29022020\\vendor\\illuminate\\container\\BoundMethod.php(90): Illuminate\\Container\\Util::unwrapIfClosure(Object(Closure))
#7 C:\\xampp\\htdocs\\Lumen\\NewBikeBD29022020\\vendor\\illuminate\\container\\BoundMethod.php(34): Illuminate\\Container\\BoundMethod::callBoundMethod(Object(Laravel\\Lumen\\Application), Array, Object(Closure))
#8 C:\\xampp\\htdocs\\Lumen\\NewBikeBD29022020\\vendor\\illuminate\\container\\Container.php(590): Illuminate\\Container\\BoundMethod::call(Object(Laravel\\Lumen\\Application), Array, Array, NULL)
#9 C:\\xampp\\htdocs\\Lumen\\NewBikeBD29022020\\vendor\\laravel\\lumen-framework\\src\\Concerns\\RoutesRequests.php(376): Illuminate\\Container\\Container->call(Array, Array)
#10 C:\\xampp\\htdocs\\Lumen\\NewBikeBD29022020\\vendor\\laravel\\lumen-framework\\src\\Concerns\\RoutesRequests.php(342): Laravel\\Lumen\\Application->callControllerCallable(Array, Array)
#11 C:\\xampp\\htdocs\\Lumen\\NewBikeBD29022020\\vendor\\laravel\\lumen-framework\\src\\Concerns\\RoutesRequests.php(316): Laravel\\Lumen\\Application->callLumenController(Object(App\\Http\\Controllers\\api\\v1\\admin\\AdminController), 'login', Array)
#12 C:\\xampp\\htdocs\\Lumen\\NewBikeBD29022020\\vendor\\laravel\\lumen-framework\\src\\Concerns\\RoutesRequests.php(278): Laravel\\Lumen\\Application->callControllerAction(Array)
#13 C:\\xampp\\htdocs\\Lumen\\NewBikeBD29022020\\vendor\\laravel\\lumen-framework\\src\\Concerns\\RoutesRequests.php(263): Laravel\\Lumen\\Application->callActionOnArrayBasedRoute(Array)
#14 C:\\xampp\\htdocs\\Lumen\\NewBikeBD29022020\\vendor\\laravel\\lumen-framework\\src\\Concerns\\RoutesRequests.php(165): Laravel\\Lumen\\Application->handleFoundRoute(Array)
#15 C:\\xampp\\htdocs\\Lumen\\NewBikeBD29022020\\vendor\\laravel\\lumen-framework\\src\\Concerns\\RoutesRequests.php(416): Laravel\\Lumen\\Application->Laravel\\Lumen\\Concerns\\{closure}(Object(Laravel\\Lumen\\Http\\Request))
#16 C:\\xampp\\htdocs\\Lumen\\NewBikeBD29022020\\vendor\\laravel\\lumen-framework\\src\\Concerns\\RoutesRequests.php(171): Laravel\\Lumen\\Application->sendThroughPipeline(Array, Object(Closure))
#17 C:\\xampp\\htdocs\\Lumen\\NewBikeBD29022020\\vendor\\laravel\\lumen-framework\\src\\Concerns\\RoutesRequests.php(108): Laravel\\Lumen\\Application->dispatch(NULL)
#18 C:\\xampp\\htdocs\\Lumen\\NewBikeBD29022020\\public\\index.php(28): Laravel\\Lumen\\Application->run()
#19 {main}
"} 
[2020-03-01 07:21:19] local.ERROR: InvalidArgumentException: Auth guard [] is not defined. in C:\xampp\htdocs\Lumen\NewBikeBD29022020\vendor\illuminate\auth\AuthManager.php:84
Stack trace:
#0 C:\xampp\htdocs\Lumen\NewBikeBD29022020\vendor\illuminate\auth\AuthManager.php(68): Illuminate\Auth\AuthManager->resolve(NULL)
#1 C:\xampp\htdocs\Lumen\NewBikeBD29022020\vendor\illuminate\auth\AuthManager.php(307): Illuminate\Auth\AuthManager->guard()
#2 C:\xampp\htdocs\Lumen\NewBikeBD29022020\app\Http\Controllers\api\v1\admin\AdminController.php(41): Illuminate\Auth\AuthManager->__call('attempt', Array)
#3 [internal function]: App\Http\Controllers\api\v1\admin\AdminController->login(Object(Laravel\Lumen\Http\Request))
#4 C:\xampp\htdocs\Lumen\NewBikeBD29022020\vendor\illuminate\container\BoundMethod.php(32): call_user_func_array(Array, Array)
#5 C:\xampp\htdocs\Lumen\NewBikeBD29022020\vendor\illuminate\container\Util.php(36): Illuminate\Container\BoundMethod::Illuminate\Container\{closure}()
#6 C:\xampp\htdocs\Lumen\NewBikeBD29022020\vendor\illuminate\container\BoundMethod.php(90): Illuminate\Container\Util::unwrapIfClosure(Object(Closure))
#7 C:\xampp\htdocs\Lumen\NewBikeBD29022020\vendor\illuminate\container\BoundMethod.php(34): Illuminate\Container\BoundMethod::callBoundMethod(Object(Laravel\Lumen\Application), Array, Object(Closure))
#8 C:\xampp\htdocs\Lumen\NewBikeBD29022020\vendor\illuminate\container\Container.php(590): Illuminate\Container\BoundMethod::call(Object(Laravel\Lumen\Application), Array, Array, NULL)
#9 C:\xampp\htdocs\Lumen\NewBikeBD29022020\vendor\laravel\lumen-framework\src\Concerns\RoutesRequests.php(376): Illuminate\Container\Container->call(Array, Array)
#10 C:\xampp\htdocs\Lumen\NewBikeBD29022020\vendor\laravel\lumen-framework\src\Concerns\RoutesRequests.php(342): Laravel\Lumen\Application->callControllerCallable(Array, Array)
#11 C:\xampp\htdocs\Lumen\NewBikeBD29022020\vendor\laravel\lumen-framework\src\Concerns\RoutesRequests.php(316): Laravel\Lumen\Application->callLumenController(Object(App\Http\Controllers\api\v1\admin\AdminController), 'login', Array)
#12 C:\xampp\htdocs\Lumen\NewBikeBD29022020\vendor\laravel\lumen-framework\src\Concerns\RoutesRequests.php(278): Laravel\Lumen\Application->callControllerAction(Array)
#13 C:\xampp\htdocs\Lumen\NewBikeBD29022020\vendor\laravel\lumen-framework\src\Concerns\RoutesRequests.php(263): Laravel\Lumen\Application->callActionOnArrayBasedRoute(Array)
#14 C:\xampp\htdocs\Lumen\NewBikeBD29022020\vendor\laravel\lumen-framework\src\Concerns\RoutesRequests.php(165): Laravel\Lumen\Application->handleFoundRoute(Array)
#15 C:\xampp\htdocs\Lumen\NewBikeBD29022020\vendor\laravel\lumen-framework\src\Concerns\RoutesRequests.php(416): Laravel\Lumen\Application->Laravel\Lumen\Concerns\{closure}(Object(Laravel\Lumen\Http\Request))
#16 C:\xampp\htdocs\Lumen\NewBikeBD29022020\vendor\laravel\lumen-framework\src\Concerns\RoutesRequests.php(171): Laravel\Lumen\Application->sendThroughPipeline(Array, Object(Closure))
#17 C:\xampp\htdocs\Lumen\NewBikeBD29022020\vendor\laravel\lumen-framework\src\Concerns\RoutesRequests.php(108): Laravel\Lumen\Application->dispatch(NULL)
#18 C:\xampp\htdocs\Lumen\NewBikeBD29022020\public\index.php(28): Laravel\Lumen\Application->run()
#19 {main} {"exception":"[object] (InvalidArgumentException(code: 0): Auth guard [] is not defined. at C:\\xampp\\htdocs\\Lumen\\NewBikeBD29022020\\vendor\\illuminate\\auth\\AuthManager.php:84)
[stacktrace]
#0 C:\\xampp\\htdocs\\Lumen\\NewBikeBD29022020\\vendor\\illuminate\\auth\\AuthManager.php(68): Illuminate\\Auth\\AuthManager->resolve(NULL)
#1 C:\\xampp\\htdocs\\Lumen\\NewBikeBD29022020\\vendor\\illuminate\\auth\\AuthManager.php(307): Illuminate\\Auth\\AuthManager->guard()
#2 C:\\xampp\\htdocs\\Lumen\\NewBikeBD29022020\\app\\Http\\Controllers\\api\\v1\\admin\\AdminController.php(41): Illuminate\\Auth\\AuthManager->__call('attempt', Array)
#3 [internal function]: App\\Http\\Controllers\\api\\v1\\admin\\AdminController->login(Object(Laravel\\Lumen\\Http\\Request))
#4 C:\\xampp\\htdocs\\Lumen\\NewBikeBD29022020\\vendor\\illuminate\\container\\BoundMethod.php(32): call_user_func_array(Array, Array)
#5 C:\\xampp\\htdocs\\Lumen\\NewBikeBD29022020\\vendor\\illuminate\\container\\Util.php(36): Illuminate\\Container\\BoundMethod::Illuminate\\Container\\{closure}()
#6 C:\\xampp\\htdocs\\Lumen\\NewBikeBD29022020\\vendor\\illuminate\\container\\BoundMethod.php(90): Illuminate\\Container\\Util::unwrapIfClosure(Object(Closure))
#7 C:\\xampp\\htdocs\\Lumen\\NewBikeBD29022020\\vendor\\illuminate\\container\\BoundMethod.php(34): Illuminate\\Container\\BoundMethod::callBoundMethod(Object(Laravel\\Lumen\\Application), Array, Object(Closure))
#8 C:\\xampp\\htdocs\\Lumen\\NewBikeBD29022020\\vendor\\illuminate\\container\\Container.php(590): Illuminate\\Container\\BoundMethod::call(Object(Laravel\\Lumen\\Application), Array, Array, NULL)
#9 C:\\xampp\\htdocs\\Lumen\\NewBikeBD29022020\\vendor\\laravel\\lumen-framework\\src\\Concerns\\RoutesRequests.php(376): Illuminate\\Container\\Container->call(Array, Array)
#10 C:\\xampp\\htdocs\\Lumen\\NewBikeBD29022020\\vendor\\laravel\\lumen-framework\\src\\Concerns\\RoutesRequests.php(342): Laravel\\Lumen\\Application->callControllerCallable(Array, Array)
#11 C:\\xampp\\htdocs\\Lumen\\NewBikeBD29022020\\vendor\\laravel\\lumen-framework\\src\\Concerns\\RoutesRequests.php(316): Laravel\\Lumen\\Application->callLumenController(Object(App\\Http\\Controllers\\api\\v1\\admin\\AdminController), 'login', Array)
#12 C:\\xampp\\htdocs\\Lumen\\NewBikeBD29022020\\vendor\\laravel\\lumen-framework\\src\\Concerns\\RoutesRequests.php(278): Laravel\\Lumen\\Application->callControllerAction(Array)
#13 C:\\xampp\\htdocs\\Lumen\\NewBikeBD29022020\\vendor\\laravel\\lumen-framework\\src\\Concerns\\RoutesRequests.php(263): Laravel\\Lumen\\Application->callActionOnArrayBasedRoute(Array)
#14 C:\\xampp\\htdocs\\Lumen\\NewBikeBD29022020\\vendor\\laravel\\lumen-framework\\src\\Concerns\\RoutesRequests.php(165): Laravel\\Lumen\\Application->handleFoundRoute(Array)
#15 C:\\xampp\\htdocs\\Lumen\\NewBikeBD29022020\\vendor\\laravel\\lumen-framework\\src\\Concerns\\RoutesRequests.php(416): Laravel\\Lumen\\Application->Laravel\\Lumen\\Concerns\\{closure}(Object(Laravel\\Lumen\\Http\\Request))
#16 C:\\xampp\\htdocs\\Lumen\\NewBikeBD29022020\\vendor\\laravel\\lumen-framework\\src\\Concerns\\RoutesRequests.php(171): Laravel\\Lumen\\Application->sendThroughPipeline(Array, Object(Closure))
#17 C:\\xampp\\htdocs\\Lumen\\NewBikeBD29022020\\vendor\\laravel\\lumen-framework\\src\\Concerns\\RoutesRequests.php(108): Laravel\\Lumen\\Application->dispatch(NULL)
#18 C:\\xampp\\htdocs\\Lumen\\NewBikeBD29022020\\public\\index.php(28): Laravel\\Lumen\\Application->run()
#19 {main}
"} 
[2020-03-01 07:21:37] local.ERROR: InvalidArgumentException: Auth guard [] is not defined. in C:\xampp\htdocs\Lumen\NewBikeBD29022020\vendor\illuminate\auth\AuthManager.php:84
Stack trace:
#0 C:\xampp\htdocs\Lumen\NewBikeBD29022020\vendor\illuminate\auth\AuthManager.php(68): Illuminate\Auth\AuthManager->resolve(NULL)
#1 C:\xampp\htdocs\Lumen\NewBikeBD29022020\vendor\illuminate\auth\AuthManager.php(307): Illuminate\Auth\AuthManager->guard()
#2 C:\xampp\htdocs\Lumen\NewBikeBD29022020\app\Http\Controllers\api\v1\admin\AdminController.php(41): Illuminate\Auth\AuthManager->__call('attempt', Array)
#3 [internal function]: App\Http\Controllers\api\v1\admin\AdminController->login(Object(Laravel\Lumen\Http\Request))
#4 C:\xampp\htdocs\Lumen\NewBikeBD29022020\vendor\illuminate\container\BoundMethod.php(32): call_user_func_array(Array, Array)
#5 C:\xampp\htdocs\Lumen\NewBikeBD29022020\vendor\illuminate\container\Util.php(36): Illuminate\Container\BoundMethod::Illuminate\Container\{closure}()
#6 C:\xampp\htdocs\Lumen\NewBikeBD29022020\vendor\illuminate\container\BoundMethod.php(90): Illuminate\Container\Util::unwrapIfClosure(Object(Closure))
#7 C:\xampp\htdocs\Lumen\NewBikeBD29022020\vendor\illuminate\container\BoundMethod.php(34): Illuminate\Container\BoundMethod::callBoundMethod(Object(Laravel\Lumen\Application), Array, Object(Closure))
#8 C:\xampp\htdocs\Lumen\NewBikeBD29022020\vendor\illuminate\container\Container.php(590): Illuminate\Container\BoundMethod::call(Object(Laravel\Lumen\Application), Array, Array, NULL)
#9 C:\xampp\htdocs\Lumen\NewBikeBD29022020\vendor\laravel\lumen-framework\src\Concerns\RoutesRequests.php(376): Illuminate\Container\Container->call(Array, Array)
#10 C:\xampp\htdocs\Lumen\NewBikeBD29022020\vendor\laravel\lumen-framework\src\Concerns\RoutesRequests.php(342): Laravel\Lumen\Application->callControllerCallable(Array, Array)
#11 C:\xampp\htdocs\Lumen\NewBikeBD29022020\vendor\laravel\lumen-framework\src\Concerns\RoutesRequests.php(316): Laravel\Lumen\Application->callLumenController(Object(App\Http\Controllers\api\v1\admin\AdminController), 'login', Array)
#12 C:\xampp\htdocs\Lumen\NewBikeBD29022020\vendor\laravel\lumen-framework\src\Concerns\RoutesRequests.php(278): Laravel\Lumen\Application->callControllerAction(Array)
#13 C:\xampp\htdocs\Lumen\NewBikeBD29022020\vendor\laravel\lumen-framework\src\Concerns\RoutesRequests.php(263): Laravel\Lumen\Application->callActionOnArrayBasedRoute(Array)
#14 C:\xampp\htdocs\Lumen\NewBikeBD29022020\vendor\laravel\lumen-framework\src\Concerns\RoutesRequests.php(165): Laravel\Lumen\Application->handleFoundRoute(Array)
#15 C:\xampp\htdocs\Lumen\NewBikeBD29022020\vendor\laravel\lumen-framework\src\Concerns\RoutesRequests.php(416): Laravel\Lumen\Application->Laravel\Lumen\Concerns\{closure}(Object(Laravel\Lumen\Http\Request))
#16 C:\xampp\htdocs\Lumen\NewBikeBD29022020\vendor\laravel\lumen-framework\src\Concerns\RoutesRequests.php(171): Laravel\Lumen\Application->sendThroughPipeline(Array, Object(Closure))
#17 C:\xampp\htdocs\Lumen\NewBikeBD29022020\vendor\laravel\lumen-framework\src\Concerns\RoutesRequests.php(108): Laravel\Lumen\Application->dispatch(NULL)
#18 C:\xampp\htdocs\Lumen\NewBikeBD29022020\public\index.php(28): Laravel\Lumen\Application->run()
#19 {main} {"exception":"[object] (InvalidArgumentException(code: 0): Auth guard [] is not defined. at C:\\xampp\\htdocs\\Lumen\\NewBikeBD29022020\\vendor\\illuminate\\auth\\AuthManager.php:84)
[stacktrace]
#0 C:\\xampp\\htdocs\\Lumen\\NewBikeBD29022020\\vendor\\illuminate\\auth\\AuthManager.php(68): Illuminate\\Auth\\AuthManager->resolve(NULL)
#1 C:\\xampp\\htdocs\\Lumen\\NewBikeBD29022020\\vendor\\illuminate\\auth\\AuthManager.php(307): Illuminate\\Auth\\AuthManager->guard()
#2 C:\\xampp\\htdocs\\Lumen\\NewBikeBD29022020\\app\\Http\\Controllers\\api\\v1\\admin\\AdminController.php(41): Illuminate\\Auth\\AuthManager->__call('attempt', Array)
#3 [internal function]: App\\Http\\Controllers\\api\\v1\\admin\\AdminController->login(Object(Laravel\\Lumen\\Http\\Request))
#4 C:\\xampp\\htdocs\\Lumen\\NewBikeBD29022020\\vendor\\illuminate\\container\\BoundMethod.php(32): call_user_func_array(Array, Array)
#5 C:\\xampp\\htdocs\\Lumen\\NewBikeBD29022020\\vendor\\illuminate\\container\\Util.php(36): Illuminate\\Container\\BoundMethod::Illuminate\\Container\\{closure}()
#6 C:\\xampp\\htdocs\\Lumen\\NewBikeBD29022020\\vendor\\illuminate\\container\\BoundMethod.php(90): Illuminate\\Container\\Util::unwrapIfClosure(Object(Closure))
#7 C:\\xampp\\htdocs\\Lumen\\NewBikeBD29022020\\vendor\\illuminate\\container\\BoundMethod.php(34): Illuminate\\Container\\BoundMethod::callBoundMethod(Object(Laravel\\Lumen\\Application), Array, Object(Closure))
#8 C:\\xampp\\htdocs\\Lumen\\NewBikeBD29022020\\vendor\\illuminate\\container\\Container.php(590): Illuminate\\Container\\BoundMethod::call(Object(Laravel\\Lumen\\Application), Array, Array, NULL)
#9 C:\\xampp\\htdocs\\Lumen\\NewBikeBD29022020\\vendor\\laravel\\lumen-framework\\src\\Concerns\\RoutesRequests.php(376): Illuminate\\Container\\Container->call(Array, Array)
#10 C:\\xampp\\htdocs\\Lumen\\NewBikeBD29022020\\vendor\\laravel\\lumen-framework\\src\\Concerns\\RoutesRequests.php(342): Laravel\\Lumen\\Application->callControllerCallable(Array, Array)
#11 C:\\xampp\\htdocs\\Lumen\\NewBikeBD29022020\\vendor\\laravel\\lumen-framework\\src\\Concerns\\RoutesRequests.php(316): Laravel\\Lumen\\Application->callLumenController(Object(App\\Http\\Controllers\\api\\v1\\admin\\AdminController), 'login', Array)
#12 C:\\xampp\\htdocs\\Lumen\\NewBikeBD29022020\\vendor\\laravel\\lumen-framework\\src\\Concerns\\RoutesRequests.php(278): Laravel\\Lumen\\Application->callControllerAction(Array)
#13 C:\\xampp\\htdocs\\Lumen\\NewBikeBD29022020\\vendor\\laravel\\lumen-framework\\src\\Concerns\\RoutesRequests.php(263): Laravel\\Lumen\\Application->callActionOnArrayBasedRoute(Array)
#14 C:\\xampp\\htdocs\\Lumen\\NewBikeBD29022020\\vendor\\laravel\\lumen-framework\\src\\Concerns\\RoutesRequests.php(165): Laravel\\Lumen\\Application->handleFoundRoute(Array)
#15 C:\\xampp\\htdocs\\Lumen\\NewBikeBD29022020\\vendor\\laravel\\lumen-framework\\src\\Concerns\\RoutesRequests.php(416): Laravel\\Lumen\\Application->Laravel\\Lumen\\Concerns\\{closure}(Object(Laravel\\Lumen\\Http\\Request))
#16 C:\\xampp\\htdocs\\Lumen\\NewBikeBD29022020\\vendor\\laravel\\lumen-framework\\src\\Concerns\\RoutesRequests.php(171): Laravel\\Lumen\\Application->sendThroughPipeline(Array, Object(Closure))
#17 C:\\xampp\\htdocs\\Lumen\\NewBikeBD29022020\\vendor\\laravel\\lumen-framework\\src\\Concerns\\RoutesRequests.php(108): Laravel\\Lumen\\Application->dispatch(NULL)
#18 C:\\xampp\\htdocs\\Lumen\\NewBikeBD29022020\\public\\index.php(28): Laravel\\Lumen\\Application->run()
#19 {main}
"} 
[2020-03-01 07:22:04] local.ERROR: InvalidArgumentException: Auth guard [] is not defined. in C:\xampp\htdocs\Lumen\NewBikeBD29022020\vendor\illuminate\auth\AuthManager.php:84
Stack trace:
#0 C:\xampp\htdocs\Lumen\NewBikeBD29022020\vendor\illuminate\auth\AuthManager.php(68): Illuminate\Auth\AuthManager->resolve(NULL)
#1 C:\xampp\htdocs\Lumen\NewBikeBD29022020\vendor\illuminate\auth\AuthManager.php(307): Illuminate\Auth\AuthManager->guard()
#2 C:\xampp\htdocs\Lumen\NewBikeBD29022020\app\Http\Controllers\api\v1\admin\AdminController.php(41): Illuminate\Auth\AuthManager->__call('attempt', Array)
#3 [internal function]: App\Http\Controllers\api\v1\admin\AdminController->login(Object(Laravel\Lumen\Http\Request))
#4 C:\xampp\htdocs\Lumen\NewBikeBD29022020\vendor\illuminate\container\BoundMethod.php(32): call_user_func_array(Array, Array)
#5 C:\xampp\htdocs\Lumen\NewBikeBD29022020\vendor\illuminate\container\Util.php(36): Illuminate\Container\BoundMethod::Illuminate\Container\{closure}()
#6 C:\xampp\htdocs\Lumen\NewBikeBD29022020\vendor\illuminate\container\BoundMethod.php(90): Illuminate\Container\Util::unwrapIfClosure(Object(Closure))
#7 C:\xampp\htdocs\Lumen\NewBikeBD29022020\vendor\illuminate\container\BoundMethod.php(34): Illuminate\Container\BoundMethod::callBoundMethod(Object(Laravel\Lumen\Application), Array, Object(Closure))
#8 C:\xampp\htdocs\Lumen\NewBikeBD29022020\vendor\illuminate\container\Container.php(590): Illuminate\Container\BoundMethod::call(Object(Laravel\Lumen\Application), Array, Array, NULL)
#9 C:\xampp\htdocs\Lumen\NewBikeBD29022020\vendor\laravel\lumen-framework\src\Concerns\RoutesRequests.php(376): Illuminate\Container\Container->call(Array, Array)
#10 C:\xampp\htdocs\Lumen\NewBikeBD29022020\vendor\laravel\lumen-framework\src\Concerns\RoutesRequests.php(342): Laravel\Lumen\Application->callControllerCallable(Array, Array)
#11 C:\xampp\htdocs\Lumen\NewBikeBD29022020\vendor\laravel\lumen-framework\src\Concerns\RoutesRequests.php(316): Laravel\Lumen\Application->callLumenController(Object(App\Http\Controllers\api\v1\admin\AdminController), 'login', Array)
#12 C:\xampp\htdocs\Lumen\NewBikeBD29022020\vendor\laravel\lumen-framework\src\Concerns\RoutesRequests.php(278): Laravel\Lumen\Application->callControllerAction(Array)
#13 C:\xampp\htdocs\Lumen\NewBikeBD29022020\vendor\laravel\lumen-framework\src\Concerns\RoutesRequests.php(263): Laravel\Lumen\Application->callActionOnArrayBasedRoute(Array)
#14 C:\xampp\htdocs\Lumen\NewBikeBD29022020\vendor\laravel\lumen-framework\src\Concerns\RoutesRequests.php(165): Laravel\Lumen\Application->handleFoundRoute(Array)
#15 C:\xampp\htdocs\Lumen\NewBikeBD29022020\vendor\laravel\lumen-framework\src\Concerns\RoutesRequests.php(416): Laravel\Lumen\Application->Laravel\Lumen\Concerns\{closure}(Object(Laravel\Lumen\Http\Request))
#16 C:\xampp\htdocs\Lumen\NewBikeBD29022020\vendor\laravel\lumen-framework\src\Concerns\RoutesRequests.php(171): Laravel\Lumen\Application->sendThroughPipeline(Array, Object(Closure))
#17 C:\xampp\htdocs\Lumen\NewBikeBD29022020\vendor\laravel\lumen-framework\src\Concerns\RoutesRequests.php(108): Laravel\Lumen\Application->dispatch(NULL)
#18 C:\xampp\htdocs\Lumen\NewBikeBD29022020\public\index.php(28): Laravel\Lumen\Application->run()
#19 {main} {"exception":"[object] (InvalidArgumentException(code: 0): Auth guard [] is not defined. at C:\\xampp\\htdocs\\Lumen\\NewBikeBD29022020\\vendor\\illuminate\\auth\\AuthManager.php:84)
[stacktrace]
#0 C:\\xampp\\htdocs\\Lumen\\NewBikeBD29022020\\vendor\\illuminate\\auth\\AuthManager.php(68): Illuminate\\Auth\\AuthManager->resolve(NULL)
#1 C:\\xampp\\htdocs\\Lumen\\NewBikeBD29022020\\vendor\\illuminate\\auth\\AuthManager.php(307): Illuminate\\Auth\\AuthManager->guard()
#2 C:\\xampp\\htdocs\\Lumen\\NewBikeBD29022020\\app\\Http\\Controllers\\api\\v1\\admin\\AdminController.php(41): Illuminate\\Auth\\AuthManager->__call('attempt', Array)
#3 [internal function]: App\\Http\\Controllers\\api\\v1\\admin\\AdminController->login(Object(Laravel\\Lumen\\Http\\Request))
#4 C:\\xampp\\htdocs\\Lumen\\NewBikeBD29022020\\vendor\\illuminate\\container\\BoundMethod.php(32): call_user_func_array(Array, Array)
#5 C:\\xampp\\htdocs\\Lumen\\NewBikeBD29022020\\vendor\\illuminate\\container\\Util.php(36): Illuminate\\Container\\BoundMethod::Illuminate\\Container\\{closure}()
#6 C:\\xampp\\htdocs\\Lumen\\NewBikeBD29022020\\vendor\\illuminate\\container\\BoundMethod.php(90): Illuminate\\Container\\Util::unwrapIfClosure(Object(Closure))
#7 C:\\xampp\\htdocs\\Lumen\\NewBikeBD29022020\\vendor\\illuminate\\container\\BoundMethod.php(34): Illuminate\\Container\\BoundMethod::callBoundMethod(Object(Laravel\\Lumen\\Application), Array, Object(Closure))
#8 C:\\xampp\\htdocs\\Lumen\\NewBikeBD29022020\\vendor\\illuminate\\container\\Container.php(590): Illuminate\\Container\\BoundMethod::call(Object(Laravel\\Lumen\\Application), Array, Array, NULL)
#9 C:\\xampp\\htdocs\\Lumen\\NewBikeBD29022020\\vendor\\laravel\\lumen-framework\\src\\Concerns\\RoutesRequests.php(376): Illuminate\\Container\\Container->call(Array, Array)
#10 C:\\xampp\\htdocs\\Lumen\\NewBikeBD29022020\\vendor\\laravel\\lumen-framework\\src\\Concerns\\RoutesRequests.php(342): Laravel\\Lumen\\Application->callControllerCallable(Array, Array)
#11 C:\\xampp\\htdocs\\Lumen\\NewBikeBD29022020\\vendor\\laravel\\lumen-framework\\src\\Concerns\\RoutesRequests.php(316): Laravel\\Lumen\\Application->callLumenController(Object(App\\Http\\Controllers\\api\\v1\\admin\\AdminController), 'login', Array)
#12 C:\\xampp\\htdocs\\Lumen\\NewBikeBD29022020\\vendor\\laravel\\lumen-framework\\src\\Concerns\\RoutesRequests.php(278): Laravel\\Lumen\\Application->callControllerAction(Array)
#13 C:\\xampp\\htdocs\\Lumen\\NewBikeBD29022020\\vendor\\laravel\\lumen-framework\\src\\Concerns\\RoutesRequests.php(263): Laravel\\Lumen\\Application->callActionOnArrayBasedRoute(Array)
#14 C:\\xampp\\htdocs\\Lumen\\NewBikeBD29022020\\vendor\\laravel\\lumen-framework\\src\\Concerns\\RoutesRequests.php(165): Laravel\\Lumen\\Application->handleFoundRoute(Array)
#15 C:\\xampp\\htdocs\\Lumen\\NewBikeBD29022020\\vendor\\laravel\\lumen-framework\\src\\Concerns\\RoutesRequests.php(416): Laravel\\Lumen\\Application->Laravel\\Lumen\\Concerns\\{closure}(Object(Laravel\\Lumen\\Http\\Request))
#16 C:\\xampp\\htdocs\\Lumen\\NewBikeBD29022020\\vendor\\laravel\\lumen-framework\\src\\Concerns\\RoutesRequests.php(171): Laravel\\Lumen\\Application->sendThroughPipeline(Array, Object(Closure))
#17 C:\\xampp\\htdocs\\Lumen\\NewBikeBD29022020\\vendor\\laravel\\lumen-framework\\src\\Concerns\\RoutesRequests.php(108): Laravel\\Lumen\\Application->dispatch(NULL)
#18 C:\\xampp\\htdocs\\Lumen\\NewBikeBD29022020\\public\\index.php(28): Laravel\\Lumen\\Application->run()
#19 {main}
"} 
[2020-03-01 07:22:57] local.ERROR: InvalidArgumentException: Auth guard [admin] is not defined. in C:\xampp\htdocs\Lumen\NewBikeBD29022020\vendor\illuminate\auth\AuthManager.php:84
Stack trace:
#0 C:\xampp\htdocs\Lumen\NewBikeBD29022020\vendor\illuminate\auth\AuthManager.php(68): Illuminate\Auth\AuthManager->resolve('admin')
#1 C:\xampp\htdocs\Lumen\NewBikeBD29022020\vendor\illuminate\auth\AuthManager.php(307): Illuminate\Auth\AuthManager->guard()
#2 C:\xampp\htdocs\Lumen\NewBikeBD29022020\app\Http\Controllers\api\v1\admin\AdminController.php(41): Illuminate\Auth\AuthManager->__call('attempt', Array)
#3 [internal function]: App\Http\Controllers\api\v1\admin\AdminController->login(Object(Laravel\Lumen\Http\Request))
#4 C:\xampp\htdocs\Lumen\NewBikeBD29022020\vendor\illuminate\container\BoundMethod.php(32): call_user_func_array(Array, Array)
#5 C:\xampp\htdocs\Lumen\NewBikeBD29022020\vendor\illuminate\container\Util.php(36): Illuminate\Container\BoundMethod::Illuminate\Container\{closure}()
#6 C:\xampp\htdocs\Lumen\NewBikeBD29022020\vendor\illuminate\container\BoundMethod.php(90): Illuminate\Container\Util::unwrapIfClosure(Object(Closure))
#7 C:\xampp\htdocs\Lumen\NewBikeBD29022020\vendor\illuminate\container\BoundMethod.php(34): Illuminate\Container\BoundMethod::callBoundMethod(Object(Laravel\Lumen\Application), Array, Object(Closure))
#8 C:\xampp\htdocs\Lumen\NewBikeBD29022020\vendor\illuminate\container\Container.php(590): Illuminate\Container\BoundMethod::call(Object(Laravel\Lumen\Application), Array, Array, NULL)
#9 C:\xampp\htdocs\Lumen\NewBikeBD29022020\vendor\laravel\lumen-framework\src\Concerns\RoutesRequests.php(376): Illuminate\Container\Container->call(Array, Array)
#10 C:\xampp\htdocs\Lumen\NewBikeBD29022020\vendor\laravel\lumen-framework\src\Concerns\RoutesRequests.php(342): Laravel\Lumen\Application->callControllerCallable(Array, Array)
#11 C:\xampp\htdocs\Lumen\NewBikeBD29022020\vendor\laravel\lumen-framework\src\Concerns\RoutesRequests.php(316): Laravel\Lumen\Application->callLumenController(Object(App\Http\Controllers\api\v1\admin\AdminController), 'login', Array)
#12 C:\xampp\htdocs\Lumen\NewBikeBD29022020\vendor\laravel\lumen-framework\src\Concerns\RoutesRequests.php(278): Laravel\Lumen\Application->callControllerAction(Array)
#13 C:\xampp\htdocs\Lumen\NewBikeBD29022020\vendor\laravel\lumen-framework\src\Concerns\RoutesRequests.php(263): Laravel\Lumen\Application->callActionOnArrayBasedRoute(Array)
#14 C:\xampp\htdocs\Lumen\NewBikeBD29022020\vendor\laravel\lumen-framework\src\Concerns\RoutesRequests.php(165): Laravel\Lumen\Application->handleFoundRoute(Array)
#15 C:\xampp\htdocs\Lumen\NewBikeBD29022020\vendor\laravel\lumen-framework\src\Concerns\RoutesRequests.php(416): Laravel\Lumen\Application->Laravel\Lumen\Concerns\{closure}(Object(Laravel\Lumen\Http\Request))
#16 C:\xampp\htdocs\Lumen\NewBikeBD29022020\vendor\laravel\lumen-framework\src\Concerns\RoutesRequests.php(171): Laravel\Lumen\Application->sendThroughPipeline(Array, Object(Closure))
#17 C:\xampp\htdocs\Lumen\NewBikeBD29022020\vendor\laravel\lumen-framework\src\Concerns\RoutesRequests.php(108): Laravel\Lumen\Application->dispatch(NULL)
#18 C:\xampp\htdocs\Lumen\NewBikeBD29022020\public\index.php(28): Laravel\Lumen\Application->run()
#19 {main} {"exception":"[object] (InvalidArgumentException(code: 0): Auth guard [admin] is not defined. at C:\\xampp\\htdocs\\Lumen\\NewBikeBD29022020\\vendor\\illuminate\\auth\\AuthManager.php:84)
[stacktrace]
#0 C:\\xampp\\htdocs\\Lumen\\NewBikeBD29022020\\vendor\\illuminate\\auth\\AuthManager.php(68): Illuminate\\Auth\\AuthManager->resolve('admin')
#1 C:\\xampp\\htdocs\\Lumen\\NewBikeBD29022020\\vendor\\illuminate\\auth\\AuthManager.php(307): Illuminate\\Auth\\AuthManager->guard()
#2 C:\\xampp\\htdocs\\Lumen\\NewBikeBD29022020\\app\\Http\\Controllers\\api\\v1\\admin\\AdminController.php(41): Illuminate\\Auth\\AuthManager->__call('attempt', Array)
#3 [internal function]: App\\Http\\Controllers\\api\\v1\\admin\\AdminController->login(Object(Laravel\\Lumen\\Http\\Request))
#4 C:\\xampp\\htdocs\\Lumen\\NewBikeBD29022020\\vendor\\illuminate\\container\\BoundMethod.php(32): call_user_func_array(Array, Array)
#5 C:\\xampp\\htdocs\\Lumen\\NewBikeBD29022020\\vendor\\illuminate\\container\\Util.php(36): Illuminate\\Container\\BoundMethod::Illuminate\\Container\\{closure}()
#6 C:\\xampp\\htdocs\\Lumen\\NewBikeBD29022020\\vendor\\illuminate\\container\\BoundMethod.php(90): Illuminate\\Container\\Util::unwrapIfClosure(Object(Closure))
#7 C:\\xampp\\htdocs\\Lumen\\NewBikeBD29022020\\vendor\\illuminate\\container\\BoundMethod.php(34): Illuminate\\Container\\BoundMethod::callBoundMethod(Object(Laravel\\Lumen\\Application), Array, Object(Closure))
#8 C:\\xampp\\htdocs\\Lumen\\NewBikeBD29022020\\vendor\\illuminate\\container\\Container.php(590): Illuminate\\Container\\BoundMethod::call(Object(Laravel\\Lumen\\Application), Array, Array, NULL)
#9 C:\\xampp\\htdocs\\Lumen\\NewBikeBD29022020\\vendor\\laravel\\lumen-framework\\src\\Concerns\\RoutesRequests.php(376): Illuminate\\Container\\Container->call(Array, Array)
#10 C:\\xampp\\htdocs\\Lumen\\NewBikeBD29022020\\vendor\\laravel\\lumen-framework\\src\\Concerns\\RoutesRequests.php(342): Laravel\\Lumen\\Application->callControllerCallable(Array, Array)
#11 C:\\xampp\\htdocs\\Lumen\\NewBikeBD29022020\\vendor\\laravel\\lumen-framework\\src\\Concerns\\RoutesRequests.php(316): Laravel\\Lumen\\Application->callLumenController(Object(App\\Http\\Controllers\\api\\v1\\admin\\AdminController), 'login', Array)
#12 C:\\xampp\\htdocs\\Lumen\\NewBikeBD29022020\\vendor\\laravel\\lumen-framework\\src\\Concerns\\RoutesRequests.php(278): Laravel\\Lumen\\Application->callControllerAction(Array)
#13 C:\\xampp\\htdocs\\Lumen\\NewBikeBD29022020\\vendor\\laravel\\lumen-framework\\src\\Concerns\\RoutesRequests.php(263): Laravel\\Lumen\\Application->callActionOnArrayBasedRoute(Array)
#14 C:\\xampp\\htdocs\\Lumen\\NewBikeBD29022020\\vendor\\laravel\\lumen-framework\\src\\Concerns\\RoutesRequests.php(165): Laravel\\Lumen\\Application->handleFoundRoute(Array)
#15 C:\\xampp\\htdocs\\Lumen\\NewBikeBD29022020\\vendor\\laravel\\lumen-framework\\src\\Concerns\\RoutesRequests.php(416): Laravel\\Lumen\\Application->Laravel\\Lumen\\Concerns\\{closure}(Object(Laravel\\Lumen\\Http\\Request))
#16 C:\\xampp\\htdocs\\Lumen\\NewBikeBD29022020\\vendor\\laravel\\lumen-framework\\src\\Concerns\\RoutesRequests.php(171): Laravel\\Lumen\\Application->sendThroughPipeline(Array, Object(Closure))
#17 C:\\xampp\\htdocs\\Lumen\\NewBikeBD29022020\\vendor\\laravel\\lumen-framework\\src\\Concerns\\RoutesRequests.php(108): Laravel\\Lumen\\Application->dispatch(NULL)
#18 C:\\xampp\\htdocs\\Lumen\\NewBikeBD29022020\\public\\index.php(28): Laravel\\Lumen\\Application->run()
#19 {main}
"} 
[2020-03-01 07:23:07] local.ERROR: InvalidArgumentException: Auth guard [admin] is not defined. in C:\xampp\htdocs\Lumen\NewBikeBD29022020\vendor\illuminate\auth\AuthManager.php:84
Stack trace:
#0 C:\xampp\htdocs\Lumen\NewBikeBD29022020\vendor\illuminate\auth\AuthManager.php(68): Illuminate\Auth\AuthManager->resolve('admin')
#1 C:\xampp\htdocs\Lumen\NewBikeBD29022020\vendor\illuminate\auth\AuthManager.php(307): Illuminate\Auth\AuthManager->guard()
#2 C:\xampp\htdocs\Lumen\NewBikeBD29022020\app\Http\Controllers\api\v1\admin\AdminController.php(41): Illuminate\Auth\AuthManager->__call('attempt', Array)
#3 [internal function]: App\Http\Controllers\api\v1\admin\AdminController->login(Object(Laravel\Lumen\Http\Request))
#4 C:\xampp\htdocs\Lumen\NewBikeBD29022020\vendor\illuminate\container\BoundMethod.php(32): call_user_func_array(Array, Array)
#5 C:\xampp\htdocs\Lumen\NewBikeBD29022020\vendor\illuminate\container\Util.php(36): Illuminate\Container\BoundMethod::Illuminate\Container\{closure}()
#6 C:\xampp\htdocs\Lumen\NewBikeBD29022020\vendor\illuminate\container\BoundMethod.php(90): Illuminate\Container\Util::unwrapIfClosure(Object(Closure))
#7 C:\xampp\htdocs\Lumen\NewBikeBD29022020\vendor\illuminate\container\BoundMethod.php(34): Illuminate\Container\BoundMethod::callBoundMethod(Object(Laravel\Lumen\Application), Array, Object(Closure))
#8 C:\xampp\htdocs\Lumen\NewBikeBD29022020\vendor\illuminate\container\Container.php(590): Illuminate\Container\BoundMethod::call(Object(Laravel\Lumen\Application), Array, Array, NULL)
#9 C:\xampp\htdocs\Lumen\NewBikeBD29022020\vendor\laravel\lumen-framework\src\Concerns\RoutesRequests.php(376): Illuminate\Container\Container->call(Array, Array)
#10 C:\xampp\htdocs\Lumen\NewBikeBD29022020\vendor\laravel\lumen-framework\src\Concerns\RoutesRequests.php(342): Laravel\Lumen\Application->callControllerCallable(Array, Array)
#11 C:\xampp\htdocs\Lumen\NewBikeBD29022020\vendor\laravel\lumen-framework\src\Concerns\RoutesRequests.php(316): Laravel\Lumen\Application->callLumenController(Object(App\Http\Controllers\api\v1\admin\AdminController), 'login', Array)
#12 C:\xampp\htdocs\Lumen\NewBikeBD29022020\vendor\laravel\lumen-framework\src\Concerns\RoutesRequests.php(278): Laravel\Lumen\Application->callControllerAction(Array)
#13 C:\xampp\htdocs\Lumen\NewBikeBD29022020\vendor\laravel\lumen-framework\src\Concerns\RoutesRequests.php(263): Laravel\Lumen\Application->callActionOnArrayBasedRoute(Array)
#14 C:\xampp\htdocs\Lumen\NewBikeBD29022020\vendor\laravel\lumen-framework\src\Concerns\RoutesRequests.php(165): Laravel\Lumen\Application->handleFoundRoute(Array)
#15 C:\xampp\htdocs\Lumen\NewBikeBD29022020\vendor\laravel\lumen-framework\src\Concerns\RoutesRequests.php(416): Laravel\Lumen\Application->Laravel\Lumen\Concerns\{closure}(Object(Laravel\Lumen\Http\Request))
#16 C:\xampp\htdocs\Lumen\NewBikeBD29022020\vendor\laravel\lumen-framework\src\Concerns\RoutesRequests.php(171): Laravel\Lumen\Application->sendThroughPipeline(Array, Object(Closure))
#17 C:\xampp\htdocs\Lumen\NewBikeBD29022020\vendor\laravel\lumen-framework\src\Concerns\RoutesRequests.php(108): Laravel\Lumen\Application->dispatch(NULL)
#18 C:\xampp\htdocs\Lumen\NewBikeBD29022020\public\index.php(28): Laravel\Lumen\Application->run()
#19 {main} {"exception":"[object] (InvalidArgumentException(code: 0): Auth guard [admin] is not defined. at C:\\xampp\\htdocs\\Lumen\\NewBikeBD29022020\\vendor\\illuminate\\auth\\AuthManager.php:84)
[stacktrace]
#0 C:\\xampp\\htdocs\\Lumen\\NewBikeBD29022020\\vendor\\illuminate\\auth\\AuthManager.php(68): Illuminate\\Auth\\AuthManager->resolve('admin')
#1 C:\\xampp\\htdocs\\Lumen\\NewBikeBD29022020\\vendor\\illuminate\\auth\\AuthManager.php(307): Illuminate\\Auth\\AuthManager->guard()
#2 C:\\xampp\\htdocs\\Lumen\\NewBikeBD29022020\\app\\Http\\Controllers\\api\\v1\\admin\\AdminController.php(41): Illuminate\\Auth\\AuthManager->__call('attempt', Array)
#3 [internal function]: App\\Http\\Controllers\\api\\v1\\admin\\AdminController->login(Object(Laravel\\Lumen\\Http\\Request))
#4 C:\\xampp\\htdocs\\Lumen\\NewBikeBD29022020\\vendor\\illuminate\\container\\BoundMethod.php(32): call_user_func_array(Array, Array)
#5 C:\\xampp\\htdocs\\Lumen\\NewBikeBD29022020\\vendor\\illuminate\\container\\Util.php(36): Illuminate\\Container\\BoundMethod::Illuminate\\Container\\{closure}()
#6 C:\\xampp\\htdocs\\Lumen\\NewBikeBD29022020\\vendor\\illuminate\\container\\BoundMethod.php(90): Illuminate\\Container\\Util::unwrapIfClosure(Object(Closure))
#7 C:\\xampp\\htdocs\\Lumen\\NewBikeBD29022020\\vendor\\illuminate\\container\\BoundMethod.php(34): Illuminate\\Container\\BoundMethod::callBoundMethod(Object(Laravel\\Lumen\\Application), Array, Object(Closure))
#8 C:\\xampp\\htdocs\\Lumen\\NewBikeBD29022020\\vendor\\illuminate\\container\\Container.php(590): Illuminate\\Container\\BoundMethod::call(Object(Laravel\\Lumen\\Application), Array, Array, NULL)
#9 C:\\xampp\\htdocs\\Lumen\\NewBikeBD29022020\\vendor\\laravel\\lumen-framework\\src\\Concerns\\RoutesRequests.php(376): Illuminate\\Container\\Container->call(Array, Array)
#10 C:\\xampp\\htdocs\\Lumen\\NewBikeBD29022020\\vendor\\laravel\\lumen-framework\\src\\Concerns\\RoutesRequests.php(342): Laravel\\Lumen\\Application->callControllerCallable(Array, Array)
#11 C:\\xampp\\htdocs\\Lumen\\NewBikeBD29022020\\vendor\\laravel\\lumen-framework\\src\\Concerns\\RoutesRequests.php(316): Laravel\\Lumen\\Application->callLumenController(Object(App\\Http\\Controllers\\api\\v1\\admin\\AdminController), 'login', Array)
#12 C:\\xampp\\htdocs\\Lumen\\NewBikeBD29022020\\vendor\\laravel\\lumen-framework\\src\\Concerns\\RoutesRequests.php(278): Laravel\\Lumen\\Application->callControllerAction(Array)
#13 C:\\xampp\\htdocs\\Lumen\\NewBikeBD29022020\\vendor\\laravel\\lumen-framework\\src\\Concerns\\RoutesRequests.php(263): Laravel\\Lumen\\Application->callActionOnArrayBasedRoute(Array)
#14 C:\\xampp\\htdocs\\Lumen\\NewBikeBD29022020\\vendor\\laravel\\lumen-framework\\src\\Concerns\\RoutesRequests.php(165): Laravel\\Lumen\\Application->handleFoundRoute(Array)
#15 C:\\xampp\\htdocs\\Lumen\\NewBikeBD29022020\\vendor\\laravel\\lumen-framework\\src\\Concerns\\RoutesRequests.php(416): Laravel\\Lumen\\Application->Laravel\\Lumen\\Concerns\\{closure}(Object(Laravel\\Lumen\\Http\\Request))
#16 C:\\xampp\\htdocs\\Lumen\\NewBikeBD29022020\\vendor\\laravel\\lumen-framework\\src\\Concerns\\RoutesRequests.php(171): Laravel\\Lumen\\Application->sendThroughPipeline(Array, Object(Closure))
#17 C:\\xampp\\htdocs\\Lumen\\NewBikeBD29022020\\vendor\\laravel\\lumen-framework\\src\\Concerns\\RoutesRequests.php(108): Laravel\\Lumen\\Application->dispatch(NULL)
#18 C:\\xampp\\htdocs\\Lumen\\NewBikeBD29022020\\public\\index.php(28): Laravel\\Lumen\\Application->run()
#19 {main}
"} 
[2020-03-01 07:25:24] local.ERROR: InvalidArgumentException: Auth guard [user] is not defined. in C:\xampp\htdocs\Lumen\NewBikeBD29022020\vendor\illuminate\auth\AuthManager.php:84
Stack trace:
#0 C:\xampp\htdocs\Lumen\NewBikeBD29022020\vendor\illuminate\auth\AuthManager.php(68): Illuminate\Auth\AuthManager->resolve('user')
#1 C:\xampp\htdocs\Lumen\NewBikeBD29022020\vendor\illuminate\support\Facades\Facade.php(261): Illuminate\Auth\AuthManager->guard('user')
#2 C:\xampp\htdocs\Lumen\NewBikeBD29022020\app\Http\Controllers\UserController.php(48): Illuminate\Support\Facades\Facade::__callStatic('guard', Array)
#3 [internal function]: App\Http\Controllers\UserController->login(Object(Laravel\Lumen\Http\Request))
#4 C:\xampp\htdocs\Lumen\NewBikeBD29022020\vendor\illuminate\container\BoundMethod.php(32): call_user_func_array(Array, Array)
#5 C:\xampp\htdocs\Lumen\NewBikeBD29022020\vendor\illuminate\container\Util.php(36): Illuminate\Container\BoundMethod::Illuminate\Container\{closure}()
#6 C:\xampp\htdocs\Lumen\NewBikeBD29022020\vendor\illuminate\container\BoundMethod.php(90): Illuminate\Container\Util::unwrapIfClosure(Object(Closure))
#7 C:\xampp\htdocs\Lumen\NewBikeBD29022020\vendor\illuminate\container\BoundMethod.php(34): Illuminate\Container\BoundMethod::callBoundMethod(Object(Laravel\Lumen\Application), Array, Object(Closure))
#8 C:\xampp\htdocs\Lumen\NewBikeBD29022020\vendor\illuminate\container\Container.php(590): Illuminate\Container\BoundMethod::call(Object(Laravel\Lumen\Application), Array, Array, NULL)
#9 C:\xampp\htdocs\Lumen\NewBikeBD29022020\vendor\laravel\lumen-framework\src\Concerns\RoutesRequests.php(376): Illuminate\Container\Container->call(Array, Array)
#10 C:\xampp\htdocs\Lumen\NewBikeBD29022020\vendor\laravel\lumen-framework\src\Concerns\RoutesRequests.php(342): Laravel\Lumen\Application->callControllerCallable(Array, Array)
#11 C:\xampp\htdocs\Lumen\NewBikeBD29022020\vendor\laravel\lumen-framework\src\Concerns\RoutesRequests.php(316): Laravel\Lumen\Application->callLumenController(Object(App\Http\Controllers\UserController), 'login', Array)
#12 C:\xampp\htdocs\Lumen\NewBikeBD29022020\vendor\laravel\lumen-framework\src\Concerns\RoutesRequests.php(278): Laravel\Lumen\Application->callControllerAction(Array)
#13 C:\xampp\htdocs\Lumen\NewBikeBD29022020\vendor\laravel\lumen-framework\src\Concerns\RoutesRequests.php(263): Laravel\Lumen\Application->callActionOnArrayBasedRoute(Array)
#14 C:\xampp\htdocs\Lumen\NewBikeBD29022020\vendor\laravel\lumen-framework\src\Concerns\RoutesRequests.php(165): Laravel\Lumen\Application->handleFoundRoute(Array)
#15 C:\xampp\htdocs\Lumen\NewBikeBD29022020\vendor\laravel\lumen-framework\src\Concerns\RoutesRequests.php(416): Laravel\Lumen\Application->Laravel\Lumen\Concerns\{closure}(Object(Laravel\Lumen\Http\Request))
#16 C:\xampp\htdocs\Lumen\NewBikeBD29022020\vendor\laravel\lumen-framework\src\Concerns\RoutesRequests.php(171): Laravel\Lumen\Application->sendThroughPipeline(Array, Object(Closure))
#17 C:\xampp\htdocs\Lumen\NewBikeBD29022020\vendor\laravel\lumen-framework\src\Concerns\RoutesRequests.php(108): Laravel\Lumen\Application->dispatch(NULL)
#18 C:\xampp\htdocs\Lumen\NewBikeBD29022020\public\index.php(28): Laravel\Lumen\Application->run()
#19 {main} {"exception":"[object] (InvalidArgumentException(code: 0): Auth guard [user] is not defined. at C:\\xampp\\htdocs\\Lumen\\NewBikeBD29022020\\vendor\\illuminate\\auth\\AuthManager.php:84)
[stacktrace]
#0 C:\\xampp\\htdocs\\Lumen\\NewBikeBD29022020\\vendor\\illuminate\\auth\\AuthManager.php(68): Illuminate\\Auth\\AuthManager->resolve('user')
#1 C:\\xampp\\htdocs\\Lumen\\NewBikeBD29022020\\vendor\\illuminate\\support\\Facades\\Facade.php(261): Illuminate\\Auth\\AuthManager->guard('user')
#2 C:\\xampp\\htdocs\\Lumen\\NewBikeBD29022020\\app\\Http\\Controllers\\UserController.php(48): Illuminate\\Support\\Facades\\Facade::__callStatic('guard', Array)
#3 [internal function]: App\\Http\\Controllers\\UserController->login(Object(Laravel\\Lumen\\Http\\Request))
#4 C:\\xampp\\htdocs\\Lumen\\NewBikeBD29022020\\vendor\\illuminate\\container\\BoundMethod.php(32): call_user_func_array(Array, Array)
#5 C:\\xampp\\htdocs\\Lumen\\NewBikeBD29022020\\vendor\\illuminate\\container\\Util.php(36): Illuminate\\Container\\BoundMethod::Illuminate\\Container\\{closure}()
#6 C:\\xampp\\htdocs\\Lumen\\NewBikeBD29022020\\vendor\\illuminate\\container\\BoundMethod.php(90): Illuminate\\Container\\Util::unwrapIfClosure(Object(Closure))
#7 C:\\xampp\\htdocs\\Lumen\\NewBikeBD29022020\\vendor\\illuminate\\container\\BoundMethod.php(34): Illuminate\\Container\\BoundMethod::callBoundMethod(Object(Laravel\\Lumen\\Application), Array, Object(Closure))
#8 C:\\xampp\\htdocs\\Lumen\\NewBikeBD29022020\\vendor\\illuminate\\container\\Container.php(590): Illuminate\\Container\\BoundMethod::call(Object(Laravel\\Lumen\\Application), Array, Array, NULL)
#9 C:\\xampp\\htdocs\\Lumen\\NewBikeBD29022020\\vendor\\laravel\\lumen-framework\\src\\Concerns\\RoutesRequests.php(376): Illuminate\\Container\\Container->call(Array, Array)
#10 C:\\xampp\\htdocs\\Lumen\\NewBikeBD29022020\\vendor\\laravel\\lumen-framework\\src\\Concerns\\RoutesRequests.php(342): Laravel\\Lumen\\Application->callControllerCallable(Array, Array)
#11 C:\\xampp\\htdocs\\Lumen\\NewBikeBD29022020\\vendor\\laravel\\lumen-framework\\src\\Concerns\\RoutesRequests.php(316): Laravel\\Lumen\\Application->callLumenController(Object(App\\Http\\Controllers\\UserController), 'login', Array)
#12 C:\\xampp\\htdocs\\Lumen\\NewBikeBD29022020\\vendor\\laravel\\lumen-framework\\src\\Concerns\\RoutesRequests.php(278): Laravel\\Lumen\\Application->callControllerAction(Array)
#13 C:\\xampp\\htdocs\\Lumen\\NewBikeBD29022020\\vendor\\laravel\\lumen-framework\\src\\Concerns\\RoutesRequests.php(263): Laravel\\Lumen\\Application->callActionOnArrayBasedRoute(Array)
#14 C:\\xampp\\htdocs\\Lumen\\NewBikeBD29022020\\vendor\\laravel\\lumen-framework\\src\\Concerns\\RoutesRequests.php(165): Laravel\\Lumen\\Application->handleFoundRoute(Array)
#15 C:\\xampp\\htdocs\\Lumen\\NewBikeBD29022020\\vendor\\laravel\\lumen-framework\\src\\Concerns\\RoutesRequests.php(416): Laravel\\Lumen\\Application->Laravel\\Lumen\\Concerns\\{closure}(Object(Laravel\\Lumen\\Http\\Request))
#16 C:\\xampp\\htdocs\\Lumen\\NewBikeBD29022020\\vendor\\laravel\\lumen-framework\\src\\Concerns\\RoutesRequests.php(171): Laravel\\Lumen\\Application->sendThroughPipeline(Array, Object(Closure))
#17 C:\\xampp\\htdocs\\Lumen\\NewBikeBD29022020\\vendor\\laravel\\lumen-framework\\src\\Concerns\\RoutesRequests.php(108): Laravel\\Lumen\\Application->dispatch(NULL)
#18 C:\\xampp\\htdocs\\Lumen\\NewBikeBD29022020\\public\\index.php(28): Laravel\\Lumen\\Application->run()
#19 {main}
"} 
[2020-03-01 07:25:35] local.ERROR: InvalidArgumentException: Auth guard [users] is not defined. in C:\xampp\htdocs\Lumen\NewBikeBD29022020\vendor\illuminate\auth\AuthManager.php:84
Stack trace:
#0 C:\xampp\htdocs\Lumen\NewBikeBD29022020\vendor\illuminate\auth\AuthManager.php(68): Illuminate\Auth\AuthManager->resolve('users')
#1 C:\xampp\htdocs\Lumen\NewBikeBD29022020\vendor\illuminate\support\Facades\Facade.php(261): Illuminate\Auth\AuthManager->guard('users')
#2 C:\xampp\htdocs\Lumen\NewBikeBD29022020\app\Http\Controllers\UserController.php(48): Illuminate\Support\Facades\Facade::__callStatic('guard', Array)
#3 [internal function]: App\Http\Controllers\UserController->login(Object(Laravel\Lumen\Http\Request))
#4 C:\xampp\htdocs\Lumen\NewBikeBD29022020\vendor\illuminate\container\BoundMethod.php(32): call_user_func_array(Array, Array)
#5 C:\xampp\htdocs\Lumen\NewBikeBD29022020\vendor\illuminate\container\Util.php(36): Illuminate\Container\BoundMethod::Illuminate\Container\{closure}()
#6 C:\xampp\htdocs\Lumen\NewBikeBD29022020\vendor\illuminate\container\BoundMethod.php(90): Illuminate\Container\Util::unwrapIfClosure(Object(Closure))
#7 C:\xampp\htdocs\Lumen\NewBikeBD29022020\vendor\illuminate\container\BoundMethod.php(34): Illuminate\Container\BoundMethod::callBoundMethod(Object(Laravel\Lumen\Application), Array, Object(Closure))
#8 C:\xampp\htdocs\Lumen\NewBikeBD29022020\vendor\illuminate\container\Container.php(590): Illuminate\Container\BoundMethod::call(Object(Laravel\Lumen\Application), Array, Array, NULL)
#9 C:\xampp\htdocs\Lumen\NewBikeBD29022020\vendor\laravel\lumen-framework\src\Concerns\RoutesRequests.php(376): Illuminate\Container\Container->call(Array, Array)
#10 C:\xampp\htdocs\Lumen\NewBikeBD29022020\vendor\laravel\lumen-framework\src\Concerns\RoutesRequests.php(342): Laravel\Lumen\Application->callControllerCallable(Array, Array)
#11 C:\xampp\htdocs\Lumen\NewBikeBD29022020\vendor\laravel\lumen-framework\src\Concerns\RoutesRequests.php(316): Laravel\Lumen\Application->callLumenController(Object(App\Http\Controllers\UserController), 'login', Array)
#12 C:\xampp\htdocs\Lumen\NewBikeBD29022020\vendor\laravel\lumen-framework\src\Concerns\RoutesRequests.php(278): Laravel\Lumen\Application->callControllerAction(Array)
#13 C:\xampp\htdocs\Lumen\NewBikeBD29022020\vendor\laravel\lumen-framework\src\Concerns\RoutesRequests.php(263): Laravel\Lumen\Application->callActionOnArrayBasedRoute(Array)
#14 C:\xampp\htdocs\Lumen\NewBikeBD29022020\vendor\laravel\lumen-framework\src\Concerns\RoutesRequests.php(165): Laravel\Lumen\Application->handleFoundRoute(Array)
#15 C:\xampp\htdocs\Lumen\NewBikeBD29022020\vendor\laravel\lumen-framework\src\Concerns\RoutesRequests.php(416): Laravel\Lumen\Application->Laravel\Lumen\Concerns\{closure}(Object(Laravel\Lumen\Http\Request))
#16 C:\xampp\htdocs\Lumen\NewBikeBD29022020\vendor\laravel\lumen-framework\src\Concerns\RoutesRequests.php(171): Laravel\Lumen\Application->sendThroughPipeline(Array, Object(Closure))
#17 C:\xampp\htdocs\Lumen\NewBikeBD29022020\vendor\laravel\lumen-framework\src\Concerns\RoutesRequests.php(108): Laravel\Lumen\Application->dispatch(NULL)
#18 C:\xampp\htdocs\Lumen\NewBikeBD29022020\public\index.php(28): Laravel\Lumen\Application->run()
#19 {main} {"exception":"[object] (InvalidArgumentException(code: 0): Auth guard [users] is not defined. at C:\\xampp\\htdocs\\Lumen\\NewBikeBD29022020\\vendor\\illuminate\\auth\\AuthManager.php:84)
[stacktrace]
#0 C:\\xampp\\htdocs\\Lumen\\NewBikeBD29022020\\vendor\\illuminate\\auth\\AuthManager.php(68): Illuminate\\Auth\\AuthManager->resolve('users')
#1 C:\\xampp\\htdocs\\Lumen\\NewBikeBD29022020\\vendor\\illuminate\\support\\Facades\\Facade.php(261): Illuminate\\Auth\\AuthManager->guard('users')
#2 C:\\xampp\\htdocs\\Lumen\\NewBikeBD29022020\\app\\Http\\Controllers\\UserController.php(48): Illuminate\\Support\\Facades\\Facade::__callStatic('guard', Array)
#3 [internal function]: App\\Http\\Controllers\\UserController->login(Object(Laravel\\Lumen\\Http\\Request))
#4 C:\\xampp\\htdocs\\Lumen\\NewBikeBD29022020\\vendor\\illuminate\\container\\BoundMethod.php(32): call_user_func_array(Array, Array)
#5 C:\\xampp\\htdocs\\Lumen\\NewBikeBD29022020\\vendor\\illuminate\\container\\Util.php(36): Illuminate\\Container\\BoundMethod::Illuminate\\Container\\{closure}()
#6 C:\\xampp\\htdocs\\Lumen\\NewBikeBD29022020\\vendor\\illuminate\\container\\BoundMethod.php(90): Illuminate\\Container\\Util::unwrapIfClosure(Object(Closure))
#7 C:\\xampp\\htdocs\\Lumen\\NewBikeBD29022020\\vendor\\illuminate\\container\\BoundMethod.php(34): Illuminate\\Container\\BoundMethod::callBoundMethod(Object(Laravel\\Lumen\\Application), Array, Object(Closure))
#8 C:\\xampp\\htdocs\\Lumen\\NewBikeBD29022020\\vendor\\illuminate\\container\\Container.php(590): Illuminate\\Container\\BoundMethod::call(Object(Laravel\\Lumen\\Application), Array, Array, NULL)
#9 C:\\xampp\\htdocs\\Lumen\\NewBikeBD29022020\\vendor\\laravel\\lumen-framework\\src\\Concerns\\RoutesRequests.php(376): Illuminate\\Container\\Container->call(Array, Array)
#10 C:\\xampp\\htdocs\\Lumen\\NewBikeBD29022020\\vendor\\laravel\\lumen-framework\\src\\Concerns\\RoutesRequests.php(342): Laravel\\Lumen\\Application->callControllerCallable(Array, Array)
#11 C:\\xampp\\htdocs\\Lumen\\NewBikeBD29022020\\vendor\\laravel\\lumen-framework\\src\\Concerns\\RoutesRequests.php(316): Laravel\\Lumen\\Application->callLumenController(Object(App\\Http\\Controllers\\UserController), 'login', Array)
#12 C:\\xampp\\htdocs\\Lumen\\NewBikeBD29022020\\vendor\\laravel\\lumen-framework\\src\\Concerns\\RoutesRequests.php(278): Laravel\\Lumen\\Application->callControllerAction(Array)
#13 C:\\xampp\\htdocs\\Lumen\\NewBikeBD29022020\\vendor\\laravel\\lumen-framework\\src\\Concerns\\RoutesRequests.php(263): Laravel\\Lumen\\Application->callActionOnArrayBasedRoute(Array)
#14 C:\\xampp\\htdocs\\Lumen\\NewBikeBD29022020\\vendor\\laravel\\lumen-framework\\src\\Concerns\\RoutesRequests.php(165): Laravel\\Lumen\\Application->handleFoundRoute(Array)
#15 C:\\xampp\\htdocs\\Lumen\\NewBikeBD29022020\\vendor\\laravel\\lumen-framework\\src\\Concerns\\RoutesRequests.php(416): Laravel\\Lumen\\Application->Laravel\\Lumen\\Concerns\\{closure}(Object(Laravel\\Lumen\\Http\\Request))
#16 C:\\xampp\\htdocs\\Lumen\\NewBikeBD29022020\\vendor\\laravel\\lumen-framework\\src\\Concerns\\RoutesRequests.php(171): Laravel\\Lumen\\Application->sendThroughPipeline(Array, Object(Closure))
#17 C:\\xampp\\htdocs\\Lumen\\NewBikeBD29022020\\vendor\\laravel\\lumen-framework\\src\\Concerns\\RoutesRequests.php(108): Laravel\\Lumen\\Application->dispatch(NULL)
#18 C:\\xampp\\htdocs\\Lumen\\NewBikeBD29022020\\public\\index.php(28): Laravel\\Lumen\\Application->run()
#19 {main}
"} 
