[2020-03-09 11:10:59] local.ERROR: PDOException: SQLSTATE[42S01]: Base table or view already exists: 1050 Table 'pages' already exists in C:\xampp\htdocs\Lumen\NewBikeBD09032020\vendor\illuminate\database\Connection.php:463
Stack trace:
#0 C:\xampp\htdocs\Lumen\NewBikeBD09032020\vendor\illuminate\database\Connection.php(463): PDOStatement->execute()
#1 C:\xampp\htdocs\Lumen\NewBikeBD09032020\vendor\illuminate\database\Connection.php(662): Illuminate\Database\Connection->Illuminate\Database\{closure}('create table `p...', Array)
#2 C:\xampp\htdocs\Lumen\NewBikeBD09032020\vendor\illuminate\database\Connection.php(629): Illuminate\Database\Connection->runQueryCallback('create table `p...', Array, Object(Closure))
#3 C:\xampp\htdocs\Lumen\NewBikeBD09032020\vendor\illuminate\database\Connection.php(464): Illuminate\Database\Connection->run('create table `p...', Array, Object(Closure))
#4 C:\xampp\htdocs\Lumen\NewBikeBD09032020\vendor\illuminate\database\Schema\Blueprint.php(97): Illuminate\Database\Connection->statement('create table `p...')
#5 C:\xampp\htdocs\Lumen\NewBikeBD09032020\vendor\illuminate\database\Schema\Builder.php(290): Illuminate\Database\Schema\Blueprint->build(Object(Illuminate\Database\MySqlConnection), Object(Illuminate\Database\Schema\Grammars\MySqlGrammar))
#6 C:\xampp\htdocs\Lumen\NewBikeBD09032020\vendor\illuminate\database\Schema\Builder.php(167): Illuminate\Database\Schema\Builder->build(Object(Illuminate\Database\Schema\Blueprint))
#7 C:\xampp\htdocs\Lumen\NewBikeBD09032020\vendor\illuminate\support\Facades\Facade.php(261): Illuminate\Database\Schema\Builder->create('pages', Object(Closure))
#8 C:\xampp\htdocs\Lumen\NewBikeBD09032020\database\migrations\2020_02_13_095139_create_pages_table.php(37): Illuminate\Support\Facades\Facade::__callStatic('create', Array)
#9 C:\xampp\htdocs\Lumen\NewBikeBD09032020\vendor\illuminate\database\Migrations\Migrator.php(392): CreatePagesTable->up()
#10 C:\xampp\htdocs\Lumen\NewBikeBD09032020\vendor\illuminate\database\Migrations\Migrator.php(401): Illuminate\Database\Migrations\Migrator->Illuminate\Database\Migrations\{closure}()
#11 C:\xampp\htdocs\Lumen\NewBikeBD09032020\vendor\illuminate\database\Migrations\Migrator.php(200): Illuminate\Database\Migrations\Migrator->runMigration(Object(CreatePagesTable), 'up')
#12 C:\xampp\htdocs\Lumen\NewBikeBD09032020\vendor\illuminate\database\Migrations\Migrator.php(165): Illuminate\Database\Migrations\Migrator->runUp('C:\\xampp\\htdocs...', 8, false)
#13 C:\xampp\htdocs\Lumen\NewBikeBD09032020\vendor\illuminate\database\Migrations\Migrator.php(110): Illuminate\Database\Migrations\Migrator->runPending(Array, Array)
#14 C:\xampp\htdocs\Lumen\NewBikeBD09032020\vendor\illuminate\database\Console\Migrations\MigrateCommand.php(71): Illuminate\Database\Migrations\Migrator->run(Array, Array)
#15 [internal function]: Illuminate\Database\Console\Migrations\MigrateCommand->handle()
#16 C:\xampp\htdocs\Lumen\NewBikeBD09032020\vendor\illuminate\container\BoundMethod.php(32): call_user_func_array(Array, Array)
#17 C:\xampp\htdocs\Lumen\NewBikeBD09032020\vendor\illuminate\container\Util.php(36): Illuminate\Container\BoundMethod::Illuminate\Container\{closure}()
#18 C:\xampp\htdocs\Lumen\NewBikeBD09032020\vendor\illuminate\container\BoundMethod.php(90): Illuminate\Container\Util::unwrapIfClosure(Object(Closure))
#19 C:\xampp\htdocs\Lumen\NewBikeBD09032020\vendor\illuminate\container\BoundMethod.php(34): Illuminate\Container\BoundMethod::callBoundMethod(Object(Laravel\Lumen\Application), Array, Object(Closure))
#20 C:\xampp\htdocs\Lumen\NewBikeBD09032020\vendor\illuminate\container\Container.php(590): Illuminate\Container\BoundMethod::call(Object(Laravel\Lumen\Application), Array, Array, NULL)
#21 C:\xampp\htdocs\Lumen\NewBikeBD09032020\vendor\illuminate\console\Command.php(134): Illuminate\Container\Container->call(Array)
#22 C:\xampp\htdocs\Lumen\NewBikeBD09032020\vendor\symfony\console\Command\Command.php(255): Illuminate\Console\Command->execute(Object(Symfony\Component\Console\Input\ArgvInput), Object(Illuminate\Console\OutputStyle))
#23 C:\xampp\htdocs\Lumen\NewBikeBD09032020\vendor\illuminate\console\Command.php(121): Symfony\Component\Console\Command\Command->run(Object(Symfony\Component\Console\Input\ArgvInput), Object(Illuminate\Console\OutputStyle))
#24 C:\xampp\htdocs\Lumen\NewBikeBD09032020\vendor\symfony\console\Application.php(1012): Illuminate\Console\Command->run(Object(Symfony\Component\Console\Input\ArgvInput), Object(Symfony\Component\Console\Output\ConsoleOutput))
#25 C:\xampp\htdocs\Lumen\NewBikeBD09032020\vendor\symfony\console\Application.php(272): Symfony\Component\Console\Application->doRunCommand(Object(Illuminate\Database\Console\Migrations\MigrateCommand), Object(Symfony\Component\Console\Input\ArgvInput), Object(Symfony\Component\Console\Output\ConsoleOutput))
#26 C:\xampp\htdocs\Lumen\NewBikeBD09032020\vendor\symfony\console\Application.php(148): Symfony\Component\Console\Application->doRun(Object(Symfony\Component\Console\Input\ArgvInput), Object(Symfony\Component\Console\Output\ConsoleOutput))
#27 C:\xampp\htdocs\Lumen\NewBikeBD09032020\vendor\illuminate\console\Application.php(93): Symfony\Component\Console\Application->run(Object(Symfony\Component\Console\Input\ArgvInput), Object(Symfony\Component\Console\Output\ConsoleOutput))
#28 C:\xampp\htdocs\Lumen\NewBikeBD09032020\vendor\laravel\lumen-framework\src\Console\Kernel.php(115): Illuminate\Console\Application->run(Object(Symfony\Component\Console\Input\ArgvInput), Object(Symfony\Component\Console\Output\ConsoleOutput))
#29 C:\xampp\htdocs\Lumen\NewBikeBD09032020\artisan(35): Laravel\Lumen\Console\Kernel->handle(Object(Symfony\Component\Console\Input\ArgvInput), Object(Symfony\Component\Console\Output\ConsoleOutput))
#30 {main}

Next Illuminate\Database\QueryException: SQLSTATE[42S01]: Base table or view already exists: 1050 Table 'pages' already exists (SQL: create table `pages` (`id` bigint unsigned not null auto_increment primary key, `slug` varchar(191) not null, `language` varchar(191) not null default 'en', `clickview` int not null default '0', `admin_id` bigint unsigned null, `superadmin_id` bigint unsigned null, `parentpage_id` bigint unsigned null, `pagetitle` varchar(500) not null, `pagename` varchar(191) not null, `pageurl` varchar(191) null, `pagemetadescription` varchar(500) null, `pageimage` text null, `pagekeyword` text null, `status` tinyint not null default '2', `description` longtext not null, `created_at` timestamp null, `updated_at` timestamp null, `deleted_at` timestamp null) default character set utf8mb4 collate 'utf8mb4_unicode_ci') in C:\xampp\htdocs\Lumen\NewBikeBD09032020\vendor\illuminate\database\Connection.php:669
Stack trace:
#0 C:\xampp\htdocs\Lumen\NewBikeBD09032020\vendor\illuminate\database\Connection.php(629): Illuminate\Database\Connection->runQueryCallback('create table `p...', Array, Object(Closure))
#1 C:\xampp\htdocs\Lumen\NewBikeBD09032020\vendor\illuminate\database\Connection.php(464): Illuminate\Database\Connection->run('create table `p...', Array, Object(Closure))
#2 C:\xampp\htdocs\Lumen\NewBikeBD09032020\vendor\illuminate\database\Schema\Blueprint.php(97): Illuminate\Database\Connection->statement('create table `p...')
#3 C:\xampp\htdocs\Lumen\NewBikeBD09032020\vendor\illuminate\database\Schema\Builder.php(290): Illuminate\Database\Schema\Blueprint->build(Object(Illuminate\Database\MySqlConnection), Object(Illuminate\Database\Schema\Grammars\MySqlGrammar))
#4 C:\xampp\htdocs\Lumen\NewBikeBD09032020\vendor\illuminate\database\Schema\Builder.php(167): Illuminate\Database\Schema\Builder->build(Object(Illuminate\Database\Schema\Blueprint))
#5 C:\xampp\htdocs\Lumen\NewBikeBD09032020\vendor\illuminate\support\Facades\Facade.php(261): Illuminate\Database\Schema\Builder->create('pages', Object(Closure))
#6 C:\xampp\htdocs\Lumen\NewBikeBD09032020\database\migrations\2020_02_13_095139_create_pages_table.php(37): Illuminate\Support\Facades\Facade::__callStatic('create', Array)
#7 C:\xampp\htdocs\Lumen\NewBikeBD09032020\vendor\illuminate\database\Migrations\Migrator.php(392): CreatePagesTable->up()
#8 C:\xampp\htdocs\Lumen\NewBikeBD09032020\vendor\illuminate\database\Migrations\Migrator.php(401): Illuminate\Database\Migrations\Migrator->Illuminate\Database\Migrations\{closure}()
#9 C:\xampp\htdocs\Lumen\NewBikeBD09032020\vendor\illuminate\database\Migrations\Migrator.php(200): Illuminate\Database\Migrations\Migrator->runMigration(Object(CreatePagesTable), 'up')
#10 C:\xampp\htdocs\Lumen\NewBikeBD09032020\vendor\illuminate\database\Migrations\Migrator.php(165): Illuminate\Database\Migrations\Migrator->runUp('C:\\xampp\\htdocs...', 8, false)
#11 C:\xampp\htdocs\Lumen\NewBikeBD09032020\vendor\illuminate\database\Migrations\Migrator.php(110): Illuminate\Database\Migrations\Migrator->runPending(Array, Array)
#12 C:\xampp\htdocs\Lumen\NewBikeBD09032020\vendor\illuminate\database\Console\Migrations\MigrateCommand.php(71): Illuminate\Database\Migrations\Migrator->run(Array, Array)
#13 [internal function]: Illuminate\Database\Console\Migrations\MigrateCommand->handle()
#14 C:\xampp\htdocs\Lumen\NewBikeBD09032020\vendor\illuminate\container\BoundMethod.php(32): call_user_func_array(Array, Array)
#15 C:\xampp\htdocs\Lumen\NewBikeBD09032020\vendor\illuminate\container\Util.php(36): Illuminate\Container\BoundMethod::Illuminate\Container\{closure}()
#16 C:\xampp\htdocs\Lumen\NewBikeBD09032020\vendor\illuminate\container\BoundMethod.php(90): Illuminate\Container\Util::unwrapIfClosure(Object(Closure))
#17 C:\xampp\htdocs\Lumen\NewBikeBD09032020\vendor\illuminate\container\BoundMethod.php(34): Illuminate\Container\BoundMethod::callBoundMethod(Object(Laravel\Lumen\Application), Array, Object(Closure))
#18 C:\xampp\htdocs\Lumen\NewBikeBD09032020\vendor\illuminate\container\Container.php(590): Illuminate\Container\BoundMethod::call(Object(Laravel\Lumen\Application), Array, Array, NULL)
#19 C:\xampp\htdocs\Lumen\NewBikeBD09032020\vendor\illuminate\console\Command.php(134): Illuminate\Container\Container->call(Array)
#20 C:\xampp\htdocs\Lumen\NewBikeBD09032020\vendor\symfony\console\Command\Command.php(255): Illuminate\Console\Command->execute(Object(Symfony\Component\Console\Input\ArgvInput), Object(Illuminate\Console\OutputStyle))
#21 C:\xampp\htdocs\Lumen\NewBikeBD09032020\vendor\illuminate\console\Command.php(121): Symfony\Component\Console\Command\Command->run(Object(Symfony\Component\Console\Input\ArgvInput), Object(Illuminate\Console\OutputStyle))
#22 C:\xampp\htdocs\Lumen\NewBikeBD09032020\vendor\symfony\console\Application.php(1012): Illuminate\Console\Command->run(Object(Symfony\Component\Console\Input\ArgvInput), Object(Symfony\Component\Console\Output\ConsoleOutput))
#23 C:\xampp\htdocs\Lumen\NewBikeBD09032020\vendor\symfony\console\Application.php(272): Symfony\Component\Console\Application->doRunCommand(Object(Illuminate\Database\Console\Migrations\MigrateCommand), Object(Symfony\Component\Console\Input\ArgvInput), Object(Symfony\Component\Console\Output\ConsoleOutput))
#24 C:\xampp\htdocs\Lumen\NewBikeBD09032020\vendor\symfony\console\Application.php(148): Symfony\Component\Console\Application->doRun(Object(Symfony\Component\Console\Input\ArgvInput), Object(Symfony\Component\Console\Output\ConsoleOutput))
#25 C:\xampp\htdocs\Lumen\NewBikeBD09032020\vendor\illuminate\console\Application.php(93): Symfony\Component\Console\Application->run(Object(Symfony\Component\Console\Input\ArgvInput), Object(Symfony\Component\Console\Output\ConsoleOutput))
#26 C:\xampp\htdocs\Lumen\NewBikeBD09032020\vendor\laravel\lumen-framework\src\Console\Kernel.php(115): Illuminate\Console\Application->run(Object(Symfony\Component\Console\Input\ArgvInput), Object(Symfony\Component\Console\Output\ConsoleOutput))
#27 C:\xampp\htdocs\Lumen\NewBikeBD09032020\artisan(35): Laravel\Lumen\Console\Kernel->handle(Object(Symfony\Component\Console\Input\ArgvInput), Object(Symfony\Component\Console\Output\ConsoleOutput))
#28 {main} {"exception":"[object] (Illuminate\\Database\\QueryException(code: 42S01): SQLSTATE[42S01]: Base table or view already exists: 1050 Table 'pages' already exists (SQL: create table `pages` (`id` bigint unsigned not null auto_increment primary key, `slug` varchar(191) not null, `language` varchar(191) not null default 'en', `clickview` int not null default '0', `admin_id` bigint unsigned null, `superadmin_id` bigint unsigned null, `parentpage_id` bigint unsigned null, `pagetitle` varchar(500) not null, `pagename` varchar(191) not null, `pageurl` varchar(191) null, `pagemetadescription` varchar(500) null, `pageimage` text null, `pagekeyword` text null, `status` tinyint not null default '2', `description` longtext not null, `created_at` timestamp null, `updated_at` timestamp null, `deleted_at` timestamp null) default character set utf8mb4 collate 'utf8mb4_unicode_ci') at C:\\xampp\\htdocs\\Lumen\\NewBikeBD09032020\\vendor\\illuminate\\database\\Connection.php:669)
[stacktrace]
#0 C:\\xampp\\htdocs\\Lumen\\NewBikeBD09032020\\vendor\\illuminate\\database\\Connection.php(629): Illuminate\\Database\\Connection->runQueryCallback('create table `p...', Array, Object(Closure))
#1 C:\\xampp\\htdocs\\Lumen\\NewBikeBD09032020\\vendor\\illuminate\\database\\Connection.php(464): Illuminate\\Database\\Connection->run('create table `p...', Array, Object(Closure))
#2 C:\\xampp\\htdocs\\Lumen\\NewBikeBD09032020\\vendor\\illuminate\\database\\Schema\\Blueprint.php(97): Illuminate\\Database\\Connection->statement('create table `p...')
#3 C:\\xampp\\htdocs\\Lumen\\NewBikeBD09032020\\vendor\\illuminate\\database\\Schema\\Builder.php(290): Illuminate\\Database\\Schema\\Blueprint->build(Object(Illuminate\\Database\\MySqlConnection), Object(Illuminate\\Database\\Schema\\Grammars\\MySqlGrammar))
#4 C:\\xampp\\htdocs\\Lumen\\NewBikeBD09032020\\vendor\\illuminate\\database\\Schema\\Builder.php(167): Illuminate\\Database\\Schema\\Builder->build(Object(Illuminate\\Database\\Schema\\Blueprint))
#5 C:\\xampp\\htdocs\\Lumen\\NewBikeBD09032020\\vendor\\illuminate\\support\\Facades\\Facade.php(261): Illuminate\\Database\\Schema\\Builder->create('pages', Object(Closure))
#6 C:\\xampp\\htdocs\\Lumen\\NewBikeBD09032020\\database\\migrations\\2020_02_13_095139_create_pages_table.php(37): Illuminate\\Support\\Facades\\Facade::__callStatic('create', Array)
#7 C:\\xampp\\htdocs\\Lumen\\NewBikeBD09032020\\vendor\\illuminate\\database\\Migrations\\Migrator.php(392): CreatePagesTable->up()
#8 C:\\xampp\\htdocs\\Lumen\\NewBikeBD09032020\\vendor\\illuminate\\database\\Migrations\\Migrator.php(401): Illuminate\\Database\\Migrations\\Migrator->Illuminate\\Database\\Migrations\\{closure}()
#9 C:\\xampp\\htdocs\\Lumen\\NewBikeBD09032020\\vendor\\illuminate\\database\\Migrations\\Migrator.php(200): Illuminate\\Database\\Migrations\\Migrator->runMigration(Object(CreatePagesTable), 'up')
#10 C:\\xampp\\htdocs\\Lumen\\NewBikeBD09032020\\vendor\\illuminate\\database\\Migrations\\Migrator.php(165): Illuminate\\Database\\Migrations\\Migrator->runUp('C:\\\\xampp\\\\htdocs...', 8, false)
#11 C:\\xampp\\htdocs\\Lumen\\NewBikeBD09032020\\vendor\\illuminate\\database\\Migrations\\Migrator.php(110): Illuminate\\Database\\Migrations\\Migrator->runPending(Array, Array)
#12 C:\\xampp\\htdocs\\Lumen\\NewBikeBD09032020\\vendor\\illuminate\\database\\Console\\Migrations\\MigrateCommand.php(71): Illuminate\\Database\\Migrations\\Migrator->run(Array, Array)
#13 [internal function]: Illuminate\\Database\\Console\\Migrations\\MigrateCommand->handle()
#14 C:\\xampp\\htdocs\\Lumen\\NewBikeBD09032020\\vendor\\illuminate\\container\\BoundMethod.php(32): call_user_func_array(Array, Array)
#15 C:\\xampp\\htdocs\\Lumen\\NewBikeBD09032020\\vendor\\illuminate\\container\\Util.php(36): Illuminate\\Container\\BoundMethod::Illuminate\\Container\\{closure}()
#16 C:\\xampp\\htdocs\\Lumen\\NewBikeBD09032020\\vendor\\illuminate\\container\\BoundMethod.php(90): Illuminate\\Container\\Util::unwrapIfClosure(Object(Closure))
#17 C:\\xampp\\htdocs\\Lumen\\NewBikeBD09032020\\vendor\\illuminate\\container\\BoundMethod.php(34): Illuminate\\Container\\BoundMethod::callBoundMethod(Object(Laravel\\Lumen\\Application), Array, Object(Closure))
#18 C:\\xampp\\htdocs\\Lumen\\NewBikeBD09032020\\vendor\\illuminate\\container\\Container.php(590): Illuminate\\Container\\BoundMethod::call(Object(Laravel\\Lumen\\Application), Array, Array, NULL)
#19 C:\\xampp\\htdocs\\Lumen\\NewBikeBD09032020\\vendor\\illuminate\\console\\Command.php(134): Illuminate\\Container\\Container->call(Array)
#20 C:\\xampp\\htdocs\\Lumen\\NewBikeBD09032020\\vendor\\symfony\\console\\Command\\Command.php(255): Illuminate\\Console\\Command->execute(Object(Symfony\\Component\\Console\\Input\\ArgvInput), Object(Illuminate\\Console\\OutputStyle))
#21 C:\\xampp\\htdocs\\Lumen\\NewBikeBD09032020\\vendor\\illuminate\\console\\Command.php(121): Symfony\\Component\\Console\\Command\\Command->run(Object(Symfony\\Component\\Console\\Input\\ArgvInput), Object(Illuminate\\Console\\OutputStyle))
#22 C:\\xampp\\htdocs\\Lumen\\NewBikeBD09032020\\vendor\\symfony\\console\\Application.php(1012): Illuminate\\Console\\Command->run(Object(Symfony\\Component\\Console\\Input\\ArgvInput), Object(Symfony\\Component\\Console\\Output\\ConsoleOutput))
#23 C:\\xampp\\htdocs\\Lumen\\NewBikeBD09032020\\vendor\\symfony\\console\\Application.php(272): Symfony\\Component\\Console\\Application->doRunCommand(Object(Illuminate\\Database\\Console\\Migrations\\MigrateCommand), Object(Symfony\\Component\\Console\\Input\\ArgvInput), Object(Symfony\\Component\\Console\\Output\\ConsoleOutput))
#24 C:\\xampp\\htdocs\\Lumen\\NewBikeBD09032020\\vendor\\symfony\\console\\Application.php(148): Symfony\\Component\\Console\\Application->doRun(Object(Symfony\\Component\\Console\\Input\\ArgvInput), Object(Symfony\\Component\\Console\\Output\\ConsoleOutput))
#25 C:\\xampp\\htdocs\\Lumen\\NewBikeBD09032020\\vendor\\illuminate\\console\\Application.php(93): Symfony\\Component\\Console\\Application->run(Object(Symfony\\Component\\Console\\Input\\ArgvInput), Object(Symfony\\Component\\Console\\Output\\ConsoleOutput))
#26 C:\\xampp\\htdocs\\Lumen\\NewBikeBD09032020\\vendor\\laravel\\lumen-framework\\src\\Console\\Kernel.php(115): Illuminate\\Console\\Application->run(Object(Symfony\\Component\\Console\\Input\\ArgvInput), Object(Symfony\\Component\\Console\\Output\\ConsoleOutput))
#27 C:\\xampp\\htdocs\\Lumen\\NewBikeBD09032020\\artisan(35): Laravel\\Lumen\\Console\\Kernel->handle(Object(Symfony\\Component\\Console\\Input\\ArgvInput), Object(Symfony\\Component\\Console\\Output\\ConsoleOutput))
#28 {main}

[previous exception] [object] (PDOException(code: 42S01): SQLSTATE[42S01]: Base table or view already exists: 1050 Table 'pages' already exists at C:\\xampp\\htdocs\\Lumen\\NewBikeBD09032020\\vendor\\illuminate\\database\\Connection.php:463)
[stacktrace]
#0 C:\\xampp\\htdocs\\Lumen\\NewBikeBD09032020\\vendor\\illuminate\\database\\Connection.php(463): PDOStatement->execute()
#1 C:\\xampp\\htdocs\\Lumen\\NewBikeBD09032020\\vendor\\illuminate\\database\\Connection.php(662): Illuminate\\Database\\Connection->Illuminate\\Database\\{closure}('create table `p...', Array)
#2 C:\\xampp\\htdocs\\Lumen\\NewBikeBD09032020\\vendor\\illuminate\\database\\Connection.php(629): Illuminate\\Database\\Connection->runQueryCallback('create table `p...', Array, Object(Closure))
#3 C:\\xampp\\htdocs\\Lumen\\NewBikeBD09032020\\vendor\\illuminate\\database\\Connection.php(464): Illuminate\\Database\\Connection->run('create table `p...', Array, Object(Closure))
#4 C:\\xampp\\htdocs\\Lumen\\NewBikeBD09032020\\vendor\\illuminate\\database\\Schema\\Blueprint.php(97): Illuminate\\Database\\Connection->statement('create table `p...')
#5 C:\\xampp\\htdocs\\Lumen\\NewBikeBD09032020\\vendor\\illuminate\\database\\Schema\\Builder.php(290): Illuminate\\Database\\Schema\\Blueprint->build(Object(Illuminate\\Database\\MySqlConnection), Object(Illuminate\\Database\\Schema\\Grammars\\MySqlGrammar))
#6 C:\\xampp\\htdocs\\Lumen\\NewBikeBD09032020\\vendor\\illuminate\\database\\Schema\\Builder.php(167): Illuminate\\Database\\Schema\\Builder->build(Object(Illuminate\\Database\\Schema\\Blueprint))
#7 C:\\xampp\\htdocs\\Lumen\\NewBikeBD09032020\\vendor\\illuminate\\support\\Facades\\Facade.php(261): Illuminate\\Database\\Schema\\Builder->create('pages', Object(Closure))
#8 C:\\xampp\\htdocs\\Lumen\\NewBikeBD09032020\\database\\migrations\\2020_02_13_095139_create_pages_table.php(37): Illuminate\\Support\\Facades\\Facade::__callStatic('create', Array)
#9 C:\\xampp\\htdocs\\Lumen\\NewBikeBD09032020\\vendor\\illuminate\\database\\Migrations\\Migrator.php(392): CreatePagesTable->up()
#10 C:\\xampp\\htdocs\\Lumen\\NewBikeBD09032020\\vendor\\illuminate\\database\\Migrations\\Migrator.php(401): Illuminate\\Database\\Migrations\\Migrator->Illuminate\\Database\\Migrations\\{closure}()
#11 C:\\xampp\\htdocs\\Lumen\\NewBikeBD09032020\\vendor\\illuminate\\database\\Migrations\\Migrator.php(200): Illuminate\\Database\\Migrations\\Migrator->runMigration(Object(CreatePagesTable), 'up')
#12 C:\\xampp\\htdocs\\Lumen\\NewBikeBD09032020\\vendor\\illuminate\\database\\Migrations\\Migrator.php(165): Illuminate\\Database\\Migrations\\Migrator->runUp('C:\\\\xampp\\\\htdocs...', 8, false)
#13 C:\\xampp\\htdocs\\Lumen\\NewBikeBD09032020\\vendor\\illuminate\\database\\Migrations\\Migrator.php(110): Illuminate\\Database\\Migrations\\Migrator->runPending(Array, Array)
#14 C:\\xampp\\htdocs\\Lumen\\NewBikeBD09032020\\vendor\\illuminate\\database\\Console\\Migrations\\MigrateCommand.php(71): Illuminate\\Database\\Migrations\\Migrator->run(Array, Array)
#15 [internal function]: Illuminate\\Database\\Console\\Migrations\\MigrateCommand->handle()
#16 C:\\xampp\\htdocs\\Lumen\\NewBikeBD09032020\\vendor\\illuminate\\container\\BoundMethod.php(32): call_user_func_array(Array, Array)
#17 C:\\xampp\\htdocs\\Lumen\\NewBikeBD09032020\\vendor\\illuminate\\container\\Util.php(36): Illuminate\\Container\\BoundMethod::Illuminate\\Container\\{closure}()
#18 C:\\xampp\\htdocs\\Lumen\\NewBikeBD09032020\\vendor\\illuminate\\container\\BoundMethod.php(90): Illuminate\\Container\\Util::unwrapIfClosure(Object(Closure))
#19 C:\\xampp\\htdocs\\Lumen\\NewBikeBD09032020\\vendor\\illuminate\\container\\BoundMethod.php(34): Illuminate\\Container\\BoundMethod::callBoundMethod(Object(Laravel\\Lumen\\Application), Array, Object(Closure))
#20 C:\\xampp\\htdocs\\Lumen\\NewBikeBD09032020\\vendor\\illuminate\\container\\Container.php(590): Illuminate\\Container\\BoundMethod::call(Object(Laravel\\Lumen\\Application), Array, Array, NULL)
#21 C:\\xampp\\htdocs\\Lumen\\NewBikeBD09032020\\vendor\\illuminate\\console\\Command.php(134): Illuminate\\Container\\Container->call(Array)
#22 C:\\xampp\\htdocs\\Lumen\\NewBikeBD09032020\\vendor\\symfony\\console\\Command\\Command.php(255): Illuminate\\Console\\Command->execute(Object(Symfony\\Component\\Console\\Input\\ArgvInput), Object(Illuminate\\Console\\OutputStyle))
#23 C:\\xampp\\htdocs\\Lumen\\NewBikeBD09032020\\vendor\\illuminate\\console\\Command.php(121): Symfony\\Component\\Console\\Command\\Command->run(Object(Symfony\\Component\\Console\\Input\\ArgvInput), Object(Illuminate\\Console\\OutputStyle))
#24 C:\\xampp\\htdocs\\Lumen\\NewBikeBD09032020\\vendor\\symfony\\console\\Application.php(1012): Illuminate\\Console\\Command->run(Object(Symfony\\Component\\Console\\Input\\ArgvInput), Object(Symfony\\Component\\Console\\Output\\ConsoleOutput))
#25 C:\\xampp\\htdocs\\Lumen\\NewBikeBD09032020\\vendor\\symfony\\console\\Application.php(272): Symfony\\Component\\Console\\Application->doRunCommand(Object(Illuminate\\Database\\Console\\Migrations\\MigrateCommand), Object(Symfony\\Component\\Console\\Input\\ArgvInput), Object(Symfony\\Component\\Console\\Output\\ConsoleOutput))
#26 C:\\xampp\\htdocs\\Lumen\\NewBikeBD09032020\\vendor\\symfony\\console\\Application.php(148): Symfony\\Component\\Console\\Application->doRun(Object(Symfony\\Component\\Console\\Input\\ArgvInput), Object(Symfony\\Component\\Console\\Output\\ConsoleOutput))
#27 C:\\xampp\\htdocs\\Lumen\\NewBikeBD09032020\\vendor\\illuminate\\console\\Application.php(93): Symfony\\Component\\Console\\Application->run(Object(Symfony\\Component\\Console\\Input\\ArgvInput), Object(Symfony\\Component\\Console\\Output\\ConsoleOutput))
#28 C:\\xampp\\htdocs\\Lumen\\NewBikeBD09032020\\vendor\\laravel\\lumen-framework\\src\\Console\\Kernel.php(115): Illuminate\\Console\\Application->run(Object(Symfony\\Component\\Console\\Input\\ArgvInput), Object(Symfony\\Component\\Console\\Output\\ConsoleOutput))
#29 C:\\xampp\\htdocs\\Lumen\\NewBikeBD09032020\\artisan(35): Laravel\\Lumen\\Console\\Kernel->handle(Object(Symfony\\Component\\Console\\Input\\ArgvInput), Object(Symfony\\Component\\Console\\Output\\ConsoleOutput))
#30 {main}
"} 
[2020-03-09 11:13:19] local.ERROR: PDOException: SQLSTATE[42S02]: Base table or view not found: 1146 Table 'bikebdnew.products' doesn't exist in C:\xampp\htdocs\Lumen\NewBikeBD09032020\vendor\illuminate\database\Connection.php:331
Stack trace:
#0 C:\xampp\htdocs\Lumen\NewBikeBD09032020\vendor\illuminate\database\Connection.php(331): PDO->prepare('select count(*)...')
#1 C:\xampp\htdocs\Lumen\NewBikeBD09032020\vendor\illuminate\database\Connection.php(662): Illuminate\Database\Connection->Illuminate\Database\{closure}('select count(*)...', Array)
#2 C:\xampp\htdocs\Lumen\NewBikeBD09032020\vendor\illuminate\database\Connection.php(629): Illuminate\Database\Connection->runQueryCallback('select count(*)...', Array, Object(Closure))
#3 C:\xampp\htdocs\Lumen\NewBikeBD09032020\vendor\illuminate\database\Connection.php(338): Illuminate\Database\Connection->run('select count(*)...', Array, Object(Closure))
#4 C:\xampp\htdocs\Lumen\NewBikeBD09032020\vendor\illuminate\database\Query\Builder.php(2132): Illuminate\Database\Connection->select('select count(*)...', Array, true)
#5 C:\xampp\htdocs\Lumen\NewBikeBD09032020\vendor\illuminate\database\Query\Builder.php(2120): Illuminate\Database\Query\Builder->runSelect()
#6 C:\xampp\htdocs\Lumen\NewBikeBD09032020\vendor\illuminate\database\Query\Builder.php(2592): Illuminate\Database\Query\Builder->Illuminate\Database\Query\{closure}()
#7 C:\xampp\htdocs\Lumen\NewBikeBD09032020\vendor\illuminate\database\Query\Builder.php(2121): Illuminate\Database\Query\Builder->onceWithColumns(Array, Object(Closure))
#8 C:\xampp\htdocs\Lumen\NewBikeBD09032020\vendor\illuminate\database\Query\Builder.php(2219): Illuminate\Database\Query\Builder->get()
#9 C:\xampp\htdocs\Lumen\NewBikeBD09032020\vendor\illuminate\database\Query\Builder.php(2190): Illuminate\Database\Query\Builder->runPaginationCountQuery(Array)
#10 C:\xampp\htdocs\Lumen\NewBikeBD09032020\vendor\illuminate\database\Eloquent\Builder.php(720): Illuminate\Database\Query\Builder->getCountForPagination()
#11 C:\xampp\htdocs\Lumen\NewBikeBD09032020\app\Http\Controllers\api\v1\admin\ProductController.php(42): Illuminate\Database\Eloquent\Builder->paginate(8)
#12 [internal function]: App\Http\Controllers\api\v1\admin\ProductController->index()
#13 C:\xampp\htdocs\Lumen\NewBikeBD09032020\vendor\illuminate\container\BoundMethod.php(32): call_user_func_array(Array, Array)
#14 C:\xampp\htdocs\Lumen\NewBikeBD09032020\vendor\illuminate\container\Util.php(36): Illuminate\Container\BoundMethod::Illuminate\Container\{closure}()
#15 C:\xampp\htdocs\Lumen\NewBikeBD09032020\vendor\illuminate\container\BoundMethod.php(90): Illuminate\Container\Util::unwrapIfClosure(Object(Closure))
#16 C:\xampp\htdocs\Lumen\NewBikeBD09032020\vendor\illuminate\container\BoundMethod.php(34): Illuminate\Container\BoundMethod::callBoundMethod(Object(Laravel\Lumen\Application), Array, Object(Closure))
#17 C:\xampp\htdocs\Lumen\NewBikeBD09032020\vendor\illuminate\container\Container.php(590): Illuminate\Container\BoundMethod::call(Object(Laravel\Lumen\Application), Array, Array, NULL)
#18 C:\xampp\htdocs\Lumen\NewBikeBD09032020\vendor\laravel\lumen-framework\src\Concerns\RoutesRequests.php(376): Illuminate\Container\Container->call(Array, Array)
#19 C:\xampp\htdocs\Lumen\NewBikeBD09032020\vendor\laravel\lumen-framework\src\Concerns\RoutesRequests.php(342): Laravel\Lumen\Application->callControllerCallable(Array, Array)
#20 C:\xampp\htdocs\Lumen\NewBikeBD09032020\vendor\laravel\lumen-framework\src\Concerns\RoutesRequests.php(316): Laravel\Lumen\Application->callLumenController(Object(App\Http\Controllers\api\v1\admin\ProductController), 'index', Array)
#21 C:\xampp\htdocs\Lumen\NewBikeBD09032020\vendor\laravel\lumen-framework\src\Concerns\RoutesRequests.php(278): Laravel\Lumen\Application->callControllerAction(Array)
#22 C:\xampp\htdocs\Lumen\NewBikeBD09032020\vendor\laravel\lumen-framework\src\Concerns\RoutesRequests.php(258): Laravel\Lumen\Application->callActionOnArrayBasedRoute(Array)
#23 [internal function]: Laravel\Lumen\Application->Laravel\Lumen\Concerns\{closure}(Object(Laravel\Lumen\Http\Request))
#24 C:\xampp\htdocs\Lumen\NewBikeBD09032020\vendor\laravel\lumen-framework\src\Routing\Pipeline.php(52): call_user_func(Object(Closure), Object(Laravel\Lumen\Http\Request))
#25 C:\xampp\htdocs\Lumen\NewBikeBD09032020\app\Http\Middleware\Admin.php(49): Laravel\Lumen\Routing\Pipeline->Laravel\Lumen\Routing\{closure}(Object(Laravel\Lumen\Http\Request))
#26 C:\xampp\htdocs\Lumen\NewBikeBD09032020\vendor\illuminate\pipeline\Pipeline.php(171): App\Http\Middleware\Admin->handle(Object(Laravel\Lumen\Http\Request), Object(Closure))
#27 [internal function]: Illuminate\Pipeline\Pipeline->Illuminate\Pipeline\{closure}(Object(Laravel\Lumen\Http\Request))
#28 C:\xampp\htdocs\Lumen\NewBikeBD09032020\vendor\laravel\lumen-framework\src\Routing\Pipeline.php(32): call_user_func(Object(Closure), Object(Laravel\Lumen\Http\Request))
#29 C:\xampp\htdocs\Lumen\NewBikeBD09032020\vendor\illuminate\pipeline\Pipeline.php(105): Laravel\Lumen\Routing\Pipeline->Laravel\Lumen\Routing\{closure}(Object(Laravel\Lumen\Http\Request))
#30 C:\xampp\htdocs\Lumen\NewBikeBD09032020\vendor\laravel\lumen-framework\src\Concerns\RoutesRequests.php(413): Illuminate\Pipeline\Pipeline->then(Object(Closure))
#31 C:\xampp\htdocs\Lumen\NewBikeBD09032020\vendor\laravel\lumen-framework\src\Concerns\RoutesRequests.php(259): Laravel\Lumen\Application->sendThroughPipeline(Array, Object(Closure))
#32 C:\xampp\htdocs\Lumen\NewBikeBD09032020\vendor\laravel\lumen-framework\src\Concerns\RoutesRequests.php(165): Laravel\Lumen\Application->handleFoundRoute(Array)
#33 C:\xampp\htdocs\Lumen\NewBikeBD09032020\vendor\laravel\lumen-framework\src\Concerns\RoutesRequests.php(416): Laravel\Lumen\Application->Laravel\Lumen\Concerns\{closure}(Object(Laravel\Lumen\Http\Request))
#34 C:\xampp\htdocs\Lumen\NewBikeBD09032020\vendor\laravel\lumen-framework\src\Concerns\RoutesRequests.php(171): Laravel\Lumen\Application->sendThroughPipeline(Array, Object(Closure))
#35 C:\xampp\htdocs\Lumen\NewBikeBD09032020\vendor\laravel\lumen-framework\src\Concerns\RoutesRequests.php(108): Laravel\Lumen\Application->dispatch(NULL)
#36 C:\xampp\htdocs\Lumen\NewBikeBD09032020\public\index.php(28): Laravel\Lumen\Application->run()
#37 {main}

Next Illuminate\Database\QueryException: SQLSTATE[42S02]: Base table or view not found: 1146 Table 'bikebdnew.products' doesn't exist (SQL: select count(*) as aggregate from `products` where `admin_id` = 1 and `products`.`deleted_at` is null) in C:\xampp\htdocs\Lumen\NewBikeBD09032020\vendor\illuminate\database\Connection.php:669
Stack trace:
#0 C:\xampp\htdocs\Lumen\NewBikeBD09032020\vendor\illuminate\database\Connection.php(629): Illuminate\Database\Connection->runQueryCallback('select count(*)...', Array, Object(Closure))
#1 C:\xampp\htdocs\Lumen\NewBikeBD09032020\vendor\illuminate\database\Connection.php(338): Illuminate\Database\Connection->run('select count(*)...', Array, Object(Closure))
#2 C:\xampp\htdocs\Lumen\NewBikeBD09032020\vendor\illuminate\database\Query\Builder.php(2132): Illuminate\Database\Connection->select('select count(*)...', Array, true)
#3 C:\xampp\htdocs\Lumen\NewBikeBD09032020\vendor\illuminate\database\Query\Builder.php(2120): Illuminate\Database\Query\Builder->runSelect()
#4 C:\xampp\htdocs\Lumen\NewBikeBD09032020\vendor\illuminate\database\Query\Builder.php(2592): Illuminate\Database\Query\Builder->Illuminate\Database\Query\{closure}()
#5 C:\xampp\htdocs\Lumen\NewBikeBD09032020\vendor\illuminate\database\Query\Builder.php(2121): Illuminate\Database\Query\Builder->onceWithColumns(Array, Object(Closure))
#6 C:\xampp\htdocs\Lumen\NewBikeBD09032020\vendor\illuminate\database\Query\Builder.php(2219): Illuminate\Database\Query\Builder->get()
#7 C:\xampp\htdocs\Lumen\NewBikeBD09032020\vendor\illuminate\database\Query\Builder.php(2190): Illuminate\Database\Query\Builder->runPaginationCountQuery(Array)
#8 C:\xampp\htdocs\Lumen\NewBikeBD09032020\vendor\illuminate\database\Eloquent\Builder.php(720): Illuminate\Database\Query\Builder->getCountForPagination()
#9 C:\xampp\htdocs\Lumen\NewBikeBD09032020\app\Http\Controllers\api\v1\admin\ProductController.php(42): Illuminate\Database\Eloquent\Builder->paginate(8)
#10 [internal function]: App\Http\Controllers\api\v1\admin\ProductController->index()
#11 C:\xampp\htdocs\Lumen\NewBikeBD09032020\vendor\illuminate\container\BoundMethod.php(32): call_user_func_array(Array, Array)
#12 C:\xampp\htdocs\Lumen\NewBikeBD09032020\vendor\illuminate\container\Util.php(36): Illuminate\Container\BoundMethod::Illuminate\Container\{closure}()
#13 C:\xampp\htdocs\Lumen\NewBikeBD09032020\vendor\illuminate\container\BoundMethod.php(90): Illuminate\Container\Util::unwrapIfClosure(Object(Closure))
#14 C:\xampp\htdocs\Lumen\NewBikeBD09032020\vendor\illuminate\container\BoundMethod.php(34): Illuminate\Container\BoundMethod::callBoundMethod(Object(Laravel\Lumen\Application), Array, Object(Closure))
#15 C:\xampp\htdocs\Lumen\NewBikeBD09032020\vendor\illuminate\container\Container.php(590): Illuminate\Container\BoundMethod::call(Object(Laravel\Lumen\Application), Array, Array, NULL)
#16 C:\xampp\htdocs\Lumen\NewBikeBD09032020\vendor\laravel\lumen-framework\src\Concerns\RoutesRequests.php(376): Illuminate\Container\Container->call(Array, Array)
#17 C:\xampp\htdocs\Lumen\NewBikeBD09032020\vendor\laravel\lumen-framework\src\Concerns\RoutesRequests.php(342): Laravel\Lumen\Application->callControllerCallable(Array, Array)
#18 C:\xampp\htdocs\Lumen\NewBikeBD09032020\vendor\laravel\lumen-framework\src\Concerns\RoutesRequests.php(316): Laravel\Lumen\Application->callLumenController(Object(App\Http\Controllers\api\v1\admin\ProductController), 'index', Array)
#19 C:\xampp\htdocs\Lumen\NewBikeBD09032020\vendor\laravel\lumen-framework\src\Concerns\RoutesRequests.php(278): Laravel\Lumen\Application->callControllerAction(Array)
#20 C:\xampp\htdocs\Lumen\NewBikeBD09032020\vendor\laravel\lumen-framework\src\Concerns\RoutesRequests.php(258): Laravel\Lumen\Application->callActionOnArrayBasedRoute(Array)
#21 [internal function]: Laravel\Lumen\Application->Laravel\Lumen\Concerns\{closure}(Object(Laravel\Lumen\Http\Request))
#22 C:\xampp\htdocs\Lumen\NewBikeBD09032020\vendor\laravel\lumen-framework\src\Routing\Pipeline.php(52): call_user_func(Object(Closure), Object(Laravel\Lumen\Http\Request))
#23 C:\xampp\htdocs\Lumen\NewBikeBD09032020\app\Http\Middleware\Admin.php(49): Laravel\Lumen\Routing\Pipeline->Laravel\Lumen\Routing\{closure}(Object(Laravel\Lumen\Http\Request))
#24 C:\xampp\htdocs\Lumen\NewBikeBD09032020\vendor\illuminate\pipeline\Pipeline.php(171): App\Http\Middleware\Admin->handle(Object(Laravel\Lumen\Http\Request), Object(Closure))
#25 [internal function]: Illuminate\Pipeline\Pipeline->Illuminate\Pipeline\{closure}(Object(Laravel\Lumen\Http\Request))
#26 C:\xampp\htdocs\Lumen\NewBikeBD09032020\vendor\laravel\lumen-framework\src\Routing\Pipeline.php(32): call_user_func(Object(Closure), Object(Laravel\Lumen\Http\Request))
#27 C:\xampp\htdocs\Lumen\NewBikeBD09032020\vendor\illuminate\pipeline\Pipeline.php(105): Laravel\Lumen\Routing\Pipeline->Laravel\Lumen\Routing\{closure}(Object(Laravel\Lumen\Http\Request))
#28 C:\xampp\htdocs\Lumen\NewBikeBD09032020\vendor\laravel\lumen-framework\src\Concerns\RoutesRequests.php(413): Illuminate\Pipeline\Pipeline->then(Object(Closure))
#29 C:\xampp\htdocs\Lumen\NewBikeBD09032020\vendor\laravel\lumen-framework\src\Concerns\RoutesRequests.php(259): Laravel\Lumen\Application->sendThroughPipeline(Array, Object(Closure))
#30 C:\xampp\htdocs\Lumen\NewBikeBD09032020\vendor\laravel\lumen-framework\src\Concerns\RoutesRequests.php(165): Laravel\Lumen\Application->handleFoundRoute(Array)
#31 C:\xampp\htdocs\Lumen\NewBikeBD09032020\vendor\laravel\lumen-framework\src\Concerns\RoutesRequests.php(416): Laravel\Lumen\Application->Laravel\Lumen\Concerns\{closure}(Object(Laravel\Lumen\Http\Request))
#32 C:\xampp\htdocs\Lumen\NewBikeBD09032020\vendor\laravel\lumen-framework\src\Concerns\RoutesRequests.php(171): Laravel\Lumen\Application->sendThroughPipeline(Array, Object(Closure))
#33 C:\xampp\htdocs\Lumen\NewBikeBD09032020\vendor\laravel\lumen-framework\src\Concerns\RoutesRequests.php(108): Laravel\Lumen\Application->dispatch(NULL)
#34 C:\xampp\htdocs\Lumen\NewBikeBD09032020\public\index.php(28): Laravel\Lumen\Application->run()
#35 {main} {"exception":"[object] (Illuminate\\Database\\QueryException(code: 42S02): SQLSTATE[42S02]: Base table or view not found: 1146 Table 'bikebdnew.products' doesn't exist (SQL: select count(*) as aggregate from `products` where `admin_id` = 1 and `products`.`deleted_at` is null) at C:\\xampp\\htdocs\\Lumen\\NewBikeBD09032020\\vendor\\illuminate\\database\\Connection.php:669)
[stacktrace]
#0 C:\\xampp\\htdocs\\Lumen\\NewBikeBD09032020\\vendor\\illuminate\\database\\Connection.php(629): Illuminate\\Database\\Connection->runQueryCallback('select count(*)...', Array, Object(Closure))
#1 C:\\xampp\\htdocs\\Lumen\\NewBikeBD09032020\\vendor\\illuminate\\database\\Connection.php(338): Illuminate\\Database\\Connection->run('select count(*)...', Array, Object(Closure))
#2 C:\\xampp\\htdocs\\Lumen\\NewBikeBD09032020\\vendor\\illuminate\\database\\Query\\Builder.php(2132): Illuminate\\Database\\Connection->select('select count(*)...', Array, true)
#3 C:\\xampp\\htdocs\\Lumen\\NewBikeBD09032020\\vendor\\illuminate\\database\\Query\\Builder.php(2120): Illuminate\\Database\\Query\\Builder->runSelect()
#4 C:\\xampp\\htdocs\\Lumen\\NewBikeBD09032020\\vendor\\illuminate\\database\\Query\\Builder.php(2592): Illuminate\\Database\\Query\\Builder->Illuminate\\Database\\Query\\{closure}()
#5 C:\\xampp\\htdocs\\Lumen\\NewBikeBD09032020\\vendor\\illuminate\\database\\Query\\Builder.php(2121): Illuminate\\Database\\Query\\Builder->onceWithColumns(Array, Object(Closure))
#6 C:\\xampp\\htdocs\\Lumen\\NewBikeBD09032020\\vendor\\illuminate\\database\\Query\\Builder.php(2219): Illuminate\\Database\\Query\\Builder->get()
#7 C:\\xampp\\htdocs\\Lumen\\NewBikeBD09032020\\vendor\\illuminate\\database\\Query\\Builder.php(2190): Illuminate\\Database\\Query\\Builder->runPaginationCountQuery(Array)
#8 C:\\xampp\\htdocs\\Lumen\\NewBikeBD09032020\\vendor\\illuminate\\database\\Eloquent\\Builder.php(720): Illuminate\\Database\\Query\\Builder->getCountForPagination()
#9 C:\\xampp\\htdocs\\Lumen\\NewBikeBD09032020\\app\\Http\\Controllers\\api\\v1\\admin\\ProductController.php(42): Illuminate\\Database\\Eloquent\\Builder->paginate(8)
#10 [internal function]: App\\Http\\Controllers\\api\\v1\\admin\\ProductController->index()
#11 C:\\xampp\\htdocs\\Lumen\\NewBikeBD09032020\\vendor\\illuminate\\container\\BoundMethod.php(32): call_user_func_array(Array, Array)
#12 C:\\xampp\\htdocs\\Lumen\\NewBikeBD09032020\\vendor\\illuminate\\container\\Util.php(36): Illuminate\\Container\\BoundMethod::Illuminate\\Container\\{closure}()
#13 C:\\xampp\\htdocs\\Lumen\\NewBikeBD09032020\\vendor\\illuminate\\container\\BoundMethod.php(90): Illuminate\\Container\\Util::unwrapIfClosure(Object(Closure))
#14 C:\\xampp\\htdocs\\Lumen\\NewBikeBD09032020\\vendor\\illuminate\\container\\BoundMethod.php(34): Illuminate\\Container\\BoundMethod::callBoundMethod(Object(Laravel\\Lumen\\Application), Array, Object(Closure))
#15 C:\\xampp\\htdocs\\Lumen\\NewBikeBD09032020\\vendor\\illuminate\\container\\Container.php(590): Illuminate\\Container\\BoundMethod::call(Object(Laravel\\Lumen\\Application), Array, Array, NULL)
#16 C:\\xampp\\htdocs\\Lumen\\NewBikeBD09032020\\vendor\\laravel\\lumen-framework\\src\\Concerns\\RoutesRequests.php(376): Illuminate\\Container\\Container->call(Array, Array)
#17 C:\\xampp\\htdocs\\Lumen\\NewBikeBD09032020\\vendor\\laravel\\lumen-framework\\src\\Concerns\\RoutesRequests.php(342): Laravel\\Lumen\\Application->callControllerCallable(Array, Array)
#18 C:\\xampp\\htdocs\\Lumen\\NewBikeBD09032020\\vendor\\laravel\\lumen-framework\\src\\Concerns\\RoutesRequests.php(316): Laravel\\Lumen\\Application->callLumenController(Object(App\\Http\\Controllers\\api\\v1\\admin\\ProductController), 'index', Array)
#19 C:\\xampp\\htdocs\\Lumen\\NewBikeBD09032020\\vendor\\laravel\\lumen-framework\\src\\Concerns\\RoutesRequests.php(278): Laravel\\Lumen\\Application->callControllerAction(Array)
#20 C:\\xampp\\htdocs\\Lumen\\NewBikeBD09032020\\vendor\\laravel\\lumen-framework\\src\\Concerns\\RoutesRequests.php(258): Laravel\\Lumen\\Application->callActionOnArrayBasedRoute(Array)
#21 [internal function]: Laravel\\Lumen\\Application->Laravel\\Lumen\\Concerns\\{closure}(Object(Laravel\\Lumen\\Http\\Request))
#22 C:\\xampp\\htdocs\\Lumen\\NewBikeBD09032020\\vendor\\laravel\\lumen-framework\\src\\Routing\\Pipeline.php(52): call_user_func(Object(Closure), Object(Laravel\\Lumen\\Http\\Request))
#23 C:\\xampp\\htdocs\\Lumen\\NewBikeBD09032020\\app\\Http\\Middleware\\Admin.php(49): Laravel\\Lumen\\Routing\\Pipeline->Laravel\\Lumen\\Routing\\{closure}(Object(Laravel\\Lumen\\Http\\Request))
#24 C:\\xampp\\htdocs\\Lumen\\NewBikeBD09032020\\vendor\\illuminate\\pipeline\\Pipeline.php(171): App\\Http\\Middleware\\Admin->handle(Object(Laravel\\Lumen\\Http\\Request), Object(Closure))
#25 [internal function]: Illuminate\\Pipeline\\Pipeline->Illuminate\\Pipeline\\{closure}(Object(Laravel\\Lumen\\Http\\Request))
#26 C:\\xampp\\htdocs\\Lumen\\NewBikeBD09032020\\vendor\\laravel\\lumen-framework\\src\\Routing\\Pipeline.php(32): call_user_func(Object(Closure), Object(Laravel\\Lumen\\Http\\Request))
#27 C:\\xampp\\htdocs\\Lumen\\NewBikeBD09032020\\vendor\\illuminate\\pipeline\\Pipeline.php(105): Laravel\\Lumen\\Routing\\Pipeline->Laravel\\Lumen\\Routing\\{closure}(Object(Laravel\\Lumen\\Http\\Request))
#28 C:\\xampp\\htdocs\\Lumen\\NewBikeBD09032020\\vendor\\laravel\\lumen-framework\\src\\Concerns\\RoutesRequests.php(413): Illuminate\\Pipeline\\Pipeline->then(Object(Closure))
#29 C:\\xampp\\htdocs\\Lumen\\NewBikeBD09032020\\vendor\\laravel\\lumen-framework\\src\\Concerns\\RoutesRequests.php(259): Laravel\\Lumen\\Application->sendThroughPipeline(Array, Object(Closure))
#30 C:\\xampp\\htdocs\\Lumen\\NewBikeBD09032020\\vendor\\laravel\\lumen-framework\\src\\Concerns\\RoutesRequests.php(165): Laravel\\Lumen\\Application->handleFoundRoute(Array)
#31 C:\\xampp\\htdocs\\Lumen\\NewBikeBD09032020\\vendor\\laravel\\lumen-framework\\src\\Concerns\\RoutesRequests.php(416): Laravel\\Lumen\\Application->Laravel\\Lumen\\Concerns\\{closure}(Object(Laravel\\Lumen\\Http\\Request))
#32 C:\\xampp\\htdocs\\Lumen\\NewBikeBD09032020\\vendor\\laravel\\lumen-framework\\src\\Concerns\\RoutesRequests.php(171): Laravel\\Lumen\\Application->sendThroughPipeline(Array, Object(Closure))
#33 C:\\xampp\\htdocs\\Lumen\\NewBikeBD09032020\\vendor\\laravel\\lumen-framework\\src\\Concerns\\RoutesRequests.php(108): Laravel\\Lumen\\Application->dispatch(NULL)
#34 C:\\xampp\\htdocs\\Lumen\\NewBikeBD09032020\\public\\index.php(28): Laravel\\Lumen\\Application->run()
#35 {main}

[previous exception] [object] (PDOException(code: 42S02): SQLSTATE[42S02]: Base table or view not found: 1146 Table 'bikebdnew.products' doesn't exist at C:\\xampp\\htdocs\\Lumen\\NewBikeBD09032020\\vendor\\illuminate\\database\\Connection.php:331)
[stacktrace]
#0 C:\\xampp\\htdocs\\Lumen\\NewBikeBD09032020\\vendor\\illuminate\\database\\Connection.php(331): PDO->prepare('select count(*)...')
#1 C:\\xampp\\htdocs\\Lumen\\NewBikeBD09032020\\vendor\\illuminate\\database\\Connection.php(662): Illuminate\\Database\\Connection->Illuminate\\Database\\{closure}('select count(*)...', Array)
#2 C:\\xampp\\htdocs\\Lumen\\NewBikeBD09032020\\vendor\\illuminate\\database\\Connection.php(629): Illuminate\\Database\\Connection->runQueryCallback('select count(*)...', Array, Object(Closure))
#3 C:\\xampp\\htdocs\\Lumen\\NewBikeBD09032020\\vendor\\illuminate\\database\\Connection.php(338): Illuminate\\Database\\Connection->run('select count(*)...', Array, Object(Closure))
#4 C:\\xampp\\htdocs\\Lumen\\NewBikeBD09032020\\vendor\\illuminate\\database\\Query\\Builder.php(2132): Illuminate\\Database\\Connection->select('select count(*)...', Array, true)
#5 C:\\xampp\\htdocs\\Lumen\\NewBikeBD09032020\\vendor\\illuminate\\database\\Query\\Builder.php(2120): Illuminate\\Database\\Query\\Builder->runSelect()
#6 C:\\xampp\\htdocs\\Lumen\\NewBikeBD09032020\\vendor\\illuminate\\database\\Query\\Builder.php(2592): Illuminate\\Database\\Query\\Builder->Illuminate\\Database\\Query\\{closure}()
#7 C:\\xampp\\htdocs\\Lumen\\NewBikeBD09032020\\vendor\\illuminate\\database\\Query\\Builder.php(2121): Illuminate\\Database\\Query\\Builder->onceWithColumns(Array, Object(Closure))
#8 C:\\xampp\\htdocs\\Lumen\\NewBikeBD09032020\\vendor\\illuminate\\database\\Query\\Builder.php(2219): Illuminate\\Database\\Query\\Builder->get()
#9 C:\\xampp\\htdocs\\Lumen\\NewBikeBD09032020\\vendor\\illuminate\\database\\Query\\Builder.php(2190): Illuminate\\Database\\Query\\Builder->runPaginationCountQuery(Array)
#10 C:\\xampp\\htdocs\\Lumen\\NewBikeBD09032020\\vendor\\illuminate\\database\\Eloquent\\Builder.php(720): Illuminate\\Database\\Query\\Builder->getCountForPagination()
#11 C:\\xampp\\htdocs\\Lumen\\NewBikeBD09032020\\app\\Http\\Controllers\\api\\v1\\admin\\ProductController.php(42): Illuminate\\Database\\Eloquent\\Builder->paginate(8)
#12 [internal function]: App\\Http\\Controllers\\api\\v1\\admin\\ProductController->index()
#13 C:\\xampp\\htdocs\\Lumen\\NewBikeBD09032020\\vendor\\illuminate\\container\\BoundMethod.php(32): call_user_func_array(Array, Array)
#14 C:\\xampp\\htdocs\\Lumen\\NewBikeBD09032020\\vendor\\illuminate\\container\\Util.php(36): Illuminate\\Container\\BoundMethod::Illuminate\\Container\\{closure}()
#15 C:\\xampp\\htdocs\\Lumen\\NewBikeBD09032020\\vendor\\illuminate\\container\\BoundMethod.php(90): Illuminate\\Container\\Util::unwrapIfClosure(Object(Closure))
#16 C:\\xampp\\htdocs\\Lumen\\NewBikeBD09032020\\vendor\\illuminate\\container\\BoundMethod.php(34): Illuminate\\Container\\BoundMethod::callBoundMethod(Object(Laravel\\Lumen\\Application), Array, Object(Closure))
#17 C:\\xampp\\htdocs\\Lumen\\NewBikeBD09032020\\vendor\\illuminate\\container\\Container.php(590): Illuminate\\Container\\BoundMethod::call(Object(Laravel\\Lumen\\Application), Array, Array, NULL)
#18 C:\\xampp\\htdocs\\Lumen\\NewBikeBD09032020\\vendor\\laravel\\lumen-framework\\src\\Concerns\\RoutesRequests.php(376): Illuminate\\Container\\Container->call(Array, Array)
#19 C:\\xampp\\htdocs\\Lumen\\NewBikeBD09032020\\vendor\\laravel\\lumen-framework\\src\\Concerns\\RoutesRequests.php(342): Laravel\\Lumen\\Application->callControllerCallable(Array, Array)
#20 C:\\xampp\\htdocs\\Lumen\\NewBikeBD09032020\\vendor\\laravel\\lumen-framework\\src\\Concerns\\RoutesRequests.php(316): Laravel\\Lumen\\Application->callLumenController(Object(App\\Http\\Controllers\\api\\v1\\admin\\ProductController), 'index', Array)
#21 C:\\xampp\\htdocs\\Lumen\\NewBikeBD09032020\\vendor\\laravel\\lumen-framework\\src\\Concerns\\RoutesRequests.php(278): Laravel\\Lumen\\Application->callControllerAction(Array)
#22 C:\\xampp\\htdocs\\Lumen\\NewBikeBD09032020\\vendor\\laravel\\lumen-framework\\src\\Concerns\\RoutesRequests.php(258): Laravel\\Lumen\\Application->callActionOnArrayBasedRoute(Array)
#23 [internal function]: Laravel\\Lumen\\Application->Laravel\\Lumen\\Concerns\\{closure}(Object(Laravel\\Lumen\\Http\\Request))
#24 C:\\xampp\\htdocs\\Lumen\\NewBikeBD09032020\\vendor\\laravel\\lumen-framework\\src\\Routing\\Pipeline.php(52): call_user_func(Object(Closure), Object(Laravel\\Lumen\\Http\\Request))
#25 C:\\xampp\\htdocs\\Lumen\\NewBikeBD09032020\\app\\Http\\Middleware\\Admin.php(49): Laravel\\Lumen\\Routing\\Pipeline->Laravel\\Lumen\\Routing\\{closure}(Object(Laravel\\Lumen\\Http\\Request))
#26 C:\\xampp\\htdocs\\Lumen\\NewBikeBD09032020\\vendor\\illuminate\\pipeline\\Pipeline.php(171): App\\Http\\Middleware\\Admin->handle(Object(Laravel\\Lumen\\Http\\Request), Object(Closure))
#27 [internal function]: Illuminate\\Pipeline\\Pipeline->Illuminate\\Pipeline\\{closure}(Object(Laravel\\Lumen\\Http\\Request))
#28 C:\\xampp\\htdocs\\Lumen\\NewBikeBD09032020\\vendor\\laravel\\lumen-framework\\src\\Routing\\Pipeline.php(32): call_user_func(Object(Closure), Object(Laravel\\Lumen\\Http\\Request))
#29 C:\\xampp\\htdocs\\Lumen\\NewBikeBD09032020\\vendor\\illuminate\\pipeline\\Pipeline.php(105): Laravel\\Lumen\\Routing\\Pipeline->Laravel\\Lumen\\Routing\\{closure}(Object(Laravel\\Lumen\\Http\\Request))
#30 C:\\xampp\\htdocs\\Lumen\\NewBikeBD09032020\\vendor\\laravel\\lumen-framework\\src\\Concerns\\RoutesRequests.php(413): Illuminate\\Pipeline\\Pipeline->then(Object(Closure))
#31 C:\\xampp\\htdocs\\Lumen\\NewBikeBD09032020\\vendor\\laravel\\lumen-framework\\src\\Concerns\\RoutesRequests.php(259): Laravel\\Lumen\\Application->sendThroughPipeline(Array, Object(Closure))
#32 C:\\xampp\\htdocs\\Lumen\\NewBikeBD09032020\\vendor\\laravel\\lumen-framework\\src\\Concerns\\RoutesRequests.php(165): Laravel\\Lumen\\Application->handleFoundRoute(Array)
#33 C:\\xampp\\htdocs\\Lumen\\NewBikeBD09032020\\vendor\\laravel\\lumen-framework\\src\\Concerns\\RoutesRequests.php(416): Laravel\\Lumen\\Application->Laravel\\Lumen\\Concerns\\{closure}(Object(Laravel\\Lumen\\Http\\Request))
#34 C:\\xampp\\htdocs\\Lumen\\NewBikeBD09032020\\vendor\\laravel\\lumen-framework\\src\\Concerns\\RoutesRequests.php(171): Laravel\\Lumen\\Application->sendThroughPipeline(Array, Object(Closure))
#35 C:\\xampp\\htdocs\\Lumen\\NewBikeBD09032020\\vendor\\laravel\\lumen-framework\\src\\Concerns\\RoutesRequests.php(108): Laravel\\Lumen\\Application->dispatch(NULL)
#36 C:\\xampp\\htdocs\\Lumen\\NewBikeBD09032020\\public\\index.php(28): Laravel\\Lumen\\Application->run()
#37 {main}
"} 
[2020-03-09 11:45:00] local.ERROR: Intervention\Image\Exception\NotWritableException: Can't write image data to path (C:\xampp\htdocs\Lumen\NewBikeBD09032020/public//images/productimages/1583754299_1_923606.jpeg) in C:\xampp\htdocs\Lumen\NewBikeBD09032020\vendor\intervention\image\src\Intervention\Image\Image.php:150
Stack trace:
#0 C:\xampp\htdocs\Lumen\NewBikeBD09032020\app\Http\Controllers\api\v1\admin\ProductController.php(108): Intervention\Image\Image->save('C:\\xampp\\htdocs...')
#1 [internal function]: App\Http\Controllers\api\v1\admin\ProductController->store(Object(Laravel\Lumen\Http\Request))
#2 C:\xampp\htdocs\Lumen\NewBikeBD09032020\vendor\illuminate\container\BoundMethod.php(32): call_user_func_array(Array, Array)
#3 C:\xampp\htdocs\Lumen\NewBikeBD09032020\vendor\illuminate\container\Util.php(36): Illuminate\Container\BoundMethod::Illuminate\Container\{closure}()
#4 C:\xampp\htdocs\Lumen\NewBikeBD09032020\vendor\illuminate\container\BoundMethod.php(90): Illuminate\Container\Util::unwrapIfClosure(Object(Closure))
#5 C:\xampp\htdocs\Lumen\NewBikeBD09032020\vendor\illuminate\container\BoundMethod.php(34): Illuminate\Container\BoundMethod::callBoundMethod(Object(Laravel\Lumen\Application), Array, Object(Closure))
#6 C:\xampp\htdocs\Lumen\NewBikeBD09032020\vendor\illuminate\container\Container.php(590): Illuminate\Container\BoundMethod::call(Object(Laravel\Lumen\Application), Array, Array, NULL)
#7 C:\xampp\htdocs\Lumen\NewBikeBD09032020\vendor\laravel\lumen-framework\src\Concerns\RoutesRequests.php(376): Illuminate\Container\Container->call(Array, Array)
#8 C:\xampp\htdocs\Lumen\NewBikeBD09032020\vendor\laravel\lumen-framework\src\Concerns\RoutesRequests.php(342): Laravel\Lumen\Application->callControllerCallable(Array, Array)
#9 C:\xampp\htdocs\Lumen\NewBikeBD09032020\vendor\laravel\lumen-framework\src\Concerns\RoutesRequests.php(316): Laravel\Lumen\Application->callLumenController(Object(App\Http\Controllers\api\v1\admin\ProductController), 'store', Array)
#10 C:\xampp\htdocs\Lumen\NewBikeBD09032020\vendor\laravel\lumen-framework\src\Concerns\RoutesRequests.php(278): Laravel\Lumen\Application->callControllerAction(Array)
#11 C:\xampp\htdocs\Lumen\NewBikeBD09032020\vendor\laravel\lumen-framework\src\Concerns\RoutesRequests.php(258): Laravel\Lumen\Application->callActionOnArrayBasedRoute(Array)
#12 [internal function]: Laravel\Lumen\Application->Laravel\Lumen\Concerns\{closure}(Object(Laravel\Lumen\Http\Request))
#13 C:\xampp\htdocs\Lumen\NewBikeBD09032020\vendor\laravel\lumen-framework\src\Routing\Pipeline.php(52): call_user_func(Object(Closure), Object(Laravel\Lumen\Http\Request))
#14 C:\xampp\htdocs\Lumen\NewBikeBD09032020\app\Http\Middleware\Admin.php(49): Laravel\Lumen\Routing\Pipeline->Laravel\Lumen\Routing\{closure}(Object(Laravel\Lumen\Http\Request))
#15 C:\xampp\htdocs\Lumen\NewBikeBD09032020\vendor\illuminate\pipeline\Pipeline.php(171): App\Http\Middleware\Admin->handle(Object(Laravel\Lumen\Http\Request), Object(Closure))
#16 [internal function]: Illuminate\Pipeline\Pipeline->Illuminate\Pipeline\{closure}(Object(Laravel\Lumen\Http\Request))
#17 C:\xampp\htdocs\Lumen\NewBikeBD09032020\vendor\laravel\lumen-framework\src\Routing\Pipeline.php(32): call_user_func(Object(Closure), Object(Laravel\Lumen\Http\Request))
#18 C:\xampp\htdocs\Lumen\NewBikeBD09032020\vendor\illuminate\pipeline\Pipeline.php(105): Laravel\Lumen\Routing\Pipeline->Laravel\Lumen\Routing\{closure}(Object(Laravel\Lumen\Http\Request))
#19 C:\xampp\htdocs\Lumen\NewBikeBD09032020\vendor\laravel\lumen-framework\src\Concerns\RoutesRequests.php(413): Illuminate\Pipeline\Pipeline->then(Object(Closure))
#20 C:\xampp\htdocs\Lumen\NewBikeBD09032020\vendor\laravel\lumen-framework\src\Concerns\RoutesRequests.php(259): Laravel\Lumen\Application->sendThroughPipeline(Array, Object(Closure))
#21 C:\xampp\htdocs\Lumen\NewBikeBD09032020\vendor\laravel\lumen-framework\src\Concerns\RoutesRequests.php(165): Laravel\Lumen\Application->handleFoundRoute(Array)
#22 C:\xampp\htdocs\Lumen\NewBikeBD09032020\vendor\laravel\lumen-framework\src\Concerns\RoutesRequests.php(416): Laravel\Lumen\Application->Laravel\Lumen\Concerns\{closure}(Object(Laravel\Lumen\Http\Request))
#23 C:\xampp\htdocs\Lumen\NewBikeBD09032020\vendor\laravel\lumen-framework\src\Concerns\RoutesRequests.php(171): Laravel\Lumen\Application->sendThroughPipeline(Array, Object(Closure))
#24 C:\xampp\htdocs\Lumen\NewBikeBD09032020\vendor\laravel\lumen-framework\src\Concerns\RoutesRequests.php(108): Laravel\Lumen\Application->dispatch(NULL)
#25 C:\xampp\htdocs\Lumen\NewBikeBD09032020\public\index.php(28): Laravel\Lumen\Application->run()
#26 {main} {"exception":"[object] (Intervention\\Image\\Exception\\NotWritableException(code: 0): Can't write image data to path (C:\\xampp\\htdocs\\Lumen\\NewBikeBD09032020/public//images/productimages/1583754299_1_923606.jpeg) at C:\\xampp\\htdocs\\Lumen\\NewBikeBD09032020\\vendor\\intervention\\image\\src\\Intervention\\Image\\Image.php:150)
[stacktrace]
#0 C:\\xampp\\htdocs\\Lumen\\NewBikeBD09032020\\app\\Http\\Controllers\\api\\v1\\admin\\ProductController.php(108): Intervention\\Image\\Image->save('C:\\\\xampp\\\\htdocs...')
#1 [internal function]: App\\Http\\Controllers\\api\\v1\\admin\\ProductController->store(Object(Laravel\\Lumen\\Http\\Request))
#2 C:\\xampp\\htdocs\\Lumen\\NewBikeBD09032020\\vendor\\illuminate\\container\\BoundMethod.php(32): call_user_func_array(Array, Array)
#3 C:\\xampp\\htdocs\\Lumen\\NewBikeBD09032020\\vendor\\illuminate\\container\\Util.php(36): Illuminate\\Container\\BoundMethod::Illuminate\\Container\\{closure}()
#4 C:\\xampp\\htdocs\\Lumen\\NewBikeBD09032020\\vendor\\illuminate\\container\\BoundMethod.php(90): Illuminate\\Container\\Util::unwrapIfClosure(Object(Closure))
#5 C:\\xampp\\htdocs\\Lumen\\NewBikeBD09032020\\vendor\\illuminate\\container\\BoundMethod.php(34): Illuminate\\Container\\BoundMethod::callBoundMethod(Object(Laravel\\Lumen\\Application), Array, Object(Closure))
#6 C:\\xampp\\htdocs\\Lumen\\NewBikeBD09032020\\vendor\\illuminate\\container\\Container.php(590): Illuminate\\Container\\BoundMethod::call(Object(Laravel\\Lumen\\Application), Array, Array, NULL)
#7 C:\\xampp\\htdocs\\Lumen\\NewBikeBD09032020\\vendor\\laravel\\lumen-framework\\src\\Concerns\\RoutesRequests.php(376): Illuminate\\Container\\Container->call(Array, Array)
#8 C:\\xampp\\htdocs\\Lumen\\NewBikeBD09032020\\vendor\\laravel\\lumen-framework\\src\\Concerns\\RoutesRequests.php(342): Laravel\\Lumen\\Application->callControllerCallable(Array, Array)
#9 C:\\xampp\\htdocs\\Lumen\\NewBikeBD09032020\\vendor\\laravel\\lumen-framework\\src\\Concerns\\RoutesRequests.php(316): Laravel\\Lumen\\Application->callLumenController(Object(App\\Http\\Controllers\\api\\v1\\admin\\ProductController), 'store', Array)
#10 C:\\xampp\\htdocs\\Lumen\\NewBikeBD09032020\\vendor\\laravel\\lumen-framework\\src\\Concerns\\RoutesRequests.php(278): Laravel\\Lumen\\Application->callControllerAction(Array)
#11 C:\\xampp\\htdocs\\Lumen\\NewBikeBD09032020\\vendor\\laravel\\lumen-framework\\src\\Concerns\\RoutesRequests.php(258): Laravel\\Lumen\\Application->callActionOnArrayBasedRoute(Array)
#12 [internal function]: Laravel\\Lumen\\Application->Laravel\\Lumen\\Concerns\\{closure}(Object(Laravel\\Lumen\\Http\\Request))
#13 C:\\xampp\\htdocs\\Lumen\\NewBikeBD09032020\\vendor\\laravel\\lumen-framework\\src\\Routing\\Pipeline.php(52): call_user_func(Object(Closure), Object(Laravel\\Lumen\\Http\\Request))
#14 C:\\xampp\\htdocs\\Lumen\\NewBikeBD09032020\\app\\Http\\Middleware\\Admin.php(49): Laravel\\Lumen\\Routing\\Pipeline->Laravel\\Lumen\\Routing\\{closure}(Object(Laravel\\Lumen\\Http\\Request))
#15 C:\\xampp\\htdocs\\Lumen\\NewBikeBD09032020\\vendor\\illuminate\\pipeline\\Pipeline.php(171): App\\Http\\Middleware\\Admin->handle(Object(Laravel\\Lumen\\Http\\Request), Object(Closure))
#16 [internal function]: Illuminate\\Pipeline\\Pipeline->Illuminate\\Pipeline\\{closure}(Object(Laravel\\Lumen\\Http\\Request))
#17 C:\\xampp\\htdocs\\Lumen\\NewBikeBD09032020\\vendor\\laravel\\lumen-framework\\src\\Routing\\Pipeline.php(32): call_user_func(Object(Closure), Object(Laravel\\Lumen\\Http\\Request))
#18 C:\\xampp\\htdocs\\Lumen\\NewBikeBD09032020\\vendor\\illuminate\\pipeline\\Pipeline.php(105): Laravel\\Lumen\\Routing\\Pipeline->Laravel\\Lumen\\Routing\\{closure}(Object(Laravel\\Lumen\\Http\\Request))
#19 C:\\xampp\\htdocs\\Lumen\\NewBikeBD09032020\\vendor\\laravel\\lumen-framework\\src\\Concerns\\RoutesRequests.php(413): Illuminate\\Pipeline\\Pipeline->then(Object(Closure))
#20 C:\\xampp\\htdocs\\Lumen\\NewBikeBD09032020\\vendor\\laravel\\lumen-framework\\src\\Concerns\\RoutesRequests.php(259): Laravel\\Lumen\\Application->sendThroughPipeline(Array, Object(Closure))
#21 C:\\xampp\\htdocs\\Lumen\\NewBikeBD09032020\\vendor\\laravel\\lumen-framework\\src\\Concerns\\RoutesRequests.php(165): Laravel\\Lumen\\Application->handleFoundRoute(Array)
#22 C:\\xampp\\htdocs\\Lumen\\NewBikeBD09032020\\vendor\\laravel\\lumen-framework\\src\\Concerns\\RoutesRequests.php(416): Laravel\\Lumen\\Application->Laravel\\Lumen\\Concerns\\{closure}(Object(Laravel\\Lumen\\Http\\Request))
#23 C:\\xampp\\htdocs\\Lumen\\NewBikeBD09032020\\vendor\\laravel\\lumen-framework\\src\\Concerns\\RoutesRequests.php(171): Laravel\\Lumen\\Application->sendThroughPipeline(Array, Object(Closure))
#24 C:\\xampp\\htdocs\\Lumen\\NewBikeBD09032020\\vendor\\laravel\\lumen-framework\\src\\Concerns\\RoutesRequests.php(108): Laravel\\Lumen\\Application->dispatch(NULL)
#25 C:\\xampp\\htdocs\\Lumen\\NewBikeBD09032020\\public\\index.php(28): Laravel\\Lumen\\Application->run()
#26 {main}
"} 
[2020-03-09 11:45:13] local.ERROR: Intervention\Image\Exception\NotWritableException: Can't write image data to path (C:\xampp\htdocs\Lumen\NewBikeBD09032020/public//images/productimages/1583754313_1_309977.jpeg) in C:\xampp\htdocs\Lumen\NewBikeBD09032020\vendor\intervention\image\src\Intervention\Image\Image.php:150
Stack trace:
#0 C:\xampp\htdocs\Lumen\NewBikeBD09032020\app\Http\Controllers\api\v1\admin\ProductController.php(108): Intervention\Image\Image->save('C:\\xampp\\htdocs...')
#1 [internal function]: App\Http\Controllers\api\v1\admin\ProductController->store(Object(Laravel\Lumen\Http\Request))
#2 C:\xampp\htdocs\Lumen\NewBikeBD09032020\vendor\illuminate\container\BoundMethod.php(32): call_user_func_array(Array, Array)
#3 C:\xampp\htdocs\Lumen\NewBikeBD09032020\vendor\illuminate\container\Util.php(36): Illuminate\Container\BoundMethod::Illuminate\Container\{closure}()
#4 C:\xampp\htdocs\Lumen\NewBikeBD09032020\vendor\illuminate\container\BoundMethod.php(90): Illuminate\Container\Util::unwrapIfClosure(Object(Closure))
#5 C:\xampp\htdocs\Lumen\NewBikeBD09032020\vendor\illuminate\container\BoundMethod.php(34): Illuminate\Container\BoundMethod::callBoundMethod(Object(Laravel\Lumen\Application), Array, Object(Closure))
#6 C:\xampp\htdocs\Lumen\NewBikeBD09032020\vendor\illuminate\container\Container.php(590): Illuminate\Container\BoundMethod::call(Object(Laravel\Lumen\Application), Array, Array, NULL)
#7 C:\xampp\htdocs\Lumen\NewBikeBD09032020\vendor\laravel\lumen-framework\src\Concerns\RoutesRequests.php(376): Illuminate\Container\Container->call(Array, Array)
#8 C:\xampp\htdocs\Lumen\NewBikeBD09032020\vendor\laravel\lumen-framework\src\Concerns\RoutesRequests.php(342): Laravel\Lumen\Application->callControllerCallable(Array, Array)
#9 C:\xampp\htdocs\Lumen\NewBikeBD09032020\vendor\laravel\lumen-framework\src\Concerns\RoutesRequests.php(316): Laravel\Lumen\Application->callLumenController(Object(App\Http\Controllers\api\v1\admin\ProductController), 'store', Array)
#10 C:\xampp\htdocs\Lumen\NewBikeBD09032020\vendor\laravel\lumen-framework\src\Concerns\RoutesRequests.php(278): Laravel\Lumen\Application->callControllerAction(Array)
#11 C:\xampp\htdocs\Lumen\NewBikeBD09032020\vendor\laravel\lumen-framework\src\Concerns\RoutesRequests.php(258): Laravel\Lumen\Application->callActionOnArrayBasedRoute(Array)
#12 [internal function]: Laravel\Lumen\Application->Laravel\Lumen\Concerns\{closure}(Object(Laravel\Lumen\Http\Request))
#13 C:\xampp\htdocs\Lumen\NewBikeBD09032020\vendor\laravel\lumen-framework\src\Routing\Pipeline.php(52): call_user_func(Object(Closure), Object(Laravel\Lumen\Http\Request))
#14 C:\xampp\htdocs\Lumen\NewBikeBD09032020\app\Http\Middleware\Admin.php(49): Laravel\Lumen\Routing\Pipeline->Laravel\Lumen\Routing\{closure}(Object(Laravel\Lumen\Http\Request))
#15 C:\xampp\htdocs\Lumen\NewBikeBD09032020\vendor\illuminate\pipeline\Pipeline.php(171): App\Http\Middleware\Admin->handle(Object(Laravel\Lumen\Http\Request), Object(Closure))
#16 [internal function]: Illuminate\Pipeline\Pipeline->Illuminate\Pipeline\{closure}(Object(Laravel\Lumen\Http\Request))
#17 C:\xampp\htdocs\Lumen\NewBikeBD09032020\vendor\laravel\lumen-framework\src\Routing\Pipeline.php(32): call_user_func(Object(Closure), Object(Laravel\Lumen\Http\Request))
#18 C:\xampp\htdocs\Lumen\NewBikeBD09032020\vendor\illuminate\pipeline\Pipeline.php(105): Laravel\Lumen\Routing\Pipeline->Laravel\Lumen\Routing\{closure}(Object(Laravel\Lumen\Http\Request))
#19 C:\xampp\htdocs\Lumen\NewBikeBD09032020\vendor\laravel\lumen-framework\src\Concerns\RoutesRequests.php(413): Illuminate\Pipeline\Pipeline->then(Object(Closure))
#20 C:\xampp\htdocs\Lumen\NewBikeBD09032020\vendor\laravel\lumen-framework\src\Concerns\RoutesRequests.php(259): Laravel\Lumen\Application->sendThroughPipeline(Array, Object(Closure))
#21 C:\xampp\htdocs\Lumen\NewBikeBD09032020\vendor\laravel\lumen-framework\src\Concerns\RoutesRequests.php(165): Laravel\Lumen\Application->handleFoundRoute(Array)
#22 C:\xampp\htdocs\Lumen\NewBikeBD09032020\vendor\laravel\lumen-framework\src\Concerns\RoutesRequests.php(416): Laravel\Lumen\Application->Laravel\Lumen\Concerns\{closure}(Object(Laravel\Lumen\Http\Request))
#23 C:\xampp\htdocs\Lumen\NewBikeBD09032020\vendor\laravel\lumen-framework\src\Concerns\RoutesRequests.php(171): Laravel\Lumen\Application->sendThroughPipeline(Array, Object(Closure))
#24 C:\xampp\htdocs\Lumen\NewBikeBD09032020\vendor\laravel\lumen-framework\src\Concerns\RoutesRequests.php(108): Laravel\Lumen\Application->dispatch(NULL)
#25 C:\xampp\htdocs\Lumen\NewBikeBD09032020\public\index.php(28): Laravel\Lumen\Application->run()
#26 {main} {"exception":"[object] (Intervention\\Image\\Exception\\NotWritableException(code: 0): Can't write image data to path (C:\\xampp\\htdocs\\Lumen\\NewBikeBD09032020/public//images/productimages/1583754313_1_309977.jpeg) at C:\\xampp\\htdocs\\Lumen\\NewBikeBD09032020\\vendor\\intervention\\image\\src\\Intervention\\Image\\Image.php:150)
[stacktrace]
#0 C:\\xampp\\htdocs\\Lumen\\NewBikeBD09032020\\app\\Http\\Controllers\\api\\v1\\admin\\ProductController.php(108): Intervention\\Image\\Image->save('C:\\\\xampp\\\\htdocs...')
#1 [internal function]: App\\Http\\Controllers\\api\\v1\\admin\\ProductController->store(Object(Laravel\\Lumen\\Http\\Request))
#2 C:\\xampp\\htdocs\\Lumen\\NewBikeBD09032020\\vendor\\illuminate\\container\\BoundMethod.php(32): call_user_func_array(Array, Array)
#3 C:\\xampp\\htdocs\\Lumen\\NewBikeBD09032020\\vendor\\illuminate\\container\\Util.php(36): Illuminate\\Container\\BoundMethod::Illuminate\\Container\\{closure}()
#4 C:\\xampp\\htdocs\\Lumen\\NewBikeBD09032020\\vendor\\illuminate\\container\\BoundMethod.php(90): Illuminate\\Container\\Util::unwrapIfClosure(Object(Closure))
#5 C:\\xampp\\htdocs\\Lumen\\NewBikeBD09032020\\vendor\\illuminate\\container\\BoundMethod.php(34): Illuminate\\Container\\BoundMethod::callBoundMethod(Object(Laravel\\Lumen\\Application), Array, Object(Closure))
#6 C:\\xampp\\htdocs\\Lumen\\NewBikeBD09032020\\vendor\\illuminate\\container\\Container.php(590): Illuminate\\Container\\BoundMethod::call(Object(Laravel\\Lumen\\Application), Array, Array, NULL)
#7 C:\\xampp\\htdocs\\Lumen\\NewBikeBD09032020\\vendor\\laravel\\lumen-framework\\src\\Concerns\\RoutesRequests.php(376): Illuminate\\Container\\Container->call(Array, Array)
#8 C:\\xampp\\htdocs\\Lumen\\NewBikeBD09032020\\vendor\\laravel\\lumen-framework\\src\\Concerns\\RoutesRequests.php(342): Laravel\\Lumen\\Application->callControllerCallable(Array, Array)
#9 C:\\xampp\\htdocs\\Lumen\\NewBikeBD09032020\\vendor\\laravel\\lumen-framework\\src\\Concerns\\RoutesRequests.php(316): Laravel\\Lumen\\Application->callLumenController(Object(App\\Http\\Controllers\\api\\v1\\admin\\ProductController), 'store', Array)
#10 C:\\xampp\\htdocs\\Lumen\\NewBikeBD09032020\\vendor\\laravel\\lumen-framework\\src\\Concerns\\RoutesRequests.php(278): Laravel\\Lumen\\Application->callControllerAction(Array)
#11 C:\\xampp\\htdocs\\Lumen\\NewBikeBD09032020\\vendor\\laravel\\lumen-framework\\src\\Concerns\\RoutesRequests.php(258): Laravel\\Lumen\\Application->callActionOnArrayBasedRoute(Array)
#12 [internal function]: Laravel\\Lumen\\Application->Laravel\\Lumen\\Concerns\\{closure}(Object(Laravel\\Lumen\\Http\\Request))
#13 C:\\xampp\\htdocs\\Lumen\\NewBikeBD09032020\\vendor\\laravel\\lumen-framework\\src\\Routing\\Pipeline.php(52): call_user_func(Object(Closure), Object(Laravel\\Lumen\\Http\\Request))
#14 C:\\xampp\\htdocs\\Lumen\\NewBikeBD09032020\\app\\Http\\Middleware\\Admin.php(49): Laravel\\Lumen\\Routing\\Pipeline->Laravel\\Lumen\\Routing\\{closure}(Object(Laravel\\Lumen\\Http\\Request))
#15 C:\\xampp\\htdocs\\Lumen\\NewBikeBD09032020\\vendor\\illuminate\\pipeline\\Pipeline.php(171): App\\Http\\Middleware\\Admin->handle(Object(Laravel\\Lumen\\Http\\Request), Object(Closure))
#16 [internal function]: Illuminate\\Pipeline\\Pipeline->Illuminate\\Pipeline\\{closure}(Object(Laravel\\Lumen\\Http\\Request))
#17 C:\\xampp\\htdocs\\Lumen\\NewBikeBD09032020\\vendor\\laravel\\lumen-framework\\src\\Routing\\Pipeline.php(32): call_user_func(Object(Closure), Object(Laravel\\Lumen\\Http\\Request))
#18 C:\\xampp\\htdocs\\Lumen\\NewBikeBD09032020\\vendor\\illuminate\\pipeline\\Pipeline.php(105): Laravel\\Lumen\\Routing\\Pipeline->Laravel\\Lumen\\Routing\\{closure}(Object(Laravel\\Lumen\\Http\\Request))
#19 C:\\xampp\\htdocs\\Lumen\\NewBikeBD09032020\\vendor\\laravel\\lumen-framework\\src\\Concerns\\RoutesRequests.php(413): Illuminate\\Pipeline\\Pipeline->then(Object(Closure))
#20 C:\\xampp\\htdocs\\Lumen\\NewBikeBD09032020\\vendor\\laravel\\lumen-framework\\src\\Concerns\\RoutesRequests.php(259): Laravel\\Lumen\\Application->sendThroughPipeline(Array, Object(Closure))
#21 C:\\xampp\\htdocs\\Lumen\\NewBikeBD09032020\\vendor\\laravel\\lumen-framework\\src\\Concerns\\RoutesRequests.php(165): Laravel\\Lumen\\Application->handleFoundRoute(Array)
#22 C:\\xampp\\htdocs\\Lumen\\NewBikeBD09032020\\vendor\\laravel\\lumen-framework\\src\\Concerns\\RoutesRequests.php(416): Laravel\\Lumen\\Application->Laravel\\Lumen\\Concerns\\{closure}(Object(Laravel\\Lumen\\Http\\Request))
#23 C:\\xampp\\htdocs\\Lumen\\NewBikeBD09032020\\vendor\\laravel\\lumen-framework\\src\\Concerns\\RoutesRequests.php(171): Laravel\\Lumen\\Application->sendThroughPipeline(Array, Object(Closure))
#24 C:\\xampp\\htdocs\\Lumen\\NewBikeBD09032020\\vendor\\laravel\\lumen-framework\\src\\Concerns\\RoutesRequests.php(108): Laravel\\Lumen\\Application->dispatch(NULL)
#25 C:\\xampp\\htdocs\\Lumen\\NewBikeBD09032020\\public\\index.php(28): Laravel\\Lumen\\Application->run()
#26 {main}
"} 
[2020-03-09 12:55:38] local.ERROR: Symfony\Component\Debug\Exception\FatalThrowableError: Cannot use [] for reading in C:\xampp\htdocs\Lumen\NewBikeBD09032020\app\Http\Controllers\api\v1\admin\ProductController.php:180
Stack trace:
#0 [internal function]: App\Http\Controllers\api\v1\admin\ProductController->store(Object(Laravel\Lumen\Http\Request))
#1 C:\xampp\htdocs\Lumen\NewBikeBD09032020\vendor\illuminate\container\BoundMethod.php(32): call_user_func_array(Array, Array)
#2 C:\xampp\htdocs\Lumen\NewBikeBD09032020\vendor\illuminate\container\Util.php(36): Illuminate\Container\BoundMethod::Illuminate\Container\{closure}()
#3 C:\xampp\htdocs\Lumen\NewBikeBD09032020\vendor\illuminate\container\BoundMethod.php(90): Illuminate\Container\Util::unwrapIfClosure(Object(Closure))
#4 C:\xampp\htdocs\Lumen\NewBikeBD09032020\vendor\illuminate\container\BoundMethod.php(34): Illuminate\Container\BoundMethod::callBoundMethod(Object(Laravel\Lumen\Application), Array, Object(Closure))
#5 C:\xampp\htdocs\Lumen\NewBikeBD09032020\vendor\illuminate\container\Container.php(590): Illuminate\Container\BoundMethod::call(Object(Laravel\Lumen\Application), Array, Array, NULL)
#6 C:\xampp\htdocs\Lumen\NewBikeBD09032020\vendor\laravel\lumen-framework\src\Concerns\RoutesRequests.php(376): Illuminate\Container\Container->call(Array, Array)
#7 C:\xampp\htdocs\Lumen\NewBikeBD09032020\vendor\laravel\lumen-framework\src\Concerns\RoutesRequests.php(342): Laravel\Lumen\Application->callControllerCallable(Array, Array)
#8 C:\xampp\htdocs\Lumen\NewBikeBD09032020\vendor\laravel\lumen-framework\src\Concerns\RoutesRequests.php(316): Laravel\Lumen\Application->callLumenController(Object(App\Http\Controllers\api\v1\admin\ProductController), 'store', Array)
#9 C:\xampp\htdocs\Lumen\NewBikeBD09032020\vendor\laravel\lumen-framework\src\Concerns\RoutesRequests.php(278): Laravel\Lumen\Application->callControllerAction(Array)
#10 C:\xampp\htdocs\Lumen\NewBikeBD09032020\vendor\laravel\lumen-framework\src\Concerns\RoutesRequests.php(258): Laravel\Lumen\Application->callActionOnArrayBasedRoute(Array)
#11 [internal function]: Laravel\Lumen\Application->Laravel\Lumen\Concerns\{closure}(Object(Laravel\Lumen\Http\Request))
#12 C:\xampp\htdocs\Lumen\NewBikeBD09032020\vendor\laravel\lumen-framework\src\Routing\Pipeline.php(52): call_user_func(Object(Closure), Object(Laravel\Lumen\Http\Request))
#13 C:\xampp\htdocs\Lumen\NewBikeBD09032020\app\Http\Middleware\Admin.php(49): Laravel\Lumen\Routing\Pipeline->Laravel\Lumen\Routing\{closure}(Object(Laravel\Lumen\Http\Request))
#14 C:\xampp\htdocs\Lumen\NewBikeBD09032020\vendor\illuminate\pipeline\Pipeline.php(171): App\Http\Middleware\Admin->handle(Object(Laravel\Lumen\Http\Request), Object(Closure))
#15 [internal function]: Illuminate\Pipeline\Pipeline->Illuminate\Pipeline\{closure}(Object(Laravel\Lumen\Http\Request))
#16 C:\xampp\htdocs\Lumen\NewBikeBD09032020\vendor\laravel\lumen-framework\src\Routing\Pipeline.php(32): call_user_func(Object(Closure), Object(Laravel\Lumen\Http\Request))
#17 C:\xampp\htdocs\Lumen\NewBikeBD09032020\vendor\illuminate\pipeline\Pipeline.php(105): Laravel\Lumen\Routing\Pipeline->Laravel\Lumen\Routing\{closure}(Object(Laravel\Lumen\Http\Request))
#18 C:\xampp\htdocs\Lumen\NewBikeBD09032020\vendor\laravel\lumen-framework\src\Concerns\RoutesRequests.php(413): Illuminate\Pipeline\Pipeline->then(Object(Closure))
#19 C:\xampp\htdocs\Lumen\NewBikeBD09032020\vendor\laravel\lumen-framework\src\Concerns\RoutesRequests.php(259): Laravel\Lumen\Application->sendThroughPipeline(Array, Object(Closure))
#20 C:\xampp\htdocs\Lumen\NewBikeBD09032020\vendor\laravel\lumen-framework\src\Concerns\RoutesRequests.php(165): Laravel\Lumen\Application->handleFoundRoute(Array)
#21 C:\xampp\htdocs\Lumen\NewBikeBD09032020\vendor\laravel\lumen-framework\src\Concerns\RoutesRequests.php(416): Laravel\Lumen\Application->Laravel\Lumen\Concerns\{closure}(Object(Laravel\Lumen\Http\Request))
#22 C:\xampp\htdocs\Lumen\NewBikeBD09032020\vendor\laravel\lumen-framework\src\Concerns\RoutesRequests.php(171): Laravel\Lumen\Application->sendThroughPipeline(Array, Object(Closure))
#23 C:\xampp\htdocs\Lumen\NewBikeBD09032020\vendor\laravel\lumen-framework\src\Concerns\RoutesRequests.php(108): Laravel\Lumen\Application->dispatch(NULL)
#24 C:\xampp\htdocs\Lumen\NewBikeBD09032020\public\index.php(28): Laravel\Lumen\Application->run()
#25 {main} {"exception":"[object] (Symfony\\Component\\Debug\\Exception\\FatalThrowableError(code: 0): Cannot use [] for reading at C:\\xampp\\htdocs\\Lumen\\NewBikeBD09032020\\app\\Http\\Controllers\\api\\v1\\admin\\ProductController.php:180)
[stacktrace]
#0 [internal function]: App\\Http\\Controllers\\api\\v1\\admin\\ProductController->store(Object(Laravel\\Lumen\\Http\\Request))
#1 C:\\xampp\\htdocs\\Lumen\\NewBikeBD09032020\\vendor\\illuminate\\container\\BoundMethod.php(32): call_user_func_array(Array, Array)
#2 C:\\xampp\\htdocs\\Lumen\\NewBikeBD09032020\\vendor\\illuminate\\container\\Util.php(36): Illuminate\\Container\\BoundMethod::Illuminate\\Container\\{closure}()
#3 C:\\xampp\\htdocs\\Lumen\\NewBikeBD09032020\\vendor\\illuminate\\container\\BoundMethod.php(90): Illuminate\\Container\\Util::unwrapIfClosure(Object(Closure))
#4 C:\\xampp\\htdocs\\Lumen\\NewBikeBD09032020\\vendor\\illuminate\\container\\BoundMethod.php(34): Illuminate\\Container\\BoundMethod::callBoundMethod(Object(Laravel\\Lumen\\Application), Array, Object(Closure))
#5 C:\\xampp\\htdocs\\Lumen\\NewBikeBD09032020\\vendor\\illuminate\\container\\Container.php(590): Illuminate\\Container\\BoundMethod::call(Object(Laravel\\Lumen\\Application), Array, Array, NULL)
#6 C:\\xampp\\htdocs\\Lumen\\NewBikeBD09032020\\vendor\\laravel\\lumen-framework\\src\\Concerns\\RoutesRequests.php(376): Illuminate\\Container\\Container->call(Array, Array)
#7 C:\\xampp\\htdocs\\Lumen\\NewBikeBD09032020\\vendor\\laravel\\lumen-framework\\src\\Concerns\\RoutesRequests.php(342): Laravel\\Lumen\\Application->callControllerCallable(Array, Array)
#8 C:\\xampp\\htdocs\\Lumen\\NewBikeBD09032020\\vendor\\laravel\\lumen-framework\\src\\Concerns\\RoutesRequests.php(316): Laravel\\Lumen\\Application->callLumenController(Object(App\\Http\\Controllers\\api\\v1\\admin\\ProductController), 'store', Array)
#9 C:\\xampp\\htdocs\\Lumen\\NewBikeBD09032020\\vendor\\laravel\\lumen-framework\\src\\Concerns\\RoutesRequests.php(278): Laravel\\Lumen\\Application->callControllerAction(Array)
#10 C:\\xampp\\htdocs\\Lumen\\NewBikeBD09032020\\vendor\\laravel\\lumen-framework\\src\\Concerns\\RoutesRequests.php(258): Laravel\\Lumen\\Application->callActionOnArrayBasedRoute(Array)
#11 [internal function]: Laravel\\Lumen\\Application->Laravel\\Lumen\\Concerns\\{closure}(Object(Laravel\\Lumen\\Http\\Request))
#12 C:\\xampp\\htdocs\\Lumen\\NewBikeBD09032020\\vendor\\laravel\\lumen-framework\\src\\Routing\\Pipeline.php(52): call_user_func(Object(Closure), Object(Laravel\\Lumen\\Http\\Request))
#13 C:\\xampp\\htdocs\\Lumen\\NewBikeBD09032020\\app\\Http\\Middleware\\Admin.php(49): Laravel\\Lumen\\Routing\\Pipeline->Laravel\\Lumen\\Routing\\{closure}(Object(Laravel\\Lumen\\Http\\Request))
#14 C:\\xampp\\htdocs\\Lumen\\NewBikeBD09032020\\vendor\\illuminate\\pipeline\\Pipeline.php(171): App\\Http\\Middleware\\Admin->handle(Object(Laravel\\Lumen\\Http\\Request), Object(Closure))
#15 [internal function]: Illuminate\\Pipeline\\Pipeline->Illuminate\\Pipeline\\{closure}(Object(Laravel\\Lumen\\Http\\Request))
#16 C:\\xampp\\htdocs\\Lumen\\NewBikeBD09032020\\vendor\\laravel\\lumen-framework\\src\\Routing\\Pipeline.php(32): call_user_func(Object(Closure), Object(Laravel\\Lumen\\Http\\Request))
#17 C:\\xampp\\htdocs\\Lumen\\NewBikeBD09032020\\vendor\\illuminate\\pipeline\\Pipeline.php(105): Laravel\\Lumen\\Routing\\Pipeline->Laravel\\Lumen\\Routing\\{closure}(Object(Laravel\\Lumen\\Http\\Request))
#18 C:\\xampp\\htdocs\\Lumen\\NewBikeBD09032020\\vendor\\laravel\\lumen-framework\\src\\Concerns\\RoutesRequests.php(413): Illuminate\\Pipeline\\Pipeline->then(Object(Closure))
#19 C:\\xampp\\htdocs\\Lumen\\NewBikeBD09032020\\vendor\\laravel\\lumen-framework\\src\\Concerns\\RoutesRequests.php(259): Laravel\\Lumen\\Application->sendThroughPipeline(Array, Object(Closure))
#20 C:\\xampp\\htdocs\\Lumen\\NewBikeBD09032020\\vendor\\laravel\\lumen-framework\\src\\Concerns\\RoutesRequests.php(165): Laravel\\Lumen\\Application->handleFoundRoute(Array)
#21 C:\\xampp\\htdocs\\Lumen\\NewBikeBD09032020\\vendor\\laravel\\lumen-framework\\src\\Concerns\\RoutesRequests.php(416): Laravel\\Lumen\\Application->Laravel\\Lumen\\Concerns\\{closure}(Object(Laravel\\Lumen\\Http\\Request))
#22 C:\\xampp\\htdocs\\Lumen\\NewBikeBD09032020\\vendor\\laravel\\lumen-framework\\src\\Concerns\\RoutesRequests.php(171): Laravel\\Lumen\\Application->sendThroughPipeline(Array, Object(Closure))
#23 C:\\xampp\\htdocs\\Lumen\\NewBikeBD09032020\\vendor\\laravel\\lumen-framework\\src\\Concerns\\RoutesRequests.php(108): Laravel\\Lumen\\Application->dispatch(NULL)
#24 C:\\xampp\\htdocs\\Lumen\\NewBikeBD09032020\\public\\index.php(28): Laravel\\Lumen\\Application->run()
#25 {main}
"} 
[2020-03-09 13:11:28] local.ERROR: ErrorException: Illegal offset type in C:\xampp\htdocs\Lumen\NewBikeBD09032020\app\Http\Controllers\api\v1\admin\ProductController.php:109
Stack trace:
#0 C:\xampp\htdocs\Lumen\NewBikeBD09032020\app\Http\Controllers\api\v1\admin\ProductController.php(109): Laravel\Lumen\Application->Laravel\Lumen\Concerns\{closure}(2, 'Illegal offset ...', 'C:\\xampp\\htdocs...', 109, Array)
#1 [internal function]: App\Http\Controllers\api\v1\admin\ProductController->store(Object(Laravel\Lumen\Http\Request))
#2 C:\xampp\htdocs\Lumen\NewBikeBD09032020\vendor\illuminate\container\BoundMethod.php(32): call_user_func_array(Array, Array)
#3 C:\xampp\htdocs\Lumen\NewBikeBD09032020\vendor\illuminate\container\Util.php(36): Illuminate\Container\BoundMethod::Illuminate\Container\{closure}()
#4 C:\xampp\htdocs\Lumen\NewBikeBD09032020\vendor\illuminate\container\BoundMethod.php(90): Illuminate\Container\Util::unwrapIfClosure(Object(Closure))
#5 C:\xampp\htdocs\Lumen\NewBikeBD09032020\vendor\illuminate\container\BoundMethod.php(34): Illuminate\Container\BoundMethod::callBoundMethod(Object(Laravel\Lumen\Application), Array, Object(Closure))
#6 C:\xampp\htdocs\Lumen\NewBikeBD09032020\vendor\illuminate\container\Container.php(590): Illuminate\Container\BoundMethod::call(Object(Laravel\Lumen\Application), Array, Array, NULL)
#7 C:\xampp\htdocs\Lumen\NewBikeBD09032020\vendor\laravel\lumen-framework\src\Concerns\RoutesRequests.php(376): Illuminate\Container\Container->call(Array, Array)
#8 C:\xampp\htdocs\Lumen\NewBikeBD09032020\vendor\laravel\lumen-framework\src\Concerns\RoutesRequests.php(342): Laravel\Lumen\Application->callControllerCallable(Array, Array)
#9 C:\xampp\htdocs\Lumen\NewBikeBD09032020\vendor\laravel\lumen-framework\src\Concerns\RoutesRequests.php(316): Laravel\Lumen\Application->callLumenController(Object(App\Http\Controllers\api\v1\admin\ProductController), 'store', Array)
#10 C:\xampp\htdocs\Lumen\NewBikeBD09032020\vendor\laravel\lumen-framework\src\Concerns\RoutesRequests.php(278): Laravel\Lumen\Application->callControllerAction(Array)
#11 C:\xampp\htdocs\Lumen\NewBikeBD09032020\vendor\laravel\lumen-framework\src\Concerns\RoutesRequests.php(258): Laravel\Lumen\Application->callActionOnArrayBasedRoute(Array)
#12 [internal function]: Laravel\Lumen\Application->Laravel\Lumen\Concerns\{closure}(Object(Laravel\Lumen\Http\Request))
#13 C:\xampp\htdocs\Lumen\NewBikeBD09032020\vendor\laravel\lumen-framework\src\Routing\Pipeline.php(52): call_user_func(Object(Closure), Object(Laravel\Lumen\Http\Request))
#14 C:\xampp\htdocs\Lumen\NewBikeBD09032020\app\Http\Middleware\Admin.php(49): Laravel\Lumen\Routing\Pipeline->Laravel\Lumen\Routing\{closure}(Object(Laravel\Lumen\Http\Request))
#15 C:\xampp\htdocs\Lumen\NewBikeBD09032020\vendor\illuminate\pipeline\Pipeline.php(171): App\Http\Middleware\Admin->handle(Object(Laravel\Lumen\Http\Request), Object(Closure))
#16 [internal function]: Illuminate\Pipeline\Pipeline->Illuminate\Pipeline\{closure}(Object(Laravel\Lumen\Http\Request))
#17 C:\xampp\htdocs\Lumen\NewBikeBD09032020\vendor\laravel\lumen-framework\src\Routing\Pipeline.php(32): call_user_func(Object(Closure), Object(Laravel\Lumen\Http\Request))
#18 C:\xampp\htdocs\Lumen\NewBikeBD09032020\vendor\illuminate\pipeline\Pipeline.php(105): Laravel\Lumen\Routing\Pipeline->Laravel\Lumen\Routing\{closure}(Object(Laravel\Lumen\Http\Request))
#19 C:\xampp\htdocs\Lumen\NewBikeBD09032020\vendor\laravel\lumen-framework\src\Concerns\RoutesRequests.php(413): Illuminate\Pipeline\Pipeline->then(Object(Closure))
#20 C:\xampp\htdocs\Lumen\NewBikeBD09032020\vendor\laravel\lumen-framework\src\Concerns\RoutesRequests.php(259): Laravel\Lumen\Application->sendThroughPipeline(Array, Object(Closure))
#21 C:\xampp\htdocs\Lumen\NewBikeBD09032020\vendor\laravel\lumen-framework\src\Concerns\RoutesRequests.php(165): Laravel\Lumen\Application->handleFoundRoute(Array)
#22 C:\xampp\htdocs\Lumen\NewBikeBD09032020\vendor\laravel\lumen-framework\src\Concerns\RoutesRequests.php(416): Laravel\Lumen\Application->Laravel\Lumen\Concerns\{closure}(Object(Laravel\Lumen\Http\Request))
#23 C:\xampp\htdocs\Lumen\NewBikeBD09032020\vendor\laravel\lumen-framework\src\Concerns\RoutesRequests.php(171): Laravel\Lumen\Application->sendThroughPipeline(Array, Object(Closure))
#24 C:\xampp\htdocs\Lumen\NewBikeBD09032020\vendor\laravel\lumen-framework\src\Concerns\RoutesRequests.php(108): Laravel\Lumen\Application->dispatch(NULL)
#25 C:\xampp\htdocs\Lumen\NewBikeBD09032020\public\index.php(28): Laravel\Lumen\Application->run()
#26 {main} {"exception":"[object] (ErrorException(code: 0): Illegal offset type at C:\\xampp\\htdocs\\Lumen\\NewBikeBD09032020\\app\\Http\\Controllers\\api\\v1\\admin\\ProductController.php:109)
[stacktrace]
#0 C:\\xampp\\htdocs\\Lumen\\NewBikeBD09032020\\app\\Http\\Controllers\\api\\v1\\admin\\ProductController.php(109): Laravel\\Lumen\\Application->Laravel\\Lumen\\Concerns\\{closure}(2, 'Illegal offset ...', 'C:\\\\xampp\\\\htdocs...', 109, Array)
#1 [internal function]: App\\Http\\Controllers\\api\\v1\\admin\\ProductController->store(Object(Laravel\\Lumen\\Http\\Request))
#2 C:\\xampp\\htdocs\\Lumen\\NewBikeBD09032020\\vendor\\illuminate\\container\\BoundMethod.php(32): call_user_func_array(Array, Array)
#3 C:\\xampp\\htdocs\\Lumen\\NewBikeBD09032020\\vendor\\illuminate\\container\\Util.php(36): Illuminate\\Container\\BoundMethod::Illuminate\\Container\\{closure}()
#4 C:\\xampp\\htdocs\\Lumen\\NewBikeBD09032020\\vendor\\illuminate\\container\\BoundMethod.php(90): Illuminate\\Container\\Util::unwrapIfClosure(Object(Closure))
#5 C:\\xampp\\htdocs\\Lumen\\NewBikeBD09032020\\vendor\\illuminate\\container\\BoundMethod.php(34): Illuminate\\Container\\BoundMethod::callBoundMethod(Object(Laravel\\Lumen\\Application), Array, Object(Closure))
#6 C:\\xampp\\htdocs\\Lumen\\NewBikeBD09032020\\vendor\\illuminate\\container\\Container.php(590): Illuminate\\Container\\BoundMethod::call(Object(Laravel\\Lumen\\Application), Array, Array, NULL)
#7 C:\\xampp\\htdocs\\Lumen\\NewBikeBD09032020\\vendor\\laravel\\lumen-framework\\src\\Concerns\\RoutesRequests.php(376): Illuminate\\Container\\Container->call(Array, Array)
#8 C:\\xampp\\htdocs\\Lumen\\NewBikeBD09032020\\vendor\\laravel\\lumen-framework\\src\\Concerns\\RoutesRequests.php(342): Laravel\\Lumen\\Application->callControllerCallable(Array, Array)
#9 C:\\xampp\\htdocs\\Lumen\\NewBikeBD09032020\\vendor\\laravel\\lumen-framework\\src\\Concerns\\RoutesRequests.php(316): Laravel\\Lumen\\Application->callLumenController(Object(App\\Http\\Controllers\\api\\v1\\admin\\ProductController), 'store', Array)
#10 C:\\xampp\\htdocs\\Lumen\\NewBikeBD09032020\\vendor\\laravel\\lumen-framework\\src\\Concerns\\RoutesRequests.php(278): Laravel\\Lumen\\Application->callControllerAction(Array)
#11 C:\\xampp\\htdocs\\Lumen\\NewBikeBD09032020\\vendor\\laravel\\lumen-framework\\src\\Concerns\\RoutesRequests.php(258): Laravel\\Lumen\\Application->callActionOnArrayBasedRoute(Array)
#12 [internal function]: Laravel\\Lumen\\Application->Laravel\\Lumen\\Concerns\\{closure}(Object(Laravel\\Lumen\\Http\\Request))
#13 C:\\xampp\\htdocs\\Lumen\\NewBikeBD09032020\\vendor\\laravel\\lumen-framework\\src\\Routing\\Pipeline.php(52): call_user_func(Object(Closure), Object(Laravel\\Lumen\\Http\\Request))
#14 C:\\xampp\\htdocs\\Lumen\\NewBikeBD09032020\\app\\Http\\Middleware\\Admin.php(49): Laravel\\Lumen\\Routing\\Pipeline->Laravel\\Lumen\\Routing\\{closure}(Object(Laravel\\Lumen\\Http\\Request))
#15 C:\\xampp\\htdocs\\Lumen\\NewBikeBD09032020\\vendor\\illuminate\\pipeline\\Pipeline.php(171): App\\Http\\Middleware\\Admin->handle(Object(Laravel\\Lumen\\Http\\Request), Object(Closure))
#16 [internal function]: Illuminate\\Pipeline\\Pipeline->Illuminate\\Pipeline\\{closure}(Object(Laravel\\Lumen\\Http\\Request))
#17 C:\\xampp\\htdocs\\Lumen\\NewBikeBD09032020\\vendor\\laravel\\lumen-framework\\src\\Routing\\Pipeline.php(32): call_user_func(Object(Closure), Object(Laravel\\Lumen\\Http\\Request))
#18 C:\\xampp\\htdocs\\Lumen\\NewBikeBD09032020\\vendor\\illuminate\\pipeline\\Pipeline.php(105): Laravel\\Lumen\\Routing\\Pipeline->Laravel\\Lumen\\Routing\\{closure}(Object(Laravel\\Lumen\\Http\\Request))
#19 C:\\xampp\\htdocs\\Lumen\\NewBikeBD09032020\\vendor\\laravel\\lumen-framework\\src\\Concerns\\RoutesRequests.php(413): Illuminate\\Pipeline\\Pipeline->then(Object(Closure))
#20 C:\\xampp\\htdocs\\Lumen\\NewBikeBD09032020\\vendor\\laravel\\lumen-framework\\src\\Concerns\\RoutesRequests.php(259): Laravel\\Lumen\\Application->sendThroughPipeline(Array, Object(Closure))
#21 C:\\xampp\\htdocs\\Lumen\\NewBikeBD09032020\\vendor\\laravel\\lumen-framework\\src\\Concerns\\RoutesRequests.php(165): Laravel\\Lumen\\Application->handleFoundRoute(Array)
#22 C:\\xampp\\htdocs\\Lumen\\NewBikeBD09032020\\vendor\\laravel\\lumen-framework\\src\\Concerns\\RoutesRequests.php(416): Laravel\\Lumen\\Application->Laravel\\Lumen\\Concerns\\{closure}(Object(Laravel\\Lumen\\Http\\Request))
#23 C:\\xampp\\htdocs\\Lumen\\NewBikeBD09032020\\vendor\\laravel\\lumen-framework\\src\\Concerns\\RoutesRequests.php(171): Laravel\\Lumen\\Application->sendThroughPipeline(Array, Object(Closure))
#24 C:\\xampp\\htdocs\\Lumen\\NewBikeBD09032020\\vendor\\laravel\\lumen-framework\\src\\Concerns\\RoutesRequests.php(108): Laravel\\Lumen\\Application->dispatch(NULL)
#25 C:\\xampp\\htdocs\\Lumen\\NewBikeBD09032020\\public\\index.php(28): Laravel\\Lumen\\Application->run()
#26 {main}
"} 
[2020-03-09 13:15:24] local.ERROR: ErrorException: Illegal offset type in C:\xampp\htdocs\Lumen\NewBikeBD09032020\app\Http\Controllers\api\v1\admin\ProductController.php:109
Stack trace:
#0 C:\xampp\htdocs\Lumen\NewBikeBD09032020\app\Http\Controllers\api\v1\admin\ProductController.php(109): Laravel\Lumen\Application->Laravel\Lumen\Concerns\{closure}(2, 'Illegal offset ...', 'C:\\xampp\\htdocs...', 109, Array)
#1 [internal function]: App\Http\Controllers\api\v1\admin\ProductController->store(Object(Laravel\Lumen\Http\Request))
#2 C:\xampp\htdocs\Lumen\NewBikeBD09032020\vendor\illuminate\container\BoundMethod.php(32): call_user_func_array(Array, Array)
#3 C:\xampp\htdocs\Lumen\NewBikeBD09032020\vendor\illuminate\container\Util.php(36): Illuminate\Container\BoundMethod::Illuminate\Container\{closure}()
#4 C:\xampp\htdocs\Lumen\NewBikeBD09032020\vendor\illuminate\container\BoundMethod.php(90): Illuminate\Container\Util::unwrapIfClosure(Object(Closure))
#5 C:\xampp\htdocs\Lumen\NewBikeBD09032020\vendor\illuminate\container\BoundMethod.php(34): Illuminate\Container\BoundMethod::callBoundMethod(Object(Laravel\Lumen\Application), Array, Object(Closure))
#6 C:\xampp\htdocs\Lumen\NewBikeBD09032020\vendor\illuminate\container\Container.php(590): Illuminate\Container\BoundMethod::call(Object(Laravel\Lumen\Application), Array, Array, NULL)
#7 C:\xampp\htdocs\Lumen\NewBikeBD09032020\vendor\laravel\lumen-framework\src\Concerns\RoutesRequests.php(376): Illuminate\Container\Container->call(Array, Array)
#8 C:\xampp\htdocs\Lumen\NewBikeBD09032020\vendor\laravel\lumen-framework\src\Concerns\RoutesRequests.php(342): Laravel\Lumen\Application->callControllerCallable(Array, Array)
#9 C:\xampp\htdocs\Lumen\NewBikeBD09032020\vendor\laravel\lumen-framework\src\Concerns\RoutesRequests.php(316): Laravel\Lumen\Application->callLumenController(Object(App\Http\Controllers\api\v1\admin\ProductController), 'store', Array)
#10 C:\xampp\htdocs\Lumen\NewBikeBD09032020\vendor\laravel\lumen-framework\src\Concerns\RoutesRequests.php(278): Laravel\Lumen\Application->callControllerAction(Array)
#11 C:\xampp\htdocs\Lumen\NewBikeBD09032020\vendor\laravel\lumen-framework\src\Concerns\RoutesRequests.php(258): Laravel\Lumen\Application->callActionOnArrayBasedRoute(Array)
#12 [internal function]: Laravel\Lumen\Application->Laravel\Lumen\Concerns\{closure}(Object(Laravel\Lumen\Http\Request))
#13 C:\xampp\htdocs\Lumen\NewBikeBD09032020\vendor\laravel\lumen-framework\src\Routing\Pipeline.php(52): call_user_func(Object(Closure), Object(Laravel\Lumen\Http\Request))
#14 C:\xampp\htdocs\Lumen\NewBikeBD09032020\app\Http\Middleware\Admin.php(49): Laravel\Lumen\Routing\Pipeline->Laravel\Lumen\Routing\{closure}(Object(Laravel\Lumen\Http\Request))
#15 C:\xampp\htdocs\Lumen\NewBikeBD09032020\vendor\illuminate\pipeline\Pipeline.php(171): App\Http\Middleware\Admin->handle(Object(Laravel\Lumen\Http\Request), Object(Closure))
#16 [internal function]: Illuminate\Pipeline\Pipeline->Illuminate\Pipeline\{closure}(Object(Laravel\Lumen\Http\Request))
#17 C:\xampp\htdocs\Lumen\NewBikeBD09032020\vendor\laravel\lumen-framework\src\Routing\Pipeline.php(32): call_user_func(Object(Closure), Object(Laravel\Lumen\Http\Request))
#18 C:\xampp\htdocs\Lumen\NewBikeBD09032020\vendor\illuminate\pipeline\Pipeline.php(105): Laravel\Lumen\Routing\Pipeline->Laravel\Lumen\Routing\{closure}(Object(Laravel\Lumen\Http\Request))
#19 C:\xampp\htdocs\Lumen\NewBikeBD09032020\vendor\laravel\lumen-framework\src\Concerns\RoutesRequests.php(413): Illuminate\Pipeline\Pipeline->then(Object(Closure))
#20 C:\xampp\htdocs\Lumen\NewBikeBD09032020\vendor\laravel\lumen-framework\src\Concerns\RoutesRequests.php(259): Laravel\Lumen\Application->sendThroughPipeline(Array, Object(Closure))
#21 C:\xampp\htdocs\Lumen\NewBikeBD09032020\vendor\laravel\lumen-framework\src\Concerns\RoutesRequests.php(165): Laravel\Lumen\Application->handleFoundRoute(Array)
#22 C:\xampp\htdocs\Lumen\NewBikeBD09032020\vendor\laravel\lumen-framework\src\Concerns\RoutesRequests.php(416): Laravel\Lumen\Application->Laravel\Lumen\Concerns\{closure}(Object(Laravel\Lumen\Http\Request))
#23 C:\xampp\htdocs\Lumen\NewBikeBD09032020\vendor\laravel\lumen-framework\src\Concerns\RoutesRequests.php(171): Laravel\Lumen\Application->sendThroughPipeline(Array, Object(Closure))
#24 C:\xampp\htdocs\Lumen\NewBikeBD09032020\vendor\laravel\lumen-framework\src\Concerns\RoutesRequests.php(108): Laravel\Lumen\Application->dispatch(NULL)
#25 C:\xampp\htdocs\Lumen\NewBikeBD09032020\public\index.php(28): Laravel\Lumen\Application->run()
#26 {main} {"exception":"[object] (ErrorException(code: 0): Illegal offset type at C:\\xampp\\htdocs\\Lumen\\NewBikeBD09032020\\app\\Http\\Controllers\\api\\v1\\admin\\ProductController.php:109)
[stacktrace]
#0 C:\\xampp\\htdocs\\Lumen\\NewBikeBD09032020\\app\\Http\\Controllers\\api\\v1\\admin\\ProductController.php(109): Laravel\\Lumen\\Application->Laravel\\Lumen\\Concerns\\{closure}(2, 'Illegal offset ...', 'C:\\\\xampp\\\\htdocs...', 109, Array)
#1 [internal function]: App\\Http\\Controllers\\api\\v1\\admin\\ProductController->store(Object(Laravel\\Lumen\\Http\\Request))
#2 C:\\xampp\\htdocs\\Lumen\\NewBikeBD09032020\\vendor\\illuminate\\container\\BoundMethod.php(32): call_user_func_array(Array, Array)
#3 C:\\xampp\\htdocs\\Lumen\\NewBikeBD09032020\\vendor\\illuminate\\container\\Util.php(36): Illuminate\\Container\\BoundMethod::Illuminate\\Container\\{closure}()
#4 C:\\xampp\\htdocs\\Lumen\\NewBikeBD09032020\\vendor\\illuminate\\container\\BoundMethod.php(90): Illuminate\\Container\\Util::unwrapIfClosure(Object(Closure))
#5 C:\\xampp\\htdocs\\Lumen\\NewBikeBD09032020\\vendor\\illuminate\\container\\BoundMethod.php(34): Illuminate\\Container\\BoundMethod::callBoundMethod(Object(Laravel\\Lumen\\Application), Array, Object(Closure))
#6 C:\\xampp\\htdocs\\Lumen\\NewBikeBD09032020\\vendor\\illuminate\\container\\Container.php(590): Illuminate\\Container\\BoundMethod::call(Object(Laravel\\Lumen\\Application), Array, Array, NULL)
#7 C:\\xampp\\htdocs\\Lumen\\NewBikeBD09032020\\vendor\\laravel\\lumen-framework\\src\\Concerns\\RoutesRequests.php(376): Illuminate\\Container\\Container->call(Array, Array)
#8 C:\\xampp\\htdocs\\Lumen\\NewBikeBD09032020\\vendor\\laravel\\lumen-framework\\src\\Concerns\\RoutesRequests.php(342): Laravel\\Lumen\\Application->callControllerCallable(Array, Array)
#9 C:\\xampp\\htdocs\\Lumen\\NewBikeBD09032020\\vendor\\laravel\\lumen-framework\\src\\Concerns\\RoutesRequests.php(316): Laravel\\Lumen\\Application->callLumenController(Object(App\\Http\\Controllers\\api\\v1\\admin\\ProductController), 'store', Array)
#10 C:\\xampp\\htdocs\\Lumen\\NewBikeBD09032020\\vendor\\laravel\\lumen-framework\\src\\Concerns\\RoutesRequests.php(278): Laravel\\Lumen\\Application->callControllerAction(Array)
#11 C:\\xampp\\htdocs\\Lumen\\NewBikeBD09032020\\vendor\\laravel\\lumen-framework\\src\\Concerns\\RoutesRequests.php(258): Laravel\\Lumen\\Application->callActionOnArrayBasedRoute(Array)
#12 [internal function]: Laravel\\Lumen\\Application->Laravel\\Lumen\\Concerns\\{closure}(Object(Laravel\\Lumen\\Http\\Request))
#13 C:\\xampp\\htdocs\\Lumen\\NewBikeBD09032020\\vendor\\laravel\\lumen-framework\\src\\Routing\\Pipeline.php(52): call_user_func(Object(Closure), Object(Laravel\\Lumen\\Http\\Request))
#14 C:\\xampp\\htdocs\\Lumen\\NewBikeBD09032020\\app\\Http\\Middleware\\Admin.php(49): Laravel\\Lumen\\Routing\\Pipeline->Laravel\\Lumen\\Routing\\{closure}(Object(Laravel\\Lumen\\Http\\Request))
#15 C:\\xampp\\htdocs\\Lumen\\NewBikeBD09032020\\vendor\\illuminate\\pipeline\\Pipeline.php(171): App\\Http\\Middleware\\Admin->handle(Object(Laravel\\Lumen\\Http\\Request), Object(Closure))
#16 [internal function]: Illuminate\\Pipeline\\Pipeline->Illuminate\\Pipeline\\{closure}(Object(Laravel\\Lumen\\Http\\Request))
#17 C:\\xampp\\htdocs\\Lumen\\NewBikeBD09032020\\vendor\\laravel\\lumen-framework\\src\\Routing\\Pipeline.php(32): call_user_func(Object(Closure), Object(Laravel\\Lumen\\Http\\Request))
#18 C:\\xampp\\htdocs\\Lumen\\NewBikeBD09032020\\vendor\\illuminate\\pipeline\\Pipeline.php(105): Laravel\\Lumen\\Routing\\Pipeline->Laravel\\Lumen\\Routing\\{closure}(Object(Laravel\\Lumen\\Http\\Request))
#19 C:\\xampp\\htdocs\\Lumen\\NewBikeBD09032020\\vendor\\laravel\\lumen-framework\\src\\Concerns\\RoutesRequests.php(413): Illuminate\\Pipeline\\Pipeline->then(Object(Closure))
#20 C:\\xampp\\htdocs\\Lumen\\NewBikeBD09032020\\vendor\\laravel\\lumen-framework\\src\\Concerns\\RoutesRequests.php(259): Laravel\\Lumen\\Application->sendThroughPipeline(Array, Object(Closure))
#21 C:\\xampp\\htdocs\\Lumen\\NewBikeBD09032020\\vendor\\laravel\\lumen-framework\\src\\Concerns\\RoutesRequests.php(165): Laravel\\Lumen\\Application->handleFoundRoute(Array)
#22 C:\\xampp\\htdocs\\Lumen\\NewBikeBD09032020\\vendor\\laravel\\lumen-framework\\src\\Concerns\\RoutesRequests.php(416): Laravel\\Lumen\\Application->Laravel\\Lumen\\Concerns\\{closure}(Object(Laravel\\Lumen\\Http\\Request))
#23 C:\\xampp\\htdocs\\Lumen\\NewBikeBD09032020\\vendor\\laravel\\lumen-framework\\src\\Concerns\\RoutesRequests.php(171): Laravel\\Lumen\\Application->sendThroughPipeline(Array, Object(Closure))
#24 C:\\xampp\\htdocs\\Lumen\\NewBikeBD09032020\\vendor\\laravel\\lumen-framework\\src\\Concerns\\RoutesRequests.php(108): Laravel\\Lumen\\Application->dispatch(NULL)
#25 C:\\xampp\\htdocs\\Lumen\\NewBikeBD09032020\\public\\index.php(28): Laravel\\Lumen\\Application->run()
#26 {main}
"} 
