[2020-02-18 05:28:55] local.ERROR: PDOException: SQLSTATE[HY000] [2002] No connection could be made because the target machine actively refused it.
 in C:\xampp\htdocs\Lumen\NewBikeBD18022020\vendor\illuminate\database\Connectors\Connector.php:70
Stack trace:
#0 C:\xampp\htdocs\Lumen\NewBikeBD18022020\vendor\illuminate\database\Connectors\Connector.php(70): PDO->__construct('mysql:host=127....', 'root', '', Array)
#1 C:\xampp\htdocs\Lumen\NewBikeBD18022020\vendor\illuminate\database\Connectors\Connector.php(46): Illuminate\Database\Connectors\Connector->createPdoConnection('mysql:host=127....', 'root', '', Array)
#2 C:\xampp\htdocs\Lumen\NewBikeBD18022020\vendor\illuminate\database\Connectors\MySqlConnector.php(24): Illuminate\Database\Connectors\Connector->createConnection('mysql:host=127....', Array, Array)
#3 C:\xampp\htdocs\Lumen\NewBikeBD18022020\vendor\illuminate\database\Connectors\ConnectionFactory.php(182): Illuminate\Database\Connectors\MySqlConnector->connect(Array)
#4 [internal function]: Illuminate\Database\Connectors\ConnectionFactory->Illuminate\Database\Connectors\{closure}()
#5 C:\xampp\htdocs\Lumen\NewBikeBD18022020\vendor\illuminate\database\Connection.php(924): call_user_func(Object(Closure))
#6 C:\xampp\htdocs\Lumen\NewBikeBD18022020\vendor\illuminate\database\Connection.php(959): Illuminate\Database\Connection->getPdo()
#7 C:\xampp\htdocs\Lumen\NewBikeBD18022020\vendor\illuminate\database\Connection.php(404): Illuminate\Database\Connection->getReadPdo()
#8 C:\xampp\htdocs\Lumen\NewBikeBD18022020\vendor\illuminate\database\Connection.php(330): Illuminate\Database\Connection->getPdoForSelect(true)
#9 C:\xampp\htdocs\Lumen\NewBikeBD18022020\vendor\illuminate\database\Connection.php(662): Illuminate\Database\Connection->Illuminate\Database\{closure}('select * from `...', Array)
#10 C:\xampp\htdocs\Lumen\NewBikeBD18022020\vendor\illuminate\database\Connection.php(629): Illuminate\Database\Connection->runQueryCallback('select * from `...', Array, Object(Closure))
#11 C:\xampp\htdocs\Lumen\NewBikeBD18022020\vendor\illuminate\database\Connection.php(338): Illuminate\Database\Connection->run('select * from `...', Array, Object(Closure))
#12 C:\xampp\htdocs\Lumen\NewBikeBD18022020\vendor\illuminate\database\Query\Builder.php(2132): Illuminate\Database\Connection->select('select * from `...', Array, true)
#13 C:\xampp\htdocs\Lumen\NewBikeBD18022020\vendor\illuminate\database\Query\Builder.php(2120): Illuminate\Database\Query\Builder->runSelect()
#14 C:\xampp\htdocs\Lumen\NewBikeBD18022020\vendor\illuminate\database\Query\Builder.php(2592): Illuminate\Database\Query\Builder->Illuminate\Database\Query\{closure}()
#15 C:\xampp\htdocs\Lumen\NewBikeBD18022020\vendor\illuminate\database\Query\Builder.php(2121): Illuminate\Database\Query\Builder->onceWithColumns(Array, Object(Closure))
#16 C:\xampp\htdocs\Lumen\NewBikeBD18022020\vendor\illuminate\database\Eloquent\Builder.php(537): Illuminate\Database\Query\Builder->get(Array)
#17 C:\xampp\htdocs\Lumen\NewBikeBD18022020\vendor\illuminate\database\Eloquent\Builder.php(521): Illuminate\Database\Eloquent\Builder->getModels(Array)
#18 C:\xampp\htdocs\Lumen\NewBikeBD18022020\app\Http\Controllers\PageController.php(19): Illuminate\Database\Eloquent\Builder->get()
#19 [internal function]: App\Http\Controllers\PageController->index()
#20 C:\xampp\htdocs\Lumen\NewBikeBD18022020\vendor\illuminate\container\BoundMethod.php(32): call_user_func_array(Array, Array)
#21 C:\xampp\htdocs\Lumen\NewBikeBD18022020\vendor\illuminate\container\Util.php(36): Illuminate\Container\BoundMethod::Illuminate\Container\{closure}()
#22 C:\xampp\htdocs\Lumen\NewBikeBD18022020\vendor\illuminate\container\BoundMethod.php(90): Illuminate\Container\Util::unwrapIfClosure(Object(Closure))
#23 C:\xampp\htdocs\Lumen\NewBikeBD18022020\vendor\illuminate\container\BoundMethod.php(34): Illuminate\Container\BoundMethod::callBoundMethod(Object(Laravel\Lumen\Application), Array, Object(Closure))
#24 C:\xampp\htdocs\Lumen\NewBikeBD18022020\vendor\illuminate\container\Container.php(590): Illuminate\Container\BoundMethod::call(Object(Laravel\Lumen\Application), Array, Array, NULL)
#25 C:\xampp\htdocs\Lumen\NewBikeBD18022020\vendor\laravel\lumen-framework\src\Concerns\RoutesRequests.php(376): Illuminate\Container\Container->call(Array, Array)
#26 C:\xampp\htdocs\Lumen\NewBikeBD18022020\vendor\laravel\lumen-framework\src\Concerns\RoutesRequests.php(342): Laravel\Lumen\Application->callControllerCallable(Array, Array)
#27 C:\xampp\htdocs\Lumen\NewBikeBD18022020\vendor\laravel\lumen-framework\src\Concerns\RoutesRequests.php(316): Laravel\Lumen\Application->callLumenController(Object(App\Http\Controllers\PageController), 'index', Array)
#28 C:\xampp\htdocs\Lumen\NewBikeBD18022020\vendor\laravel\lumen-framework\src\Concerns\RoutesRequests.php(278): Laravel\Lumen\Application->callControllerAction(Array)
#29 C:\xampp\htdocs\Lumen\NewBikeBD18022020\vendor\laravel\lumen-framework\src\Concerns\RoutesRequests.php(263): Laravel\Lumen\Application->callActionOnArrayBasedRoute(Array)
#30 C:\xampp\htdocs\Lumen\NewBikeBD18022020\vendor\laravel\lumen-framework\src\Concerns\RoutesRequests.php(165): Laravel\Lumen\Application->handleFoundRoute(Array)
#31 C:\xampp\htdocs\Lumen\NewBikeBD18022020\vendor\laravel\lumen-framework\src\Concerns\RoutesRequests.php(416): Laravel\Lumen\Application->Laravel\Lumen\Concerns\{closure}(Object(Laravel\Lumen\Http\Request))
#32 C:\xampp\htdocs\Lumen\NewBikeBD18022020\vendor\laravel\lumen-framework\src\Concerns\RoutesRequests.php(171): Laravel\Lumen\Application->sendThroughPipeline(Array, Object(Closure))
#33 C:\xampp\htdocs\Lumen\NewBikeBD18022020\vendor\laravel\lumen-framework\src\Concerns\RoutesRequests.php(108): Laravel\Lumen\Application->dispatch(NULL)
#34 C:\xampp\htdocs\Lumen\NewBikeBD18022020\public\index.php(28): Laravel\Lumen\Application->run()
#35 {main}

Next Illuminate\Database\QueryException: SQLSTATE[HY000] [2002] No connection could be made because the target machine actively refused it.
 (SQL: select * from `pages` where `pages`.`deleted_at` is null order by `created_at` desc) in C:\xampp\htdocs\Lumen\NewBikeBD18022020\vendor\illuminate\database\Connection.php:669
Stack trace:
#0 C:\xampp\htdocs\Lumen\NewBikeBD18022020\vendor\illuminate\database\Connection.php(629): Illuminate\Database\Connection->runQueryCallback('select * from `...', Array, Object(Closure))
#1 C:\xampp\htdocs\Lumen\NewBikeBD18022020\vendor\illuminate\database\Connection.php(338): Illuminate\Database\Connection->run('select * from `...', Array, Object(Closure))
#2 C:\xampp\htdocs\Lumen\NewBikeBD18022020\vendor\illuminate\database\Query\Builder.php(2132): Illuminate\Database\Connection->select('select * from `...', Array, true)
#3 C:\xampp\htdocs\Lumen\NewBikeBD18022020\vendor\illuminate\database\Query\Builder.php(2120): Illuminate\Database\Query\Builder->runSelect()
#4 C:\xampp\htdocs\Lumen\NewBikeBD18022020\vendor\illuminate\database\Query\Builder.php(2592): Illuminate\Database\Query\Builder->Illuminate\Database\Query\{closure}()
#5 C:\xampp\htdocs\Lumen\NewBikeBD18022020\vendor\illuminate\database\Query\Builder.php(2121): Illuminate\Database\Query\Builder->onceWithColumns(Array, Object(Closure))
#6 C:\xampp\htdocs\Lumen\NewBikeBD18022020\vendor\illuminate\database\Eloquent\Builder.php(537): Illuminate\Database\Query\Builder->get(Array)
#7 C:\xampp\htdocs\Lumen\NewBikeBD18022020\vendor\illuminate\database\Eloquent\Builder.php(521): Illuminate\Database\Eloquent\Builder->getModels(Array)
#8 C:\xampp\htdocs\Lumen\NewBikeBD18022020\app\Http\Controllers\PageController.php(19): Illuminate\Database\Eloquent\Builder->get()
#9 [internal function]: App\Http\Controllers\PageController->index()
#10 C:\xampp\htdocs\Lumen\NewBikeBD18022020\vendor\illuminate\container\BoundMethod.php(32): call_user_func_array(Array, Array)
#11 C:\xampp\htdocs\Lumen\NewBikeBD18022020\vendor\illuminate\container\Util.php(36): Illuminate\Container\BoundMethod::Illuminate\Container\{closure}()
#12 C:\xampp\htdocs\Lumen\NewBikeBD18022020\vendor\illuminate\container\BoundMethod.php(90): Illuminate\Container\Util::unwrapIfClosure(Object(Closure))
#13 C:\xampp\htdocs\Lumen\NewBikeBD18022020\vendor\illuminate\container\BoundMethod.php(34): Illuminate\Container\BoundMethod::callBoundMethod(Object(Laravel\Lumen\Application), Array, Object(Closure))
#14 C:\xampp\htdocs\Lumen\NewBikeBD18022020\vendor\illuminate\container\Container.php(590): Illuminate\Container\BoundMethod::call(Object(Laravel\Lumen\Application), Array, Array, NULL)
#15 C:\xampp\htdocs\Lumen\NewBikeBD18022020\vendor\laravel\lumen-framework\src\Concerns\RoutesRequests.php(376): Illuminate\Container\Container->call(Array, Array)
#16 C:\xampp\htdocs\Lumen\NewBikeBD18022020\vendor\laravel\lumen-framework\src\Concerns\RoutesRequests.php(342): Laravel\Lumen\Application->callControllerCallable(Array, Array)
#17 C:\xampp\htdocs\Lumen\NewBikeBD18022020\vendor\laravel\lumen-framework\src\Concerns\RoutesRequests.php(316): Laravel\Lumen\Application->callLumenController(Object(App\Http\Controllers\PageController), 'index', Array)
#18 C:\xampp\htdocs\Lumen\NewBikeBD18022020\vendor\laravel\lumen-framework\src\Concerns\RoutesRequests.php(278): Laravel\Lumen\Application->callControllerAction(Array)
#19 C:\xampp\htdocs\Lumen\NewBikeBD18022020\vendor\laravel\lumen-framework\src\Concerns\RoutesRequests.php(263): Laravel\Lumen\Application->callActionOnArrayBasedRoute(Array)
#20 C:\xampp\htdocs\Lumen\NewBikeBD18022020\vendor\laravel\lumen-framework\src\Concerns\RoutesRequests.php(165): Laravel\Lumen\Application->handleFoundRoute(Array)
#21 C:\xampp\htdocs\Lumen\NewBikeBD18022020\vendor\laravel\lumen-framework\src\Concerns\RoutesRequests.php(416): Laravel\Lumen\Application->Laravel\Lumen\Concerns\{closure}(Object(Laravel\Lumen\Http\Request))
#22 C:\xampp\htdocs\Lumen\NewBikeBD18022020\vendor\laravel\lumen-framework\src\Concerns\RoutesRequests.php(171): Laravel\Lumen\Application->sendThroughPipeline(Array, Object(Closure))
#23 C:\xampp\htdocs\Lumen\NewBikeBD18022020\vendor\laravel\lumen-framework\src\Concerns\RoutesRequests.php(108): Laravel\Lumen\Application->dispatch(NULL)
#24 C:\xampp\htdocs\Lumen\NewBikeBD18022020\public\index.php(28): Laravel\Lumen\Application->run()
#25 {main} {"exception":"[object] (Illuminate\\Database\\QueryException(code: 2002): SQLSTATE[HY000] [2002] No connection could be made because the target machine actively refused it.
 (SQL: select * from `pages` where `pages`.`deleted_at` is null order by `created_at` desc) at C:\\xampp\\htdocs\\Lumen\\NewBikeBD18022020\\vendor\\illuminate\\database\\Connection.php:669)
[stacktrace]
#0 C:\\xampp\\htdocs\\Lumen\\NewBikeBD18022020\\vendor\\illuminate\\database\\Connection.php(629): Illuminate\\Database\\Connection->runQueryCallback('select * from `...', Array, Object(Closure))
#1 C:\\xampp\\htdocs\\Lumen\\NewBikeBD18022020\\vendor\\illuminate\\database\\Connection.php(338): Illuminate\\Database\\Connection->run('select * from `...', Array, Object(Closure))
#2 C:\\xampp\\htdocs\\Lumen\\NewBikeBD18022020\\vendor\\illuminate\\database\\Query\\Builder.php(2132): Illuminate\\Database\\Connection->select('select * from `...', Array, true)
#3 C:\\xampp\\htdocs\\Lumen\\NewBikeBD18022020\\vendor\\illuminate\\database\\Query\\Builder.php(2120): Illuminate\\Database\\Query\\Builder->runSelect()
#4 C:\\xampp\\htdocs\\Lumen\\NewBikeBD18022020\\vendor\\illuminate\\database\\Query\\Builder.php(2592): Illuminate\\Database\\Query\\Builder->Illuminate\\Database\\Query\\{closure}()
#5 C:\\xampp\\htdocs\\Lumen\\NewBikeBD18022020\\vendor\\illuminate\\database\\Query\\Builder.php(2121): Illuminate\\Database\\Query\\Builder->onceWithColumns(Array, Object(Closure))
#6 C:\\xampp\\htdocs\\Lumen\\NewBikeBD18022020\\vendor\\illuminate\\database\\Eloquent\\Builder.php(537): Illuminate\\Database\\Query\\Builder->get(Array)
#7 C:\\xampp\\htdocs\\Lumen\\NewBikeBD18022020\\vendor\\illuminate\\database\\Eloquent\\Builder.php(521): Illuminate\\Database\\Eloquent\\Builder->getModels(Array)
#8 C:\\xampp\\htdocs\\Lumen\\NewBikeBD18022020\\app\\Http\\Controllers\\PageController.php(19): Illuminate\\Database\\Eloquent\\Builder->get()
#9 [internal function]: App\\Http\\Controllers\\PageController->index()
#10 C:\\xampp\\htdocs\\Lumen\\NewBikeBD18022020\\vendor\\illuminate\\container\\BoundMethod.php(32): call_user_func_array(Array, Array)
#11 C:\\xampp\\htdocs\\Lumen\\NewBikeBD18022020\\vendor\\illuminate\\container\\Util.php(36): Illuminate\\Container\\BoundMethod::Illuminate\\Container\\{closure}()
#12 C:\\xampp\\htdocs\\Lumen\\NewBikeBD18022020\\vendor\\illuminate\\container\\BoundMethod.php(90): Illuminate\\Container\\Util::unwrapIfClosure(Object(Closure))
#13 C:\\xampp\\htdocs\\Lumen\\NewBikeBD18022020\\vendor\\illuminate\\container\\BoundMethod.php(34): Illuminate\\Container\\BoundMethod::callBoundMethod(Object(Laravel\\Lumen\\Application), Array, Object(Closure))
#14 C:\\xampp\\htdocs\\Lumen\\NewBikeBD18022020\\vendor\\illuminate\\container\\Container.php(590): Illuminate\\Container\\BoundMethod::call(Object(Laravel\\Lumen\\Application), Array, Array, NULL)
#15 C:\\xampp\\htdocs\\Lumen\\NewBikeBD18022020\\vendor\\laravel\\lumen-framework\\src\\Concerns\\RoutesRequests.php(376): Illuminate\\Container\\Container->call(Array, Array)
#16 C:\\xampp\\htdocs\\Lumen\\NewBikeBD18022020\\vendor\\laravel\\lumen-framework\\src\\Concerns\\RoutesRequests.php(342): Laravel\\Lumen\\Application->callControllerCallable(Array, Array)
#17 C:\\xampp\\htdocs\\Lumen\\NewBikeBD18022020\\vendor\\laravel\\lumen-framework\\src\\Concerns\\RoutesRequests.php(316): Laravel\\Lumen\\Application->callLumenController(Object(App\\Http\\Controllers\\PageController), 'index', Array)
#18 C:\\xampp\\htdocs\\Lumen\\NewBikeBD18022020\\vendor\\laravel\\lumen-framework\\src\\Concerns\\RoutesRequests.php(278): Laravel\\Lumen\\Application->callControllerAction(Array)
#19 C:\\xampp\\htdocs\\Lumen\\NewBikeBD18022020\\vendor\\laravel\\lumen-framework\\src\\Concerns\\RoutesRequests.php(263): Laravel\\Lumen\\Application->callActionOnArrayBasedRoute(Array)
#20 C:\\xampp\\htdocs\\Lumen\\NewBikeBD18022020\\vendor\\laravel\\lumen-framework\\src\\Concerns\\RoutesRequests.php(165): Laravel\\Lumen\\Application->handleFoundRoute(Array)
#21 C:\\xampp\\htdocs\\Lumen\\NewBikeBD18022020\\vendor\\laravel\\lumen-framework\\src\\Concerns\\RoutesRequests.php(416): Laravel\\Lumen\\Application->Laravel\\Lumen\\Concerns\\{closure}(Object(Laravel\\Lumen\\Http\\Request))
#22 C:\\xampp\\htdocs\\Lumen\\NewBikeBD18022020\\vendor\\laravel\\lumen-framework\\src\\Concerns\\RoutesRequests.php(171): Laravel\\Lumen\\Application->sendThroughPipeline(Array, Object(Closure))
#23 C:\\xampp\\htdocs\\Lumen\\NewBikeBD18022020\\vendor\\laravel\\lumen-framework\\src\\Concerns\\RoutesRequests.php(108): Laravel\\Lumen\\Application->dispatch(NULL)
#24 C:\\xampp\\htdocs\\Lumen\\NewBikeBD18022020\\public\\index.php(28): Laravel\\Lumen\\Application->run()
#25 {main}

[previous exception] [object] (PDOException(code: 2002): SQLSTATE[HY000] [2002] No connection could be made because the target machine actively refused it.
 at C:\\xampp\\htdocs\\Lumen\\NewBikeBD18022020\\vendor\\illuminate\\database\\Connectors\\Connector.php:70)
[stacktrace]
#0 C:\\xampp\\htdocs\\Lumen\\NewBikeBD18022020\\vendor\\illuminate\\database\\Connectors\\Connector.php(70): PDO->__construct('mysql:host=127....', 'root', '', Array)
#1 C:\\xampp\\htdocs\\Lumen\\NewBikeBD18022020\\vendor\\illuminate\\database\\Connectors\\Connector.php(46): Illuminate\\Database\\Connectors\\Connector->createPdoConnection('mysql:host=127....', 'root', '', Array)
#2 C:\\xampp\\htdocs\\Lumen\\NewBikeBD18022020\\vendor\\illuminate\\database\\Connectors\\MySqlConnector.php(24): Illuminate\\Database\\Connectors\\Connector->createConnection('mysql:host=127....', Array, Array)
#3 C:\\xampp\\htdocs\\Lumen\\NewBikeBD18022020\\vendor\\illuminate\\database\\Connectors\\ConnectionFactory.php(182): Illuminate\\Database\\Connectors\\MySqlConnector->connect(Array)
#4 [internal function]: Illuminate\\Database\\Connectors\\ConnectionFactory->Illuminate\\Database\\Connectors\\{closure}()
#5 C:\\xampp\\htdocs\\Lumen\\NewBikeBD18022020\\vendor\\illuminate\\database\\Connection.php(924): call_user_func(Object(Closure))
#6 C:\\xampp\\htdocs\\Lumen\\NewBikeBD18022020\\vendor\\illuminate\\database\\Connection.php(959): Illuminate\\Database\\Connection->getPdo()
#7 C:\\xampp\\htdocs\\Lumen\\NewBikeBD18022020\\vendor\\illuminate\\database\\Connection.php(404): Illuminate\\Database\\Connection->getReadPdo()
#8 C:\\xampp\\htdocs\\Lumen\\NewBikeBD18022020\\vendor\\illuminate\\database\\Connection.php(330): Illuminate\\Database\\Connection->getPdoForSelect(true)
#9 C:\\xampp\\htdocs\\Lumen\\NewBikeBD18022020\\vendor\\illuminate\\database\\Connection.php(662): Illuminate\\Database\\Connection->Illuminate\\Database\\{closure}('select * from `...', Array)
#10 C:\\xampp\\htdocs\\Lumen\\NewBikeBD18022020\\vendor\\illuminate\\database\\Connection.php(629): Illuminate\\Database\\Connection->runQueryCallback('select * from `...', Array, Object(Closure))
#11 C:\\xampp\\htdocs\\Lumen\\NewBikeBD18022020\\vendor\\illuminate\\database\\Connection.php(338): Illuminate\\Database\\Connection->run('select * from `...', Array, Object(Closure))
#12 C:\\xampp\\htdocs\\Lumen\\NewBikeBD18022020\\vendor\\illuminate\\database\\Query\\Builder.php(2132): Illuminate\\Database\\Connection->select('select * from `...', Array, true)
#13 C:\\xampp\\htdocs\\Lumen\\NewBikeBD18022020\\vendor\\illuminate\\database\\Query\\Builder.php(2120): Illuminate\\Database\\Query\\Builder->runSelect()
#14 C:\\xampp\\htdocs\\Lumen\\NewBikeBD18022020\\vendor\\illuminate\\database\\Query\\Builder.php(2592): Illuminate\\Database\\Query\\Builder->Illuminate\\Database\\Query\\{closure}()
#15 C:\\xampp\\htdocs\\Lumen\\NewBikeBD18022020\\vendor\\illuminate\\database\\Query\\Builder.php(2121): Illuminate\\Database\\Query\\Builder->onceWithColumns(Array, Object(Closure))
#16 C:\\xampp\\htdocs\\Lumen\\NewBikeBD18022020\\vendor\\illuminate\\database\\Eloquent\\Builder.php(537): Illuminate\\Database\\Query\\Builder->get(Array)
#17 C:\\xampp\\htdocs\\Lumen\\NewBikeBD18022020\\vendor\\illuminate\\database\\Eloquent\\Builder.php(521): Illuminate\\Database\\Eloquent\\Builder->getModels(Array)
#18 C:\\xampp\\htdocs\\Lumen\\NewBikeBD18022020\\app\\Http\\Controllers\\PageController.php(19): Illuminate\\Database\\Eloquent\\Builder->get()
#19 [internal function]: App\\Http\\Controllers\\PageController->index()
#20 C:\\xampp\\htdocs\\Lumen\\NewBikeBD18022020\\vendor\\illuminate\\container\\BoundMethod.php(32): call_user_func_array(Array, Array)
#21 C:\\xampp\\htdocs\\Lumen\\NewBikeBD18022020\\vendor\\illuminate\\container\\Util.php(36): Illuminate\\Container\\BoundMethod::Illuminate\\Container\\{closure}()
#22 C:\\xampp\\htdocs\\Lumen\\NewBikeBD18022020\\vendor\\illuminate\\container\\BoundMethod.php(90): Illuminate\\Container\\Util::unwrapIfClosure(Object(Closure))
#23 C:\\xampp\\htdocs\\Lumen\\NewBikeBD18022020\\vendor\\illuminate\\container\\BoundMethod.php(34): Illuminate\\Container\\BoundMethod::callBoundMethod(Object(Laravel\\Lumen\\Application), Array, Object(Closure))
#24 C:\\xampp\\htdocs\\Lumen\\NewBikeBD18022020\\vendor\\illuminate\\container\\Container.php(590): Illuminate\\Container\\BoundMethod::call(Object(Laravel\\Lumen\\Application), Array, Array, NULL)
#25 C:\\xampp\\htdocs\\Lumen\\NewBikeBD18022020\\vendor\\laravel\\lumen-framework\\src\\Concerns\\RoutesRequests.php(376): Illuminate\\Container\\Container->call(Array, Array)
#26 C:\\xampp\\htdocs\\Lumen\\NewBikeBD18022020\\vendor\\laravel\\lumen-framework\\src\\Concerns\\RoutesRequests.php(342): Laravel\\Lumen\\Application->callControllerCallable(Array, Array)
#27 C:\\xampp\\htdocs\\Lumen\\NewBikeBD18022020\\vendor\\laravel\\lumen-framework\\src\\Concerns\\RoutesRequests.php(316): Laravel\\Lumen\\Application->callLumenController(Object(App\\Http\\Controllers\\PageController), 'index', Array)
#28 C:\\xampp\\htdocs\\Lumen\\NewBikeBD18022020\\vendor\\laravel\\lumen-framework\\src\\Concerns\\RoutesRequests.php(278): Laravel\\Lumen\\Application->callControllerAction(Array)
#29 C:\\xampp\\htdocs\\Lumen\\NewBikeBD18022020\\vendor\\laravel\\lumen-framework\\src\\Concerns\\RoutesRequests.php(263): Laravel\\Lumen\\Application->callActionOnArrayBasedRoute(Array)
#30 C:\\xampp\\htdocs\\Lumen\\NewBikeBD18022020\\vendor\\laravel\\lumen-framework\\src\\Concerns\\RoutesRequests.php(165): Laravel\\Lumen\\Application->handleFoundRoute(Array)
#31 C:\\xampp\\htdocs\\Lumen\\NewBikeBD18022020\\vendor\\laravel\\lumen-framework\\src\\Concerns\\RoutesRequests.php(416): Laravel\\Lumen\\Application->Laravel\\Lumen\\Concerns\\{closure}(Object(Laravel\\Lumen\\Http\\Request))
#32 C:\\xampp\\htdocs\\Lumen\\NewBikeBD18022020\\vendor\\laravel\\lumen-framework\\src\\Concerns\\RoutesRequests.php(171): Laravel\\Lumen\\Application->sendThroughPipeline(Array, Object(Closure))
#33 C:\\xampp\\htdocs\\Lumen\\NewBikeBD18022020\\vendor\\laravel\\lumen-framework\\src\\Concerns\\RoutesRequests.php(108): Laravel\\Lumen\\Application->dispatch(NULL)
#34 C:\\xampp\\htdocs\\Lumen\\NewBikeBD18022020\\public\\index.php(28): Laravel\\Lumen\\Application->run()
#35 {main}
"} 
[2020-02-18 05:28:58] local.ERROR: PDOException: SQLSTATE[HY000] [2002] No connection could be made because the target machine actively refused it.
 in C:\xampp\htdocs\Lumen\NewBikeBD18022020\vendor\illuminate\database\Connectors\Connector.php:70
Stack trace:
#0 C:\xampp\htdocs\Lumen\NewBikeBD18022020\vendor\illuminate\database\Connectors\Connector.php(70): PDO->__construct('mysql:host=127....', 'root', '', Array)
#1 C:\xampp\htdocs\Lumen\NewBikeBD18022020\vendor\illuminate\database\Connectors\Connector.php(46): Illuminate\Database\Connectors\Connector->createPdoConnection('mysql:host=127....', 'root', '', Array)
#2 C:\xampp\htdocs\Lumen\NewBikeBD18022020\vendor\illuminate\database\Connectors\MySqlConnector.php(24): Illuminate\Database\Connectors\Connector->createConnection('mysql:host=127....', Array, Array)
#3 C:\xampp\htdocs\Lumen\NewBikeBD18022020\vendor\illuminate\database\Connectors\ConnectionFactory.php(182): Illuminate\Database\Connectors\MySqlConnector->connect(Array)
#4 [internal function]: Illuminate\Database\Connectors\ConnectionFactory->Illuminate\Database\Connectors\{closure}()
#5 C:\xampp\htdocs\Lumen\NewBikeBD18022020\vendor\illuminate\database\Connection.php(924): call_user_func(Object(Closure))
#6 C:\xampp\htdocs\Lumen\NewBikeBD18022020\vendor\illuminate\database\Connection.php(959): Illuminate\Database\Connection->getPdo()
#7 C:\xampp\htdocs\Lumen\NewBikeBD18022020\vendor\illuminate\database\Connection.php(404): Illuminate\Database\Connection->getReadPdo()
#8 C:\xampp\htdocs\Lumen\NewBikeBD18022020\vendor\illuminate\database\Connection.php(330): Illuminate\Database\Connection->getPdoForSelect(true)
#9 C:\xampp\htdocs\Lumen\NewBikeBD18022020\vendor\illuminate\database\Connection.php(662): Illuminate\Database\Connection->Illuminate\Database\{closure}('select * from `...', Array)
#10 C:\xampp\htdocs\Lumen\NewBikeBD18022020\vendor\illuminate\database\Connection.php(629): Illuminate\Database\Connection->runQueryCallback('select * from `...', Array, Object(Closure))
#11 C:\xampp\htdocs\Lumen\NewBikeBD18022020\vendor\illuminate\database\Connection.php(338): Illuminate\Database\Connection->run('select * from `...', Array, Object(Closure))
#12 C:\xampp\htdocs\Lumen\NewBikeBD18022020\vendor\illuminate\database\Query\Builder.php(2132): Illuminate\Database\Connection->select('select * from `...', Array, true)
#13 C:\xampp\htdocs\Lumen\NewBikeBD18022020\vendor\illuminate\database\Query\Builder.php(2120): Illuminate\Database\Query\Builder->runSelect()
#14 C:\xampp\htdocs\Lumen\NewBikeBD18022020\vendor\illuminate\database\Query\Builder.php(2592): Illuminate\Database\Query\Builder->Illuminate\Database\Query\{closure}()
#15 C:\xampp\htdocs\Lumen\NewBikeBD18022020\vendor\illuminate\database\Query\Builder.php(2121): Illuminate\Database\Query\Builder->onceWithColumns(Array, Object(Closure))
#16 C:\xampp\htdocs\Lumen\NewBikeBD18022020\vendor\illuminate\database\Eloquent\Builder.php(537): Illuminate\Database\Query\Builder->get(Array)
#17 C:\xampp\htdocs\Lumen\NewBikeBD18022020\vendor\illuminate\database\Eloquent\Builder.php(521): Illuminate\Database\Eloquent\Builder->getModels(Array)
#18 C:\xampp\htdocs\Lumen\NewBikeBD18022020\app\Http\Controllers\BlogpostController.php(22): Illuminate\Database\Eloquent\Builder->get()
#19 [internal function]: App\Http\Controllers\BlogpostController->index()
#20 C:\xampp\htdocs\Lumen\NewBikeBD18022020\vendor\illuminate\container\BoundMethod.php(32): call_user_func_array(Array, Array)
#21 C:\xampp\htdocs\Lumen\NewBikeBD18022020\vendor\illuminate\container\Util.php(36): Illuminate\Container\BoundMethod::Illuminate\Container\{closure}()
#22 C:\xampp\htdocs\Lumen\NewBikeBD18022020\vendor\illuminate\container\BoundMethod.php(90): Illuminate\Container\Util::unwrapIfClosure(Object(Closure))
#23 C:\xampp\htdocs\Lumen\NewBikeBD18022020\vendor\illuminate\container\BoundMethod.php(34): Illuminate\Container\BoundMethod::callBoundMethod(Object(Laravel\Lumen\Application), Array, Object(Closure))
#24 C:\xampp\htdocs\Lumen\NewBikeBD18022020\vendor\illuminate\container\Container.php(590): Illuminate\Container\BoundMethod::call(Object(Laravel\Lumen\Application), Array, Array, NULL)
#25 C:\xampp\htdocs\Lumen\NewBikeBD18022020\vendor\laravel\lumen-framework\src\Concerns\RoutesRequests.php(376): Illuminate\Container\Container->call(Array, Array)
#26 C:\xampp\htdocs\Lumen\NewBikeBD18022020\vendor\laravel\lumen-framework\src\Concerns\RoutesRequests.php(342): Laravel\Lumen\Application->callControllerCallable(Array, Array)
#27 C:\xampp\htdocs\Lumen\NewBikeBD18022020\vendor\laravel\lumen-framework\src\Concerns\RoutesRequests.php(316): Laravel\Lumen\Application->callLumenController(Object(App\Http\Controllers\BlogpostController), 'index', Array)
#28 C:\xampp\htdocs\Lumen\NewBikeBD18022020\vendor\laravel\lumen-framework\src\Concerns\RoutesRequests.php(278): Laravel\Lumen\Application->callControllerAction(Array)
#29 C:\xampp\htdocs\Lumen\NewBikeBD18022020\vendor\laravel\lumen-framework\src\Concerns\RoutesRequests.php(263): Laravel\Lumen\Application->callActionOnArrayBasedRoute(Array)
#30 C:\xampp\htdocs\Lumen\NewBikeBD18022020\vendor\laravel\lumen-framework\src\Concerns\RoutesRequests.php(165): Laravel\Lumen\Application->handleFoundRoute(Array)
#31 C:\xampp\htdocs\Lumen\NewBikeBD18022020\vendor\laravel\lumen-framework\src\Concerns\RoutesRequests.php(416): Laravel\Lumen\Application->Laravel\Lumen\Concerns\{closure}(Object(Laravel\Lumen\Http\Request))
#32 C:\xampp\htdocs\Lumen\NewBikeBD18022020\vendor\laravel\lumen-framework\src\Concerns\RoutesRequests.php(171): Laravel\Lumen\Application->sendThroughPipeline(Array, Object(Closure))
#33 C:\xampp\htdocs\Lumen\NewBikeBD18022020\vendor\laravel\lumen-framework\src\Concerns\RoutesRequests.php(108): Laravel\Lumen\Application->dispatch(NULL)
#34 C:\xampp\htdocs\Lumen\NewBikeBD18022020\public\index.php(28): Laravel\Lumen\Application->run()
#35 {main}

Next Illuminate\Database\QueryException: SQLSTATE[HY000] [2002] No connection could be made because the target machine actively refused it.
 (SQL: select * from `blogs` where `blogs`.`deleted_at` is null order by `created_at` desc) in C:\xampp\htdocs\Lumen\NewBikeBD18022020\vendor\illuminate\database\Connection.php:669
Stack trace:
#0 C:\xampp\htdocs\Lumen\NewBikeBD18022020\vendor\illuminate\database\Connection.php(629): Illuminate\Database\Connection->runQueryCallback('select * from `...', Array, Object(Closure))
#1 C:\xampp\htdocs\Lumen\NewBikeBD18022020\vendor\illuminate\database\Connection.php(338): Illuminate\Database\Connection->run('select * from `...', Array, Object(Closure))
#2 C:\xampp\htdocs\Lumen\NewBikeBD18022020\vendor\illuminate\database\Query\Builder.php(2132): Illuminate\Database\Connection->select('select * from `...', Array, true)
#3 C:\xampp\htdocs\Lumen\NewBikeBD18022020\vendor\illuminate\database\Query\Builder.php(2120): Illuminate\Database\Query\Builder->runSelect()
#4 C:\xampp\htdocs\Lumen\NewBikeBD18022020\vendor\illuminate\database\Query\Builder.php(2592): Illuminate\Database\Query\Builder->Illuminate\Database\Query\{closure}()
#5 C:\xampp\htdocs\Lumen\NewBikeBD18022020\vendor\illuminate\database\Query\Builder.php(2121): Illuminate\Database\Query\Builder->onceWithColumns(Array, Object(Closure))
#6 C:\xampp\htdocs\Lumen\NewBikeBD18022020\vendor\illuminate\database\Eloquent\Builder.php(537): Illuminate\Database\Query\Builder->get(Array)
#7 C:\xampp\htdocs\Lumen\NewBikeBD18022020\vendor\illuminate\database\Eloquent\Builder.php(521): Illuminate\Database\Eloquent\Builder->getModels(Array)
#8 C:\xampp\htdocs\Lumen\NewBikeBD18022020\app\Http\Controllers\BlogpostController.php(22): Illuminate\Database\Eloquent\Builder->get()
#9 [internal function]: App\Http\Controllers\BlogpostController->index()
#10 C:\xampp\htdocs\Lumen\NewBikeBD18022020\vendor\illuminate\container\BoundMethod.php(32): call_user_func_array(Array, Array)
#11 C:\xampp\htdocs\Lumen\NewBikeBD18022020\vendor\illuminate\container\Util.php(36): Illuminate\Container\BoundMethod::Illuminate\Container\{closure}()
#12 C:\xampp\htdocs\Lumen\NewBikeBD18022020\vendor\illuminate\container\BoundMethod.php(90): Illuminate\Container\Util::unwrapIfClosure(Object(Closure))
#13 C:\xampp\htdocs\Lumen\NewBikeBD18022020\vendor\illuminate\container\BoundMethod.php(34): Illuminate\Container\BoundMethod::callBoundMethod(Object(Laravel\Lumen\Application), Array, Object(Closure))
#14 C:\xampp\htdocs\Lumen\NewBikeBD18022020\vendor\illuminate\container\Container.php(590): Illuminate\Container\BoundMethod::call(Object(Laravel\Lumen\Application), Array, Array, NULL)
#15 C:\xampp\htdocs\Lumen\NewBikeBD18022020\vendor\laravel\lumen-framework\src\Concerns\RoutesRequests.php(376): Illuminate\Container\Container->call(Array, Array)
#16 C:\xampp\htdocs\Lumen\NewBikeBD18022020\vendor\laravel\lumen-framework\src\Concerns\RoutesRequests.php(342): Laravel\Lumen\Application->callControllerCallable(Array, Array)
#17 C:\xampp\htdocs\Lumen\NewBikeBD18022020\vendor\laravel\lumen-framework\src\Concerns\RoutesRequests.php(316): Laravel\Lumen\Application->callLumenController(Object(App\Http\Controllers\BlogpostController), 'index', Array)
#18 C:\xampp\htdocs\Lumen\NewBikeBD18022020\vendor\laravel\lumen-framework\src\Concerns\RoutesRequests.php(278): Laravel\Lumen\Application->callControllerAction(Array)
#19 C:\xampp\htdocs\Lumen\NewBikeBD18022020\vendor\laravel\lumen-framework\src\Concerns\RoutesRequests.php(263): Laravel\Lumen\Application->callActionOnArrayBasedRoute(Array)
#20 C:\xampp\htdocs\Lumen\NewBikeBD18022020\vendor\laravel\lumen-framework\src\Concerns\RoutesRequests.php(165): Laravel\Lumen\Application->handleFoundRoute(Array)
#21 C:\xampp\htdocs\Lumen\NewBikeBD18022020\vendor\laravel\lumen-framework\src\Concerns\RoutesRequests.php(416): Laravel\Lumen\Application->Laravel\Lumen\Concerns\{closure}(Object(Laravel\Lumen\Http\Request))
#22 C:\xampp\htdocs\Lumen\NewBikeBD18022020\vendor\laravel\lumen-framework\src\Concerns\RoutesRequests.php(171): Laravel\Lumen\Application->sendThroughPipeline(Array, Object(Closure))
#23 C:\xampp\htdocs\Lumen\NewBikeBD18022020\vendor\laravel\lumen-framework\src\Concerns\RoutesRequests.php(108): Laravel\Lumen\Application->dispatch(NULL)
#24 C:\xampp\htdocs\Lumen\NewBikeBD18022020\public\index.php(28): Laravel\Lumen\Application->run()
#25 {main} {"exception":"[object] (Illuminate\\Database\\QueryException(code: 2002): SQLSTATE[HY000] [2002] No connection could be made because the target machine actively refused it.
 (SQL: select * from `blogs` where `blogs`.`deleted_at` is null order by `created_at` desc) at C:\\xampp\\htdocs\\Lumen\\NewBikeBD18022020\\vendor\\illuminate\\database\\Connection.php:669)
[stacktrace]
#0 C:\\xampp\\htdocs\\Lumen\\NewBikeBD18022020\\vendor\\illuminate\\database\\Connection.php(629): Illuminate\\Database\\Connection->runQueryCallback('select * from `...', Array, Object(Closure))
#1 C:\\xampp\\htdocs\\Lumen\\NewBikeBD18022020\\vendor\\illuminate\\database\\Connection.php(338): Illuminate\\Database\\Connection->run('select * from `...', Array, Object(Closure))
#2 C:\\xampp\\htdocs\\Lumen\\NewBikeBD18022020\\vendor\\illuminate\\database\\Query\\Builder.php(2132): Illuminate\\Database\\Connection->select('select * from `...', Array, true)
#3 C:\\xampp\\htdocs\\Lumen\\NewBikeBD18022020\\vendor\\illuminate\\database\\Query\\Builder.php(2120): Illuminate\\Database\\Query\\Builder->runSelect()
#4 C:\\xampp\\htdocs\\Lumen\\NewBikeBD18022020\\vendor\\illuminate\\database\\Query\\Builder.php(2592): Illuminate\\Database\\Query\\Builder->Illuminate\\Database\\Query\\{closure}()
#5 C:\\xampp\\htdocs\\Lumen\\NewBikeBD18022020\\vendor\\illuminate\\database\\Query\\Builder.php(2121): Illuminate\\Database\\Query\\Builder->onceWithColumns(Array, Object(Closure))
#6 C:\\xampp\\htdocs\\Lumen\\NewBikeBD18022020\\vendor\\illuminate\\database\\Eloquent\\Builder.php(537): Illuminate\\Database\\Query\\Builder->get(Array)
#7 C:\\xampp\\htdocs\\Lumen\\NewBikeBD18022020\\vendor\\illuminate\\database\\Eloquent\\Builder.php(521): Illuminate\\Database\\Eloquent\\Builder->getModels(Array)
#8 C:\\xampp\\htdocs\\Lumen\\NewBikeBD18022020\\app\\Http\\Controllers\\BlogpostController.php(22): Illuminate\\Database\\Eloquent\\Builder->get()
#9 [internal function]: App\\Http\\Controllers\\BlogpostController->index()
#10 C:\\xampp\\htdocs\\Lumen\\NewBikeBD18022020\\vendor\\illuminate\\container\\BoundMethod.php(32): call_user_func_array(Array, Array)
#11 C:\\xampp\\htdocs\\Lumen\\NewBikeBD18022020\\vendor\\illuminate\\container\\Util.php(36): Illuminate\\Container\\BoundMethod::Illuminate\\Container\\{closure}()
#12 C:\\xampp\\htdocs\\Lumen\\NewBikeBD18022020\\vendor\\illuminate\\container\\BoundMethod.php(90): Illuminate\\Container\\Util::unwrapIfClosure(Object(Closure))
#13 C:\\xampp\\htdocs\\Lumen\\NewBikeBD18022020\\vendor\\illuminate\\container\\BoundMethod.php(34): Illuminate\\Container\\BoundMethod::callBoundMethod(Object(Laravel\\Lumen\\Application), Array, Object(Closure))
#14 C:\\xampp\\htdocs\\Lumen\\NewBikeBD18022020\\vendor\\illuminate\\container\\Container.php(590): Illuminate\\Container\\BoundMethod::call(Object(Laravel\\Lumen\\Application), Array, Array, NULL)
#15 C:\\xampp\\htdocs\\Lumen\\NewBikeBD18022020\\vendor\\laravel\\lumen-framework\\src\\Concerns\\RoutesRequests.php(376): Illuminate\\Container\\Container->call(Array, Array)
#16 C:\\xampp\\htdocs\\Lumen\\NewBikeBD18022020\\vendor\\laravel\\lumen-framework\\src\\Concerns\\RoutesRequests.php(342): Laravel\\Lumen\\Application->callControllerCallable(Array, Array)
#17 C:\\xampp\\htdocs\\Lumen\\NewBikeBD18022020\\vendor\\laravel\\lumen-framework\\src\\Concerns\\RoutesRequests.php(316): Laravel\\Lumen\\Application->callLumenController(Object(App\\Http\\Controllers\\BlogpostController), 'index', Array)
#18 C:\\xampp\\htdocs\\Lumen\\NewBikeBD18022020\\vendor\\laravel\\lumen-framework\\src\\Concerns\\RoutesRequests.php(278): Laravel\\Lumen\\Application->callControllerAction(Array)
#19 C:\\xampp\\htdocs\\Lumen\\NewBikeBD18022020\\vendor\\laravel\\lumen-framework\\src\\Concerns\\RoutesRequests.php(263): Laravel\\Lumen\\Application->callActionOnArrayBasedRoute(Array)
#20 C:\\xampp\\htdocs\\Lumen\\NewBikeBD18022020\\vendor\\laravel\\lumen-framework\\src\\Concerns\\RoutesRequests.php(165): Laravel\\Lumen\\Application->handleFoundRoute(Array)
#21 C:\\xampp\\htdocs\\Lumen\\NewBikeBD18022020\\vendor\\laravel\\lumen-framework\\src\\Concerns\\RoutesRequests.php(416): Laravel\\Lumen\\Application->Laravel\\Lumen\\Concerns\\{closure}(Object(Laravel\\Lumen\\Http\\Request))
#22 C:\\xampp\\htdocs\\Lumen\\NewBikeBD18022020\\vendor\\laravel\\lumen-framework\\src\\Concerns\\RoutesRequests.php(171): Laravel\\Lumen\\Application->sendThroughPipeline(Array, Object(Closure))
#23 C:\\xampp\\htdocs\\Lumen\\NewBikeBD18022020\\vendor\\laravel\\lumen-framework\\src\\Concerns\\RoutesRequests.php(108): Laravel\\Lumen\\Application->dispatch(NULL)
#24 C:\\xampp\\htdocs\\Lumen\\NewBikeBD18022020\\public\\index.php(28): Laravel\\Lumen\\Application->run()
#25 {main}

[previous exception] [object] (PDOException(code: 2002): SQLSTATE[HY000] [2002] No connection could be made because the target machine actively refused it.
 at C:\\xampp\\htdocs\\Lumen\\NewBikeBD18022020\\vendor\\illuminate\\database\\Connectors\\Connector.php:70)
[stacktrace]
#0 C:\\xampp\\htdocs\\Lumen\\NewBikeBD18022020\\vendor\\illuminate\\database\\Connectors\\Connector.php(70): PDO->__construct('mysql:host=127....', 'root', '', Array)
#1 C:\\xampp\\htdocs\\Lumen\\NewBikeBD18022020\\vendor\\illuminate\\database\\Connectors\\Connector.php(46): Illuminate\\Database\\Connectors\\Connector->createPdoConnection('mysql:host=127....', 'root', '', Array)
#2 C:\\xampp\\htdocs\\Lumen\\NewBikeBD18022020\\vendor\\illuminate\\database\\Connectors\\MySqlConnector.php(24): Illuminate\\Database\\Connectors\\Connector->createConnection('mysql:host=127....', Array, Array)
#3 C:\\xampp\\htdocs\\Lumen\\NewBikeBD18022020\\vendor\\illuminate\\database\\Connectors\\ConnectionFactory.php(182): Illuminate\\Database\\Connectors\\MySqlConnector->connect(Array)
#4 [internal function]: Illuminate\\Database\\Connectors\\ConnectionFactory->Illuminate\\Database\\Connectors\\{closure}()
#5 C:\\xampp\\htdocs\\Lumen\\NewBikeBD18022020\\vendor\\illuminate\\database\\Connection.php(924): call_user_func(Object(Closure))
#6 C:\\xampp\\htdocs\\Lumen\\NewBikeBD18022020\\vendor\\illuminate\\database\\Connection.php(959): Illuminate\\Database\\Connection->getPdo()
#7 C:\\xampp\\htdocs\\Lumen\\NewBikeBD18022020\\vendor\\illuminate\\database\\Connection.php(404): Illuminate\\Database\\Connection->getReadPdo()
#8 C:\\xampp\\htdocs\\Lumen\\NewBikeBD18022020\\vendor\\illuminate\\database\\Connection.php(330): Illuminate\\Database\\Connection->getPdoForSelect(true)
#9 C:\\xampp\\htdocs\\Lumen\\NewBikeBD18022020\\vendor\\illuminate\\database\\Connection.php(662): Illuminate\\Database\\Connection->Illuminate\\Database\\{closure}('select * from `...', Array)
#10 C:\\xampp\\htdocs\\Lumen\\NewBikeBD18022020\\vendor\\illuminate\\database\\Connection.php(629): Illuminate\\Database\\Connection->runQueryCallback('select * from `...', Array, Object(Closure))
#11 C:\\xampp\\htdocs\\Lumen\\NewBikeBD18022020\\vendor\\illuminate\\database\\Connection.php(338): Illuminate\\Database\\Connection->run('select * from `...', Array, Object(Closure))
#12 C:\\xampp\\htdocs\\Lumen\\NewBikeBD18022020\\vendor\\illuminate\\database\\Query\\Builder.php(2132): Illuminate\\Database\\Connection->select('select * from `...', Array, true)
#13 C:\\xampp\\htdocs\\Lumen\\NewBikeBD18022020\\vendor\\illuminate\\database\\Query\\Builder.php(2120): Illuminate\\Database\\Query\\Builder->runSelect()
#14 C:\\xampp\\htdocs\\Lumen\\NewBikeBD18022020\\vendor\\illuminate\\database\\Query\\Builder.php(2592): Illuminate\\Database\\Query\\Builder->Illuminate\\Database\\Query\\{closure}()
#15 C:\\xampp\\htdocs\\Lumen\\NewBikeBD18022020\\vendor\\illuminate\\database\\Query\\Builder.php(2121): Illuminate\\Database\\Query\\Builder->onceWithColumns(Array, Object(Closure))
#16 C:\\xampp\\htdocs\\Lumen\\NewBikeBD18022020\\vendor\\illuminate\\database\\Eloquent\\Builder.php(537): Illuminate\\Database\\Query\\Builder->get(Array)
#17 C:\\xampp\\htdocs\\Lumen\\NewBikeBD18022020\\vendor\\illuminate\\database\\Eloquent\\Builder.php(521): Illuminate\\Database\\Eloquent\\Builder->getModels(Array)
#18 C:\\xampp\\htdocs\\Lumen\\NewBikeBD18022020\\app\\Http\\Controllers\\BlogpostController.php(22): Illuminate\\Database\\Eloquent\\Builder->get()
#19 [internal function]: App\\Http\\Controllers\\BlogpostController->index()
#20 C:\\xampp\\htdocs\\Lumen\\NewBikeBD18022020\\vendor\\illuminate\\container\\BoundMethod.php(32): call_user_func_array(Array, Array)
#21 C:\\xampp\\htdocs\\Lumen\\NewBikeBD18022020\\vendor\\illuminate\\container\\Util.php(36): Illuminate\\Container\\BoundMethod::Illuminate\\Container\\{closure}()
#22 C:\\xampp\\htdocs\\Lumen\\NewBikeBD18022020\\vendor\\illuminate\\container\\BoundMethod.php(90): Illuminate\\Container\\Util::unwrapIfClosure(Object(Closure))
#23 C:\\xampp\\htdocs\\Lumen\\NewBikeBD18022020\\vendor\\illuminate\\container\\BoundMethod.php(34): Illuminate\\Container\\BoundMethod::callBoundMethod(Object(Laravel\\Lumen\\Application), Array, Object(Closure))
#24 C:\\xampp\\htdocs\\Lumen\\NewBikeBD18022020\\vendor\\illuminate\\container\\Container.php(590): Illuminate\\Container\\BoundMethod::call(Object(Laravel\\Lumen\\Application), Array, Array, NULL)
#25 C:\\xampp\\htdocs\\Lumen\\NewBikeBD18022020\\vendor\\laravel\\lumen-framework\\src\\Concerns\\RoutesRequests.php(376): Illuminate\\Container\\Container->call(Array, Array)
#26 C:\\xampp\\htdocs\\Lumen\\NewBikeBD18022020\\vendor\\laravel\\lumen-framework\\src\\Concerns\\RoutesRequests.php(342): Laravel\\Lumen\\Application->callControllerCallable(Array, Array)
#27 C:\\xampp\\htdocs\\Lumen\\NewBikeBD18022020\\vendor\\laravel\\lumen-framework\\src\\Concerns\\RoutesRequests.php(316): Laravel\\Lumen\\Application->callLumenController(Object(App\\Http\\Controllers\\BlogpostController), 'index', Array)
#28 C:\\xampp\\htdocs\\Lumen\\NewBikeBD18022020\\vendor\\laravel\\lumen-framework\\src\\Concerns\\RoutesRequests.php(278): Laravel\\Lumen\\Application->callControllerAction(Array)
#29 C:\\xampp\\htdocs\\Lumen\\NewBikeBD18022020\\vendor\\laravel\\lumen-framework\\src\\Concerns\\RoutesRequests.php(263): Laravel\\Lumen\\Application->callActionOnArrayBasedRoute(Array)
#30 C:\\xampp\\htdocs\\Lumen\\NewBikeBD18022020\\vendor\\laravel\\lumen-framework\\src\\Concerns\\RoutesRequests.php(165): Laravel\\Lumen\\Application->handleFoundRoute(Array)
#31 C:\\xampp\\htdocs\\Lumen\\NewBikeBD18022020\\vendor\\laravel\\lumen-framework\\src\\Concerns\\RoutesRequests.php(416): Laravel\\Lumen\\Application->Laravel\\Lumen\\Concerns\\{closure}(Object(Laravel\\Lumen\\Http\\Request))
#32 C:\\xampp\\htdocs\\Lumen\\NewBikeBD18022020\\vendor\\laravel\\lumen-framework\\src\\Concerns\\RoutesRequests.php(171): Laravel\\Lumen\\Application->sendThroughPipeline(Array, Object(Closure))
#33 C:\\xampp\\htdocs\\Lumen\\NewBikeBD18022020\\vendor\\laravel\\lumen-framework\\src\\Concerns\\RoutesRequests.php(108): Laravel\\Lumen\\Application->dispatch(NULL)
#34 C:\\xampp\\htdocs\\Lumen\\NewBikeBD18022020\\public\\index.php(28): Laravel\\Lumen\\Application->run()
#35 {main}
"} 
[2020-02-18 06:30:36] local.ERROR: ErrorException: Undefined variable: category in C:\xampp\htdocs\Lumen\NewBikeBD18022020\app\Http\Controllers\api\v1\admin\BlogpostController.php:101
Stack trace:
#0 C:\xampp\htdocs\Lumen\NewBikeBD18022020\app\Http\Controllers\api\v1\admin\BlogpostController.php(101): Laravel\Lumen\Application->Laravel\Lumen\Concerns\{closure}(8, 'Undefined varia...', 'C:\\xampp\\htdocs...', 101, Array)
#1 [internal function]: App\Http\Controllers\api\v1\admin\BlogpostController->store(Object(Laravel\Lumen\Http\Request))
#2 C:\xampp\htdocs\Lumen\NewBikeBD18022020\vendor\illuminate\container\BoundMethod.php(32): call_user_func_array(Array, Array)
#3 C:\xampp\htdocs\Lumen\NewBikeBD18022020\vendor\illuminate\container\Util.php(36): Illuminate\Container\BoundMethod::Illuminate\Container\{closure}()
#4 C:\xampp\htdocs\Lumen\NewBikeBD18022020\vendor\illuminate\container\BoundMethod.php(90): Illuminate\Container\Util::unwrapIfClosure(Object(Closure))
#5 C:\xampp\htdocs\Lumen\NewBikeBD18022020\vendor\illuminate\container\BoundMethod.php(34): Illuminate\Container\BoundMethod::callBoundMethod(Object(Laravel\Lumen\Application), Array, Object(Closure))
#6 C:\xampp\htdocs\Lumen\NewBikeBD18022020\vendor\illuminate\container\Container.php(590): Illuminate\Container\BoundMethod::call(Object(Laravel\Lumen\Application), Array, Array, NULL)
#7 C:\xampp\htdocs\Lumen\NewBikeBD18022020\vendor\laravel\lumen-framework\src\Concerns\RoutesRequests.php(376): Illuminate\Container\Container->call(Array, Array)
#8 C:\xampp\htdocs\Lumen\NewBikeBD18022020\vendor\laravel\lumen-framework\src\Concerns\RoutesRequests.php(342): Laravel\Lumen\Application->callControllerCallable(Array, Array)
#9 C:\xampp\htdocs\Lumen\NewBikeBD18022020\vendor\laravel\lumen-framework\src\Concerns\RoutesRequests.php(316): Laravel\Lumen\Application->callLumenController(Object(App\Http\Controllers\api\v1\admin\BlogpostController), 'store', Array)
#10 C:\xampp\htdocs\Lumen\NewBikeBD18022020\vendor\laravel\lumen-framework\src\Concerns\RoutesRequests.php(278): Laravel\Lumen\Application->callControllerAction(Array)
#11 C:\xampp\htdocs\Lumen\NewBikeBD18022020\vendor\laravel\lumen-framework\src\Concerns\RoutesRequests.php(258): Laravel\Lumen\Application->callActionOnArrayBasedRoute(Array)
#12 [internal function]: Laravel\Lumen\Application->Laravel\Lumen\Concerns\{closure}(Object(Laravel\Lumen\Http\Request))
#13 C:\xampp\htdocs\Lumen\NewBikeBD18022020\vendor\laravel\lumen-framework\src\Routing\Pipeline.php(52): call_user_func(Object(Closure), Object(Laravel\Lumen\Http\Request))
#14 C:\xampp\htdocs\Lumen\NewBikeBD18022020\app\Http\Middleware\Admin.php(49): Laravel\Lumen\Routing\Pipeline->Laravel\Lumen\Routing\{closure}(Object(Laravel\Lumen\Http\Request))
#15 C:\xampp\htdocs\Lumen\NewBikeBD18022020\vendor\illuminate\pipeline\Pipeline.php(171): App\Http\Middleware\Admin->handle(Object(Laravel\Lumen\Http\Request), Object(Closure))
#16 [internal function]: Illuminate\Pipeline\Pipeline->Illuminate\Pipeline\{closure}(Object(Laravel\Lumen\Http\Request))
#17 C:\xampp\htdocs\Lumen\NewBikeBD18022020\vendor\laravel\lumen-framework\src\Routing\Pipeline.php(32): call_user_func(Object(Closure), Object(Laravel\Lumen\Http\Request))
#18 C:\xampp\htdocs\Lumen\NewBikeBD18022020\vendor\illuminate\pipeline\Pipeline.php(105): Laravel\Lumen\Routing\Pipeline->Laravel\Lumen\Routing\{closure}(Object(Laravel\Lumen\Http\Request))
#19 C:\xampp\htdocs\Lumen\NewBikeBD18022020\vendor\laravel\lumen-framework\src\Concerns\RoutesRequests.php(413): Illuminate\Pipeline\Pipeline->then(Object(Closure))
#20 C:\xampp\htdocs\Lumen\NewBikeBD18022020\vendor\laravel\lumen-framework\src\Concerns\RoutesRequests.php(259): Laravel\Lumen\Application->sendThroughPipeline(Array, Object(Closure))
#21 C:\xampp\htdocs\Lumen\NewBikeBD18022020\vendor\laravel\lumen-framework\src\Concerns\RoutesRequests.php(165): Laravel\Lumen\Application->handleFoundRoute(Array)
#22 C:\xampp\htdocs\Lumen\NewBikeBD18022020\vendor\laravel\lumen-framework\src\Concerns\RoutesRequests.php(416): Laravel\Lumen\Application->Laravel\Lumen\Concerns\{closure}(Object(Laravel\Lumen\Http\Request))
#23 C:\xampp\htdocs\Lumen\NewBikeBD18022020\vendor\laravel\lumen-framework\src\Concerns\RoutesRequests.php(171): Laravel\Lumen\Application->sendThroughPipeline(Array, Object(Closure))
#24 C:\xampp\htdocs\Lumen\NewBikeBD18022020\vendor\laravel\lumen-framework\src\Concerns\RoutesRequests.php(108): Laravel\Lumen\Application->dispatch(NULL)
#25 C:\xampp\htdocs\Lumen\NewBikeBD18022020\public\index.php(28): Laravel\Lumen\Application->run()
#26 {main} {"exception":"[object] (ErrorException(code: 0): Undefined variable: category at C:\\xampp\\htdocs\\Lumen\\NewBikeBD18022020\\app\\Http\\Controllers\\api\\v1\\admin\\BlogpostController.php:101)
[stacktrace]
#0 C:\\xampp\\htdocs\\Lumen\\NewBikeBD18022020\\app\\Http\\Controllers\\api\\v1\\admin\\BlogpostController.php(101): Laravel\\Lumen\\Application->Laravel\\Lumen\\Concerns\\{closure}(8, 'Undefined varia...', 'C:\\\\xampp\\\\htdocs...', 101, Array)
#1 [internal function]: App\\Http\\Controllers\\api\\v1\\admin\\BlogpostController->store(Object(Laravel\\Lumen\\Http\\Request))
#2 C:\\xampp\\htdocs\\Lumen\\NewBikeBD18022020\\vendor\\illuminate\\container\\BoundMethod.php(32): call_user_func_array(Array, Array)
#3 C:\\xampp\\htdocs\\Lumen\\NewBikeBD18022020\\vendor\\illuminate\\container\\Util.php(36): Illuminate\\Container\\BoundMethod::Illuminate\\Container\\{closure}()
#4 C:\\xampp\\htdocs\\Lumen\\NewBikeBD18022020\\vendor\\illuminate\\container\\BoundMethod.php(90): Illuminate\\Container\\Util::unwrapIfClosure(Object(Closure))
#5 C:\\xampp\\htdocs\\Lumen\\NewBikeBD18022020\\vendor\\illuminate\\container\\BoundMethod.php(34): Illuminate\\Container\\BoundMethod::callBoundMethod(Object(Laravel\\Lumen\\Application), Array, Object(Closure))
#6 C:\\xampp\\htdocs\\Lumen\\NewBikeBD18022020\\vendor\\illuminate\\container\\Container.php(590): Illuminate\\Container\\BoundMethod::call(Object(Laravel\\Lumen\\Application), Array, Array, NULL)
#7 C:\\xampp\\htdocs\\Lumen\\NewBikeBD18022020\\vendor\\laravel\\lumen-framework\\src\\Concerns\\RoutesRequests.php(376): Illuminate\\Container\\Container->call(Array, Array)
#8 C:\\xampp\\htdocs\\Lumen\\NewBikeBD18022020\\vendor\\laravel\\lumen-framework\\src\\Concerns\\RoutesRequests.php(342): Laravel\\Lumen\\Application->callControllerCallable(Array, Array)
#9 C:\\xampp\\htdocs\\Lumen\\NewBikeBD18022020\\vendor\\laravel\\lumen-framework\\src\\Concerns\\RoutesRequests.php(316): Laravel\\Lumen\\Application->callLumenController(Object(App\\Http\\Controllers\\api\\v1\\admin\\BlogpostController), 'store', Array)
#10 C:\\xampp\\htdocs\\Lumen\\NewBikeBD18022020\\vendor\\laravel\\lumen-framework\\src\\Concerns\\RoutesRequests.php(278): Laravel\\Lumen\\Application->callControllerAction(Array)
#11 C:\\xampp\\htdocs\\Lumen\\NewBikeBD18022020\\vendor\\laravel\\lumen-framework\\src\\Concerns\\RoutesRequests.php(258): Laravel\\Lumen\\Application->callActionOnArrayBasedRoute(Array)
#12 [internal function]: Laravel\\Lumen\\Application->Laravel\\Lumen\\Concerns\\{closure}(Object(Laravel\\Lumen\\Http\\Request))
#13 C:\\xampp\\htdocs\\Lumen\\NewBikeBD18022020\\vendor\\laravel\\lumen-framework\\src\\Routing\\Pipeline.php(52): call_user_func(Object(Closure), Object(Laravel\\Lumen\\Http\\Request))
#14 C:\\xampp\\htdocs\\Lumen\\NewBikeBD18022020\\app\\Http\\Middleware\\Admin.php(49): Laravel\\Lumen\\Routing\\Pipeline->Laravel\\Lumen\\Routing\\{closure}(Object(Laravel\\Lumen\\Http\\Request))
#15 C:\\xampp\\htdocs\\Lumen\\NewBikeBD18022020\\vendor\\illuminate\\pipeline\\Pipeline.php(171): App\\Http\\Middleware\\Admin->handle(Object(Laravel\\Lumen\\Http\\Request), Object(Closure))
#16 [internal function]: Illuminate\\Pipeline\\Pipeline->Illuminate\\Pipeline\\{closure}(Object(Laravel\\Lumen\\Http\\Request))
#17 C:\\xampp\\htdocs\\Lumen\\NewBikeBD18022020\\vendor\\laravel\\lumen-framework\\src\\Routing\\Pipeline.php(32): call_user_func(Object(Closure), Object(Laravel\\Lumen\\Http\\Request))
#18 C:\\xampp\\htdocs\\Lumen\\NewBikeBD18022020\\vendor\\illuminate\\pipeline\\Pipeline.php(105): Laravel\\Lumen\\Routing\\Pipeline->Laravel\\Lumen\\Routing\\{closure}(Object(Laravel\\Lumen\\Http\\Request))
#19 C:\\xampp\\htdocs\\Lumen\\NewBikeBD18022020\\vendor\\laravel\\lumen-framework\\src\\Concerns\\RoutesRequests.php(413): Illuminate\\Pipeline\\Pipeline->then(Object(Closure))
#20 C:\\xampp\\htdocs\\Lumen\\NewBikeBD18022020\\vendor\\laravel\\lumen-framework\\src\\Concerns\\RoutesRequests.php(259): Laravel\\Lumen\\Application->sendThroughPipeline(Array, Object(Closure))
#21 C:\\xampp\\htdocs\\Lumen\\NewBikeBD18022020\\vendor\\laravel\\lumen-framework\\src\\Concerns\\RoutesRequests.php(165): Laravel\\Lumen\\Application->handleFoundRoute(Array)
#22 C:\\xampp\\htdocs\\Lumen\\NewBikeBD18022020\\vendor\\laravel\\lumen-framework\\src\\Concerns\\RoutesRequests.php(416): Laravel\\Lumen\\Application->Laravel\\Lumen\\Concerns\\{closure}(Object(Laravel\\Lumen\\Http\\Request))
#23 C:\\xampp\\htdocs\\Lumen\\NewBikeBD18022020\\vendor\\laravel\\lumen-framework\\src\\Concerns\\RoutesRequests.php(171): Laravel\\Lumen\\Application->sendThroughPipeline(Array, Object(Closure))
#24 C:\\xampp\\htdocs\\Lumen\\NewBikeBD18022020\\vendor\\laravel\\lumen-framework\\src\\Concerns\\RoutesRequests.php(108): Laravel\\Lumen\\Application->dispatch(NULL)
#25 C:\\xampp\\htdocs\\Lumen\\NewBikeBD18022020\\public\\index.php(28): Laravel\\Lumen\\Application->run()
#26 {main}
"} 
[2020-02-18 12:45:21] local.ERROR: Symfony\Component\Debug\Exception\FatalThrowableError: Class 'App\Http\Controllers\api\v1\admin\Str' not found in C:\xampp\htdocs\Lumen\NewBikeBD18022020\app\Http\Controllers\api\v1\admin\BlogpostController.php:86
Stack trace:
#0 [internal function]: App\Http\Controllers\api\v1\admin\BlogpostController->store(Object(Laravel\Lumen\Http\Request))
#1 C:\xampp\htdocs\Lumen\NewBikeBD18022020\vendor\illuminate\container\BoundMethod.php(32): call_user_func_array(Array, Array)
#2 C:\xampp\htdocs\Lumen\NewBikeBD18022020\vendor\illuminate\container\Util.php(36): Illuminate\Container\BoundMethod::Illuminate\Container\{closure}()
#3 C:\xampp\htdocs\Lumen\NewBikeBD18022020\vendor\illuminate\container\BoundMethod.php(90): Illuminate\Container\Util::unwrapIfClosure(Object(Closure))
#4 C:\xampp\htdocs\Lumen\NewBikeBD18022020\vendor\illuminate\container\BoundMethod.php(34): Illuminate\Container\BoundMethod::callBoundMethod(Object(Laravel\Lumen\Application), Array, Object(Closure))
#5 C:\xampp\htdocs\Lumen\NewBikeBD18022020\vendor\illuminate\container\Container.php(590): Illuminate\Container\BoundMethod::call(Object(Laravel\Lumen\Application), Array, Array, NULL)
#6 C:\xampp\htdocs\Lumen\NewBikeBD18022020\vendor\laravel\lumen-framework\src\Concerns\RoutesRequests.php(376): Illuminate\Container\Container->call(Array, Array)
#7 C:\xampp\htdocs\Lumen\NewBikeBD18022020\vendor\laravel\lumen-framework\src\Concerns\RoutesRequests.php(342): Laravel\Lumen\Application->callControllerCallable(Array, Array)
#8 C:\xampp\htdocs\Lumen\NewBikeBD18022020\vendor\laravel\lumen-framework\src\Concerns\RoutesRequests.php(316): Laravel\Lumen\Application->callLumenController(Object(App\Http\Controllers\api\v1\admin\BlogpostController), 'store', Array)
#9 C:\xampp\htdocs\Lumen\NewBikeBD18022020\vendor\laravel\lumen-framework\src\Concerns\RoutesRequests.php(278): Laravel\Lumen\Application->callControllerAction(Array)
#10 C:\xampp\htdocs\Lumen\NewBikeBD18022020\vendor\laravel\lumen-framework\src\Concerns\RoutesRequests.php(258): Laravel\Lumen\Application->callActionOnArrayBasedRoute(Array)
#11 [internal function]: Laravel\Lumen\Application->Laravel\Lumen\Concerns\{closure}(Object(Laravel\Lumen\Http\Request))
#12 C:\xampp\htdocs\Lumen\NewBikeBD18022020\vendor\laravel\lumen-framework\src\Routing\Pipeline.php(52): call_user_func(Object(Closure), Object(Laravel\Lumen\Http\Request))
#13 C:\xampp\htdocs\Lumen\NewBikeBD18022020\app\Http\Middleware\Admin.php(49): Laravel\Lumen\Routing\Pipeline->Laravel\Lumen\Routing\{closure}(Object(Laravel\Lumen\Http\Request))
#14 C:\xampp\htdocs\Lumen\NewBikeBD18022020\vendor\illuminate\pipeline\Pipeline.php(171): App\Http\Middleware\Admin->handle(Object(Laravel\Lumen\Http\Request), Object(Closure))
#15 [internal function]: Illuminate\Pipeline\Pipeline->Illuminate\Pipeline\{closure}(Object(Laravel\Lumen\Http\Request))
#16 C:\xampp\htdocs\Lumen\NewBikeBD18022020\vendor\laravel\lumen-framework\src\Routing\Pipeline.php(32): call_user_func(Object(Closure), Object(Laravel\Lumen\Http\Request))
#17 C:\xampp\htdocs\Lumen\NewBikeBD18022020\vendor\illuminate\pipeline\Pipeline.php(105): Laravel\Lumen\Routing\Pipeline->Laravel\Lumen\Routing\{closure}(Object(Laravel\Lumen\Http\Request))
#18 C:\xampp\htdocs\Lumen\NewBikeBD18022020\vendor\laravel\lumen-framework\src\Concerns\RoutesRequests.php(413): Illuminate\Pipeline\Pipeline->then(Object(Closure))
#19 C:\xampp\htdocs\Lumen\NewBikeBD18022020\vendor\laravel\lumen-framework\src\Concerns\RoutesRequests.php(259): Laravel\Lumen\Application->sendThroughPipeline(Array, Object(Closure))
#20 C:\xampp\htdocs\Lumen\NewBikeBD18022020\vendor\laravel\lumen-framework\src\Concerns\RoutesRequests.php(165): Laravel\Lumen\Application->handleFoundRoute(Array)
#21 C:\xampp\htdocs\Lumen\NewBikeBD18022020\vendor\laravel\lumen-framework\src\Concerns\RoutesRequests.php(416): Laravel\Lumen\Application->Laravel\Lumen\Concerns\{closure}(Object(Laravel\Lumen\Http\Request))
#22 C:\xampp\htdocs\Lumen\NewBikeBD18022020\vendor\laravel\lumen-framework\src\Concerns\RoutesRequests.php(171): Laravel\Lumen\Application->sendThroughPipeline(Array, Object(Closure))
#23 C:\xampp\htdocs\Lumen\NewBikeBD18022020\vendor\laravel\lumen-framework\src\Concerns\RoutesRequests.php(108): Laravel\Lumen\Application->dispatch(NULL)
#24 C:\xampp\htdocs\Lumen\NewBikeBD18022020\public\index.php(28): Laravel\Lumen\Application->run()
#25 {main} {"exception":"[object] (Symfony\\Component\\Debug\\Exception\\FatalThrowableError(code: 0): Class 'App\\Http\\Controllers\\api\\v1\\admin\\Str' not found at C:\\xampp\\htdocs\\Lumen\\NewBikeBD18022020\\app\\Http\\Controllers\\api\\v1\\admin\\BlogpostController.php:86)
[stacktrace]
#0 [internal function]: App\\Http\\Controllers\\api\\v1\\admin\\BlogpostController->store(Object(Laravel\\Lumen\\Http\\Request))
#1 C:\\xampp\\htdocs\\Lumen\\NewBikeBD18022020\\vendor\\illuminate\\container\\BoundMethod.php(32): call_user_func_array(Array, Array)
#2 C:\\xampp\\htdocs\\Lumen\\NewBikeBD18022020\\vendor\\illuminate\\container\\Util.php(36): Illuminate\\Container\\BoundMethod::Illuminate\\Container\\{closure}()
#3 C:\\xampp\\htdocs\\Lumen\\NewBikeBD18022020\\vendor\\illuminate\\container\\BoundMethod.php(90): Illuminate\\Container\\Util::unwrapIfClosure(Object(Closure))
#4 C:\\xampp\\htdocs\\Lumen\\NewBikeBD18022020\\vendor\\illuminate\\container\\BoundMethod.php(34): Illuminate\\Container\\BoundMethod::callBoundMethod(Object(Laravel\\Lumen\\Application), Array, Object(Closure))
#5 C:\\xampp\\htdocs\\Lumen\\NewBikeBD18022020\\vendor\\illuminate\\container\\Container.php(590): Illuminate\\Container\\BoundMethod::call(Object(Laravel\\Lumen\\Application), Array, Array, NULL)
#6 C:\\xampp\\htdocs\\Lumen\\NewBikeBD18022020\\vendor\\laravel\\lumen-framework\\src\\Concerns\\RoutesRequests.php(376): Illuminate\\Container\\Container->call(Array, Array)
#7 C:\\xampp\\htdocs\\Lumen\\NewBikeBD18022020\\vendor\\laravel\\lumen-framework\\src\\Concerns\\RoutesRequests.php(342): Laravel\\Lumen\\Application->callControllerCallable(Array, Array)
#8 C:\\xampp\\htdocs\\Lumen\\NewBikeBD18022020\\vendor\\laravel\\lumen-framework\\src\\Concerns\\RoutesRequests.php(316): Laravel\\Lumen\\Application->callLumenController(Object(App\\Http\\Controllers\\api\\v1\\admin\\BlogpostController), 'store', Array)
#9 C:\\xampp\\htdocs\\Lumen\\NewBikeBD18022020\\vendor\\laravel\\lumen-framework\\src\\Concerns\\RoutesRequests.php(278): Laravel\\Lumen\\Application->callControllerAction(Array)
#10 C:\\xampp\\htdocs\\Lumen\\NewBikeBD18022020\\vendor\\laravel\\lumen-framework\\src\\Concerns\\RoutesRequests.php(258): Laravel\\Lumen\\Application->callActionOnArrayBasedRoute(Array)
#11 [internal function]: Laravel\\Lumen\\Application->Laravel\\Lumen\\Concerns\\{closure}(Object(Laravel\\Lumen\\Http\\Request))
#12 C:\\xampp\\htdocs\\Lumen\\NewBikeBD18022020\\vendor\\laravel\\lumen-framework\\src\\Routing\\Pipeline.php(52): call_user_func(Object(Closure), Object(Laravel\\Lumen\\Http\\Request))
#13 C:\\xampp\\htdocs\\Lumen\\NewBikeBD18022020\\app\\Http\\Middleware\\Admin.php(49): Laravel\\Lumen\\Routing\\Pipeline->Laravel\\Lumen\\Routing\\{closure}(Object(Laravel\\Lumen\\Http\\Request))
#14 C:\\xampp\\htdocs\\Lumen\\NewBikeBD18022020\\vendor\\illuminate\\pipeline\\Pipeline.php(171): App\\Http\\Middleware\\Admin->handle(Object(Laravel\\Lumen\\Http\\Request), Object(Closure))
#15 [internal function]: Illuminate\\Pipeline\\Pipeline->Illuminate\\Pipeline\\{closure}(Object(Laravel\\Lumen\\Http\\Request))
#16 C:\\xampp\\htdocs\\Lumen\\NewBikeBD18022020\\vendor\\laravel\\lumen-framework\\src\\Routing\\Pipeline.php(32): call_user_func(Object(Closure), Object(Laravel\\Lumen\\Http\\Request))
#17 C:\\xampp\\htdocs\\Lumen\\NewBikeBD18022020\\vendor\\illuminate\\pipeline\\Pipeline.php(105): Laravel\\Lumen\\Routing\\Pipeline->Laravel\\Lumen\\Routing\\{closure}(Object(Laravel\\Lumen\\Http\\Request))
#18 C:\\xampp\\htdocs\\Lumen\\NewBikeBD18022020\\vendor\\laravel\\lumen-framework\\src\\Concerns\\RoutesRequests.php(413): Illuminate\\Pipeline\\Pipeline->then(Object(Closure))
#19 C:\\xampp\\htdocs\\Lumen\\NewBikeBD18022020\\vendor\\laravel\\lumen-framework\\src\\Concerns\\RoutesRequests.php(259): Laravel\\Lumen\\Application->sendThroughPipeline(Array, Object(Closure))
#20 C:\\xampp\\htdocs\\Lumen\\NewBikeBD18022020\\vendor\\laravel\\lumen-framework\\src\\Concerns\\RoutesRequests.php(165): Laravel\\Lumen\\Application->handleFoundRoute(Array)
#21 C:\\xampp\\htdocs\\Lumen\\NewBikeBD18022020\\vendor\\laravel\\lumen-framework\\src\\Concerns\\RoutesRequests.php(416): Laravel\\Lumen\\Application->Laravel\\Lumen\\Concerns\\{closure}(Object(Laravel\\Lumen\\Http\\Request))
#22 C:\\xampp\\htdocs\\Lumen\\NewBikeBD18022020\\vendor\\laravel\\lumen-framework\\src\\Concerns\\RoutesRequests.php(171): Laravel\\Lumen\\Application->sendThroughPipeline(Array, Object(Closure))
#23 C:\\xampp\\htdocs\\Lumen\\NewBikeBD18022020\\vendor\\laravel\\lumen-framework\\src\\Concerns\\RoutesRequests.php(108): Laravel\\Lumen\\Application->dispatch(NULL)
#24 C:\\xampp\\htdocs\\Lumen\\NewBikeBD18022020\\public\\index.php(28): Laravel\\Lumen\\Application->run()
#25 {main}
"} 
[2020-02-18 12:45:39] local.ERROR: Symfony\Component\Debug\Exception\FatalThrowableError: Class 'App\Http\Controllers\api\v1\admin\Str' not found in C:\xampp\htdocs\Lumen\NewBikeBD18022020\app\Http\Controllers\api\v1\admin\BlogpostController.php:86
Stack trace:
#0 [internal function]: App\Http\Controllers\api\v1\admin\BlogpostController->store(Object(Laravel\Lumen\Http\Request))
#1 C:\xampp\htdocs\Lumen\NewBikeBD18022020\vendor\illuminate\container\BoundMethod.php(32): call_user_func_array(Array, Array)
#2 C:\xampp\htdocs\Lumen\NewBikeBD18022020\vendor\illuminate\container\Util.php(36): Illuminate\Container\BoundMethod::Illuminate\Container\{closure}()
#3 C:\xampp\htdocs\Lumen\NewBikeBD18022020\vendor\illuminate\container\BoundMethod.php(90): Illuminate\Container\Util::unwrapIfClosure(Object(Closure))
#4 C:\xampp\htdocs\Lumen\NewBikeBD18022020\vendor\illuminate\container\BoundMethod.php(34): Illuminate\Container\BoundMethod::callBoundMethod(Object(Laravel\Lumen\Application), Array, Object(Closure))
#5 C:\xampp\htdocs\Lumen\NewBikeBD18022020\vendor\illuminate\container\Container.php(590): Illuminate\Container\BoundMethod::call(Object(Laravel\Lumen\Application), Array, Array, NULL)
#6 C:\xampp\htdocs\Lumen\NewBikeBD18022020\vendor\laravel\lumen-framework\src\Concerns\RoutesRequests.php(376): Illuminate\Container\Container->call(Array, Array)
#7 C:\xampp\htdocs\Lumen\NewBikeBD18022020\vendor\laravel\lumen-framework\src\Concerns\RoutesRequests.php(342): Laravel\Lumen\Application->callControllerCallable(Array, Array)
#8 C:\xampp\htdocs\Lumen\NewBikeBD18022020\vendor\laravel\lumen-framework\src\Concerns\RoutesRequests.php(316): Laravel\Lumen\Application->callLumenController(Object(App\Http\Controllers\api\v1\admin\BlogpostController), 'store', Array)
#9 C:\xampp\htdocs\Lumen\NewBikeBD18022020\vendor\laravel\lumen-framework\src\Concerns\RoutesRequests.php(278): Laravel\Lumen\Application->callControllerAction(Array)
#10 C:\xampp\htdocs\Lumen\NewBikeBD18022020\vendor\laravel\lumen-framework\src\Concerns\RoutesRequests.php(258): Laravel\Lumen\Application->callActionOnArrayBasedRoute(Array)
#11 [internal function]: Laravel\Lumen\Application->Laravel\Lumen\Concerns\{closure}(Object(Laravel\Lumen\Http\Request))
#12 C:\xampp\htdocs\Lumen\NewBikeBD18022020\vendor\laravel\lumen-framework\src\Routing\Pipeline.php(52): call_user_func(Object(Closure), Object(Laravel\Lumen\Http\Request))
#13 C:\xampp\htdocs\Lumen\NewBikeBD18022020\app\Http\Middleware\Admin.php(49): Laravel\Lumen\Routing\Pipeline->Laravel\Lumen\Routing\{closure}(Object(Laravel\Lumen\Http\Request))
#14 C:\xampp\htdocs\Lumen\NewBikeBD18022020\vendor\illuminate\pipeline\Pipeline.php(171): App\Http\Middleware\Admin->handle(Object(Laravel\Lumen\Http\Request), Object(Closure))
#15 [internal function]: Illuminate\Pipeline\Pipeline->Illuminate\Pipeline\{closure}(Object(Laravel\Lumen\Http\Request))
#16 C:\xampp\htdocs\Lumen\NewBikeBD18022020\vendor\laravel\lumen-framework\src\Routing\Pipeline.php(32): call_user_func(Object(Closure), Object(Laravel\Lumen\Http\Request))
#17 C:\xampp\htdocs\Lumen\NewBikeBD18022020\vendor\illuminate\pipeline\Pipeline.php(105): Laravel\Lumen\Routing\Pipeline->Laravel\Lumen\Routing\{closure}(Object(Laravel\Lumen\Http\Request))
#18 C:\xampp\htdocs\Lumen\NewBikeBD18022020\vendor\laravel\lumen-framework\src\Concerns\RoutesRequests.php(413): Illuminate\Pipeline\Pipeline->then(Object(Closure))
#19 C:\xampp\htdocs\Lumen\NewBikeBD18022020\vendor\laravel\lumen-framework\src\Concerns\RoutesRequests.php(259): Laravel\Lumen\Application->sendThroughPipeline(Array, Object(Closure))
#20 C:\xampp\htdocs\Lumen\NewBikeBD18022020\vendor\laravel\lumen-framework\src\Concerns\RoutesRequests.php(165): Laravel\Lumen\Application->handleFoundRoute(Array)
#21 C:\xampp\htdocs\Lumen\NewBikeBD18022020\vendor\laravel\lumen-framework\src\Concerns\RoutesRequests.php(416): Laravel\Lumen\Application->Laravel\Lumen\Concerns\{closure}(Object(Laravel\Lumen\Http\Request))
#22 C:\xampp\htdocs\Lumen\NewBikeBD18022020\vendor\laravel\lumen-framework\src\Concerns\RoutesRequests.php(171): Laravel\Lumen\Application->sendThroughPipeline(Array, Object(Closure))
#23 C:\xampp\htdocs\Lumen\NewBikeBD18022020\vendor\laravel\lumen-framework\src\Concerns\RoutesRequests.php(108): Laravel\Lumen\Application->dispatch(NULL)
#24 C:\xampp\htdocs\Lumen\NewBikeBD18022020\public\index.php(28): Laravel\Lumen\Application->run()
#25 {main} {"exception":"[object] (Symfony\\Component\\Debug\\Exception\\FatalThrowableError(code: 0): Class 'App\\Http\\Controllers\\api\\v1\\admin\\Str' not found at C:\\xampp\\htdocs\\Lumen\\NewBikeBD18022020\\app\\Http\\Controllers\\api\\v1\\admin\\BlogpostController.php:86)
[stacktrace]
#0 [internal function]: App\\Http\\Controllers\\api\\v1\\admin\\BlogpostController->store(Object(Laravel\\Lumen\\Http\\Request))
#1 C:\\xampp\\htdocs\\Lumen\\NewBikeBD18022020\\vendor\\illuminate\\container\\BoundMethod.php(32): call_user_func_array(Array, Array)
#2 C:\\xampp\\htdocs\\Lumen\\NewBikeBD18022020\\vendor\\illuminate\\container\\Util.php(36): Illuminate\\Container\\BoundMethod::Illuminate\\Container\\{closure}()
#3 C:\\xampp\\htdocs\\Lumen\\NewBikeBD18022020\\vendor\\illuminate\\container\\BoundMethod.php(90): Illuminate\\Container\\Util::unwrapIfClosure(Object(Closure))
#4 C:\\xampp\\htdocs\\Lumen\\NewBikeBD18022020\\vendor\\illuminate\\container\\BoundMethod.php(34): Illuminate\\Container\\BoundMethod::callBoundMethod(Object(Laravel\\Lumen\\Application), Array, Object(Closure))
#5 C:\\xampp\\htdocs\\Lumen\\NewBikeBD18022020\\vendor\\illuminate\\container\\Container.php(590): Illuminate\\Container\\BoundMethod::call(Object(Laravel\\Lumen\\Application), Array, Array, NULL)
#6 C:\\xampp\\htdocs\\Lumen\\NewBikeBD18022020\\vendor\\laravel\\lumen-framework\\src\\Concerns\\RoutesRequests.php(376): Illuminate\\Container\\Container->call(Array, Array)
#7 C:\\xampp\\htdocs\\Lumen\\NewBikeBD18022020\\vendor\\laravel\\lumen-framework\\src\\Concerns\\RoutesRequests.php(342): Laravel\\Lumen\\Application->callControllerCallable(Array, Array)
#8 C:\\xampp\\htdocs\\Lumen\\NewBikeBD18022020\\vendor\\laravel\\lumen-framework\\src\\Concerns\\RoutesRequests.php(316): Laravel\\Lumen\\Application->callLumenController(Object(App\\Http\\Controllers\\api\\v1\\admin\\BlogpostController), 'store', Array)
#9 C:\\xampp\\htdocs\\Lumen\\NewBikeBD18022020\\vendor\\laravel\\lumen-framework\\src\\Concerns\\RoutesRequests.php(278): Laravel\\Lumen\\Application->callControllerAction(Array)
#10 C:\\xampp\\htdocs\\Lumen\\NewBikeBD18022020\\vendor\\laravel\\lumen-framework\\src\\Concerns\\RoutesRequests.php(258): Laravel\\Lumen\\Application->callActionOnArrayBasedRoute(Array)
#11 [internal function]: Laravel\\Lumen\\Application->Laravel\\Lumen\\Concerns\\{closure}(Object(Laravel\\Lumen\\Http\\Request))
#12 C:\\xampp\\htdocs\\Lumen\\NewBikeBD18022020\\vendor\\laravel\\lumen-framework\\src\\Routing\\Pipeline.php(52): call_user_func(Object(Closure), Object(Laravel\\Lumen\\Http\\Request))
#13 C:\\xampp\\htdocs\\Lumen\\NewBikeBD18022020\\app\\Http\\Middleware\\Admin.php(49): Laravel\\Lumen\\Routing\\Pipeline->Laravel\\Lumen\\Routing\\{closure}(Object(Laravel\\Lumen\\Http\\Request))
#14 C:\\xampp\\htdocs\\Lumen\\NewBikeBD18022020\\vendor\\illuminate\\pipeline\\Pipeline.php(171): App\\Http\\Middleware\\Admin->handle(Object(Laravel\\Lumen\\Http\\Request), Object(Closure))
#15 [internal function]: Illuminate\\Pipeline\\Pipeline->Illuminate\\Pipeline\\{closure}(Object(Laravel\\Lumen\\Http\\Request))
#16 C:\\xampp\\htdocs\\Lumen\\NewBikeBD18022020\\vendor\\laravel\\lumen-framework\\src\\Routing\\Pipeline.php(32): call_user_func(Object(Closure), Object(Laravel\\Lumen\\Http\\Request))
#17 C:\\xampp\\htdocs\\Lumen\\NewBikeBD18022020\\vendor\\illuminate\\pipeline\\Pipeline.php(105): Laravel\\Lumen\\Routing\\Pipeline->Laravel\\Lumen\\Routing\\{closure}(Object(Laravel\\Lumen\\Http\\Request))
#18 C:\\xampp\\htdocs\\Lumen\\NewBikeBD18022020\\vendor\\laravel\\lumen-framework\\src\\Concerns\\RoutesRequests.php(413): Illuminate\\Pipeline\\Pipeline->then(Object(Closure))
#19 C:\\xampp\\htdocs\\Lumen\\NewBikeBD18022020\\vendor\\laravel\\lumen-framework\\src\\Concerns\\RoutesRequests.php(259): Laravel\\Lumen\\Application->sendThroughPipeline(Array, Object(Closure))
#20 C:\\xampp\\htdocs\\Lumen\\NewBikeBD18022020\\vendor\\laravel\\lumen-framework\\src\\Concerns\\RoutesRequests.php(165): Laravel\\Lumen\\Application->handleFoundRoute(Array)
#21 C:\\xampp\\htdocs\\Lumen\\NewBikeBD18022020\\vendor\\laravel\\lumen-framework\\src\\Concerns\\RoutesRequests.php(416): Laravel\\Lumen\\Application->Laravel\\Lumen\\Concerns\\{closure}(Object(Laravel\\Lumen\\Http\\Request))
#22 C:\\xampp\\htdocs\\Lumen\\NewBikeBD18022020\\vendor\\laravel\\lumen-framework\\src\\Concerns\\RoutesRequests.php(171): Laravel\\Lumen\\Application->sendThroughPipeline(Array, Object(Closure))
#23 C:\\xampp\\htdocs\\Lumen\\NewBikeBD18022020\\vendor\\laravel\\lumen-framework\\src\\Concerns\\RoutesRequests.php(108): Laravel\\Lumen\\Application->dispatch(NULL)
#24 C:\\xampp\\htdocs\\Lumen\\NewBikeBD18022020\\public\\index.php(28): Laravel\\Lumen\\Application->run()
#25 {main}
"} 
[2020-02-18 12:47:26] local.ERROR: PDOException: SQLSTATE[23000]: Integrity constraint violation: 1062 Duplicate entry '' for key 'blogs_slug_unique' in C:\xampp\htdocs\Lumen\NewBikeBD18022020\vendor\illuminate\database\Connection.php:463
Stack trace:
#0 C:\xampp\htdocs\Lumen\NewBikeBD18022020\vendor\illuminate\database\Connection.php(463): PDOStatement->execute()
#1 C:\xampp\htdocs\Lumen\NewBikeBD18022020\vendor\illuminate\database\Connection.php(662): Illuminate\Database\Connection->Illuminate\Database\{closure}('insert into `bl...', Array)
#2 C:\xampp\htdocs\Lumen\NewBikeBD18022020\vendor\illuminate\database\Connection.php(629): Illuminate\Database\Connection->runQueryCallback('insert into `bl...', Array, Object(Closure))
#3 C:\xampp\htdocs\Lumen\NewBikeBD18022020\vendor\illuminate\database\Connection.php(464): Illuminate\Database\Connection->run('insert into `bl...', Array, Object(Closure))
#4 C:\xampp\htdocs\Lumen\NewBikeBD18022020\vendor\illuminate\database\Connection.php(416): Illuminate\Database\Connection->statement('insert into `bl...', Array)
#5 C:\xampp\htdocs\Lumen\NewBikeBD18022020\vendor\illuminate\database\Query\Processors\Processor.php(32): Illuminate\Database\Connection->insert('insert into `bl...', Array)
#6 C:\xampp\htdocs\Lumen\NewBikeBD18022020\vendor\illuminate\database\Query\Builder.php(2678): Illuminate\Database\Query\Processors\Processor->processInsertGetId(Object(Illuminate\Database\Query\Builder), 'insert into `bl...', Array, 'id')
#7 C:\xampp\htdocs\Lumen\NewBikeBD18022020\vendor\illuminate\database\Eloquent\Builder.php(1366): Illuminate\Database\Query\Builder->insertGetId(Array, 'id')
#8 C:\xampp\htdocs\Lumen\NewBikeBD18022020\vendor\illuminate\database\Eloquent\Model.php(839): Illuminate\Database\Eloquent\Builder->__call('insertGetId', Array)
#9 C:\xampp\htdocs\Lumen\NewBikeBD18022020\vendor\illuminate\database\Eloquent\Model.php(804): Illuminate\Database\Eloquent\Model->insertAndSetId(Object(Illuminate\Database\Eloquent\Builder), Array)
#10 C:\xampp\htdocs\Lumen\NewBikeBD18022020\vendor\illuminate\database\Eloquent\Model.php(667): Illuminate\Database\Eloquent\Model->performInsert(Object(Illuminate\Database\Eloquent\Builder))
#11 C:\xampp\htdocs\Lumen\NewBikeBD18022020\app\Http\Controllers\api\v1\admin\BlogpostController.php(92): Illuminate\Database\Eloquent\Model->save()
#12 [internal function]: App\Http\Controllers\api\v1\admin\BlogpostController->store(Object(Laravel\Lumen\Http\Request))
#13 C:\xampp\htdocs\Lumen\NewBikeBD18022020\vendor\illuminate\container\BoundMethod.php(32): call_user_func_array(Array, Array)
#14 C:\xampp\htdocs\Lumen\NewBikeBD18022020\vendor\illuminate\container\Util.php(36): Illuminate\Container\BoundMethod::Illuminate\Container\{closure}()
#15 C:\xampp\htdocs\Lumen\NewBikeBD18022020\vendor\illuminate\container\BoundMethod.php(90): Illuminate\Container\Util::unwrapIfClosure(Object(Closure))
#16 C:\xampp\htdocs\Lumen\NewBikeBD18022020\vendor\illuminate\container\BoundMethod.php(34): Illuminate\Container\BoundMethod::callBoundMethod(Object(Laravel\Lumen\Application), Array, Object(Closure))
#17 C:\xampp\htdocs\Lumen\NewBikeBD18022020\vendor\illuminate\container\Container.php(590): Illuminate\Container\BoundMethod::call(Object(Laravel\Lumen\Application), Array, Array, NULL)
#18 C:\xampp\htdocs\Lumen\NewBikeBD18022020\vendor\laravel\lumen-framework\src\Concerns\RoutesRequests.php(376): Illuminate\Container\Container->call(Array, Array)
#19 C:\xampp\htdocs\Lumen\NewBikeBD18022020\vendor\laravel\lumen-framework\src\Concerns\RoutesRequests.php(342): Laravel\Lumen\Application->callControllerCallable(Array, Array)
#20 C:\xampp\htdocs\Lumen\NewBikeBD18022020\vendor\laravel\lumen-framework\src\Concerns\RoutesRequests.php(316): Laravel\Lumen\Application->callLumenController(Object(App\Http\Controllers\api\v1\admin\BlogpostController), 'store', Array)
#21 C:\xampp\htdocs\Lumen\NewBikeBD18022020\vendor\laravel\lumen-framework\src\Concerns\RoutesRequests.php(278): Laravel\Lumen\Application->callControllerAction(Array)
#22 C:\xampp\htdocs\Lumen\NewBikeBD18022020\vendor\laravel\lumen-framework\src\Concerns\RoutesRequests.php(258): Laravel\Lumen\Application->callActionOnArrayBasedRoute(Array)
#23 [internal function]: Laravel\Lumen\Application->Laravel\Lumen\Concerns\{closure}(Object(Laravel\Lumen\Http\Request))
#24 C:\xampp\htdocs\Lumen\NewBikeBD18022020\vendor\laravel\lumen-framework\src\Routing\Pipeline.php(52): call_user_func(Object(Closure), Object(Laravel\Lumen\Http\Request))
#25 C:\xampp\htdocs\Lumen\NewBikeBD18022020\app\Http\Middleware\Admin.php(49): Laravel\Lumen\Routing\Pipeline->Laravel\Lumen\Routing\{closure}(Object(Laravel\Lumen\Http\Request))
#26 C:\xampp\htdocs\Lumen\NewBikeBD18022020\vendor\illuminate\pipeline\Pipeline.php(171): App\Http\Middleware\Admin->handle(Object(Laravel\Lumen\Http\Request), Object(Closure))
#27 [internal function]: Illuminate\Pipeline\Pipeline->Illuminate\Pipeline\{closure}(Object(Laravel\Lumen\Http\Request))
#28 C:\xampp\htdocs\Lumen\NewBikeBD18022020\vendor\laravel\lumen-framework\src\Routing\Pipeline.php(32): call_user_func(Object(Closure), Object(Laravel\Lumen\Http\Request))
#29 C:\xampp\htdocs\Lumen\NewBikeBD18022020\vendor\illuminate\pipeline\Pipeline.php(105): Laravel\Lumen\Routing\Pipeline->Laravel\Lumen\Routing\{closure}(Object(Laravel\Lumen\Http\Request))
#30 C:\xampp\htdocs\Lumen\NewBikeBD18022020\vendor\laravel\lumen-framework\src\Concerns\RoutesRequests.php(413): Illuminate\Pipeline\Pipeline->then(Object(Closure))
#31 C:\xampp\htdocs\Lumen\NewBikeBD18022020\vendor\laravel\lumen-framework\src\Concerns\RoutesRequests.php(259): Laravel\Lumen\Application->sendThroughPipeline(Array, Object(Closure))
#32 C:\xampp\htdocs\Lumen\NewBikeBD18022020\vendor\laravel\lumen-framework\src\Concerns\RoutesRequests.php(165): Laravel\Lumen\Application->handleFoundRoute(Array)
#33 C:\xampp\htdocs\Lumen\NewBikeBD18022020\vendor\laravel\lumen-framework\src\Concerns\RoutesRequests.php(416): Laravel\Lumen\Application->Laravel\Lumen\Concerns\{closure}(Object(Laravel\Lumen\Http\Request))
#34 C:\xampp\htdocs\Lumen\NewBikeBD18022020\vendor\laravel\lumen-framework\src\Concerns\RoutesRequests.php(171): Laravel\Lumen\Application->sendThroughPipeline(Array, Object(Closure))
#35 C:\xampp\htdocs\Lumen\NewBikeBD18022020\vendor\laravel\lumen-framework\src\Concerns\RoutesRequests.php(108): Laravel\Lumen\Application->dispatch(NULL)
#36 C:\xampp\htdocs\Lumen\NewBikeBD18022020\public\index.php(28): Laravel\Lumen\Application->run()
#37 {main}

Next Illuminate\Database\QueryException: SQLSTATE[23000]: Integrity constraint violation: 1062 Duplicate entry '' for key 'blogs_slug_unique' (SQL: insert into `blogs` (`language`, `tag`, `title`, `url`, `description`, `metadescription`, `postimage`, `admin_id`, `updated_at`, `created_at`) values (bn, ["asd"],        , , <p>ds fsdaf adsf dsa</p><p>sdaf</p><p> sda</p><p>f</p><p>sda </p><p>f</p><p>sad</p>, sdf sdf sdf sdfds, 1582030046__639034.jpeg, 1, 2020-02-18 12:47:26, 2020-02-18 12:47:26)) in C:\xampp\htdocs\Lumen\NewBikeBD18022020\vendor\illuminate\database\Connection.php:669
Stack trace:
#0 C:\xampp\htdocs\Lumen\NewBikeBD18022020\vendor\illuminate\database\Connection.php(629): Illuminate\Database\Connection->runQueryCallback('insert into `bl...', Array, Object(Closure))
#1 C:\xampp\htdocs\Lumen\NewBikeBD18022020\vendor\illuminate\database\Connection.php(464): Illuminate\Database\Connection->run('insert into `bl...', Array, Object(Closure))
#2 C:\xampp\htdocs\Lumen\NewBikeBD18022020\vendor\illuminate\database\Connection.php(416): Illuminate\Database\Connection->statement('insert into `bl...', Array)
#3 C:\xampp\htdocs\Lumen\NewBikeBD18022020\vendor\illuminate\database\Query\Processors\Processor.php(32): Illuminate\Database\Connection->insert('insert into `bl...', Array)
#4 C:\xampp\htdocs\Lumen\NewBikeBD18022020\vendor\illuminate\database\Query\Builder.php(2678): Illuminate\Database\Query\Processors\Processor->processInsertGetId(Object(Illuminate\Database\Query\Builder), 'insert into `bl...', Array, 'id')
#5 C:\xampp\htdocs\Lumen\NewBikeBD18022020\vendor\illuminate\database\Eloquent\Builder.php(1366): Illuminate\Database\Query\Builder->insertGetId(Array, 'id')
#6 C:\xampp\htdocs\Lumen\NewBikeBD18022020\vendor\illuminate\database\Eloquent\Model.php(839): Illuminate\Database\Eloquent\Builder->__call('insertGetId', Array)
#7 C:\xampp\htdocs\Lumen\NewBikeBD18022020\vendor\illuminate\database\Eloquent\Model.php(804): Illuminate\Database\Eloquent\Model->insertAndSetId(Object(Illuminate\Database\Eloquent\Builder), Array)
#8 C:\xampp\htdocs\Lumen\NewBikeBD18022020\vendor\illuminate\database\Eloquent\Model.php(667): Illuminate\Database\Eloquent\Model->performInsert(Object(Illuminate\Database\Eloquent\Builder))
#9 C:\xampp\htdocs\Lumen\NewBikeBD18022020\app\Http\Controllers\api\v1\admin\BlogpostController.php(92): Illuminate\Database\Eloquent\Model->save()
#10 [internal function]: App\Http\Controllers\api\v1\admin\BlogpostController->store(Object(Laravel\Lumen\Http\Request))
#11 C:\xampp\htdocs\Lumen\NewBikeBD18022020\vendor\illuminate\container\BoundMethod.php(32): call_user_func_array(Array, Array)
#12 C:\xampp\htdocs\Lumen\NewBikeBD18022020\vendor\illuminate\container\Util.php(36): Illuminate\Container\BoundMethod::Illuminate\Container\{closure}()
#13 C:\xampp\htdocs\Lumen\NewBikeBD18022020\vendor\illuminate\container\BoundMethod.php(90): Illuminate\Container\Util::unwrapIfClosure(Object(Closure))
#14 C:\xampp\htdocs\Lumen\NewBikeBD18022020\vendor\illuminate\container\BoundMethod.php(34): Illuminate\Container\BoundMethod::callBoundMethod(Object(Laravel\Lumen\Application), Array, Object(Closure))
#15 C:\xampp\htdocs\Lumen\NewBikeBD18022020\vendor\illuminate\container\Container.php(590): Illuminate\Container\BoundMethod::call(Object(Laravel\Lumen\Application), Array, Array, NULL)
#16 C:\xampp\htdocs\Lumen\NewBikeBD18022020\vendor\laravel\lumen-framework\src\Concerns\RoutesRequests.php(376): Illuminate\Container\Container->call(Array, Array)
#17 C:\xampp\htdocs\Lumen\NewBikeBD18022020\vendor\laravel\lumen-framework\src\Concerns\RoutesRequests.php(342): Laravel\Lumen\Application->callControllerCallable(Array, Array)
#18 C:\xampp\htdocs\Lumen\NewBikeBD18022020\vendor\laravel\lumen-framework\src\Concerns\RoutesRequests.php(316): Laravel\Lumen\Application->callLumenController(Object(App\Http\Controllers\api\v1\admin\BlogpostController), 'store', Array)
#19 C:\xampp\htdocs\Lumen\NewBikeBD18022020\vendor\laravel\lumen-framework\src\Concerns\RoutesRequests.php(278): Laravel\Lumen\Application->callControllerAction(Array)
#20 C:\xampp\htdocs\Lumen\NewBikeBD18022020\vendor\laravel\lumen-framework\src\Concerns\RoutesRequests.php(258): Laravel\Lumen\Application->callActionOnArrayBasedRoute(Array)
#21 [internal function]: Laravel\Lumen\Application->Laravel\Lumen\Concerns\{closure}(Object(Laravel\Lumen\Http\Request))
#22 C:\xampp\htdocs\Lumen\NewBikeBD18022020\vendor\laravel\lumen-framework\src\Routing\Pipeline.php(52): call_user_func(Object(Closure), Object(Laravel\Lumen\Http\Request))
#23 C:\xampp\htdocs\Lumen\NewBikeBD18022020\app\Http\Middleware\Admin.php(49): Laravel\Lumen\Routing\Pipeline->Laravel\Lumen\Routing\{closure}(Object(Laravel\Lumen\Http\Request))
#24 C:\xampp\htdocs\Lumen\NewBikeBD18022020\vendor\illuminate\pipeline\Pipeline.php(171): App\Http\Middleware\Admin->handle(Object(Laravel\Lumen\Http\Request), Object(Closure))
#25 [internal function]: Illuminate\Pipeline\Pipeline->Illuminate\Pipeline\{closure}(Object(Laravel\Lumen\Http\Request))
#26 C:\xampp\htdocs\Lumen\NewBikeBD18022020\vendor\laravel\lumen-framework\src\Routing\Pipeline.php(32): call_user_func(Object(Closure), Object(Laravel\Lumen\Http\Request))
#27 C:\xampp\htdocs\Lumen\NewBikeBD18022020\vendor\illuminate\pipeline\Pipeline.php(105): Laravel\Lumen\Routing\Pipeline->Laravel\Lumen\Routing\{closure}(Object(Laravel\Lumen\Http\Request))
#28 C:\xampp\htdocs\Lumen\NewBikeBD18022020\vendor\laravel\lumen-framework\src\Concerns\RoutesRequests.php(413): Illuminate\Pipeline\Pipeline->then(Object(Closure))
#29 C:\xampp\htdocs\Lumen\NewBikeBD18022020\vendor\laravel\lumen-framework\src\Concerns\RoutesRequests.php(259): Laravel\Lumen\Application->sendThroughPipeline(Array, Object(Closure))
#30 C:\xampp\htdocs\Lumen\NewBikeBD18022020\vendor\laravel\lumen-framework\src\Concerns\RoutesRequests.php(165): Laravel\Lumen\Application->handleFoundRoute(Array)
#31 C:\xampp\htdocs\Lumen\NewBikeBD18022020\vendor\laravel\lumen-framework\src\Concerns\RoutesRequests.php(416): Laravel\Lumen\Application->Laravel\Lumen\Concerns\{closure}(Object(Laravel\Lumen\Http\Request))
#32 C:\xampp\htdocs\Lumen\NewBikeBD18022020\vendor\laravel\lumen-framework\src\Concerns\RoutesRequests.php(171): Laravel\Lumen\Application->sendThroughPipeline(Array, Object(Closure))
#33 C:\xampp\htdocs\Lumen\NewBikeBD18022020\vendor\laravel\lumen-framework\src\Concerns\RoutesRequests.php(108): Laravel\Lumen\Application->dispatch(NULL)
#34 C:\xampp\htdocs\Lumen\NewBikeBD18022020\public\index.php(28): Laravel\Lumen\Application->run()
#35 {main} {"exception":"[object] (Illuminate\\Database\\QueryException(code: 23000): SQLSTATE[23000]: Integrity constraint violation: 1062 Duplicate entry '' for key 'blogs_slug_unique' (SQL: insert into `blogs` (`language`, `tag`, `title`, `url`, `description`, `metadescription`, `postimage`, `admin_id`, `updated_at`, `created_at`) values (bn, [\"asd\"],        , , <p>ds fsdaf adsf dsa</p><p>sdaf</p><p> sda</p><p>f</p><p>sda </p><p>f</p><p>sad</p>, sdf sdf sdf sdfds, 1582030046__639034.jpeg, 1, 2020-02-18 12:47:26, 2020-02-18 12:47:26)) at C:\\xampp\\htdocs\\Lumen\\NewBikeBD18022020\\vendor\\illuminate\\database\\Connection.php:669)
[stacktrace]
#0 C:\\xampp\\htdocs\\Lumen\\NewBikeBD18022020\\vendor\\illuminate\\database\\Connection.php(629): Illuminate\\Database\\Connection->runQueryCallback('insert into `bl...', Array, Object(Closure))
#1 C:\\xampp\\htdocs\\Lumen\\NewBikeBD18022020\\vendor\\illuminate\\database\\Connection.php(464): Illuminate\\Database\\Connection->run('insert into `bl...', Array, Object(Closure))
#2 C:\\xampp\\htdocs\\Lumen\\NewBikeBD18022020\\vendor\\illuminate\\database\\Connection.php(416): Illuminate\\Database\\Connection->statement('insert into `bl...', Array)
#3 C:\\xampp\\htdocs\\Lumen\\NewBikeBD18022020\\vendor\\illuminate\\database\\Query\\Processors\\Processor.php(32): Illuminate\\Database\\Connection->insert('insert into `bl...', Array)
#4 C:\\xampp\\htdocs\\Lumen\\NewBikeBD18022020\\vendor\\illuminate\\database\\Query\\Builder.php(2678): Illuminate\\Database\\Query\\Processors\\Processor->processInsertGetId(Object(Illuminate\\Database\\Query\\Builder), 'insert into `bl...', Array, 'id')
#5 C:\\xampp\\htdocs\\Lumen\\NewBikeBD18022020\\vendor\\illuminate\\database\\Eloquent\\Builder.php(1366): Illuminate\\Database\\Query\\Builder->insertGetId(Array, 'id')
#6 C:\\xampp\\htdocs\\Lumen\\NewBikeBD18022020\\vendor\\illuminate\\database\\Eloquent\\Model.php(839): Illuminate\\Database\\Eloquent\\Builder->__call('insertGetId', Array)
#7 C:\\xampp\\htdocs\\Lumen\\NewBikeBD18022020\\vendor\\illuminate\\database\\Eloquent\\Model.php(804): Illuminate\\Database\\Eloquent\\Model->insertAndSetId(Object(Illuminate\\Database\\Eloquent\\Builder), Array)
#8 C:\\xampp\\htdocs\\Lumen\\NewBikeBD18022020\\vendor\\illuminate\\database\\Eloquent\\Model.php(667): Illuminate\\Database\\Eloquent\\Model->performInsert(Object(Illuminate\\Database\\Eloquent\\Builder))
#9 C:\\xampp\\htdocs\\Lumen\\NewBikeBD18022020\\app\\Http\\Controllers\\api\\v1\\admin\\BlogpostController.php(92): Illuminate\\Database\\Eloquent\\Model->save()
#10 [internal function]: App\\Http\\Controllers\\api\\v1\\admin\\BlogpostController->store(Object(Laravel\\Lumen\\Http\\Request))
#11 C:\\xampp\\htdocs\\Lumen\\NewBikeBD18022020\\vendor\\illuminate\\container\\BoundMethod.php(32): call_user_func_array(Array, Array)
#12 C:\\xampp\\htdocs\\Lumen\\NewBikeBD18022020\\vendor\\illuminate\\container\\Util.php(36): Illuminate\\Container\\BoundMethod::Illuminate\\Container\\{closure}()
#13 C:\\xampp\\htdocs\\Lumen\\NewBikeBD18022020\\vendor\\illuminate\\container\\BoundMethod.php(90): Illuminate\\Container\\Util::unwrapIfClosure(Object(Closure))
#14 C:\\xampp\\htdocs\\Lumen\\NewBikeBD18022020\\vendor\\illuminate\\container\\BoundMethod.php(34): Illuminate\\Container\\BoundMethod::callBoundMethod(Object(Laravel\\Lumen\\Application), Array, Object(Closure))
#15 C:\\xampp\\htdocs\\Lumen\\NewBikeBD18022020\\vendor\\illuminate\\container\\Container.php(590): Illuminate\\Container\\BoundMethod::call(Object(Laravel\\Lumen\\Application), Array, Array, NULL)
#16 C:\\xampp\\htdocs\\Lumen\\NewBikeBD18022020\\vendor\\laravel\\lumen-framework\\src\\Concerns\\RoutesRequests.php(376): Illuminate\\Container\\Container->call(Array, Array)
#17 C:\\xampp\\htdocs\\Lumen\\NewBikeBD18022020\\vendor\\laravel\\lumen-framework\\src\\Concerns\\RoutesRequests.php(342): Laravel\\Lumen\\Application->callControllerCallable(Array, Array)
#18 C:\\xampp\\htdocs\\Lumen\\NewBikeBD18022020\\vendor\\laravel\\lumen-framework\\src\\Concerns\\RoutesRequests.php(316): Laravel\\Lumen\\Application->callLumenController(Object(App\\Http\\Controllers\\api\\v1\\admin\\BlogpostController), 'store', Array)
#19 C:\\xampp\\htdocs\\Lumen\\NewBikeBD18022020\\vendor\\laravel\\lumen-framework\\src\\Concerns\\RoutesRequests.php(278): Laravel\\Lumen\\Application->callControllerAction(Array)
#20 C:\\xampp\\htdocs\\Lumen\\NewBikeBD18022020\\vendor\\laravel\\lumen-framework\\src\\Concerns\\RoutesRequests.php(258): Laravel\\Lumen\\Application->callActionOnArrayBasedRoute(Array)
#21 [internal function]: Laravel\\Lumen\\Application->Laravel\\Lumen\\Concerns\\{closure}(Object(Laravel\\Lumen\\Http\\Request))
#22 C:\\xampp\\htdocs\\Lumen\\NewBikeBD18022020\\vendor\\laravel\\lumen-framework\\src\\Routing\\Pipeline.php(52): call_user_func(Object(Closure), Object(Laravel\\Lumen\\Http\\Request))
#23 C:\\xampp\\htdocs\\Lumen\\NewBikeBD18022020\\app\\Http\\Middleware\\Admin.php(49): Laravel\\Lumen\\Routing\\Pipeline->Laravel\\Lumen\\Routing\\{closure}(Object(Laravel\\Lumen\\Http\\Request))
#24 C:\\xampp\\htdocs\\Lumen\\NewBikeBD18022020\\vendor\\illuminate\\pipeline\\Pipeline.php(171): App\\Http\\Middleware\\Admin->handle(Object(Laravel\\Lumen\\Http\\Request), Object(Closure))
#25 [internal function]: Illuminate\\Pipeline\\Pipeline->Illuminate\\Pipeline\\{closure}(Object(Laravel\\Lumen\\Http\\Request))
#26 C:\\xampp\\htdocs\\Lumen\\NewBikeBD18022020\\vendor\\laravel\\lumen-framework\\src\\Routing\\Pipeline.php(32): call_user_func(Object(Closure), Object(Laravel\\Lumen\\Http\\Request))
#27 C:\\xampp\\htdocs\\Lumen\\NewBikeBD18022020\\vendor\\illuminate\\pipeline\\Pipeline.php(105): Laravel\\Lumen\\Routing\\Pipeline->Laravel\\Lumen\\Routing\\{closure}(Object(Laravel\\Lumen\\Http\\Request))
#28 C:\\xampp\\htdocs\\Lumen\\NewBikeBD18022020\\vendor\\laravel\\lumen-framework\\src\\Concerns\\RoutesRequests.php(413): Illuminate\\Pipeline\\Pipeline->then(Object(Closure))
#29 C:\\xampp\\htdocs\\Lumen\\NewBikeBD18022020\\vendor\\laravel\\lumen-framework\\src\\Concerns\\RoutesRequests.php(259): Laravel\\Lumen\\Application->sendThroughPipeline(Array, Object(Closure))
#30 C:\\xampp\\htdocs\\Lumen\\NewBikeBD18022020\\vendor\\laravel\\lumen-framework\\src\\Concerns\\RoutesRequests.php(165): Laravel\\Lumen\\Application->handleFoundRoute(Array)
#31 C:\\xampp\\htdocs\\Lumen\\NewBikeBD18022020\\vendor\\laravel\\lumen-framework\\src\\Concerns\\RoutesRequests.php(416): Laravel\\Lumen\\Application->Laravel\\Lumen\\Concerns\\{closure}(Object(Laravel\\Lumen\\Http\\Request))
#32 C:\\xampp\\htdocs\\Lumen\\NewBikeBD18022020\\vendor\\laravel\\lumen-framework\\src\\Concerns\\RoutesRequests.php(171): Laravel\\Lumen\\Application->sendThroughPipeline(Array, Object(Closure))
#33 C:\\xampp\\htdocs\\Lumen\\NewBikeBD18022020\\vendor\\laravel\\lumen-framework\\src\\Concerns\\RoutesRequests.php(108): Laravel\\Lumen\\Application->dispatch(NULL)
#34 C:\\xampp\\htdocs\\Lumen\\NewBikeBD18022020\\public\\index.php(28): Laravel\\Lumen\\Application->run()
#35 {main}

[previous exception] [object] (PDOException(code: 23000): SQLSTATE[23000]: Integrity constraint violation: 1062 Duplicate entry '' for key 'blogs_slug_unique' at C:\\xampp\\htdocs\\Lumen\\NewBikeBD18022020\\vendor\\illuminate\\database\\Connection.php:463)
[stacktrace]
#0 C:\\xampp\\htdocs\\Lumen\\NewBikeBD18022020\\vendor\\illuminate\\database\\Connection.php(463): PDOStatement->execute()
#1 C:\\xampp\\htdocs\\Lumen\\NewBikeBD18022020\\vendor\\illuminate\\database\\Connection.php(662): Illuminate\\Database\\Connection->Illuminate\\Database\\{closure}('insert into `bl...', Array)
#2 C:\\xampp\\htdocs\\Lumen\\NewBikeBD18022020\\vendor\\illuminate\\database\\Connection.php(629): Illuminate\\Database\\Connection->runQueryCallback('insert into `bl...', Array, Object(Closure))
#3 C:\\xampp\\htdocs\\Lumen\\NewBikeBD18022020\\vendor\\illuminate\\database\\Connection.php(464): Illuminate\\Database\\Connection->run('insert into `bl...', Array, Object(Closure))
#4 C:\\xampp\\htdocs\\Lumen\\NewBikeBD18022020\\vendor\\illuminate\\database\\Connection.php(416): Illuminate\\Database\\Connection->statement('insert into `bl...', Array)
#5 C:\\xampp\\htdocs\\Lumen\\NewBikeBD18022020\\vendor\\illuminate\\database\\Query\\Processors\\Processor.php(32): Illuminate\\Database\\Connection->insert('insert into `bl...', Array)
#6 C:\\xampp\\htdocs\\Lumen\\NewBikeBD18022020\\vendor\\illuminate\\database\\Query\\Builder.php(2678): Illuminate\\Database\\Query\\Processors\\Processor->processInsertGetId(Object(Illuminate\\Database\\Query\\Builder), 'insert into `bl...', Array, 'id')
#7 C:\\xampp\\htdocs\\Lumen\\NewBikeBD18022020\\vendor\\illuminate\\database\\Eloquent\\Builder.php(1366): Illuminate\\Database\\Query\\Builder->insertGetId(Array, 'id')
#8 C:\\xampp\\htdocs\\Lumen\\NewBikeBD18022020\\vendor\\illuminate\\database\\Eloquent\\Model.php(839): Illuminate\\Database\\Eloquent\\Builder->__call('insertGetId', Array)
#9 C:\\xampp\\htdocs\\Lumen\\NewBikeBD18022020\\vendor\\illuminate\\database\\Eloquent\\Model.php(804): Illuminate\\Database\\Eloquent\\Model->insertAndSetId(Object(Illuminate\\Database\\Eloquent\\Builder), Array)
#10 C:\\xampp\\htdocs\\Lumen\\NewBikeBD18022020\\vendor\\illuminate\\database\\Eloquent\\Model.php(667): Illuminate\\Database\\Eloquent\\Model->performInsert(Object(Illuminate\\Database\\Eloquent\\Builder))
#11 C:\\xampp\\htdocs\\Lumen\\NewBikeBD18022020\\app\\Http\\Controllers\\api\\v1\\admin\\BlogpostController.php(92): Illuminate\\Database\\Eloquent\\Model->save()
#12 [internal function]: App\\Http\\Controllers\\api\\v1\\admin\\BlogpostController->store(Object(Laravel\\Lumen\\Http\\Request))
#13 C:\\xampp\\htdocs\\Lumen\\NewBikeBD18022020\\vendor\\illuminate\\container\\BoundMethod.php(32): call_user_func_array(Array, Array)
#14 C:\\xampp\\htdocs\\Lumen\\NewBikeBD18022020\\vendor\\illuminate\\container\\Util.php(36): Illuminate\\Container\\BoundMethod::Illuminate\\Container\\{closure}()
#15 C:\\xampp\\htdocs\\Lumen\\NewBikeBD18022020\\vendor\\illuminate\\container\\BoundMethod.php(90): Illuminate\\Container\\Util::unwrapIfClosure(Object(Closure))
#16 C:\\xampp\\htdocs\\Lumen\\NewBikeBD18022020\\vendor\\illuminate\\container\\BoundMethod.php(34): Illuminate\\Container\\BoundMethod::callBoundMethod(Object(Laravel\\Lumen\\Application), Array, Object(Closure))
#17 C:\\xampp\\htdocs\\Lumen\\NewBikeBD18022020\\vendor\\illuminate\\container\\Container.php(590): Illuminate\\Container\\BoundMethod::call(Object(Laravel\\Lumen\\Application), Array, Array, NULL)
#18 C:\\xampp\\htdocs\\Lumen\\NewBikeBD18022020\\vendor\\laravel\\lumen-framework\\src\\Concerns\\RoutesRequests.php(376): Illuminate\\Container\\Container->call(Array, Array)
#19 C:\\xampp\\htdocs\\Lumen\\NewBikeBD18022020\\vendor\\laravel\\lumen-framework\\src\\Concerns\\RoutesRequests.php(342): Laravel\\Lumen\\Application->callControllerCallable(Array, Array)
#20 C:\\xampp\\htdocs\\Lumen\\NewBikeBD18022020\\vendor\\laravel\\lumen-framework\\src\\Concerns\\RoutesRequests.php(316): Laravel\\Lumen\\Application->callLumenController(Object(App\\Http\\Controllers\\api\\v1\\admin\\BlogpostController), 'store', Array)
#21 C:\\xampp\\htdocs\\Lumen\\NewBikeBD18022020\\vendor\\laravel\\lumen-framework\\src\\Concerns\\RoutesRequests.php(278): Laravel\\Lumen\\Application->callControllerAction(Array)
#22 C:\\xampp\\htdocs\\Lumen\\NewBikeBD18022020\\vendor\\laravel\\lumen-framework\\src\\Concerns\\RoutesRequests.php(258): Laravel\\Lumen\\Application->callActionOnArrayBasedRoute(Array)
#23 [internal function]: Laravel\\Lumen\\Application->Laravel\\Lumen\\Concerns\\{closure}(Object(Laravel\\Lumen\\Http\\Request))
#24 C:\\xampp\\htdocs\\Lumen\\NewBikeBD18022020\\vendor\\laravel\\lumen-framework\\src\\Routing\\Pipeline.php(52): call_user_func(Object(Closure), Object(Laravel\\Lumen\\Http\\Request))
#25 C:\\xampp\\htdocs\\Lumen\\NewBikeBD18022020\\app\\Http\\Middleware\\Admin.php(49): Laravel\\Lumen\\Routing\\Pipeline->Laravel\\Lumen\\Routing\\{closure}(Object(Laravel\\Lumen\\Http\\Request))
#26 C:\\xampp\\htdocs\\Lumen\\NewBikeBD18022020\\vendor\\illuminate\\pipeline\\Pipeline.php(171): App\\Http\\Middleware\\Admin->handle(Object(Laravel\\Lumen\\Http\\Request), Object(Closure))
#27 [internal function]: Illuminate\\Pipeline\\Pipeline->Illuminate\\Pipeline\\{closure}(Object(Laravel\\Lumen\\Http\\Request))
#28 C:\\xampp\\htdocs\\Lumen\\NewBikeBD18022020\\vendor\\laravel\\lumen-framework\\src\\Routing\\Pipeline.php(32): call_user_func(Object(Closure), Object(Laravel\\Lumen\\Http\\Request))
#29 C:\\xampp\\htdocs\\Lumen\\NewBikeBD18022020\\vendor\\illuminate\\pipeline\\Pipeline.php(105): Laravel\\Lumen\\Routing\\Pipeline->Laravel\\Lumen\\Routing\\{closure}(Object(Laravel\\Lumen\\Http\\Request))
#30 C:\\xampp\\htdocs\\Lumen\\NewBikeBD18022020\\vendor\\laravel\\lumen-framework\\src\\Concerns\\RoutesRequests.php(413): Illuminate\\Pipeline\\Pipeline->then(Object(Closure))
#31 C:\\xampp\\htdocs\\Lumen\\NewBikeBD18022020\\vendor\\laravel\\lumen-framework\\src\\Concerns\\RoutesRequests.php(259): Laravel\\Lumen\\Application->sendThroughPipeline(Array, Object(Closure))
#32 C:\\xampp\\htdocs\\Lumen\\NewBikeBD18022020\\vendor\\laravel\\lumen-framework\\src\\Concerns\\RoutesRequests.php(165): Laravel\\Lumen\\Application->handleFoundRoute(Array)
#33 C:\\xampp\\htdocs\\Lumen\\NewBikeBD18022020\\vendor\\laravel\\lumen-framework\\src\\Concerns\\RoutesRequests.php(416): Laravel\\Lumen\\Application->Laravel\\Lumen\\Concerns\\{closure}(Object(Laravel\\Lumen\\Http\\Request))
#34 C:\\xampp\\htdocs\\Lumen\\NewBikeBD18022020\\vendor\\laravel\\lumen-framework\\src\\Concerns\\RoutesRequests.php(171): Laravel\\Lumen\\Application->sendThroughPipeline(Array, Object(Closure))
#35 C:\\xampp\\htdocs\\Lumen\\NewBikeBD18022020\\vendor\\laravel\\lumen-framework\\src\\Concerns\\RoutesRequests.php(108): Laravel\\Lumen\\Application->dispatch(NULL)
#36 C:\\xampp\\htdocs\\Lumen\\NewBikeBD18022020\\public\\index.php(28): Laravel\\Lumen\\Application->run()
#37 {main}
"} 
