[2020-02-15 11:25:30] local.ERROR: Symfony\Component\Debug\Exception\FatalThrowableError: syntax error, unexpected ':', expecting ';' in C:\xampp\htdocs\Laravel\Bikebd\NewBikeBD\app\Http\Controllers\BlogpostController.php:68
Stack trace:
#0 C:\xampp\htdocs\Laravel\Bikebd\NewBikeBD\vendor\composer\ClassLoader.php(322): Composer\Autoload\includeFile('C:\\xampp\\htdocs...')
#1 [internal function]: Composer\Autoload\ClassLoader->loadClass('App\\Http\\Contro...')
#2 [internal function]: spl_autoload_call('App\\Http\\Contro...')
#3 C:\xampp\htdocs\Laravel\Bikebd\NewBikeBD\vendor\illuminate\container\Container.php(803): ReflectionClass->__construct('App\\Http\\Contro...')
#4 C:\xampp\htdocs\Laravel\Bikebd\NewBikeBD\vendor\illuminate\container\Container.php(681): Illuminate\Container\Container->build('App\\Http\\Contro...')
#5 C:\xampp\htdocs\Laravel\Bikebd\NewBikeBD\vendor\illuminate\container\Container.php(629): Illuminate\Container\Container->resolve('App\\Http\\Contro...', Array)
#6 C:\xampp\htdocs\Laravel\Bikebd\NewBikeBD\vendor\laravel\lumen-framework\src\Application.php(273): Illuminate\Container\Container->make('App\\Http\\Contro...', Array)
#7 C:\xampp\htdocs\Laravel\Bikebd\NewBikeBD\vendor\laravel\lumen-framework\src\Concerns\RoutesRequests.php(311): Laravel\Lumen\Application->make('App\\Http\\Contro...')
#8 C:\xampp\htdocs\Laravel\Bikebd\NewBikeBD\vendor\laravel\lumen-framework\src\Concerns\RoutesRequests.php(278): Laravel\Lumen\Application->callControllerAction(Array)
#9 C:\xampp\htdocs\Laravel\Bikebd\NewBikeBD\vendor\laravel\lumen-framework\src\Concerns\RoutesRequests.php(263): Laravel\Lumen\Application->callActionOnArrayBasedRoute(Array)
#10 C:\xampp\htdocs\Laravel\Bikebd\NewBikeBD\vendor\laravel\lumen-framework\src\Concerns\RoutesRequests.php(233): Laravel\Lumen\Application->handleFoundRoute(Array)
#11 C:\xampp\htdocs\Laravel\Bikebd\NewBikeBD\vendor\laravel\lumen-framework\src\Concerns\RoutesRequests.php(169): Laravel\Lumen\Application->handleDispatcherResponse(Array)
#12 C:\xampp\htdocs\Laravel\Bikebd\NewBikeBD\vendor\laravel\lumen-framework\src\Concerns\RoutesRequests.php(416): Laravel\Lumen\Application->Laravel\Lumen\Concerns\{closure}(Object(Laravel\Lumen\Http\Request))
#13 C:\xampp\htdocs\Laravel\Bikebd\NewBikeBD\vendor\laravel\lumen-framework\src\Concerns\RoutesRequests.php(171): Laravel\Lumen\Application->sendThroughPipeline(Array, Object(Closure))
#14 C:\xampp\htdocs\Laravel\Bikebd\NewBikeBD\vendor\laravel\lumen-framework\src\Concerns\RoutesRequests.php(108): Laravel\Lumen\Application->dispatch(NULL)
#15 C:\xampp\htdocs\Laravel\Bikebd\NewBikeBD\public\index.php(28): Laravel\Lumen\Application->run()
#16 {main} {"exception":"[object] (Symfony\\Component\\Debug\\Exception\\FatalThrowableError(code: 0): syntax error, unexpected ':', expecting ';' at C:\\xampp\\htdocs\\Laravel\\Bikebd\\NewBikeBD\\app\\Http\\Controllers\\BlogpostController.php:68)
[stacktrace]
#0 C:\\xampp\\htdocs\\Laravel\\Bikebd\\NewBikeBD\\vendor\\composer\\ClassLoader.php(322): Composer\\Autoload\\includeFile('C:\\\\xampp\\\\htdocs...')
#1 [internal function]: Composer\\Autoload\\ClassLoader->loadClass('App\\\\Http\\\\Contro...')
#2 [internal function]: spl_autoload_call('App\\\\Http\\\\Contro...')
#3 C:\\xampp\\htdocs\\Laravel\\Bikebd\\NewBikeBD\\vendor\\illuminate\\container\\Container.php(803): ReflectionClass->__construct('App\\\\Http\\\\Contro...')
#4 C:\\xampp\\htdocs\\Laravel\\Bikebd\\NewBikeBD\\vendor\\illuminate\\container\\Container.php(681): Illuminate\\Container\\Container->build('App\\\\Http\\\\Contro...')
#5 C:\\xampp\\htdocs\\Laravel\\Bikebd\\NewBikeBD\\vendor\\illuminate\\container\\Container.php(629): Illuminate\\Container\\Container->resolve('App\\\\Http\\\\Contro...', Array)
#6 C:\\xampp\\htdocs\\Laravel\\Bikebd\\NewBikeBD\\vendor\\laravel\\lumen-framework\\src\\Application.php(273): Illuminate\\Container\\Container->make('App\\\\Http\\\\Contro...', Array)
#7 C:\\xampp\\htdocs\\Laravel\\Bikebd\\NewBikeBD\\vendor\\laravel\\lumen-framework\\src\\Concerns\\RoutesRequests.php(311): Laravel\\Lumen\\Application->make('App\\\\Http\\\\Contro...')
#8 C:\\xampp\\htdocs\\Laravel\\Bikebd\\NewBikeBD\\vendor\\laravel\\lumen-framework\\src\\Concerns\\RoutesRequests.php(278): Laravel\\Lumen\\Application->callControllerAction(Array)
#9 C:\\xampp\\htdocs\\Laravel\\Bikebd\\NewBikeBD\\vendor\\laravel\\lumen-framework\\src\\Concerns\\RoutesRequests.php(263): Laravel\\Lumen\\Application->callActionOnArrayBasedRoute(Array)
#10 C:\\xampp\\htdocs\\Laravel\\Bikebd\\NewBikeBD\\vendor\\laravel\\lumen-framework\\src\\Concerns\\RoutesRequests.php(233): Laravel\\Lumen\\Application->handleFoundRoute(Array)
#11 C:\\xampp\\htdocs\\Laravel\\Bikebd\\NewBikeBD\\vendor\\laravel\\lumen-framework\\src\\Concerns\\RoutesRequests.php(169): Laravel\\Lumen\\Application->handleDispatcherResponse(Array)
#12 C:\\xampp\\htdocs\\Laravel\\Bikebd\\NewBikeBD\\vendor\\laravel\\lumen-framework\\src\\Concerns\\RoutesRequests.php(416): Laravel\\Lumen\\Application->Laravel\\Lumen\\Concerns\\{closure}(Object(Laravel\\Lumen\\Http\\Request))
#13 C:\\xampp\\htdocs\\Laravel\\Bikebd\\NewBikeBD\\vendor\\laravel\\lumen-framework\\src\\Concerns\\RoutesRequests.php(171): Laravel\\Lumen\\Application->sendThroughPipeline(Array, Object(Closure))
#14 C:\\xampp\\htdocs\\Laravel\\Bikebd\\NewBikeBD\\vendor\\laravel\\lumen-framework\\src\\Concerns\\RoutesRequests.php(108): Laravel\\Lumen\\Application->dispatch(NULL)
#15 C:\\xampp\\htdocs\\Laravel\\Bikebd\\NewBikeBD\\public\\index.php(28): Laravel\\Lumen\\Application->run()
#16 {main}
"} 
[2020-02-15 11:25:51] local.ERROR: Symfony\Component\Debug\Exception\FatalThrowableError: syntax error, unexpected ':', expecting ';' in C:\xampp\htdocs\Laravel\Bikebd\NewBikeBD\app\Http\Controllers\BlogpostController.php:68
Stack trace:
#0 C:\xampp\htdocs\Laravel\Bikebd\NewBikeBD\vendor\composer\ClassLoader.php(322): Composer\Autoload\includeFile('C:\\xampp\\htdocs...')
#1 [internal function]: Composer\Autoload\ClassLoader->loadClass('App\\Http\\Contro...')
#2 [internal function]: spl_autoload_call('App\\Http\\Contro...')
#3 C:\xampp\htdocs\Laravel\Bikebd\NewBikeBD\vendor\illuminate\container\Container.php(803): ReflectionClass->__construct('App\\Http\\Contro...')
#4 C:\xampp\htdocs\Laravel\Bikebd\NewBikeBD\vendor\illuminate\container\Container.php(681): Illuminate\Container\Container->build('App\\Http\\Contro...')
#5 C:\xampp\htdocs\Laravel\Bikebd\NewBikeBD\vendor\illuminate\container\Container.php(629): Illuminate\Container\Container->resolve('App\\Http\\Contro...', Array)
#6 C:\xampp\htdocs\Laravel\Bikebd\NewBikeBD\vendor\laravel\lumen-framework\src\Application.php(273): Illuminate\Container\Container->make('App\\Http\\Contro...', Array)
#7 C:\xampp\htdocs\Laravel\Bikebd\NewBikeBD\vendor\laravel\lumen-framework\src\Concerns\RoutesRequests.php(311): Laravel\Lumen\Application->make('App\\Http\\Contro...')
#8 C:\xampp\htdocs\Laravel\Bikebd\NewBikeBD\vendor\laravel\lumen-framework\src\Concerns\RoutesRequests.php(278): Laravel\Lumen\Application->callControllerAction(Array)
#9 C:\xampp\htdocs\Laravel\Bikebd\NewBikeBD\vendor\laravel\lumen-framework\src\Concerns\RoutesRequests.php(263): Laravel\Lumen\Application->callActionOnArrayBasedRoute(Array)
#10 C:\xampp\htdocs\Laravel\Bikebd\NewBikeBD\vendor\laravel\lumen-framework\src\Concerns\RoutesRequests.php(233): Laravel\Lumen\Application->handleFoundRoute(Array)
#11 C:\xampp\htdocs\Laravel\Bikebd\NewBikeBD\vendor\laravel\lumen-framework\src\Concerns\RoutesRequests.php(169): Laravel\Lumen\Application->handleDispatcherResponse(Array)
#12 C:\xampp\htdocs\Laravel\Bikebd\NewBikeBD\vendor\laravel\lumen-framework\src\Concerns\RoutesRequests.php(416): Laravel\Lumen\Application->Laravel\Lumen\Concerns\{closure}(Object(Laravel\Lumen\Http\Request))
#13 C:\xampp\htdocs\Laravel\Bikebd\NewBikeBD\vendor\laravel\lumen-framework\src\Concerns\RoutesRequests.php(171): Laravel\Lumen\Application->sendThroughPipeline(Array, Object(Closure))
#14 C:\xampp\htdocs\Laravel\Bikebd\NewBikeBD\vendor\laravel\lumen-framework\src\Concerns\RoutesRequests.php(108): Laravel\Lumen\Application->dispatch(NULL)
#15 C:\xampp\htdocs\Laravel\Bikebd\NewBikeBD\public\index.php(28): Laravel\Lumen\Application->run()
#16 {main} {"exception":"[object] (Symfony\\Component\\Debug\\Exception\\FatalThrowableError(code: 0): syntax error, unexpected ':', expecting ';' at C:\\xampp\\htdocs\\Laravel\\Bikebd\\NewBikeBD\\app\\Http\\Controllers\\BlogpostController.php:68)
[stacktrace]
#0 C:\\xampp\\htdocs\\Laravel\\Bikebd\\NewBikeBD\\vendor\\composer\\ClassLoader.php(322): Composer\\Autoload\\includeFile('C:\\\\xampp\\\\htdocs...')
#1 [internal function]: Composer\\Autoload\\ClassLoader->loadClass('App\\\\Http\\\\Contro...')
#2 [internal function]: spl_autoload_call('App\\\\Http\\\\Contro...')
#3 C:\\xampp\\htdocs\\Laravel\\Bikebd\\NewBikeBD\\vendor\\illuminate\\container\\Container.php(803): ReflectionClass->__construct('App\\\\Http\\\\Contro...')
#4 C:\\xampp\\htdocs\\Laravel\\Bikebd\\NewBikeBD\\vendor\\illuminate\\container\\Container.php(681): Illuminate\\Container\\Container->build('App\\\\Http\\\\Contro...')
#5 C:\\xampp\\htdocs\\Laravel\\Bikebd\\NewBikeBD\\vendor\\illuminate\\container\\Container.php(629): Illuminate\\Container\\Container->resolve('App\\\\Http\\\\Contro...', Array)
#6 C:\\xampp\\htdocs\\Laravel\\Bikebd\\NewBikeBD\\vendor\\laravel\\lumen-framework\\src\\Application.php(273): Illuminate\\Container\\Container->make('App\\\\Http\\\\Contro...', Array)
#7 C:\\xampp\\htdocs\\Laravel\\Bikebd\\NewBikeBD\\vendor\\laravel\\lumen-framework\\src\\Concerns\\RoutesRequests.php(311): Laravel\\Lumen\\Application->make('App\\\\Http\\\\Contro...')
#8 C:\\xampp\\htdocs\\Laravel\\Bikebd\\NewBikeBD\\vendor\\laravel\\lumen-framework\\src\\Concerns\\RoutesRequests.php(278): Laravel\\Lumen\\Application->callControllerAction(Array)
#9 C:\\xampp\\htdocs\\Laravel\\Bikebd\\NewBikeBD\\vendor\\laravel\\lumen-framework\\src\\Concerns\\RoutesRequests.php(263): Laravel\\Lumen\\Application->callActionOnArrayBasedRoute(Array)
#10 C:\\xampp\\htdocs\\Laravel\\Bikebd\\NewBikeBD\\vendor\\laravel\\lumen-framework\\src\\Concerns\\RoutesRequests.php(233): Laravel\\Lumen\\Application->handleFoundRoute(Array)
#11 C:\\xampp\\htdocs\\Laravel\\Bikebd\\NewBikeBD\\vendor\\laravel\\lumen-framework\\src\\Concerns\\RoutesRequests.php(169): Laravel\\Lumen\\Application->handleDispatcherResponse(Array)
#12 C:\\xampp\\htdocs\\Laravel\\Bikebd\\NewBikeBD\\vendor\\laravel\\lumen-framework\\src\\Concerns\\RoutesRequests.php(416): Laravel\\Lumen\\Application->Laravel\\Lumen\\Concerns\\{closure}(Object(Laravel\\Lumen\\Http\\Request))
#13 C:\\xampp\\htdocs\\Laravel\\Bikebd\\NewBikeBD\\vendor\\laravel\\lumen-framework\\src\\Concerns\\RoutesRequests.php(171): Laravel\\Lumen\\Application->sendThroughPipeline(Array, Object(Closure))
#14 C:\\xampp\\htdocs\\Laravel\\Bikebd\\NewBikeBD\\vendor\\laravel\\lumen-framework\\src\\Concerns\\RoutesRequests.php(108): Laravel\\Lumen\\Application->dispatch(NULL)
#15 C:\\xampp\\htdocs\\Laravel\\Bikebd\\NewBikeBD\\public\\index.php(28): Laravel\\Lumen\\Application->run()
#16 {main}
"} 
[2020-02-15 12:27:56] local.ERROR: ReflectionException: Class auth.password does not exist in C:\xampp\htdocs\Lumen\NewBikeBD\NewBikeBD\vendor\illuminate\container\Container.php:803
Stack trace:
#0 C:\xampp\htdocs\Lumen\NewBikeBD\NewBikeBD\vendor\illuminate\container\Container.php(803): ReflectionClass->__construct('auth.password')
#1 C:\xampp\htdocs\Lumen\NewBikeBD\NewBikeBD\vendor\illuminate\container\Container.php(681): Illuminate\Container\Container->build('auth.password')
#2 C:\xampp\htdocs\Lumen\NewBikeBD\NewBikeBD\vendor\illuminate\container\Container.php(629): Illuminate\Container\Container->resolve('auth.password', Array)
#3 C:\xampp\htdocs\Lumen\NewBikeBD\NewBikeBD\vendor\laravel\lumen-framework\src\Application.php(273): Illuminate\Container\Container->make('auth.password', Array)
#4 C:\xampp\htdocs\Lumen\NewBikeBD\NewBikeBD\vendor\illuminate\container\Container.php(1245): Laravel\Lumen\Application->make('auth.password')
#5 C:\xampp\htdocs\Lumen\NewBikeBD\NewBikeBD\vendor\illuminate\auth\Console\ClearResetsCommand.php(30): Illuminate\Container\Container->offsetGet('auth.password')
#6 [internal function]: Illuminate\Auth\Console\ClearResetsCommand->handle()
#7 C:\xampp\htdocs\Lumen\NewBikeBD\NewBikeBD\vendor\illuminate\container\BoundMethod.php(32): call_user_func_array(Array, Array)
#8 C:\xampp\htdocs\Lumen\NewBikeBD\NewBikeBD\vendor\illuminate\container\Util.php(36): Illuminate\Container\BoundMethod::Illuminate\Container\{closure}()
#9 C:\xampp\htdocs\Lumen\NewBikeBD\NewBikeBD\vendor\illuminate\container\BoundMethod.php(90): Illuminate\Container\Util::unwrapIfClosure(Object(Closure))
#10 C:\xampp\htdocs\Lumen\NewBikeBD\NewBikeBD\vendor\illuminate\container\BoundMethod.php(34): Illuminate\Container\BoundMethod::callBoundMethod(Object(Laravel\Lumen\Application), Array, Object(Closure))
#11 C:\xampp\htdocs\Lumen\NewBikeBD\NewBikeBD\vendor\illuminate\container\Container.php(590): Illuminate\Container\BoundMethod::call(Object(Laravel\Lumen\Application), Array, Array, NULL)
#12 C:\xampp\htdocs\Lumen\NewBikeBD\NewBikeBD\vendor\illuminate\console\Command.php(134): Illuminate\Container\Container->call(Array)
#13 C:\xampp\htdocs\Lumen\NewBikeBD\NewBikeBD\vendor\symfony\console\Command\Command.php(255): Illuminate\Console\Command->execute(Object(Symfony\Component\Console\Input\ArgvInput), Object(Illuminate\Console\OutputStyle))
#14 C:\xampp\htdocs\Lumen\NewBikeBD\NewBikeBD\vendor\illuminate\console\Command.php(121): Symfony\Component\Console\Command\Command->run(Object(Symfony\Component\Console\Input\ArgvInput), Object(Illuminate\Console\OutputStyle))
#15 C:\xampp\htdocs\Lumen\NewBikeBD\NewBikeBD\vendor\symfony\console\Application.php(1012): Illuminate\Console\Command->run(Object(Symfony\Component\Console\Input\ArgvInput), Object(Symfony\Component\Console\Output\ConsoleOutput))
#16 C:\xampp\htdocs\Lumen\NewBikeBD\NewBikeBD\vendor\symfony\console\Application.php(272): Symfony\Component\Console\Application->doRunCommand(Object(Illuminate\Auth\Console\ClearResetsCommand), Object(Symfony\Component\Console\Input\ArgvInput), Object(Symfony\Component\Console\Output\ConsoleOutput))
#17 C:\xampp\htdocs\Lumen\NewBikeBD\NewBikeBD\vendor\symfony\console\Application.php(148): Symfony\Component\Console\Application->doRun(Object(Symfony\Component\Console\Input\ArgvInput), Object(Symfony\Component\Console\Output\ConsoleOutput))
#18 C:\xampp\htdocs\Lumen\NewBikeBD\NewBikeBD\vendor\illuminate\console\Application.php(93): Symfony\Component\Console\Application->run(Object(Symfony\Component\Console\Input\ArgvInput), Object(Symfony\Component\Console\Output\ConsoleOutput))
#19 C:\xampp\htdocs\Lumen\NewBikeBD\NewBikeBD\vendor\laravel\lumen-framework\src\Console\Kernel.php(115): Illuminate\Console\Application->run(Object(Symfony\Component\Console\Input\ArgvInput), Object(Symfony\Component\Console\Output\ConsoleOutput))
#20 C:\xampp\htdocs\Lumen\NewBikeBD\NewBikeBD\artisan(35): Laravel\Lumen\Console\Kernel->handle(Object(Symfony\Component\Console\Input\ArgvInput), Object(Symfony\Component\Console\Output\ConsoleOutput))
#21 {main}

Next Illuminate\Contracts\Container\BindingResolutionException: Target class [auth.password] does not exist. in C:\xampp\htdocs\Lumen\NewBikeBD\NewBikeBD\vendor\illuminate\container\Container.php:805
Stack trace:
#0 C:\xampp\htdocs\Lumen\NewBikeBD\NewBikeBD\vendor\illuminate\container\Container.php(681): Illuminate\Container\Container->build('auth.password')
#1 C:\xampp\htdocs\Lumen\NewBikeBD\NewBikeBD\vendor\illuminate\container\Container.php(629): Illuminate\Container\Container->resolve('auth.password', Array)
#2 C:\xampp\htdocs\Lumen\NewBikeBD\NewBikeBD\vendor\laravel\lumen-framework\src\Application.php(273): Illuminate\Container\Container->make('auth.password', Array)
#3 C:\xampp\htdocs\Lumen\NewBikeBD\NewBikeBD\vendor\illuminate\container\Container.php(1245): Laravel\Lumen\Application->make('auth.password')
#4 C:\xampp\htdocs\Lumen\NewBikeBD\NewBikeBD\vendor\illuminate\auth\Console\ClearResetsCommand.php(30): Illuminate\Container\Container->offsetGet('auth.password')
#5 [internal function]: Illuminate\Auth\Console\ClearResetsCommand->handle()
#6 C:\xampp\htdocs\Lumen\NewBikeBD\NewBikeBD\vendor\illuminate\container\BoundMethod.php(32): call_user_func_array(Array, Array)
#7 C:\xampp\htdocs\Lumen\NewBikeBD\NewBikeBD\vendor\illuminate\container\Util.php(36): Illuminate\Container\BoundMethod::Illuminate\Container\{closure}()
#8 C:\xampp\htdocs\Lumen\NewBikeBD\NewBikeBD\vendor\illuminate\container\BoundMethod.php(90): Illuminate\Container\Util::unwrapIfClosure(Object(Closure))
#9 C:\xampp\htdocs\Lumen\NewBikeBD\NewBikeBD\vendor\illuminate\container\BoundMethod.php(34): Illuminate\Container\BoundMethod::callBoundMethod(Object(Laravel\Lumen\Application), Array, Object(Closure))
#10 C:\xampp\htdocs\Lumen\NewBikeBD\NewBikeBD\vendor\illuminate\container\Container.php(590): Illuminate\Container\BoundMethod::call(Object(Laravel\Lumen\Application), Array, Array, NULL)
#11 C:\xampp\htdocs\Lumen\NewBikeBD\NewBikeBD\vendor\illuminate\console\Command.php(134): Illuminate\Container\Container->call(Array)
#12 C:\xampp\htdocs\Lumen\NewBikeBD\NewBikeBD\vendor\symfony\console\Command\Command.php(255): Illuminate\Console\Command->execute(Object(Symfony\Component\Console\Input\ArgvInput), Object(Illuminate\Console\OutputStyle))
#13 C:\xampp\htdocs\Lumen\NewBikeBD\NewBikeBD\vendor\illuminate\console\Command.php(121): Symfony\Component\Console\Command\Command->run(Object(Symfony\Component\Console\Input\ArgvInput), Object(Illuminate\Console\OutputStyle))
#14 C:\xampp\htdocs\Lumen\NewBikeBD\NewBikeBD\vendor\symfony\console\Application.php(1012): Illuminate\Console\Command->run(Object(Symfony\Component\Console\Input\ArgvInput), Object(Symfony\Component\Console\Output\ConsoleOutput))
#15 C:\xampp\htdocs\Lumen\NewBikeBD\NewBikeBD\vendor\symfony\console\Application.php(272): Symfony\Component\Console\Application->doRunCommand(Object(Illuminate\Auth\Console\ClearResetsCommand), Object(Symfony\Component\Console\Input\ArgvInput), Object(Symfony\Component\Console\Output\ConsoleOutput))
#16 C:\xampp\htdocs\Lumen\NewBikeBD\NewBikeBD\vendor\symfony\console\Application.php(148): Symfony\Component\Console\Application->doRun(Object(Symfony\Component\Console\Input\ArgvInput), Object(Symfony\Component\Console\Output\ConsoleOutput))
#17 C:\xampp\htdocs\Lumen\NewBikeBD\NewBikeBD\vendor\illuminate\console\Application.php(93): Symfony\Component\Console\Application->run(Object(Symfony\Component\Console\Input\ArgvInput), Object(Symfony\Component\Console\Output\ConsoleOutput))
#18 C:\xampp\htdocs\Lumen\NewBikeBD\NewBikeBD\vendor\laravel\lumen-framework\src\Console\Kernel.php(115): Illuminate\Console\Application->run(Object(Symfony\Component\Console\Input\ArgvInput), Object(Symfony\Component\Console\Output\ConsoleOutput))
#19 C:\xampp\htdocs\Lumen\NewBikeBD\NewBikeBD\artisan(35): Laravel\Lumen\Console\Kernel->handle(Object(Symfony\Component\Console\Input\ArgvInput), Object(Symfony\Component\Console\Output\ConsoleOutput))
#20 {main} {"exception":"[object] (Illuminate\\Contracts\\Container\\BindingResolutionException(code: 0): Target class [auth.password] does not exist. at C:\\xampp\\htdocs\\Lumen\\NewBikeBD\\NewBikeBD\\vendor\\illuminate\\container\\Container.php:805)
[stacktrace]
#0 C:\\xampp\\htdocs\\Lumen\\NewBikeBD\\NewBikeBD\\vendor\\illuminate\\container\\Container.php(681): Illuminate\\Container\\Container->build('auth.password')
#1 C:\\xampp\\htdocs\\Lumen\\NewBikeBD\\NewBikeBD\\vendor\\illuminate\\container\\Container.php(629): Illuminate\\Container\\Container->resolve('auth.password', Array)
#2 C:\\xampp\\htdocs\\Lumen\\NewBikeBD\\NewBikeBD\\vendor\\laravel\\lumen-framework\\src\\Application.php(273): Illuminate\\Container\\Container->make('auth.password', Array)
#3 C:\\xampp\\htdocs\\Lumen\\NewBikeBD\\NewBikeBD\\vendor\\illuminate\\container\\Container.php(1245): Laravel\\Lumen\\Application->make('auth.password')
#4 C:\\xampp\\htdocs\\Lumen\\NewBikeBD\\NewBikeBD\\vendor\\illuminate\\auth\\Console\\ClearResetsCommand.php(30): Illuminate\\Container\\Container->offsetGet('auth.password')
#5 [internal function]: Illuminate\\Auth\\Console\\ClearResetsCommand->handle()
#6 C:\\xampp\\htdocs\\Lumen\\NewBikeBD\\NewBikeBD\\vendor\\illuminate\\container\\BoundMethod.php(32): call_user_func_array(Array, Array)
#7 C:\\xampp\\htdocs\\Lumen\\NewBikeBD\\NewBikeBD\\vendor\\illuminate\\container\\Util.php(36): Illuminate\\Container\\BoundMethod::Illuminate\\Container\\{closure}()
#8 C:\\xampp\\htdocs\\Lumen\\NewBikeBD\\NewBikeBD\\vendor\\illuminate\\container\\BoundMethod.php(90): Illuminate\\Container\\Util::unwrapIfClosure(Object(Closure))
#9 C:\\xampp\\htdocs\\Lumen\\NewBikeBD\\NewBikeBD\\vendor\\illuminate\\container\\BoundMethod.php(34): Illuminate\\Container\\BoundMethod::callBoundMethod(Object(Laravel\\Lumen\\Application), Array, Object(Closure))
#10 C:\\xampp\\htdocs\\Lumen\\NewBikeBD\\NewBikeBD\\vendor\\illuminate\\container\\Container.php(590): Illuminate\\Container\\BoundMethod::call(Object(Laravel\\Lumen\\Application), Array, Array, NULL)
#11 C:\\xampp\\htdocs\\Lumen\\NewBikeBD\\NewBikeBD\\vendor\\illuminate\\console\\Command.php(134): Illuminate\\Container\\Container->call(Array)
#12 C:\\xampp\\htdocs\\Lumen\\NewBikeBD\\NewBikeBD\\vendor\\symfony\\console\\Command\\Command.php(255): Illuminate\\Console\\Command->execute(Object(Symfony\\Component\\Console\\Input\\ArgvInput), Object(Illuminate\\Console\\OutputStyle))
#13 C:\\xampp\\htdocs\\Lumen\\NewBikeBD\\NewBikeBD\\vendor\\illuminate\\console\\Command.php(121): Symfony\\Component\\Console\\Command\\Command->run(Object(Symfony\\Component\\Console\\Input\\ArgvInput), Object(Illuminate\\Console\\OutputStyle))
#14 C:\\xampp\\htdocs\\Lumen\\NewBikeBD\\NewBikeBD\\vendor\\symfony\\console\\Application.php(1012): Illuminate\\Console\\Command->run(Object(Symfony\\Component\\Console\\Input\\ArgvInput), Object(Symfony\\Component\\Console\\Output\\ConsoleOutput))
#15 C:\\xampp\\htdocs\\Lumen\\NewBikeBD\\NewBikeBD\\vendor\\symfony\\console\\Application.php(272): Symfony\\Component\\Console\\Application->doRunCommand(Object(Illuminate\\Auth\\Console\\ClearResetsCommand), Object(Symfony\\Component\\Console\\Input\\ArgvInput), Object(Symfony\\Component\\Console\\Output\\ConsoleOutput))
#16 C:\\xampp\\htdocs\\Lumen\\NewBikeBD\\NewBikeBD\\vendor\\symfony\\console\\Application.php(148): Symfony\\Component\\Console\\Application->doRun(Object(Symfony\\Component\\Console\\Input\\ArgvInput), Object(Symfony\\Component\\Console\\Output\\ConsoleOutput))
#17 C:\\xampp\\htdocs\\Lumen\\NewBikeBD\\NewBikeBD\\vendor\\illuminate\\console\\Application.php(93): Symfony\\Component\\Console\\Application->run(Object(Symfony\\Component\\Console\\Input\\ArgvInput), Object(Symfony\\Component\\Console\\Output\\ConsoleOutput))
#18 C:\\xampp\\htdocs\\Lumen\\NewBikeBD\\NewBikeBD\\vendor\\laravel\\lumen-framework\\src\\Console\\Kernel.php(115): Illuminate\\Console\\Application->run(Object(Symfony\\Component\\Console\\Input\\ArgvInput), Object(Symfony\\Component\\Console\\Output\\ConsoleOutput))
#19 C:\\xampp\\htdocs\\Lumen\\NewBikeBD\\NewBikeBD\\artisan(35): Laravel\\Lumen\\Console\\Kernel->handle(Object(Symfony\\Component\\Console\\Input\\ArgvInput), Object(Symfony\\Component\\Console\\Output\\ConsoleOutput))
#20 {main}

[previous exception] [object] (ReflectionException(code: -1): Class auth.password does not exist at C:\\xampp\\htdocs\\Lumen\\NewBikeBD\\NewBikeBD\\vendor\\illuminate\\container\\Container.php:803)
[stacktrace]
#0 C:\\xampp\\htdocs\\Lumen\\NewBikeBD\\NewBikeBD\\vendor\\illuminate\\container\\Container.php(803): ReflectionClass->__construct('auth.password')
#1 C:\\xampp\\htdocs\\Lumen\\NewBikeBD\\NewBikeBD\\vendor\\illuminate\\container\\Container.php(681): Illuminate\\Container\\Container->build('auth.password')
#2 C:\\xampp\\htdocs\\Lumen\\NewBikeBD\\NewBikeBD\\vendor\\illuminate\\container\\Container.php(629): Illuminate\\Container\\Container->resolve('auth.password', Array)
#3 C:\\xampp\\htdocs\\Lumen\\NewBikeBD\\NewBikeBD\\vendor\\laravel\\lumen-framework\\src\\Application.php(273): Illuminate\\Container\\Container->make('auth.password', Array)
#4 C:\\xampp\\htdocs\\Lumen\\NewBikeBD\\NewBikeBD\\vendor\\illuminate\\container\\Container.php(1245): Laravel\\Lumen\\Application->make('auth.password')
#5 C:\\xampp\\htdocs\\Lumen\\NewBikeBD\\NewBikeBD\\vendor\\illuminate\\auth\\Console\\ClearResetsCommand.php(30): Illuminate\\Container\\Container->offsetGet('auth.password')
#6 [internal function]: Illuminate\\Auth\\Console\\ClearResetsCommand->handle()
#7 C:\\xampp\\htdocs\\Lumen\\NewBikeBD\\NewBikeBD\\vendor\\illuminate\\container\\BoundMethod.php(32): call_user_func_array(Array, Array)
#8 C:\\xampp\\htdocs\\Lumen\\NewBikeBD\\NewBikeBD\\vendor\\illuminate\\container\\Util.php(36): Illuminate\\Container\\BoundMethod::Illuminate\\Container\\{closure}()
#9 C:\\xampp\\htdocs\\Lumen\\NewBikeBD\\NewBikeBD\\vendor\\illuminate\\container\\BoundMethod.php(90): Illuminate\\Container\\Util::unwrapIfClosure(Object(Closure))
#10 C:\\xampp\\htdocs\\Lumen\\NewBikeBD\\NewBikeBD\\vendor\\illuminate\\container\\BoundMethod.php(34): Illuminate\\Container\\BoundMethod::callBoundMethod(Object(Laravel\\Lumen\\Application), Array, Object(Closure))
#11 C:\\xampp\\htdocs\\Lumen\\NewBikeBD\\NewBikeBD\\vendor\\illuminate\\container\\Container.php(590): Illuminate\\Container\\BoundMethod::call(Object(Laravel\\Lumen\\Application), Array, Array, NULL)
#12 C:\\xampp\\htdocs\\Lumen\\NewBikeBD\\NewBikeBD\\vendor\\illuminate\\console\\Command.php(134): Illuminate\\Container\\Container->call(Array)
#13 C:\\xampp\\htdocs\\Lumen\\NewBikeBD\\NewBikeBD\\vendor\\symfony\\console\\Command\\Command.php(255): Illuminate\\Console\\Command->execute(Object(Symfony\\Component\\Console\\Input\\ArgvInput), Object(Illuminate\\Console\\OutputStyle))
#14 C:\\xampp\\htdocs\\Lumen\\NewBikeBD\\NewBikeBD\\vendor\\illuminate\\console\\Command.php(121): Symfony\\Component\\Console\\Command\\Command->run(Object(Symfony\\Component\\Console\\Input\\ArgvInput), Object(Illuminate\\Console\\OutputStyle))
#15 C:\\xampp\\htdocs\\Lumen\\NewBikeBD\\NewBikeBD\\vendor\\symfony\\console\\Application.php(1012): Illuminate\\Console\\Command->run(Object(Symfony\\Component\\Console\\Input\\ArgvInput), Object(Symfony\\Component\\Console\\Output\\ConsoleOutput))
#16 C:\\xampp\\htdocs\\Lumen\\NewBikeBD\\NewBikeBD\\vendor\\symfony\\console\\Application.php(272): Symfony\\Component\\Console\\Application->doRunCommand(Object(Illuminate\\Auth\\Console\\ClearResetsCommand), Object(Symfony\\Component\\Console\\Input\\ArgvInput), Object(Symfony\\Component\\Console\\Output\\ConsoleOutput))
#17 C:\\xampp\\htdocs\\Lumen\\NewBikeBD\\NewBikeBD\\vendor\\symfony\\console\\Application.php(148): Symfony\\Component\\Console\\Application->doRun(Object(Symfony\\Component\\Console\\Input\\ArgvInput), Object(Symfony\\Component\\Console\\Output\\ConsoleOutput))
#18 C:\\xampp\\htdocs\\Lumen\\NewBikeBD\\NewBikeBD\\vendor\\illuminate\\console\\Application.php(93): Symfony\\Component\\Console\\Application->run(Object(Symfony\\Component\\Console\\Input\\ArgvInput), Object(Symfony\\Component\\Console\\Output\\ConsoleOutput))
#19 C:\\xampp\\htdocs\\Lumen\\NewBikeBD\\NewBikeBD\\vendor\\laravel\\lumen-framework\\src\\Console\\Kernel.php(115): Illuminate\\Console\\Application->run(Object(Symfony\\Component\\Console\\Input\\ArgvInput), Object(Symfony\\Component\\Console\\Output\\ConsoleOutput))
#20 C:\\xampp\\htdocs\\Lumen\\NewBikeBD\\NewBikeBD\\artisan(35): Laravel\\Lumen\\Console\\Kernel->handle(Object(Symfony\\Component\\Console\\Input\\ArgvInput), Object(Symfony\\Component\\Console\\Output\\ConsoleOutput))
#21 {main}
"} 
[2020-02-15 12:43:32] local.ERROR: Symfony\Component\Debug\Exception\FatalErrorException: syntax error, unexpected '<', expecting end of file in C:\xampp\htdocs\Lumen\NewBikeBD\NewBikeBD\routes\web.php:66
Stack trace:
#0 C:\xampp\htdocs\Lumen\NewBikeBD\NewBikeBD\vendor\laravel\lumen-framework\src\Concerns\RegistersExceptionHandlers.php(54): Laravel\Lumen\Application->handleShutdown()
#1 [internal function]: Laravel\Lumen\Application->Laravel\Lumen\Concerns\{closure}()
#2 {main} {"exception":"[object] (Symfony\\Component\\Debug\\Exception\\FatalErrorException(code: 4): syntax error, unexpected '<', expecting end of file at C:\\xampp\\htdocs\\Lumen\\NewBikeBD\\NewBikeBD\outes\\web.php:66)
[stacktrace]
#0 C:\\xampp\\htdocs\\Lumen\\NewBikeBD\\NewBikeBD\\vendor\\laravel\\lumen-framework\\src\\Concerns\\RegistersExceptionHandlers.php(54): Laravel\\Lumen\\Application->handleShutdown()
#1 [internal function]: Laravel\\Lumen\\Application->Laravel\\Lumen\\Concerns\\{closure}()
#2 {main}
"} 
[2020-02-15 12:45:19] local.ERROR: Symfony\Component\Debug\Exception\FatalErrorException: syntax error, unexpected '<', expecting end of file in C:\xampp\htdocs\Lumen\NewBikeBD\NewBikeBD\routes\web.php:67
Stack trace:
#0 C:\xampp\htdocs\Lumen\NewBikeBD\NewBikeBD\vendor\laravel\lumen-framework\src\Concerns\RegistersExceptionHandlers.php(54): Laravel\Lumen\Application->handleShutdown()
#1 [internal function]: Laravel\Lumen\Application->Laravel\Lumen\Concerns\{closure}()
#2 {main} {"exception":"[object] (Symfony\\Component\\Debug\\Exception\\FatalErrorException(code: 4): syntax error, unexpected '<', expecting end of file at C:\\xampp\\htdocs\\Lumen\\NewBikeBD\\NewBikeBD\outes\\web.php:67)
[stacktrace]
#0 C:\\xampp\\htdocs\\Lumen\\NewBikeBD\\NewBikeBD\\vendor\\laravel\\lumen-framework\\src\\Concerns\\RegistersExceptionHandlers.php(54): Laravel\\Lumen\\Application->handleShutdown()
#1 [internal function]: Laravel\\Lumen\\Application->Laravel\\Lumen\\Concerns\\{closure}()
#2 {main}
"} 
[2020-02-15 12:46:01] local.ERROR: Symfony\Component\Debug\Exception\FatalErrorException: syntax error, unexpected '<', expecting end of file in C:\xampp\htdocs\Lumen\NewBikeBD\NewBikeBD\routes\web.php:67
Stack trace:
#0 C:\xampp\htdocs\Lumen\NewBikeBD\NewBikeBD\vendor\laravel\lumen-framework\src\Concerns\RegistersExceptionHandlers.php(54): Laravel\Lumen\Application->handleShutdown()
#1 [internal function]: Laravel\Lumen\Application->Laravel\Lumen\Concerns\{closure}()
#2 {main} {"exception":"[object] (Symfony\\Component\\Debug\\Exception\\FatalErrorException(code: 4): syntax error, unexpected '<', expecting end of file at C:\\xampp\\htdocs\\Lumen\\NewBikeBD\\NewBikeBD\outes\\web.php:67)
[stacktrace]
#0 C:\\xampp\\htdocs\\Lumen\\NewBikeBD\\NewBikeBD\\vendor\\laravel\\lumen-framework\\src\\Concerns\\RegistersExceptionHandlers.php(54): Laravel\\Lumen\\Application->handleShutdown()
#1 [internal function]: Laravel\\Lumen\\Application->Laravel\\Lumen\\Concerns\\{closure}()
#2 {main}
"} 
[2020-02-15 12:46:15] local.ERROR: Symfony\Component\Debug\Exception\FatalErrorException: syntax error, unexpected '<', expecting end of file in C:\xampp\htdocs\Lumen\NewBikeBD\NewBikeBD\routes\web.php:67
Stack trace:
#0 C:\xampp\htdocs\Lumen\NewBikeBD\NewBikeBD\vendor\laravel\lumen-framework\src\Concerns\RegistersExceptionHandlers.php(54): Laravel\Lumen\Application->handleShutdown()
#1 [internal function]: Laravel\Lumen\Application->Laravel\Lumen\Concerns\{closure}()
#2 {main} {"exception":"[object] (Symfony\\Component\\Debug\\Exception\\FatalErrorException(code: 4): syntax error, unexpected '<', expecting end of file at C:\\xampp\\htdocs\\Lumen\\NewBikeBD\\NewBikeBD\outes\\web.php:67)
[stacktrace]
#0 C:\\xampp\\htdocs\\Lumen\\NewBikeBD\\NewBikeBD\\vendor\\laravel\\lumen-framework\\src\\Concerns\\RegistersExceptionHandlers.php(54): Laravel\\Lumen\\Application->handleShutdown()
#1 [internal function]: Laravel\\Lumen\\Application->Laravel\\Lumen\\Concerns\\{closure}()
#2 {main}
"} 
[2020-02-15 12:46:26] local.ERROR: Symfony\Component\Debug\Exception\FatalErrorException: syntax error, unexpected '<', expecting end of file in C:\xampp\htdocs\Lumen\NewBikeBD\NewBikeBD\routes\web.php:67
Stack trace:
#0 C:\xampp\htdocs\Lumen\NewBikeBD\NewBikeBD\vendor\laravel\lumen-framework\src\Concerns\RegistersExceptionHandlers.php(54): Laravel\Lumen\Application->handleShutdown()
#1 [internal function]: Laravel\Lumen\Application->Laravel\Lumen\Concerns\{closure}()
#2 {main} {"exception":"[object] (Symfony\\Component\\Debug\\Exception\\FatalErrorException(code: 4): syntax error, unexpected '<', expecting end of file at C:\\xampp\\htdocs\\Lumen\\NewBikeBD\\NewBikeBD\outes\\web.php:67)
[stacktrace]
#0 C:\\xampp\\htdocs\\Lumen\\NewBikeBD\\NewBikeBD\\vendor\\laravel\\lumen-framework\\src\\Concerns\\RegistersExceptionHandlers.php(54): Laravel\\Lumen\\Application->handleShutdown()
#1 [internal function]: Laravel\\Lumen\\Application->Laravel\\Lumen\\Concerns\\{closure}()
#2 {main}
"} 
[2020-02-15 12:47:39] local.ERROR: Symfony\Component\Debug\Exception\FatalErrorException: syntax error, unexpected '<', expecting end of file in C:\xampp\htdocs\Lumen\NewBikeBD\NewBikeBD\routes\web.php:67
Stack trace:
#0 C:\xampp\htdocs\Lumen\NewBikeBD\NewBikeBD\vendor\laravel\lumen-framework\src\Concerns\RegistersExceptionHandlers.php(54): Laravel\Lumen\Application->handleShutdown()
#1 [internal function]: Laravel\Lumen\Application->Laravel\Lumen\Concerns\{closure}()
#2 {main} {"exception":"[object] (Symfony\\Component\\Debug\\Exception\\FatalErrorException(code: 4): syntax error, unexpected '<', expecting end of file at C:\\xampp\\htdocs\\Lumen\\NewBikeBD\\NewBikeBD\outes\\web.php:67)
[stacktrace]
#0 C:\\xampp\\htdocs\\Lumen\\NewBikeBD\\NewBikeBD\\vendor\\laravel\\lumen-framework\\src\\Concerns\\RegistersExceptionHandlers.php(54): Laravel\\Lumen\\Application->handleShutdown()
#1 [internal function]: Laravel\\Lumen\\Application->Laravel\\Lumen\\Concerns\\{closure}()
#2 {main}
"} 
