[2020-02-16 05:00:29] local.ERROR: Symfony\Component\Debug\Exception\FatalThrowableError: syntax error, unexpected 'return' (T_RETURN), expecting function (T_FUNCTION) or const (T_CONST) in C:\xampp\htdocs\Lumen\NewBikeBD\NewBikeBD\app\Http\Controllers\PageController.php:60
Stack trace:
#0 C:\xampp\htdocs\Lumen\NewBikeBD\NewBikeBD\vendor\composer\ClassLoader.php(322): Composer\Autoload\includeFile('C:\\xampp\\htdocs...')
#1 [internal function]: Composer\Autoload\ClassLoader->loadClass('App\\Http\\Contro...')
#2 [internal function]: spl_autoload_call('App\\Http\\Contro...')
#3 C:\xampp\htdocs\Lumen\NewBikeBD\NewBikeBD\vendor\illuminate\container\Container.php(803): ReflectionClass->__construct('App\\Http\\Contro...')
#4 C:\xampp\htdocs\Lumen\NewBikeBD\NewBikeBD\vendor\illuminate\container\Container.php(681): Illuminate\Container\Container->build('App\\Http\\Contro...')
#5 C:\xampp\htdocs\Lumen\NewBikeBD\NewBikeBD\vendor\illuminate\container\Container.php(629): Illuminate\Container\Container->resolve('App\\Http\\Contro...', Array)
#6 C:\xampp\htdocs\Lumen\NewBikeBD\NewBikeBD\vendor\laravel\lumen-framework\src\Application.php(273): Illuminate\Container\Container->make('App\\Http\\Contro...', Array)
#7 C:\xampp\htdocs\Lumen\NewBikeBD\NewBikeBD\vendor\laravel\lumen-framework\src\Concerns\RoutesRequests.php(311): Laravel\Lumen\Application->make('App\\Http\\Contro...')
#8 C:\xampp\htdocs\Lumen\NewBikeBD\NewBikeBD\vendor\laravel\lumen-framework\src\Concerns\RoutesRequests.php(278): Laravel\Lumen\Application->callControllerAction(Array)
#9 C:\xampp\htdocs\Lumen\NewBikeBD\NewBikeBD\vendor\laravel\lumen-framework\src\Concerns\RoutesRequests.php(263): Laravel\Lumen\Application->callActionOnArrayBasedRoute(Array)
#10 C:\xampp\htdocs\Lumen\NewBikeBD\NewBikeBD\vendor\laravel\lumen-framework\src\Concerns\RoutesRequests.php(233): Laravel\Lumen\Application->handleFoundRoute(Array)
#11 C:\xampp\htdocs\Lumen\NewBikeBD\NewBikeBD\vendor\laravel\lumen-framework\src\Concerns\RoutesRequests.php(169): Laravel\Lumen\Application->handleDispatcherResponse(Array)
#12 C:\xampp\htdocs\Lumen\NewBikeBD\NewBikeBD\vendor\laravel\lumen-framework\src\Concerns\RoutesRequests.php(416): Laravel\Lumen\Application->Laravel\Lumen\Concerns\{closure}(Object(Laravel\Lumen\Http\Request))
#13 C:\xampp\htdocs\Lumen\NewBikeBD\NewBikeBD\vendor\laravel\lumen-framework\src\Concerns\RoutesRequests.php(171): Laravel\Lumen\Application->sendThroughPipeline(Array, Object(Closure))
#14 C:\xampp\htdocs\Lumen\NewBikeBD\NewBikeBD\vendor\laravel\lumen-framework\src\Concerns\RoutesRequests.php(108): Laravel\Lumen\Application->dispatch(NULL)
#15 C:\xampp\htdocs\Lumen\NewBikeBD\NewBikeBD\public\index.php(28): Laravel\Lumen\Application->run()
#16 {main} {"exception":"[object] (Symfony\\Component\\Debug\\Exception\\FatalThrowableError(code: 0): syntax error, unexpected 'return' (T_RETURN), expecting function (T_FUNCTION) or const (T_CONST) at C:\\xampp\\htdocs\\Lumen\\NewBikeBD\\NewBikeBD\\app\\Http\\Controllers\\PageController.php:60)
[stacktrace]
#0 C:\\xampp\\htdocs\\Lumen\\NewBikeBD\\NewBikeBD\\vendor\\composer\\ClassLoader.php(322): Composer\\Autoload\\includeFile('C:\\\\xampp\\\\htdocs...')
#1 [internal function]: Composer\\Autoload\\ClassLoader->loadClass('App\\\\Http\\\\Contro...')
#2 [internal function]: spl_autoload_call('App\\\\Http\\\\Contro...')
#3 C:\\xampp\\htdocs\\Lumen\\NewBikeBD\\NewBikeBD\\vendor\\illuminate\\container\\Container.php(803): ReflectionClass->__construct('App\\\\Http\\\\Contro...')
#4 C:\\xampp\\htdocs\\Lumen\\NewBikeBD\\NewBikeBD\\vendor\\illuminate\\container\\Container.php(681): Illuminate\\Container\\Container->build('App\\\\Http\\\\Contro...')
#5 C:\\xampp\\htdocs\\Lumen\\NewBikeBD\\NewBikeBD\\vendor\\illuminate\\container\\Container.php(629): Illuminate\\Container\\Container->resolve('App\\\\Http\\\\Contro...', Array)
#6 C:\\xampp\\htdocs\\Lumen\\NewBikeBD\\NewBikeBD\\vendor\\laravel\\lumen-framework\\src\\Application.php(273): Illuminate\\Container\\Container->make('App\\\\Http\\\\Contro...', Array)
#7 C:\\xampp\\htdocs\\Lumen\\NewBikeBD\\NewBikeBD\\vendor\\laravel\\lumen-framework\\src\\Concerns\\RoutesRequests.php(311): Laravel\\Lumen\\Application->make('App\\\\Http\\\\Contro...')
#8 C:\\xampp\\htdocs\\Lumen\\NewBikeBD\\NewBikeBD\\vendor\\laravel\\lumen-framework\\src\\Concerns\\RoutesRequests.php(278): Laravel\\Lumen\\Application->callControllerAction(Array)
#9 C:\\xampp\\htdocs\\Lumen\\NewBikeBD\\NewBikeBD\\vendor\\laravel\\lumen-framework\\src\\Concerns\\RoutesRequests.php(263): Laravel\\Lumen\\Application->callActionOnArrayBasedRoute(Array)
#10 C:\\xampp\\htdocs\\Lumen\\NewBikeBD\\NewBikeBD\\vendor\\laravel\\lumen-framework\\src\\Concerns\\RoutesRequests.php(233): Laravel\\Lumen\\Application->handleFoundRoute(Array)
#11 C:\\xampp\\htdocs\\Lumen\\NewBikeBD\\NewBikeBD\\vendor\\laravel\\lumen-framework\\src\\Concerns\\RoutesRequests.php(169): Laravel\\Lumen\\Application->handleDispatcherResponse(Array)
#12 C:\\xampp\\htdocs\\Lumen\\NewBikeBD\\NewBikeBD\\vendor\\laravel\\lumen-framework\\src\\Concerns\\RoutesRequests.php(416): Laravel\\Lumen\\Application->Laravel\\Lumen\\Concerns\\{closure}(Object(Laravel\\Lumen\\Http\\Request))
#13 C:\\xampp\\htdocs\\Lumen\\NewBikeBD\\NewBikeBD\\vendor\\laravel\\lumen-framework\\src\\Concerns\\RoutesRequests.php(171): Laravel\\Lumen\\Application->sendThroughPipeline(Array, Object(Closure))
#14 C:\\xampp\\htdocs\\Lumen\\NewBikeBD\\NewBikeBD\\vendor\\laravel\\lumen-framework\\src\\Concerns\\RoutesRequests.php(108): Laravel\\Lumen\\Application->dispatch(NULL)
#15 C:\\xampp\\htdocs\\Lumen\\NewBikeBD\\NewBikeBD\\public\\index.php(28): Laravel\\Lumen\\Application->run()
#16 {main}
"} 
[2020-02-16 09:48:57] local.ERROR: Symfony\Component\Debug\Exception\FatalThrowableError: syntax error, unexpected '->' (T_OBJECT_OPERATOR), expecting identifier (T_STRING) or variable (T_VARIABLE) or '{' or '$' in C:\xampp\htdocs\Lumen\NewBikeBD\NewBikeBD\app\Http\Controllers\PageController.php:63
Stack trace:
#0 C:\xampp\htdocs\Lumen\NewBikeBD\NewBikeBD\vendor\composer\ClassLoader.php(322): Composer\Autoload\includeFile('C:\\xampp\\htdocs...')
#1 [internal function]: Composer\Autoload\ClassLoader->loadClass('App\\Http\\Contro...')
#2 [internal function]: spl_autoload_call('App\\Http\\Contro...')
#3 C:\xampp\htdocs\Lumen\NewBikeBD\NewBikeBD\vendor\illuminate\container\Container.php(803): ReflectionClass->__construct('App\\Http\\Contro...')
#4 C:\xampp\htdocs\Lumen\NewBikeBD\NewBikeBD\vendor\illuminate\container\Container.php(681): Illuminate\Container\Container->build('App\\Http\\Contro...')
#5 C:\xampp\htdocs\Lumen\NewBikeBD\NewBikeBD\vendor\illuminate\container\Container.php(629): Illuminate\Container\Container->resolve('App\\Http\\Contro...', Array)
#6 C:\xampp\htdocs\Lumen\NewBikeBD\NewBikeBD\vendor\laravel\lumen-framework\src\Application.php(273): Illuminate\Container\Container->make('App\\Http\\Contro...', Array)
#7 C:\xampp\htdocs\Lumen\NewBikeBD\NewBikeBD\vendor\laravel\lumen-framework\src\Concerns\RoutesRequests.php(311): Laravel\Lumen\Application->make('App\\Http\\Contro...')
#8 C:\xampp\htdocs\Lumen\NewBikeBD\NewBikeBD\vendor\laravel\lumen-framework\src\Concerns\RoutesRequests.php(278): Laravel\Lumen\Application->callControllerAction(Array)
#9 C:\xampp\htdocs\Lumen\NewBikeBD\NewBikeBD\vendor\laravel\lumen-framework\src\Concerns\RoutesRequests.php(263): Laravel\Lumen\Application->callActionOnArrayBasedRoute(Array)
#10 C:\xampp\htdocs\Lumen\NewBikeBD\NewBikeBD\vendor\laravel\lumen-framework\src\Concerns\RoutesRequests.php(233): Laravel\Lumen\Application->handleFoundRoute(Array)
#11 C:\xampp\htdocs\Lumen\NewBikeBD\NewBikeBD\vendor\laravel\lumen-framework\src\Concerns\RoutesRequests.php(169): Laravel\Lumen\Application->handleDispatcherResponse(Array)
#12 C:\xampp\htdocs\Lumen\NewBikeBD\NewBikeBD\vendor\laravel\lumen-framework\src\Concerns\RoutesRequests.php(416): Laravel\Lumen\Application->Laravel\Lumen\Concerns\{closure}(Object(Laravel\Lumen\Http\Request))
#13 C:\xampp\htdocs\Lumen\NewBikeBD\NewBikeBD\vendor\laravel\lumen-framework\src\Concerns\RoutesRequests.php(171): Laravel\Lumen\Application->sendThroughPipeline(Array, Object(Closure))
#14 C:\xampp\htdocs\Lumen\NewBikeBD\NewBikeBD\vendor\laravel\lumen-framework\src\Concerns\RoutesRequests.php(108): Laravel\Lumen\Application->dispatch(NULL)
#15 C:\xampp\htdocs\Lumen\NewBikeBD\NewBikeBD\public\index.php(28): Laravel\Lumen\Application->run()
#16 {main} {"exception":"[object] (Symfony\\Component\\Debug\\Exception\\FatalThrowableError(code: 0): syntax error, unexpected '->' (T_OBJECT_OPERATOR), expecting identifier (T_STRING) or variable (T_VARIABLE) or '{' or '$' at C:\\xampp\\htdocs\\Lumen\\NewBikeBD\\NewBikeBD\\app\\Http\\Controllers\\PageController.php:63)
[stacktrace]
#0 C:\\xampp\\htdocs\\Lumen\\NewBikeBD\\NewBikeBD\\vendor\\composer\\ClassLoader.php(322): Composer\\Autoload\\includeFile('C:\\\\xampp\\\\htdocs...')
#1 [internal function]: Composer\\Autoload\\ClassLoader->loadClass('App\\\\Http\\\\Contro...')
#2 [internal function]: spl_autoload_call('App\\\\Http\\\\Contro...')
#3 C:\\xampp\\htdocs\\Lumen\\NewBikeBD\\NewBikeBD\\vendor\\illuminate\\container\\Container.php(803): ReflectionClass->__construct('App\\\\Http\\\\Contro...')
#4 C:\\xampp\\htdocs\\Lumen\\NewBikeBD\\NewBikeBD\\vendor\\illuminate\\container\\Container.php(681): Illuminate\\Container\\Container->build('App\\\\Http\\\\Contro...')
#5 C:\\xampp\\htdocs\\Lumen\\NewBikeBD\\NewBikeBD\\vendor\\illuminate\\container\\Container.php(629): Illuminate\\Container\\Container->resolve('App\\\\Http\\\\Contro...', Array)
#6 C:\\xampp\\htdocs\\Lumen\\NewBikeBD\\NewBikeBD\\vendor\\laravel\\lumen-framework\\src\\Application.php(273): Illuminate\\Container\\Container->make('App\\\\Http\\\\Contro...', Array)
#7 C:\\xampp\\htdocs\\Lumen\\NewBikeBD\\NewBikeBD\\vendor\\laravel\\lumen-framework\\src\\Concerns\\RoutesRequests.php(311): Laravel\\Lumen\\Application->make('App\\\\Http\\\\Contro...')
#8 C:\\xampp\\htdocs\\Lumen\\NewBikeBD\\NewBikeBD\\vendor\\laravel\\lumen-framework\\src\\Concerns\\RoutesRequests.php(278): Laravel\\Lumen\\Application->callControllerAction(Array)
#9 C:\\xampp\\htdocs\\Lumen\\NewBikeBD\\NewBikeBD\\vendor\\laravel\\lumen-framework\\src\\Concerns\\RoutesRequests.php(263): Laravel\\Lumen\\Application->callActionOnArrayBasedRoute(Array)
#10 C:\\xampp\\htdocs\\Lumen\\NewBikeBD\\NewBikeBD\\vendor\\laravel\\lumen-framework\\src\\Concerns\\RoutesRequests.php(233): Laravel\\Lumen\\Application->handleFoundRoute(Array)
#11 C:\\xampp\\htdocs\\Lumen\\NewBikeBD\\NewBikeBD\\vendor\\laravel\\lumen-framework\\src\\Concerns\\RoutesRequests.php(169): Laravel\\Lumen\\Application->handleDispatcherResponse(Array)
#12 C:\\xampp\\htdocs\\Lumen\\NewBikeBD\\NewBikeBD\\vendor\\laravel\\lumen-framework\\src\\Concerns\\RoutesRequests.php(416): Laravel\\Lumen\\Application->Laravel\\Lumen\\Concerns\\{closure}(Object(Laravel\\Lumen\\Http\\Request))
#13 C:\\xampp\\htdocs\\Lumen\\NewBikeBD\\NewBikeBD\\vendor\\laravel\\lumen-framework\\src\\Concerns\\RoutesRequests.php(171): Laravel\\Lumen\\Application->sendThroughPipeline(Array, Object(Closure))
#14 C:\\xampp\\htdocs\\Lumen\\NewBikeBD\\NewBikeBD\\vendor\\laravel\\lumen-framework\\src\\Concerns\\RoutesRequests.php(108): Laravel\\Lumen\\Application->dispatch(NULL)
#15 C:\\xampp\\htdocs\\Lumen\\NewBikeBD\\NewBikeBD\\public\\index.php(28): Laravel\\Lumen\\Application->run()
#16 {main}
"} 
[2020-02-16 10:23:46] local.ERROR: ErrorException: Undefined variable: id in C:\xampp\htdocs\Lumen\NewBikeBD\NewBikeBD\app\Http\Controllers\PageController.php:63
Stack trace:
#0 C:\xampp\htdocs\Lumen\NewBikeBD\NewBikeBD\app\Http\Controllers\PageController.php(63): Laravel\Lumen\Application->Laravel\Lumen\Concerns\{closure}(8, 'Undefined varia...', 'C:\\xampp\\htdocs...', 63, Array)
#1 [internal function]: App\Http\Controllers\PageController->category('meta-descriptio...')
#2 C:\xampp\htdocs\Lumen\NewBikeBD\NewBikeBD\vendor\illuminate\container\BoundMethod.php(32): call_user_func_array(Array, Array)
#3 C:\xampp\htdocs\Lumen\NewBikeBD\NewBikeBD\vendor\illuminate\container\Util.php(36): Illuminate\Container\BoundMethod::Illuminate\Container\{closure}()
#4 C:\xampp\htdocs\Lumen\NewBikeBD\NewBikeBD\vendor\illuminate\container\BoundMethod.php(90): Illuminate\Container\Util::unwrapIfClosure(Object(Closure))
#5 C:\xampp\htdocs\Lumen\NewBikeBD\NewBikeBD\vendor\illuminate\container\BoundMethod.php(34): Illuminate\Container\BoundMethod::callBoundMethod(Object(Laravel\Lumen\Application), Array, Object(Closure))
#6 C:\xampp\htdocs\Lumen\NewBikeBD\NewBikeBD\vendor\illuminate\container\Container.php(590): Illuminate\Container\BoundMethod::call(Object(Laravel\Lumen\Application), Array, Array, NULL)
#7 C:\xampp\htdocs\Lumen\NewBikeBD\NewBikeBD\vendor\laravel\lumen-framework\src\Concerns\RoutesRequests.php(376): Illuminate\Container\Container->call(Array, Array)
#8 C:\xampp\htdocs\Lumen\NewBikeBD\NewBikeBD\vendor\laravel\lumen-framework\src\Concerns\RoutesRequests.php(342): Laravel\Lumen\Application->callControllerCallable(Array, Array)
#9 C:\xampp\htdocs\Lumen\NewBikeBD\NewBikeBD\vendor\laravel\lumen-framework\src\Concerns\RoutesRequests.php(316): Laravel\Lumen\Application->callLumenController(Object(App\Http\Controllers\PageController), 'category', Array)
#10 C:\xampp\htdocs\Lumen\NewBikeBD\NewBikeBD\vendor\laravel\lumen-framework\src\Concerns\RoutesRequests.php(278): Laravel\Lumen\Application->callControllerAction(Array)
#11 C:\xampp\htdocs\Lumen\NewBikeBD\NewBikeBD\vendor\laravel\lumen-framework\src\Concerns\RoutesRequests.php(263): Laravel\Lumen\Application->callActionOnArrayBasedRoute(Array)
#12 C:\xampp\htdocs\Lumen\NewBikeBD\NewBikeBD\vendor\laravel\lumen-framework\src\Concerns\RoutesRequests.php(233): Laravel\Lumen\Application->handleFoundRoute(Array)
#13 C:\xampp\htdocs\Lumen\NewBikeBD\NewBikeBD\vendor\laravel\lumen-framework\src\Concerns\RoutesRequests.php(169): Laravel\Lumen\Application->handleDispatcherResponse(Array)
#14 C:\xampp\htdocs\Lumen\NewBikeBD\NewBikeBD\vendor\laravel\lumen-framework\src\Concerns\RoutesRequests.php(416): Laravel\Lumen\Application->Laravel\Lumen\Concerns\{closure}(Object(Laravel\Lumen\Http\Request))
#15 C:\xampp\htdocs\Lumen\NewBikeBD\NewBikeBD\vendor\laravel\lumen-framework\src\Concerns\RoutesRequests.php(171): Laravel\Lumen\Application->sendThroughPipeline(Array, Object(Closure))
#16 C:\xampp\htdocs\Lumen\NewBikeBD\NewBikeBD\vendor\laravel\lumen-framework\src\Concerns\RoutesRequests.php(108): Laravel\Lumen\Application->dispatch(NULL)
#17 C:\xampp\htdocs\Lumen\NewBikeBD\NewBikeBD\public\index.php(28): Laravel\Lumen\Application->run()
#18 {main} {"exception":"[object] (ErrorException(code: 0): Undefined variable: id at C:\\xampp\\htdocs\\Lumen\\NewBikeBD\\NewBikeBD\\app\\Http\\Controllers\\PageController.php:63)
[stacktrace]
#0 C:\\xampp\\htdocs\\Lumen\\NewBikeBD\\NewBikeBD\\app\\Http\\Controllers\\PageController.php(63): Laravel\\Lumen\\Application->Laravel\\Lumen\\Concerns\\{closure}(8, 'Undefined varia...', 'C:\\\\xampp\\\\htdocs...', 63, Array)
#1 [internal function]: App\\Http\\Controllers\\PageController->category('meta-descriptio...')
#2 C:\\xampp\\htdocs\\Lumen\\NewBikeBD\\NewBikeBD\\vendor\\illuminate\\container\\BoundMethod.php(32): call_user_func_array(Array, Array)
#3 C:\\xampp\\htdocs\\Lumen\\NewBikeBD\\NewBikeBD\\vendor\\illuminate\\container\\Util.php(36): Illuminate\\Container\\BoundMethod::Illuminate\\Container\\{closure}()
#4 C:\\xampp\\htdocs\\Lumen\\NewBikeBD\\NewBikeBD\\vendor\\illuminate\\container\\BoundMethod.php(90): Illuminate\\Container\\Util::unwrapIfClosure(Object(Closure))
#5 C:\\xampp\\htdocs\\Lumen\\NewBikeBD\\NewBikeBD\\vendor\\illuminate\\container\\BoundMethod.php(34): Illuminate\\Container\\BoundMethod::callBoundMethod(Object(Laravel\\Lumen\\Application), Array, Object(Closure))
#6 C:\\xampp\\htdocs\\Lumen\\NewBikeBD\\NewBikeBD\\vendor\\illuminate\\container\\Container.php(590): Illuminate\\Container\\BoundMethod::call(Object(Laravel\\Lumen\\Application), Array, Array, NULL)
#7 C:\\xampp\\htdocs\\Lumen\\NewBikeBD\\NewBikeBD\\vendor\\laravel\\lumen-framework\\src\\Concerns\\RoutesRequests.php(376): Illuminate\\Container\\Container->call(Array, Array)
#8 C:\\xampp\\htdocs\\Lumen\\NewBikeBD\\NewBikeBD\\vendor\\laravel\\lumen-framework\\src\\Concerns\\RoutesRequests.php(342): Laravel\\Lumen\\Application->callControllerCallable(Array, Array)
#9 C:\\xampp\\htdocs\\Lumen\\NewBikeBD\\NewBikeBD\\vendor\\laravel\\lumen-framework\\src\\Concerns\\RoutesRequests.php(316): Laravel\\Lumen\\Application->callLumenController(Object(App\\Http\\Controllers\\PageController), 'category', Array)
#10 C:\\xampp\\htdocs\\Lumen\\NewBikeBD\\NewBikeBD\\vendor\\laravel\\lumen-framework\\src\\Concerns\\RoutesRequests.php(278): Laravel\\Lumen\\Application->callControllerAction(Array)
#11 C:\\xampp\\htdocs\\Lumen\\NewBikeBD\\NewBikeBD\\vendor\\laravel\\lumen-framework\\src\\Concerns\\RoutesRequests.php(263): Laravel\\Lumen\\Application->callActionOnArrayBasedRoute(Array)
#12 C:\\xampp\\htdocs\\Lumen\\NewBikeBD\\NewBikeBD\\vendor\\laravel\\lumen-framework\\src\\Concerns\\RoutesRequests.php(233): Laravel\\Lumen\\Application->handleFoundRoute(Array)
#13 C:\\xampp\\htdocs\\Lumen\\NewBikeBD\\NewBikeBD\\vendor\\laravel\\lumen-framework\\src\\Concerns\\RoutesRequests.php(169): Laravel\\Lumen\\Application->handleDispatcherResponse(Array)
#14 C:\\xampp\\htdocs\\Lumen\\NewBikeBD\\NewBikeBD\\vendor\\laravel\\lumen-framework\\src\\Concerns\\RoutesRequests.php(416): Laravel\\Lumen\\Application->Laravel\\Lumen\\Concerns\\{closure}(Object(Laravel\\Lumen\\Http\\Request))
#15 C:\\xampp\\htdocs\\Lumen\\NewBikeBD\\NewBikeBD\\vendor\\laravel\\lumen-framework\\src\\Concerns\\RoutesRequests.php(171): Laravel\\Lumen\\Application->sendThroughPipeline(Array, Object(Closure))
#16 C:\\xampp\\htdocs\\Lumen\\NewBikeBD\\NewBikeBD\\vendor\\laravel\\lumen-framework\\src\\Concerns\\RoutesRequests.php(108): Laravel\\Lumen\\Application->dispatch(NULL)
#17 C:\\xampp\\htdocs\\Lumen\\NewBikeBD\\NewBikeBD\\public\\index.php(28): Laravel\\Lumen\\Application->run()
#18 {main}
"} 
[2020-02-16 10:25:51] local.ERROR: ErrorException: Undefined variable: id in C:\xampp\htdocs\Lumen\NewBikeBD\NewBikeBD\app\Http\Controllers\PageController.php:63
Stack trace:
#0 C:\xampp\htdocs\Lumen\NewBikeBD\NewBikeBD\app\Http\Controllers\PageController.php(63): Laravel\Lumen\Application->Laravel\Lumen\Concerns\{closure}(8, 'Undefined varia...', 'C:\\xampp\\htdocs...', 63, Array)
#1 [internal function]: App\Http\Controllers\PageController->category('meta-descriptio...')
#2 C:\xampp\htdocs\Lumen\NewBikeBD\NewBikeBD\vendor\illuminate\container\BoundMethod.php(32): call_user_func_array(Array, Array)
#3 C:\xampp\htdocs\Lumen\NewBikeBD\NewBikeBD\vendor\illuminate\container\Util.php(36): Illuminate\Container\BoundMethod::Illuminate\Container\{closure}()
#4 C:\xampp\htdocs\Lumen\NewBikeBD\NewBikeBD\vendor\illuminate\container\BoundMethod.php(90): Illuminate\Container\Util::unwrapIfClosure(Object(Closure))
#5 C:\xampp\htdocs\Lumen\NewBikeBD\NewBikeBD\vendor\illuminate\container\BoundMethod.php(34): Illuminate\Container\BoundMethod::callBoundMethod(Object(Laravel\Lumen\Application), Array, Object(Closure))
#6 C:\xampp\htdocs\Lumen\NewBikeBD\NewBikeBD\vendor\illuminate\container\Container.php(590): Illuminate\Container\BoundMethod::call(Object(Laravel\Lumen\Application), Array, Array, NULL)
#7 C:\xampp\htdocs\Lumen\NewBikeBD\NewBikeBD\vendor\laravel\lumen-framework\src\Concerns\RoutesRequests.php(376): Illuminate\Container\Container->call(Array, Array)
#8 C:\xampp\htdocs\Lumen\NewBikeBD\NewBikeBD\vendor\laravel\lumen-framework\src\Concerns\RoutesRequests.php(342): Laravel\Lumen\Application->callControllerCallable(Array, Array)
#9 C:\xampp\htdocs\Lumen\NewBikeBD\NewBikeBD\vendor\laravel\lumen-framework\src\Concerns\RoutesRequests.php(316): Laravel\Lumen\Application->callLumenController(Object(App\Http\Controllers\PageController), 'category', Array)
#10 C:\xampp\htdocs\Lumen\NewBikeBD\NewBikeBD\vendor\laravel\lumen-framework\src\Concerns\RoutesRequests.php(278): Laravel\Lumen\Application->callControllerAction(Array)
#11 C:\xampp\htdocs\Lumen\NewBikeBD\NewBikeBD\vendor\laravel\lumen-framework\src\Concerns\RoutesRequests.php(263): Laravel\Lumen\Application->callActionOnArrayBasedRoute(Array)
#12 C:\xampp\htdocs\Lumen\NewBikeBD\NewBikeBD\vendor\laravel\lumen-framework\src\Concerns\RoutesRequests.php(233): Laravel\Lumen\Application->handleFoundRoute(Array)
#13 C:\xampp\htdocs\Lumen\NewBikeBD\NewBikeBD\vendor\laravel\lumen-framework\src\Concerns\RoutesRequests.php(169): Laravel\Lumen\Application->handleDispatcherResponse(Array)
#14 C:\xampp\htdocs\Lumen\NewBikeBD\NewBikeBD\vendor\laravel\lumen-framework\src\Concerns\RoutesRequests.php(416): Laravel\Lumen\Application->Laravel\Lumen\Concerns\{closure}(Object(Laravel\Lumen\Http\Request))
#15 C:\xampp\htdocs\Lumen\NewBikeBD\NewBikeBD\vendor\laravel\lumen-framework\src\Concerns\RoutesRequests.php(171): Laravel\Lumen\Application->sendThroughPipeline(Array, Object(Closure))
#16 C:\xampp\htdocs\Lumen\NewBikeBD\NewBikeBD\vendor\laravel\lumen-framework\src\Concerns\RoutesRequests.php(108): Laravel\Lumen\Application->dispatch(NULL)
#17 C:\xampp\htdocs\Lumen\NewBikeBD\NewBikeBD\public\index.php(28): Laravel\Lumen\Application->run()
#18 {main} {"exception":"[object] (ErrorException(code: 0): Undefined variable: id at C:\\xampp\\htdocs\\Lumen\\NewBikeBD\\NewBikeBD\\app\\Http\\Controllers\\PageController.php:63)
[stacktrace]
#0 C:\\xampp\\htdocs\\Lumen\\NewBikeBD\\NewBikeBD\\app\\Http\\Controllers\\PageController.php(63): Laravel\\Lumen\\Application->Laravel\\Lumen\\Concerns\\{closure}(8, 'Undefined varia...', 'C:\\\\xampp\\\\htdocs...', 63, Array)
#1 [internal function]: App\\Http\\Controllers\\PageController->category('meta-descriptio...')
#2 C:\\xampp\\htdocs\\Lumen\\NewBikeBD\\NewBikeBD\\vendor\\illuminate\\container\\BoundMethod.php(32): call_user_func_array(Array, Array)
#3 C:\\xampp\\htdocs\\Lumen\\NewBikeBD\\NewBikeBD\\vendor\\illuminate\\container\\Util.php(36): Illuminate\\Container\\BoundMethod::Illuminate\\Container\\{closure}()
#4 C:\\xampp\\htdocs\\Lumen\\NewBikeBD\\NewBikeBD\\vendor\\illuminate\\container\\BoundMethod.php(90): Illuminate\\Container\\Util::unwrapIfClosure(Object(Closure))
#5 C:\\xampp\\htdocs\\Lumen\\NewBikeBD\\NewBikeBD\\vendor\\illuminate\\container\\BoundMethod.php(34): Illuminate\\Container\\BoundMethod::callBoundMethod(Object(Laravel\\Lumen\\Application), Array, Object(Closure))
#6 C:\\xampp\\htdocs\\Lumen\\NewBikeBD\\NewBikeBD\\vendor\\illuminate\\container\\Container.php(590): Illuminate\\Container\\BoundMethod::call(Object(Laravel\\Lumen\\Application), Array, Array, NULL)
#7 C:\\xampp\\htdocs\\Lumen\\NewBikeBD\\NewBikeBD\\vendor\\laravel\\lumen-framework\\src\\Concerns\\RoutesRequests.php(376): Illuminate\\Container\\Container->call(Array, Array)
#8 C:\\xampp\\htdocs\\Lumen\\NewBikeBD\\NewBikeBD\\vendor\\laravel\\lumen-framework\\src\\Concerns\\RoutesRequests.php(342): Laravel\\Lumen\\Application->callControllerCallable(Array, Array)
#9 C:\\xampp\\htdocs\\Lumen\\NewBikeBD\\NewBikeBD\\vendor\\laravel\\lumen-framework\\src\\Concerns\\RoutesRequests.php(316): Laravel\\Lumen\\Application->callLumenController(Object(App\\Http\\Controllers\\PageController), 'category', Array)
#10 C:\\xampp\\htdocs\\Lumen\\NewBikeBD\\NewBikeBD\\vendor\\laravel\\lumen-framework\\src\\Concerns\\RoutesRequests.php(278): Laravel\\Lumen\\Application->callControllerAction(Array)
#11 C:\\xampp\\htdocs\\Lumen\\NewBikeBD\\NewBikeBD\\vendor\\laravel\\lumen-framework\\src\\Concerns\\RoutesRequests.php(263): Laravel\\Lumen\\Application->callActionOnArrayBasedRoute(Array)
#12 C:\\xampp\\htdocs\\Lumen\\NewBikeBD\\NewBikeBD\\vendor\\laravel\\lumen-framework\\src\\Concerns\\RoutesRequests.php(233): Laravel\\Lumen\\Application->handleFoundRoute(Array)
#13 C:\\xampp\\htdocs\\Lumen\\NewBikeBD\\NewBikeBD\\vendor\\laravel\\lumen-framework\\src\\Concerns\\RoutesRequests.php(169): Laravel\\Lumen\\Application->handleDispatcherResponse(Array)
#14 C:\\xampp\\htdocs\\Lumen\\NewBikeBD\\NewBikeBD\\vendor\\laravel\\lumen-framework\\src\\Concerns\\RoutesRequests.php(416): Laravel\\Lumen\\Application->Laravel\\Lumen\\Concerns\\{closure}(Object(Laravel\\Lumen\\Http\\Request))
#15 C:\\xampp\\htdocs\\Lumen\\NewBikeBD\\NewBikeBD\\vendor\\laravel\\lumen-framework\\src\\Concerns\\RoutesRequests.php(171): Laravel\\Lumen\\Application->sendThroughPipeline(Array, Object(Closure))
#16 C:\\xampp\\htdocs\\Lumen\\NewBikeBD\\NewBikeBD\\vendor\\laravel\\lumen-framework\\src\\Concerns\\RoutesRequests.php(108): Laravel\\Lumen\\Application->dispatch(NULL)
#17 C:\\xampp\\htdocs\\Lumen\\NewBikeBD\\NewBikeBD\\public\\index.php(28): Laravel\\Lumen\\Application->run()
#18 {main}
"} 
[2020-02-16 10:26:11] local.ERROR: ErrorException: Undefined variable: id in C:\xampp\htdocs\Lumen\NewBikeBD\NewBikeBD\app\Http\Controllers\PageController.php:63
Stack trace:
#0 C:\xampp\htdocs\Lumen\NewBikeBD\NewBikeBD\app\Http\Controllers\PageController.php(63): Laravel\Lumen\Application->Laravel\Lumen\Concerns\{closure}(8, 'Undefined varia...', 'C:\\xampp\\htdocs...', 63, Array)
#1 [internal function]: App\Http\Controllers\PageController->category('meta-descriptio...')
#2 C:\xampp\htdocs\Lumen\NewBikeBD\NewBikeBD\vendor\illuminate\container\BoundMethod.php(32): call_user_func_array(Array, Array)
#3 C:\xampp\htdocs\Lumen\NewBikeBD\NewBikeBD\vendor\illuminate\container\Util.php(36): Illuminate\Container\BoundMethod::Illuminate\Container\{closure}()
#4 C:\xampp\htdocs\Lumen\NewBikeBD\NewBikeBD\vendor\illuminate\container\BoundMethod.php(90): Illuminate\Container\Util::unwrapIfClosure(Object(Closure))
#5 C:\xampp\htdocs\Lumen\NewBikeBD\NewBikeBD\vendor\illuminate\container\BoundMethod.php(34): Illuminate\Container\BoundMethod::callBoundMethod(Object(Laravel\Lumen\Application), Array, Object(Closure))
#6 C:\xampp\htdocs\Lumen\NewBikeBD\NewBikeBD\vendor\illuminate\container\Container.php(590): Illuminate\Container\BoundMethod::call(Object(Laravel\Lumen\Application), Array, Array, NULL)
#7 C:\xampp\htdocs\Lumen\NewBikeBD\NewBikeBD\vendor\laravel\lumen-framework\src\Concerns\RoutesRequests.php(376): Illuminate\Container\Container->call(Array, Array)
#8 C:\xampp\htdocs\Lumen\NewBikeBD\NewBikeBD\vendor\laravel\lumen-framework\src\Concerns\RoutesRequests.php(342): Laravel\Lumen\Application->callControllerCallable(Array, Array)
#9 C:\xampp\htdocs\Lumen\NewBikeBD\NewBikeBD\vendor\laravel\lumen-framework\src\Concerns\RoutesRequests.php(316): Laravel\Lumen\Application->callLumenController(Object(App\Http\Controllers\PageController), 'category', Array)
#10 C:\xampp\htdocs\Lumen\NewBikeBD\NewBikeBD\vendor\laravel\lumen-framework\src\Concerns\RoutesRequests.php(278): Laravel\Lumen\Application->callControllerAction(Array)
#11 C:\xampp\htdocs\Lumen\NewBikeBD\NewBikeBD\vendor\laravel\lumen-framework\src\Concerns\RoutesRequests.php(263): Laravel\Lumen\Application->callActionOnArrayBasedRoute(Array)
#12 C:\xampp\htdocs\Lumen\NewBikeBD\NewBikeBD\vendor\laravel\lumen-framework\src\Concerns\RoutesRequests.php(233): Laravel\Lumen\Application->handleFoundRoute(Array)
#13 C:\xampp\htdocs\Lumen\NewBikeBD\NewBikeBD\vendor\laravel\lumen-framework\src\Concerns\RoutesRequests.php(169): Laravel\Lumen\Application->handleDispatcherResponse(Array)
#14 C:\xampp\htdocs\Lumen\NewBikeBD\NewBikeBD\vendor\laravel\lumen-framework\src\Concerns\RoutesRequests.php(416): Laravel\Lumen\Application->Laravel\Lumen\Concerns\{closure}(Object(Laravel\Lumen\Http\Request))
#15 C:\xampp\htdocs\Lumen\NewBikeBD\NewBikeBD\vendor\laravel\lumen-framework\src\Concerns\RoutesRequests.php(171): Laravel\Lumen\Application->sendThroughPipeline(Array, Object(Closure))
#16 C:\xampp\htdocs\Lumen\NewBikeBD\NewBikeBD\vendor\laravel\lumen-framework\src\Concerns\RoutesRequests.php(108): Laravel\Lumen\Application->dispatch(NULL)
#17 C:\xampp\htdocs\Lumen\NewBikeBD\NewBikeBD\public\index.php(28): Laravel\Lumen\Application->run()
#18 {main} {"exception":"[object] (ErrorException(code: 0): Undefined variable: id at C:\\xampp\\htdocs\\Lumen\\NewBikeBD\\NewBikeBD\\app\\Http\\Controllers\\PageController.php:63)
[stacktrace]
#0 C:\\xampp\\htdocs\\Lumen\\NewBikeBD\\NewBikeBD\\app\\Http\\Controllers\\PageController.php(63): Laravel\\Lumen\\Application->Laravel\\Lumen\\Concerns\\{closure}(8, 'Undefined varia...', 'C:\\\\xampp\\\\htdocs...', 63, Array)
#1 [internal function]: App\\Http\\Controllers\\PageController->category('meta-descriptio...')
#2 C:\\xampp\\htdocs\\Lumen\\NewBikeBD\\NewBikeBD\\vendor\\illuminate\\container\\BoundMethod.php(32): call_user_func_array(Array, Array)
#3 C:\\xampp\\htdocs\\Lumen\\NewBikeBD\\NewBikeBD\\vendor\\illuminate\\container\\Util.php(36): Illuminate\\Container\\BoundMethod::Illuminate\\Container\\{closure}()
#4 C:\\xampp\\htdocs\\Lumen\\NewBikeBD\\NewBikeBD\\vendor\\illuminate\\container\\BoundMethod.php(90): Illuminate\\Container\\Util::unwrapIfClosure(Object(Closure))
#5 C:\\xampp\\htdocs\\Lumen\\NewBikeBD\\NewBikeBD\\vendor\\illuminate\\container\\BoundMethod.php(34): Illuminate\\Container\\BoundMethod::callBoundMethod(Object(Laravel\\Lumen\\Application), Array, Object(Closure))
#6 C:\\xampp\\htdocs\\Lumen\\NewBikeBD\\NewBikeBD\\vendor\\illuminate\\container\\Container.php(590): Illuminate\\Container\\BoundMethod::call(Object(Laravel\\Lumen\\Application), Array, Array, NULL)
#7 C:\\xampp\\htdocs\\Lumen\\NewBikeBD\\NewBikeBD\\vendor\\laravel\\lumen-framework\\src\\Concerns\\RoutesRequests.php(376): Illuminate\\Container\\Container->call(Array, Array)
#8 C:\\xampp\\htdocs\\Lumen\\NewBikeBD\\NewBikeBD\\vendor\\laravel\\lumen-framework\\src\\Concerns\\RoutesRequests.php(342): Laravel\\Lumen\\Application->callControllerCallable(Array, Array)
#9 C:\\xampp\\htdocs\\Lumen\\NewBikeBD\\NewBikeBD\\vendor\\laravel\\lumen-framework\\src\\Concerns\\RoutesRequests.php(316): Laravel\\Lumen\\Application->callLumenController(Object(App\\Http\\Controllers\\PageController), 'category', Array)
#10 C:\\xampp\\htdocs\\Lumen\\NewBikeBD\\NewBikeBD\\vendor\\laravel\\lumen-framework\\src\\Concerns\\RoutesRequests.php(278): Laravel\\Lumen\\Application->callControllerAction(Array)
#11 C:\\xampp\\htdocs\\Lumen\\NewBikeBD\\NewBikeBD\\vendor\\laravel\\lumen-framework\\src\\Concerns\\RoutesRequests.php(263): Laravel\\Lumen\\Application->callActionOnArrayBasedRoute(Array)
#12 C:\\xampp\\htdocs\\Lumen\\NewBikeBD\\NewBikeBD\\vendor\\laravel\\lumen-framework\\src\\Concerns\\RoutesRequests.php(233): Laravel\\Lumen\\Application->handleFoundRoute(Array)
#13 C:\\xampp\\htdocs\\Lumen\\NewBikeBD\\NewBikeBD\\vendor\\laravel\\lumen-framework\\src\\Concerns\\RoutesRequests.php(169): Laravel\\Lumen\\Application->handleDispatcherResponse(Array)
#14 C:\\xampp\\htdocs\\Lumen\\NewBikeBD\\NewBikeBD\\vendor\\laravel\\lumen-framework\\src\\Concerns\\RoutesRequests.php(416): Laravel\\Lumen\\Application->Laravel\\Lumen\\Concerns\\{closure}(Object(Laravel\\Lumen\\Http\\Request))
#15 C:\\xampp\\htdocs\\Lumen\\NewBikeBD\\NewBikeBD\\vendor\\laravel\\lumen-framework\\src\\Concerns\\RoutesRequests.php(171): Laravel\\Lumen\\Application->sendThroughPipeline(Array, Object(Closure))
#16 C:\\xampp\\htdocs\\Lumen\\NewBikeBD\\NewBikeBD\\vendor\\laravel\\lumen-framework\\src\\Concerns\\RoutesRequests.php(108): Laravel\\Lumen\\Application->dispatch(NULL)
#17 C:\\xampp\\htdocs\\Lumen\\NewBikeBD\\NewBikeBD\\public\\index.php(28): Laravel\\Lumen\\Application->run()
#18 {main}
"} 
[2020-02-16 10:33:04] local.ERROR: PDOException: SQLSTATE[42S22]: Column not found: 1054 Unknown column 'like' in 'where clause' in C:\xampp\htdocs\Lumen\NewBikeBD\NewBikeBD\vendor\illuminate\database\Connection.php:331
Stack trace:
#0 C:\xampp\htdocs\Lumen\NewBikeBD\NewBikeBD\vendor\illuminate\database\Connection.php(331): PDO->prepare('select * from `...')
#1 C:\xampp\htdocs\Lumen\NewBikeBD\NewBikeBD\vendor\illuminate\database\Connection.php(662): Illuminate\Database\Connection->Illuminate\Database\{closure}('select * from `...', Array)
#2 C:\xampp\htdocs\Lumen\NewBikeBD\NewBikeBD\vendor\illuminate\database\Connection.php(629): Illuminate\Database\Connection->runQueryCallback('select * from `...', Array, Object(Closure))
#3 C:\xampp\htdocs\Lumen\NewBikeBD\NewBikeBD\vendor\illuminate\database\Connection.php(338): Illuminate\Database\Connection->run('select * from `...', Array, Object(Closure))
#4 C:\xampp\htdocs\Lumen\NewBikeBD\NewBikeBD\vendor\illuminate\database\Query\Builder.php(2132): Illuminate\Database\Connection->select('select * from `...', Array, true)
#5 C:\xampp\htdocs\Lumen\NewBikeBD\NewBikeBD\vendor\illuminate\database\Query\Builder.php(2120): Illuminate\Database\Query\Builder->runSelect()
#6 C:\xampp\htdocs\Lumen\NewBikeBD\NewBikeBD\vendor\illuminate\database\Query\Builder.php(2592): Illuminate\Database\Query\Builder->Illuminate\Database\Query\{closure}()
#7 C:\xampp\htdocs\Lumen\NewBikeBD\NewBikeBD\vendor\illuminate\database\Query\Builder.php(2121): Illuminate\Database\Query\Builder->onceWithColumns(Array, Object(Closure))
#8 C:\xampp\htdocs\Lumen\NewBikeBD\NewBikeBD\vendor\illuminate\database\Eloquent\Builder.php(537): Illuminate\Database\Query\Builder->get(Array)
#9 C:\xampp\htdocs\Lumen\NewBikeBD\NewBikeBD\vendor\illuminate\database\Eloquent\Builder.php(521): Illuminate\Database\Eloquent\Builder->getModels(Array)
#10 C:\xampp\htdocs\Lumen\NewBikeBD\NewBikeBD\app\Http\Controllers\PageController.php(63): Illuminate\Database\Eloquent\Builder->get()
#11 [internal function]: App\Http\Controllers\PageController->category('meta-descriptio...')
#12 C:\xampp\htdocs\Lumen\NewBikeBD\NewBikeBD\vendor\illuminate\container\BoundMethod.php(32): call_user_func_array(Array, Array)
#13 C:\xampp\htdocs\Lumen\NewBikeBD\NewBikeBD\vendor\illuminate\container\Util.php(36): Illuminate\Container\BoundMethod::Illuminate\Container\{closure}()
#14 C:\xampp\htdocs\Lumen\NewBikeBD\NewBikeBD\vendor\illuminate\container\BoundMethod.php(90): Illuminate\Container\Util::unwrapIfClosure(Object(Closure))
#15 C:\xampp\htdocs\Lumen\NewBikeBD\NewBikeBD\vendor\illuminate\container\BoundMethod.php(34): Illuminate\Container\BoundMethod::callBoundMethod(Object(Laravel\Lumen\Application), Array, Object(Closure))
#16 C:\xampp\htdocs\Lumen\NewBikeBD\NewBikeBD\vendor\illuminate\container\Container.php(590): Illuminate\Container\BoundMethod::call(Object(Laravel\Lumen\Application), Array, Array, NULL)
#17 C:\xampp\htdocs\Lumen\NewBikeBD\NewBikeBD\vendor\laravel\lumen-framework\src\Concerns\RoutesRequests.php(376): Illuminate\Container\Container->call(Array, Array)
#18 C:\xampp\htdocs\Lumen\NewBikeBD\NewBikeBD\vendor\laravel\lumen-framework\src\Concerns\RoutesRequests.php(342): Laravel\Lumen\Application->callControllerCallable(Array, Array)
#19 C:\xampp\htdocs\Lumen\NewBikeBD\NewBikeBD\vendor\laravel\lumen-framework\src\Concerns\RoutesRequests.php(316): Laravel\Lumen\Application->callLumenController(Object(App\Http\Controllers\PageController), 'category', Array)
#20 C:\xampp\htdocs\Lumen\NewBikeBD\NewBikeBD\vendor\laravel\lumen-framework\src\Concerns\RoutesRequests.php(278): Laravel\Lumen\Application->callControllerAction(Array)
#21 C:\xampp\htdocs\Lumen\NewBikeBD\NewBikeBD\vendor\laravel\lumen-framework\src\Concerns\RoutesRequests.php(263): Laravel\Lumen\Application->callActionOnArrayBasedRoute(Array)
#22 C:\xampp\htdocs\Lumen\NewBikeBD\NewBikeBD\vendor\laravel\lumen-framework\src\Concerns\RoutesRequests.php(233): Laravel\Lumen\Application->handleFoundRoute(Array)
#23 C:\xampp\htdocs\Lumen\NewBikeBD\NewBikeBD\vendor\laravel\lumen-framework\src\Concerns\RoutesRequests.php(169): Laravel\Lumen\Application->handleDispatcherResponse(Array)
#24 C:\xampp\htdocs\Lumen\NewBikeBD\NewBikeBD\vendor\laravel\lumen-framework\src\Concerns\RoutesRequests.php(416): Laravel\Lumen\Application->Laravel\Lumen\Concerns\{closure}(Object(Laravel\Lumen\Http\Request))
#25 C:\xampp\htdocs\Lumen\NewBikeBD\NewBikeBD\vendor\laravel\lumen-framework\src\Concerns\RoutesRequests.php(171): Laravel\Lumen\Application->sendThroughPipeline(Array, Object(Closure))
#26 C:\xampp\htdocs\Lumen\NewBikeBD\NewBikeBD\vendor\laravel\lumen-framework\src\Concerns\RoutesRequests.php(108): Laravel\Lumen\Application->dispatch(NULL)
#27 C:\xampp\htdocs\Lumen\NewBikeBD\NewBikeBD\public\index.php(28): Laravel\Lumen\Application->run()
#28 {main}

Next Illuminate\Database\QueryException: SQLSTATE[42S22]: Column not found: 1054 Unknown column 'like' in 'where clause' (SQL: select * from `pages` where `like` = pagetitle and `pages`.`deleted_at` is null) in C:\xampp\htdocs\Lumen\NewBikeBD\NewBikeBD\vendor\illuminate\database\Connection.php:669
Stack trace:
#0 C:\xampp\htdocs\Lumen\NewBikeBD\NewBikeBD\vendor\illuminate\database\Connection.php(629): Illuminate\Database\Connection->runQueryCallback('select * from `...', Array, Object(Closure))
#1 C:\xampp\htdocs\Lumen\NewBikeBD\NewBikeBD\vendor\illuminate\database\Connection.php(338): Illuminate\Database\Connection->run('select * from `...', Array, Object(Closure))
#2 C:\xampp\htdocs\Lumen\NewBikeBD\NewBikeBD\vendor\illuminate\database\Query\Builder.php(2132): Illuminate\Database\Connection->select('select * from `...', Array, true)
#3 C:\xampp\htdocs\Lumen\NewBikeBD\NewBikeBD\vendor\illuminate\database\Query\Builder.php(2120): Illuminate\Database\Query\Builder->runSelect()
#4 C:\xampp\htdocs\Lumen\NewBikeBD\NewBikeBD\vendor\illuminate\database\Query\Builder.php(2592): Illuminate\Database\Query\Builder->Illuminate\Database\Query\{closure}()
#5 C:\xampp\htdocs\Lumen\NewBikeBD\NewBikeBD\vendor\illuminate\database\Query\Builder.php(2121): Illuminate\Database\Query\Builder->onceWithColumns(Array, Object(Closure))
#6 C:\xampp\htdocs\Lumen\NewBikeBD\NewBikeBD\vendor\illuminate\database\Eloquent\Builder.php(537): Illuminate\Database\Query\Builder->get(Array)
#7 C:\xampp\htdocs\Lumen\NewBikeBD\NewBikeBD\vendor\illuminate\database\Eloquent\Builder.php(521): Illuminate\Database\Eloquent\Builder->getModels(Array)
#8 C:\xampp\htdocs\Lumen\NewBikeBD\NewBikeBD\app\Http\Controllers\PageController.php(63): Illuminate\Database\Eloquent\Builder->get()
#9 [internal function]: App\Http\Controllers\PageController->category('meta-descriptio...')
#10 C:\xampp\htdocs\Lumen\NewBikeBD\NewBikeBD\vendor\illuminate\container\BoundMethod.php(32): call_user_func_array(Array, Array)
#11 C:\xampp\htdocs\Lumen\NewBikeBD\NewBikeBD\vendor\illuminate\container\Util.php(36): Illuminate\Container\BoundMethod::Illuminate\Container\{closure}()
#12 C:\xampp\htdocs\Lumen\NewBikeBD\NewBikeBD\vendor\illuminate\container\BoundMethod.php(90): Illuminate\Container\Util::unwrapIfClosure(Object(Closure))
#13 C:\xampp\htdocs\Lumen\NewBikeBD\NewBikeBD\vendor\illuminate\container\BoundMethod.php(34): Illuminate\Container\BoundMethod::callBoundMethod(Object(Laravel\Lumen\Application), Array, Object(Closure))
#14 C:\xampp\htdocs\Lumen\NewBikeBD\NewBikeBD\vendor\illuminate\container\Container.php(590): Illuminate\Container\BoundMethod::call(Object(Laravel\Lumen\Application), Array, Array, NULL)
#15 C:\xampp\htdocs\Lumen\NewBikeBD\NewBikeBD\vendor\laravel\lumen-framework\src\Concerns\RoutesRequests.php(376): Illuminate\Container\Container->call(Array, Array)
#16 C:\xampp\htdocs\Lumen\NewBikeBD\NewBikeBD\vendor\laravel\lumen-framework\src\Concerns\RoutesRequests.php(342): Laravel\Lumen\Application->callControllerCallable(Array, Array)
#17 C:\xampp\htdocs\Lumen\NewBikeBD\NewBikeBD\vendor\laravel\lumen-framework\src\Concerns\RoutesRequests.php(316): Laravel\Lumen\Application->callLumenController(Object(App\Http\Controllers\PageController), 'category', Array)
#18 C:\xampp\htdocs\Lumen\NewBikeBD\NewBikeBD\vendor\laravel\lumen-framework\src\Concerns\RoutesRequests.php(278): Laravel\Lumen\Application->callControllerAction(Array)
#19 C:\xampp\htdocs\Lumen\NewBikeBD\NewBikeBD\vendor\laravel\lumen-framework\src\Concerns\RoutesRequests.php(263): Laravel\Lumen\Application->callActionOnArrayBasedRoute(Array)
#20 C:\xampp\htdocs\Lumen\NewBikeBD\NewBikeBD\vendor\laravel\lumen-framework\src\Concerns\RoutesRequests.php(233): Laravel\Lumen\Application->handleFoundRoute(Array)
#21 C:\xampp\htdocs\Lumen\NewBikeBD\NewBikeBD\vendor\laravel\lumen-framework\src\Concerns\RoutesRequests.php(169): Laravel\Lumen\Application->handleDispatcherResponse(Array)
#22 C:\xampp\htdocs\Lumen\NewBikeBD\NewBikeBD\vendor\laravel\lumen-framework\src\Concerns\RoutesRequests.php(416): Laravel\Lumen\Application->Laravel\Lumen\Concerns\{closure}(Object(Laravel\Lumen\Http\Request))
#23 C:\xampp\htdocs\Lumen\NewBikeBD\NewBikeBD\vendor\laravel\lumen-framework\src\Concerns\RoutesRequests.php(171): Laravel\Lumen\Application->sendThroughPipeline(Array, Object(Closure))
#24 C:\xampp\htdocs\Lumen\NewBikeBD\NewBikeBD\vendor\laravel\lumen-framework\src\Concerns\RoutesRequests.php(108): Laravel\Lumen\Application->dispatch(NULL)
#25 C:\xampp\htdocs\Lumen\NewBikeBD\NewBikeBD\public\index.php(28): Laravel\Lumen\Application->run()
#26 {main} {"exception":"[object] (Illuminate\\Database\\QueryException(code: 42S22): SQLSTATE[42S22]: Column not found: 1054 Unknown column 'like' in 'where clause' (SQL: select * from `pages` where `like` = pagetitle and `pages`.`deleted_at` is null) at C:\\xampp\\htdocs\\Lumen\\NewBikeBD\\NewBikeBD\\vendor\\illuminate\\database\\Connection.php:669)
[stacktrace]
#0 C:\\xampp\\htdocs\\Lumen\\NewBikeBD\\NewBikeBD\\vendor\\illuminate\\database\\Connection.php(629): Illuminate\\Database\\Connection->runQueryCallback('select * from `...', Array, Object(Closure))
#1 C:\\xampp\\htdocs\\Lumen\\NewBikeBD\\NewBikeBD\\vendor\\illuminate\\database\\Connection.php(338): Illuminate\\Database\\Connection->run('select * from `...', Array, Object(Closure))
#2 C:\\xampp\\htdocs\\Lumen\\NewBikeBD\\NewBikeBD\\vendor\\illuminate\\database\\Query\\Builder.php(2132): Illuminate\\Database\\Connection->select('select * from `...', Array, true)
#3 C:\\xampp\\htdocs\\Lumen\\NewBikeBD\\NewBikeBD\\vendor\\illuminate\\database\\Query\\Builder.php(2120): Illuminate\\Database\\Query\\Builder->runSelect()
#4 C:\\xampp\\htdocs\\Lumen\\NewBikeBD\\NewBikeBD\\vendor\\illuminate\\database\\Query\\Builder.php(2592): Illuminate\\Database\\Query\\Builder->Illuminate\\Database\\Query\\{closure}()
#5 C:\\xampp\\htdocs\\Lumen\\NewBikeBD\\NewBikeBD\\vendor\\illuminate\\database\\Query\\Builder.php(2121): Illuminate\\Database\\Query\\Builder->onceWithColumns(Array, Object(Closure))
#6 C:\\xampp\\htdocs\\Lumen\\NewBikeBD\\NewBikeBD\\vendor\\illuminate\\database\\Eloquent\\Builder.php(537): Illuminate\\Database\\Query\\Builder->get(Array)
#7 C:\\xampp\\htdocs\\Lumen\\NewBikeBD\\NewBikeBD\\vendor\\illuminate\\database\\Eloquent\\Builder.php(521): Illuminate\\Database\\Eloquent\\Builder->getModels(Array)
#8 C:\\xampp\\htdocs\\Lumen\\NewBikeBD\\NewBikeBD\\app\\Http\\Controllers\\PageController.php(63): Illuminate\\Database\\Eloquent\\Builder->get()
#9 [internal function]: App\\Http\\Controllers\\PageController->category('meta-descriptio...')
#10 C:\\xampp\\htdocs\\Lumen\\NewBikeBD\\NewBikeBD\\vendor\\illuminate\\container\\BoundMethod.php(32): call_user_func_array(Array, Array)
#11 C:\\xampp\\htdocs\\Lumen\\NewBikeBD\\NewBikeBD\\vendor\\illuminate\\container\\Util.php(36): Illuminate\\Container\\BoundMethod::Illuminate\\Container\\{closure}()
#12 C:\\xampp\\htdocs\\Lumen\\NewBikeBD\\NewBikeBD\\vendor\\illuminate\\container\\BoundMethod.php(90): Illuminate\\Container\\Util::unwrapIfClosure(Object(Closure))
#13 C:\\xampp\\htdocs\\Lumen\\NewBikeBD\\NewBikeBD\\vendor\\illuminate\\container\\BoundMethod.php(34): Illuminate\\Container\\BoundMethod::callBoundMethod(Object(Laravel\\Lumen\\Application), Array, Object(Closure))
#14 C:\\xampp\\htdocs\\Lumen\\NewBikeBD\\NewBikeBD\\vendor\\illuminate\\container\\Container.php(590): Illuminate\\Container\\BoundMethod::call(Object(Laravel\\Lumen\\Application), Array, Array, NULL)
#15 C:\\xampp\\htdocs\\Lumen\\NewBikeBD\\NewBikeBD\\vendor\\laravel\\lumen-framework\\src\\Concerns\\RoutesRequests.php(376): Illuminate\\Container\\Container->call(Array, Array)
#16 C:\\xampp\\htdocs\\Lumen\\NewBikeBD\\NewBikeBD\\vendor\\laravel\\lumen-framework\\src\\Concerns\\RoutesRequests.php(342): Laravel\\Lumen\\Application->callControllerCallable(Array, Array)
#17 C:\\xampp\\htdocs\\Lumen\\NewBikeBD\\NewBikeBD\\vendor\\laravel\\lumen-framework\\src\\Concerns\\RoutesRequests.php(316): Laravel\\Lumen\\Application->callLumenController(Object(App\\Http\\Controllers\\PageController), 'category', Array)
#18 C:\\xampp\\htdocs\\Lumen\\NewBikeBD\\NewBikeBD\\vendor\\laravel\\lumen-framework\\src\\Concerns\\RoutesRequests.php(278): Laravel\\Lumen\\Application->callControllerAction(Array)
#19 C:\\xampp\\htdocs\\Lumen\\NewBikeBD\\NewBikeBD\\vendor\\laravel\\lumen-framework\\src\\Concerns\\RoutesRequests.php(263): Laravel\\Lumen\\Application->callActionOnArrayBasedRoute(Array)
#20 C:\\xampp\\htdocs\\Lumen\\NewBikeBD\\NewBikeBD\\vendor\\laravel\\lumen-framework\\src\\Concerns\\RoutesRequests.php(233): Laravel\\Lumen\\Application->handleFoundRoute(Array)
#21 C:\\xampp\\htdocs\\Lumen\\NewBikeBD\\NewBikeBD\\vendor\\laravel\\lumen-framework\\src\\Concerns\\RoutesRequests.php(169): Laravel\\Lumen\\Application->handleDispatcherResponse(Array)
#22 C:\\xampp\\htdocs\\Lumen\\NewBikeBD\\NewBikeBD\\vendor\\laravel\\lumen-framework\\src\\Concerns\\RoutesRequests.php(416): Laravel\\Lumen\\Application->Laravel\\Lumen\\Concerns\\{closure}(Object(Laravel\\Lumen\\Http\\Request))
#23 C:\\xampp\\htdocs\\Lumen\\NewBikeBD\\NewBikeBD\\vendor\\laravel\\lumen-framework\\src\\Concerns\\RoutesRequests.php(171): Laravel\\Lumen\\Application->sendThroughPipeline(Array, Object(Closure))
#24 C:\\xampp\\htdocs\\Lumen\\NewBikeBD\\NewBikeBD\\vendor\\laravel\\lumen-framework\\src\\Concerns\\RoutesRequests.php(108): Laravel\\Lumen\\Application->dispatch(NULL)
#25 C:\\xampp\\htdocs\\Lumen\\NewBikeBD\\NewBikeBD\\public\\index.php(28): Laravel\\Lumen\\Application->run()
#26 {main}

[previous exception] [object] (PDOException(code: 42S22): SQLSTATE[42S22]: Column not found: 1054 Unknown column 'like' in 'where clause' at C:\\xampp\\htdocs\\Lumen\\NewBikeBD\\NewBikeBD\\vendor\\illuminate\\database\\Connection.php:331)
[stacktrace]
#0 C:\\xampp\\htdocs\\Lumen\\NewBikeBD\\NewBikeBD\\vendor\\illuminate\\database\\Connection.php(331): PDO->prepare('select * from `...')
#1 C:\\xampp\\htdocs\\Lumen\\NewBikeBD\\NewBikeBD\\vendor\\illuminate\\database\\Connection.php(662): Illuminate\\Database\\Connection->Illuminate\\Database\\{closure}('select * from `...', Array)
#2 C:\\xampp\\htdocs\\Lumen\\NewBikeBD\\NewBikeBD\\vendor\\illuminate\\database\\Connection.php(629): Illuminate\\Database\\Connection->runQueryCallback('select * from `...', Array, Object(Closure))
#3 C:\\xampp\\htdocs\\Lumen\\NewBikeBD\\NewBikeBD\\vendor\\illuminate\\database\\Connection.php(338): Illuminate\\Database\\Connection->run('select * from `...', Array, Object(Closure))
#4 C:\\xampp\\htdocs\\Lumen\\NewBikeBD\\NewBikeBD\\vendor\\illuminate\\database\\Query\\Builder.php(2132): Illuminate\\Database\\Connection->select('select * from `...', Array, true)
#5 C:\\xampp\\htdocs\\Lumen\\NewBikeBD\\NewBikeBD\\vendor\\illuminate\\database\\Query\\Builder.php(2120): Illuminate\\Database\\Query\\Builder->runSelect()
#6 C:\\xampp\\htdocs\\Lumen\\NewBikeBD\\NewBikeBD\\vendor\\illuminate\\database\\Query\\Builder.php(2592): Illuminate\\Database\\Query\\Builder->Illuminate\\Database\\Query\\{closure}()
#7 C:\\xampp\\htdocs\\Lumen\\NewBikeBD\\NewBikeBD\\vendor\\illuminate\\database\\Query\\Builder.php(2121): Illuminate\\Database\\Query\\Builder->onceWithColumns(Array, Object(Closure))
#8 C:\\xampp\\htdocs\\Lumen\\NewBikeBD\\NewBikeBD\\vendor\\illuminate\\database\\Eloquent\\Builder.php(537): Illuminate\\Database\\Query\\Builder->get(Array)
#9 C:\\xampp\\htdocs\\Lumen\\NewBikeBD\\NewBikeBD\\vendor\\illuminate\\database\\Eloquent\\Builder.php(521): Illuminate\\Database\\Eloquent\\Builder->getModels(Array)
#10 C:\\xampp\\htdocs\\Lumen\\NewBikeBD\\NewBikeBD\\app\\Http\\Controllers\\PageController.php(63): Illuminate\\Database\\Eloquent\\Builder->get()
#11 [internal function]: App\\Http\\Controllers\\PageController->category('meta-descriptio...')
#12 C:\\xampp\\htdocs\\Lumen\\NewBikeBD\\NewBikeBD\\vendor\\illuminate\\container\\BoundMethod.php(32): call_user_func_array(Array, Array)
#13 C:\\xampp\\htdocs\\Lumen\\NewBikeBD\\NewBikeBD\\vendor\\illuminate\\container\\Util.php(36): Illuminate\\Container\\BoundMethod::Illuminate\\Container\\{closure}()
#14 C:\\xampp\\htdocs\\Lumen\\NewBikeBD\\NewBikeBD\\vendor\\illuminate\\container\\BoundMethod.php(90): Illuminate\\Container\\Util::unwrapIfClosure(Object(Closure))
#15 C:\\xampp\\htdocs\\Lumen\\NewBikeBD\\NewBikeBD\\vendor\\illuminate\\container\\BoundMethod.php(34): Illuminate\\Container\\BoundMethod::callBoundMethod(Object(Laravel\\Lumen\\Application), Array, Object(Closure))
#16 C:\\xampp\\htdocs\\Lumen\\NewBikeBD\\NewBikeBD\\vendor\\illuminate\\container\\Container.php(590): Illuminate\\Container\\BoundMethod::call(Object(Laravel\\Lumen\\Application), Array, Array, NULL)
#17 C:\\xampp\\htdocs\\Lumen\\NewBikeBD\\NewBikeBD\\vendor\\laravel\\lumen-framework\\src\\Concerns\\RoutesRequests.php(376): Illuminate\\Container\\Container->call(Array, Array)
#18 C:\\xampp\\htdocs\\Lumen\\NewBikeBD\\NewBikeBD\\vendor\\laravel\\lumen-framework\\src\\Concerns\\RoutesRequests.php(342): Laravel\\Lumen\\Application->callControllerCallable(Array, Array)
#19 C:\\xampp\\htdocs\\Lumen\\NewBikeBD\\NewBikeBD\\vendor\\laravel\\lumen-framework\\src\\Concerns\\RoutesRequests.php(316): Laravel\\Lumen\\Application->callLumenController(Object(App\\Http\\Controllers\\PageController), 'category', Array)
#20 C:\\xampp\\htdocs\\Lumen\\NewBikeBD\\NewBikeBD\\vendor\\laravel\\lumen-framework\\src\\Concerns\\RoutesRequests.php(278): Laravel\\Lumen\\Application->callControllerAction(Array)
#21 C:\\xampp\\htdocs\\Lumen\\NewBikeBD\\NewBikeBD\\vendor\\laravel\\lumen-framework\\src\\Concerns\\RoutesRequests.php(263): Laravel\\Lumen\\Application->callActionOnArrayBasedRoute(Array)
#22 C:\\xampp\\htdocs\\Lumen\\NewBikeBD\\NewBikeBD\\vendor\\laravel\\lumen-framework\\src\\Concerns\\RoutesRequests.php(233): Laravel\\Lumen\\Application->handleFoundRoute(Array)
#23 C:\\xampp\\htdocs\\Lumen\\NewBikeBD\\NewBikeBD\\vendor\\laravel\\lumen-framework\\src\\Concerns\\RoutesRequests.php(169): Laravel\\Lumen\\Application->handleDispatcherResponse(Array)
#24 C:\\xampp\\htdocs\\Lumen\\NewBikeBD\\NewBikeBD\\vendor\\laravel\\lumen-framework\\src\\Concerns\\RoutesRequests.php(416): Laravel\\Lumen\\Application->Laravel\\Lumen\\Concerns\\{closure}(Object(Laravel\\Lumen\\Http\\Request))
#25 C:\\xampp\\htdocs\\Lumen\\NewBikeBD\\NewBikeBD\\vendor\\laravel\\lumen-framework\\src\\Concerns\\RoutesRequests.php(171): Laravel\\Lumen\\Application->sendThroughPipeline(Array, Object(Closure))
#26 C:\\xampp\\htdocs\\Lumen\\NewBikeBD\\NewBikeBD\\vendor\\laravel\\lumen-framework\\src\\Concerns\\RoutesRequests.php(108): Laravel\\Lumen\\Application->dispatch(NULL)
#27 C:\\xampp\\htdocs\\Lumen\\NewBikeBD\\NewBikeBD\\public\\index.php(28): Laravel\\Lumen\\Application->run()
#28 {main}
"} 
[2020-02-16 10:39:43] local.ERROR: PDOException: SQLSTATE[42S22]: Column not found: 1054 Unknown column 'like' in 'where clause' in C:\xampp\htdocs\Lumen\NewBikeBD\NewBikeBD\vendor\illuminate\database\Connection.php:331
Stack trace:
#0 C:\xampp\htdocs\Lumen\NewBikeBD\NewBikeBD\vendor\illuminate\database\Connection.php(331): PDO->prepare('select * from `...')
#1 C:\xampp\htdocs\Lumen\NewBikeBD\NewBikeBD\vendor\illuminate\database\Connection.php(662): Illuminate\Database\Connection->Illuminate\Database\{closure}('select * from `...', Array)
#2 C:\xampp\htdocs\Lumen\NewBikeBD\NewBikeBD\vendor\illuminate\database\Connection.php(629): Illuminate\Database\Connection->runQueryCallback('select * from `...', Array, Object(Closure))
#3 C:\xampp\htdocs\Lumen\NewBikeBD\NewBikeBD\vendor\illuminate\database\Connection.php(338): Illuminate\Database\Connection->run('select * from `...', Array, Object(Closure))
#4 C:\xampp\htdocs\Lumen\NewBikeBD\NewBikeBD\vendor\illuminate\database\Query\Builder.php(2132): Illuminate\Database\Connection->select('select * from `...', Array, true)
#5 C:\xampp\htdocs\Lumen\NewBikeBD\NewBikeBD\vendor\illuminate\database\Query\Builder.php(2120): Illuminate\Database\Query\Builder->runSelect()
#6 C:\xampp\htdocs\Lumen\NewBikeBD\NewBikeBD\vendor\illuminate\database\Query\Builder.php(2592): Illuminate\Database\Query\Builder->Illuminate\Database\Query\{closure}()
#7 C:\xampp\htdocs\Lumen\NewBikeBD\NewBikeBD\vendor\illuminate\database\Query\Builder.php(2121): Illuminate\Database\Query\Builder->onceWithColumns(Array, Object(Closure))
#8 C:\xampp\htdocs\Lumen\NewBikeBD\NewBikeBD\vendor\illuminate\database\Eloquent\Builder.php(537): Illuminate\Database\Query\Builder->get(Array)
#9 C:\xampp\htdocs\Lumen\NewBikeBD\NewBikeBD\vendor\illuminate\database\Eloquent\Builder.php(521): Illuminate\Database\Eloquent\Builder->getModels(Array)
#10 C:\xampp\htdocs\Lumen\NewBikeBD\NewBikeBD\app\Http\Controllers\PageController.php(63): Illuminate\Database\Eloquent\Builder->get()
#11 [internal function]: App\Http\Controllers\PageController->category('meta-fsdafsdaf-...')
#12 C:\xampp\htdocs\Lumen\NewBikeBD\NewBikeBD\vendor\illuminate\container\BoundMethod.php(32): call_user_func_array(Array, Array)
#13 C:\xampp\htdocs\Lumen\NewBikeBD\NewBikeBD\vendor\illuminate\container\Util.php(36): Illuminate\Container\BoundMethod::Illuminate\Container\{closure}()
#14 C:\xampp\htdocs\Lumen\NewBikeBD\NewBikeBD\vendor\illuminate\container\BoundMethod.php(90): Illuminate\Container\Util::unwrapIfClosure(Object(Closure))
#15 C:\xampp\htdocs\Lumen\NewBikeBD\NewBikeBD\vendor\illuminate\container\BoundMethod.php(34): Illuminate\Container\BoundMethod::callBoundMethod(Object(Laravel\Lumen\Application), Array, Object(Closure))
#16 C:\xampp\htdocs\Lumen\NewBikeBD\NewBikeBD\vendor\illuminate\container\Container.php(590): Illuminate\Container\BoundMethod::call(Object(Laravel\Lumen\Application), Array, Array, NULL)
#17 C:\xampp\htdocs\Lumen\NewBikeBD\NewBikeBD\vendor\laravel\lumen-framework\src\Concerns\RoutesRequests.php(376): Illuminate\Container\Container->call(Array, Array)
#18 C:\xampp\htdocs\Lumen\NewBikeBD\NewBikeBD\vendor\laravel\lumen-framework\src\Concerns\RoutesRequests.php(342): Laravel\Lumen\Application->callControllerCallable(Array, Array)
#19 C:\xampp\htdocs\Lumen\NewBikeBD\NewBikeBD\vendor\laravel\lumen-framework\src\Concerns\RoutesRequests.php(316): Laravel\Lumen\Application->callLumenController(Object(App\Http\Controllers\PageController), 'category', Array)
#20 C:\xampp\htdocs\Lumen\NewBikeBD\NewBikeBD\vendor\laravel\lumen-framework\src\Concerns\RoutesRequests.php(278): Laravel\Lumen\Application->callControllerAction(Array)
#21 C:\xampp\htdocs\Lumen\NewBikeBD\NewBikeBD\vendor\laravel\lumen-framework\src\Concerns\RoutesRequests.php(263): Laravel\Lumen\Application->callActionOnArrayBasedRoute(Array)
#22 C:\xampp\htdocs\Lumen\NewBikeBD\NewBikeBD\vendor\laravel\lumen-framework\src\Concerns\RoutesRequests.php(233): Laravel\Lumen\Application->handleFoundRoute(Array)
#23 C:\xampp\htdocs\Lumen\NewBikeBD\NewBikeBD\vendor\laravel\lumen-framework\src\Concerns\RoutesRequests.php(169): Laravel\Lumen\Application->handleDispatcherResponse(Array)
#24 C:\xampp\htdocs\Lumen\NewBikeBD\NewBikeBD\vendor\laravel\lumen-framework\src\Concerns\RoutesRequests.php(416): Laravel\Lumen\Application->Laravel\Lumen\Concerns\{closure}(Object(Laravel\Lumen\Http\Request))
#25 C:\xampp\htdocs\Lumen\NewBikeBD\NewBikeBD\vendor\laravel\lumen-framework\src\Concerns\RoutesRequests.php(171): Laravel\Lumen\Application->sendThroughPipeline(Array, Object(Closure))
#26 C:\xampp\htdocs\Lumen\NewBikeBD\NewBikeBD\vendor\laravel\lumen-framework\src\Concerns\RoutesRequests.php(108): Laravel\Lumen\Application->dispatch(NULL)
#27 C:\xampp\htdocs\Lumen\NewBikeBD\NewBikeBD\public\index.php(28): Laravel\Lumen\Application->run()
#28 {main}

Next Illuminate\Database\QueryException: SQLSTATE[42S22]: Column not found: 1054 Unknown column 'like' in 'where clause' (SQL: select * from `pages` where `like` = pagetitle and `pages`.`deleted_at` is null) in C:\xampp\htdocs\Lumen\NewBikeBD\NewBikeBD\vendor\illuminate\database\Connection.php:669
Stack trace:
#0 C:\xampp\htdocs\Lumen\NewBikeBD\NewBikeBD\vendor\illuminate\database\Connection.php(629): Illuminate\Database\Connection->runQueryCallback('select * from `...', Array, Object(Closure))
#1 C:\xampp\htdocs\Lumen\NewBikeBD\NewBikeBD\vendor\illuminate\database\Connection.php(338): Illuminate\Database\Connection->run('select * from `...', Array, Object(Closure))
#2 C:\xampp\htdocs\Lumen\NewBikeBD\NewBikeBD\vendor\illuminate\database\Query\Builder.php(2132): Illuminate\Database\Connection->select('select * from `...', Array, true)
#3 C:\xampp\htdocs\Lumen\NewBikeBD\NewBikeBD\vendor\illuminate\database\Query\Builder.php(2120): Illuminate\Database\Query\Builder->runSelect()
#4 C:\xampp\htdocs\Lumen\NewBikeBD\NewBikeBD\vendor\illuminate\database\Query\Builder.php(2592): Illuminate\Database\Query\Builder->Illuminate\Database\Query\{closure}()
#5 C:\xampp\htdocs\Lumen\NewBikeBD\NewBikeBD\vendor\illuminate\database\Query\Builder.php(2121): Illuminate\Database\Query\Builder->onceWithColumns(Array, Object(Closure))
#6 C:\xampp\htdocs\Lumen\NewBikeBD\NewBikeBD\vendor\illuminate\database\Eloquent\Builder.php(537): Illuminate\Database\Query\Builder->get(Array)
#7 C:\xampp\htdocs\Lumen\NewBikeBD\NewBikeBD\vendor\illuminate\database\Eloquent\Builder.php(521): Illuminate\Database\Eloquent\Builder->getModels(Array)
#8 C:\xampp\htdocs\Lumen\NewBikeBD\NewBikeBD\app\Http\Controllers\PageController.php(63): Illuminate\Database\Eloquent\Builder->get()
#9 [internal function]: App\Http\Controllers\PageController->category('meta-fsdafsdaf-...')
#10 C:\xampp\htdocs\Lumen\NewBikeBD\NewBikeBD\vendor\illuminate\container\BoundMethod.php(32): call_user_func_array(Array, Array)
#11 C:\xampp\htdocs\Lumen\NewBikeBD\NewBikeBD\vendor\illuminate\container\Util.php(36): Illuminate\Container\BoundMethod::Illuminate\Container\{closure}()
#12 C:\xampp\htdocs\Lumen\NewBikeBD\NewBikeBD\vendor\illuminate\container\BoundMethod.php(90): Illuminate\Container\Util::unwrapIfClosure(Object(Closure))
#13 C:\xampp\htdocs\Lumen\NewBikeBD\NewBikeBD\vendor\illuminate\container\BoundMethod.php(34): Illuminate\Container\BoundMethod::callBoundMethod(Object(Laravel\Lumen\Application), Array, Object(Closure))
#14 C:\xampp\htdocs\Lumen\NewBikeBD\NewBikeBD\vendor\illuminate\container\Container.php(590): Illuminate\Container\BoundMethod::call(Object(Laravel\Lumen\Application), Array, Array, NULL)
#15 C:\xampp\htdocs\Lumen\NewBikeBD\NewBikeBD\vendor\laravel\lumen-framework\src\Concerns\RoutesRequests.php(376): Illuminate\Container\Container->call(Array, Array)
#16 C:\xampp\htdocs\Lumen\NewBikeBD\NewBikeBD\vendor\laravel\lumen-framework\src\Concerns\RoutesRequests.php(342): Laravel\Lumen\Application->callControllerCallable(Array, Array)
#17 C:\xampp\htdocs\Lumen\NewBikeBD\NewBikeBD\vendor\laravel\lumen-framework\src\Concerns\RoutesRequests.php(316): Laravel\Lumen\Application->callLumenController(Object(App\Http\Controllers\PageController), 'category', Array)
#18 C:\xampp\htdocs\Lumen\NewBikeBD\NewBikeBD\vendor\laravel\lumen-framework\src\Concerns\RoutesRequests.php(278): Laravel\Lumen\Application->callControllerAction(Array)
#19 C:\xampp\htdocs\Lumen\NewBikeBD\NewBikeBD\vendor\laravel\lumen-framework\src\Concerns\RoutesRequests.php(263): Laravel\Lumen\Application->callActionOnArrayBasedRoute(Array)
#20 C:\xampp\htdocs\Lumen\NewBikeBD\NewBikeBD\vendor\laravel\lumen-framework\src\Concerns\RoutesRequests.php(233): Laravel\Lumen\Application->handleFoundRoute(Array)
#21 C:\xampp\htdocs\Lumen\NewBikeBD\NewBikeBD\vendor\laravel\lumen-framework\src\Concerns\RoutesRequests.php(169): Laravel\Lumen\Application->handleDispatcherResponse(Array)
#22 C:\xampp\htdocs\Lumen\NewBikeBD\NewBikeBD\vendor\laravel\lumen-framework\src\Concerns\RoutesRequests.php(416): Laravel\Lumen\Application->Laravel\Lumen\Concerns\{closure}(Object(Laravel\Lumen\Http\Request))
#23 C:\xampp\htdocs\Lumen\NewBikeBD\NewBikeBD\vendor\laravel\lumen-framework\src\Concerns\RoutesRequests.php(171): Laravel\Lumen\Application->sendThroughPipeline(Array, Object(Closure))
#24 C:\xampp\htdocs\Lumen\NewBikeBD\NewBikeBD\vendor\laravel\lumen-framework\src\Concerns\RoutesRequests.php(108): Laravel\Lumen\Application->dispatch(NULL)
#25 C:\xampp\htdocs\Lumen\NewBikeBD\NewBikeBD\public\index.php(28): Laravel\Lumen\Application->run()
#26 {main} {"exception":"[object] (Illuminate\\Database\\QueryException(code: 42S22): SQLSTATE[42S22]: Column not found: 1054 Unknown column 'like' in 'where clause' (SQL: select * from `pages` where `like` = pagetitle and `pages`.`deleted_at` is null) at C:\\xampp\\htdocs\\Lumen\\NewBikeBD\\NewBikeBD\\vendor\\illuminate\\database\\Connection.php:669)
[stacktrace]
#0 C:\\xampp\\htdocs\\Lumen\\NewBikeBD\\NewBikeBD\\vendor\\illuminate\\database\\Connection.php(629): Illuminate\\Database\\Connection->runQueryCallback('select * from `...', Array, Object(Closure))
#1 C:\\xampp\\htdocs\\Lumen\\NewBikeBD\\NewBikeBD\\vendor\\illuminate\\database\\Connection.php(338): Illuminate\\Database\\Connection->run('select * from `...', Array, Object(Closure))
#2 C:\\xampp\\htdocs\\Lumen\\NewBikeBD\\NewBikeBD\\vendor\\illuminate\\database\\Query\\Builder.php(2132): Illuminate\\Database\\Connection->select('select * from `...', Array, true)
#3 C:\\xampp\\htdocs\\Lumen\\NewBikeBD\\NewBikeBD\\vendor\\illuminate\\database\\Query\\Builder.php(2120): Illuminate\\Database\\Query\\Builder->runSelect()
#4 C:\\xampp\\htdocs\\Lumen\\NewBikeBD\\NewBikeBD\\vendor\\illuminate\\database\\Query\\Builder.php(2592): Illuminate\\Database\\Query\\Builder->Illuminate\\Database\\Query\\{closure}()
#5 C:\\xampp\\htdocs\\Lumen\\NewBikeBD\\NewBikeBD\\vendor\\illuminate\\database\\Query\\Builder.php(2121): Illuminate\\Database\\Query\\Builder->onceWithColumns(Array, Object(Closure))
#6 C:\\xampp\\htdocs\\Lumen\\NewBikeBD\\NewBikeBD\\vendor\\illuminate\\database\\Eloquent\\Builder.php(537): Illuminate\\Database\\Query\\Builder->get(Array)
#7 C:\\xampp\\htdocs\\Lumen\\NewBikeBD\\NewBikeBD\\vendor\\illuminate\\database\\Eloquent\\Builder.php(521): Illuminate\\Database\\Eloquent\\Builder->getModels(Array)
#8 C:\\xampp\\htdocs\\Lumen\\NewBikeBD\\NewBikeBD\\app\\Http\\Controllers\\PageController.php(63): Illuminate\\Database\\Eloquent\\Builder->get()
#9 [internal function]: App\\Http\\Controllers\\PageController->category('meta-fsdafsdaf-...')
#10 C:\\xampp\\htdocs\\Lumen\\NewBikeBD\\NewBikeBD\\vendor\\illuminate\\container\\BoundMethod.php(32): call_user_func_array(Array, Array)
#11 C:\\xampp\\htdocs\\Lumen\\NewBikeBD\\NewBikeBD\\vendor\\illuminate\\container\\Util.php(36): Illuminate\\Container\\BoundMethod::Illuminate\\Container\\{closure}()
#12 C:\\xampp\\htdocs\\Lumen\\NewBikeBD\\NewBikeBD\\vendor\\illuminate\\container\\BoundMethod.php(90): Illuminate\\Container\\Util::unwrapIfClosure(Object(Closure))
#13 C:\\xampp\\htdocs\\Lumen\\NewBikeBD\\NewBikeBD\\vendor\\illuminate\\container\\BoundMethod.php(34): Illuminate\\Container\\BoundMethod::callBoundMethod(Object(Laravel\\Lumen\\Application), Array, Object(Closure))
#14 C:\\xampp\\htdocs\\Lumen\\NewBikeBD\\NewBikeBD\\vendor\\illuminate\\container\\Container.php(590): Illuminate\\Container\\BoundMethod::call(Object(Laravel\\Lumen\\Application), Array, Array, NULL)
#15 C:\\xampp\\htdocs\\Lumen\\NewBikeBD\\NewBikeBD\\vendor\\laravel\\lumen-framework\\src\\Concerns\\RoutesRequests.php(376): Illuminate\\Container\\Container->call(Array, Array)
#16 C:\\xampp\\htdocs\\Lumen\\NewBikeBD\\NewBikeBD\\vendor\\laravel\\lumen-framework\\src\\Concerns\\RoutesRequests.php(342): Laravel\\Lumen\\Application->callControllerCallable(Array, Array)
#17 C:\\xampp\\htdocs\\Lumen\\NewBikeBD\\NewBikeBD\\vendor\\laravel\\lumen-framework\\src\\Concerns\\RoutesRequests.php(316): Laravel\\Lumen\\Application->callLumenController(Object(App\\Http\\Controllers\\PageController), 'category', Array)
#18 C:\\xampp\\htdocs\\Lumen\\NewBikeBD\\NewBikeBD\\vendor\\laravel\\lumen-framework\\src\\Concerns\\RoutesRequests.php(278): Laravel\\Lumen\\Application->callControllerAction(Array)
#19 C:\\xampp\\htdocs\\Lumen\\NewBikeBD\\NewBikeBD\\vendor\\laravel\\lumen-framework\\src\\Concerns\\RoutesRequests.php(263): Laravel\\Lumen\\Application->callActionOnArrayBasedRoute(Array)
#20 C:\\xampp\\htdocs\\Lumen\\NewBikeBD\\NewBikeBD\\vendor\\laravel\\lumen-framework\\src\\Concerns\\RoutesRequests.php(233): Laravel\\Lumen\\Application->handleFoundRoute(Array)
#21 C:\\xampp\\htdocs\\Lumen\\NewBikeBD\\NewBikeBD\\vendor\\laravel\\lumen-framework\\src\\Concerns\\RoutesRequests.php(169): Laravel\\Lumen\\Application->handleDispatcherResponse(Array)
#22 C:\\xampp\\htdocs\\Lumen\\NewBikeBD\\NewBikeBD\\vendor\\laravel\\lumen-framework\\src\\Concerns\\RoutesRequests.php(416): Laravel\\Lumen\\Application->Laravel\\Lumen\\Concerns\\{closure}(Object(Laravel\\Lumen\\Http\\Request))
#23 C:\\xampp\\htdocs\\Lumen\\NewBikeBD\\NewBikeBD\\vendor\\laravel\\lumen-framework\\src\\Concerns\\RoutesRequests.php(171): Laravel\\Lumen\\Application->sendThroughPipeline(Array, Object(Closure))
#24 C:\\xampp\\htdocs\\Lumen\\NewBikeBD\\NewBikeBD\\vendor\\laravel\\lumen-framework\\src\\Concerns\\RoutesRequests.php(108): Laravel\\Lumen\\Application->dispatch(NULL)
#25 C:\\xampp\\htdocs\\Lumen\\NewBikeBD\\NewBikeBD\\public\\index.php(28): Laravel\\Lumen\\Application->run()
#26 {main}

[previous exception] [object] (PDOException(code: 42S22): SQLSTATE[42S22]: Column not found: 1054 Unknown column 'like' in 'where clause' at C:\\xampp\\htdocs\\Lumen\\NewBikeBD\\NewBikeBD\\vendor\\illuminate\\database\\Connection.php:331)
[stacktrace]
#0 C:\\xampp\\htdocs\\Lumen\\NewBikeBD\\NewBikeBD\\vendor\\illuminate\\database\\Connection.php(331): PDO->prepare('select * from `...')
#1 C:\\xampp\\htdocs\\Lumen\\NewBikeBD\\NewBikeBD\\vendor\\illuminate\\database\\Connection.php(662): Illuminate\\Database\\Connection->Illuminate\\Database\\{closure}('select * from `...', Array)
#2 C:\\xampp\\htdocs\\Lumen\\NewBikeBD\\NewBikeBD\\vendor\\illuminate\\database\\Connection.php(629): Illuminate\\Database\\Connection->runQueryCallback('select * from `...', Array, Object(Closure))
#3 C:\\xampp\\htdocs\\Lumen\\NewBikeBD\\NewBikeBD\\vendor\\illuminate\\database\\Connection.php(338): Illuminate\\Database\\Connection->run('select * from `...', Array, Object(Closure))
#4 C:\\xampp\\htdocs\\Lumen\\NewBikeBD\\NewBikeBD\\vendor\\illuminate\\database\\Query\\Builder.php(2132): Illuminate\\Database\\Connection->select('select * from `...', Array, true)
#5 C:\\xampp\\htdocs\\Lumen\\NewBikeBD\\NewBikeBD\\vendor\\illuminate\\database\\Query\\Builder.php(2120): Illuminate\\Database\\Query\\Builder->runSelect()
#6 C:\\xampp\\htdocs\\Lumen\\NewBikeBD\\NewBikeBD\\vendor\\illuminate\\database\\Query\\Builder.php(2592): Illuminate\\Database\\Query\\Builder->Illuminate\\Database\\Query\\{closure}()
#7 C:\\xampp\\htdocs\\Lumen\\NewBikeBD\\NewBikeBD\\vendor\\illuminate\\database\\Query\\Builder.php(2121): Illuminate\\Database\\Query\\Builder->onceWithColumns(Array, Object(Closure))
#8 C:\\xampp\\htdocs\\Lumen\\NewBikeBD\\NewBikeBD\\vendor\\illuminate\\database\\Eloquent\\Builder.php(537): Illuminate\\Database\\Query\\Builder->get(Array)
#9 C:\\xampp\\htdocs\\Lumen\\NewBikeBD\\NewBikeBD\\vendor\\illuminate\\database\\Eloquent\\Builder.php(521): Illuminate\\Database\\Eloquent\\Builder->getModels(Array)
#10 C:\\xampp\\htdocs\\Lumen\\NewBikeBD\\NewBikeBD\\app\\Http\\Controllers\\PageController.php(63): Illuminate\\Database\\Eloquent\\Builder->get()
#11 [internal function]: App\\Http\\Controllers\\PageController->category('meta-fsdafsdaf-...')
#12 C:\\xampp\\htdocs\\Lumen\\NewBikeBD\\NewBikeBD\\vendor\\illuminate\\container\\BoundMethod.php(32): call_user_func_array(Array, Array)
#13 C:\\xampp\\htdocs\\Lumen\\NewBikeBD\\NewBikeBD\\vendor\\illuminate\\container\\Util.php(36): Illuminate\\Container\\BoundMethod::Illuminate\\Container\\{closure}()
#14 C:\\xampp\\htdocs\\Lumen\\NewBikeBD\\NewBikeBD\\vendor\\illuminate\\container\\BoundMethod.php(90): Illuminate\\Container\\Util::unwrapIfClosure(Object(Closure))
#15 C:\\xampp\\htdocs\\Lumen\\NewBikeBD\\NewBikeBD\\vendor\\illuminate\\container\\BoundMethod.php(34): Illuminate\\Container\\BoundMethod::callBoundMethod(Object(Laravel\\Lumen\\Application), Array, Object(Closure))
#16 C:\\xampp\\htdocs\\Lumen\\NewBikeBD\\NewBikeBD\\vendor\\illuminate\\container\\Container.php(590): Illuminate\\Container\\BoundMethod::call(Object(Laravel\\Lumen\\Application), Array, Array, NULL)
#17 C:\\xampp\\htdocs\\Lumen\\NewBikeBD\\NewBikeBD\\vendor\\laravel\\lumen-framework\\src\\Concerns\\RoutesRequests.php(376): Illuminate\\Container\\Container->call(Array, Array)
#18 C:\\xampp\\htdocs\\Lumen\\NewBikeBD\\NewBikeBD\\vendor\\laravel\\lumen-framework\\src\\Concerns\\RoutesRequests.php(342): Laravel\\Lumen\\Application->callControllerCallable(Array, Array)
#19 C:\\xampp\\htdocs\\Lumen\\NewBikeBD\\NewBikeBD\\vendor\\laravel\\lumen-framework\\src\\Concerns\\RoutesRequests.php(316): Laravel\\Lumen\\Application->callLumenController(Object(App\\Http\\Controllers\\PageController), 'category', Array)
#20 C:\\xampp\\htdocs\\Lumen\\NewBikeBD\\NewBikeBD\\vendor\\laravel\\lumen-framework\\src\\Concerns\\RoutesRequests.php(278): Laravel\\Lumen\\Application->callControllerAction(Array)
#21 C:\\xampp\\htdocs\\Lumen\\NewBikeBD\\NewBikeBD\\vendor\\laravel\\lumen-framework\\src\\Concerns\\RoutesRequests.php(263): Laravel\\Lumen\\Application->callActionOnArrayBasedRoute(Array)
#22 C:\\xampp\\htdocs\\Lumen\\NewBikeBD\\NewBikeBD\\vendor\\laravel\\lumen-framework\\src\\Concerns\\RoutesRequests.php(233): Laravel\\Lumen\\Application->handleFoundRoute(Array)
#23 C:\\xampp\\htdocs\\Lumen\\NewBikeBD\\NewBikeBD\\vendor\\laravel\\lumen-framework\\src\\Concerns\\RoutesRequests.php(169): Laravel\\Lumen\\Application->handleDispatcherResponse(Array)
#24 C:\\xampp\\htdocs\\Lumen\\NewBikeBD\\NewBikeBD\\vendor\\laravel\\lumen-framework\\src\\Concerns\\RoutesRequests.php(416): Laravel\\Lumen\\Application->Laravel\\Lumen\\Concerns\\{closure}(Object(Laravel\\Lumen\\Http\\Request))
#25 C:\\xampp\\htdocs\\Lumen\\NewBikeBD\\NewBikeBD\\vendor\\laravel\\lumen-framework\\src\\Concerns\\RoutesRequests.php(171): Laravel\\Lumen\\Application->sendThroughPipeline(Array, Object(Closure))
#26 C:\\xampp\\htdocs\\Lumen\\NewBikeBD\\NewBikeBD\\vendor\\laravel\\lumen-framework\\src\\Concerns\\RoutesRequests.php(108): Laravel\\Lumen\\Application->dispatch(NULL)
#27 C:\\xampp\\htdocs\\Lumen\\NewBikeBD\\NewBikeBD\\public\\index.php(28): Laravel\\Lumen\\Application->run()
#28 {main}
"} 
[2020-02-16 10:40:14] local.ERROR: PDOException: SQLSTATE[42S22]: Column not found: 1054 Unknown column 'like' in 'where clause' in C:\xampp\htdocs\Lumen\NewBikeBD\NewBikeBD\vendor\illuminate\database\Connection.php:331
Stack trace:
#0 C:\xampp\htdocs\Lumen\NewBikeBD\NewBikeBD\vendor\illuminate\database\Connection.php(331): PDO->prepare('select * from `...')
#1 C:\xampp\htdocs\Lumen\NewBikeBD\NewBikeBD\vendor\illuminate\database\Connection.php(662): Illuminate\Database\Connection->Illuminate\Database\{closure}('select * from `...', Array)
#2 C:\xampp\htdocs\Lumen\NewBikeBD\NewBikeBD\vendor\illuminate\database\Connection.php(629): Illuminate\Database\Connection->runQueryCallback('select * from `...', Array, Object(Closure))
#3 C:\xampp\htdocs\Lumen\NewBikeBD\NewBikeBD\vendor\illuminate\database\Connection.php(338): Illuminate\Database\Connection->run('select * from `...', Array, Object(Closure))
#4 C:\xampp\htdocs\Lumen\NewBikeBD\NewBikeBD\vendor\illuminate\database\Query\Builder.php(2132): Illuminate\Database\Connection->select('select * from `...', Array, true)
#5 C:\xampp\htdocs\Lumen\NewBikeBD\NewBikeBD\vendor\illuminate\database\Query\Builder.php(2120): Illuminate\Database\Query\Builder->runSelect()
#6 C:\xampp\htdocs\Lumen\NewBikeBD\NewBikeBD\vendor\illuminate\database\Query\Builder.php(2592): Illuminate\Database\Query\Builder->Illuminate\Database\Query\{closure}()
#7 C:\xampp\htdocs\Lumen\NewBikeBD\NewBikeBD\vendor\illuminate\database\Query\Builder.php(2121): Illuminate\Database\Query\Builder->onceWithColumns(Array, Object(Closure))
#8 C:\xampp\htdocs\Lumen\NewBikeBD\NewBikeBD\vendor\illuminate\database\Eloquent\Builder.php(537): Illuminate\Database\Query\Builder->get(Array)
#9 C:\xampp\htdocs\Lumen\NewBikeBD\NewBikeBD\vendor\illuminate\database\Eloquent\Builder.php(521): Illuminate\Database\Eloquent\Builder->getModels(Array)
#10 C:\xampp\htdocs\Lumen\NewBikeBD\NewBikeBD\app\Http\Controllers\PageController.php(63): Illuminate\Database\Eloquent\Builder->get()
#11 [internal function]: App\Http\Controllers\PageController->category('meta-fsdafsdaf-...')
#12 C:\xampp\htdocs\Lumen\NewBikeBD\NewBikeBD\vendor\illuminate\container\BoundMethod.php(32): call_user_func_array(Array, Array)
#13 C:\xampp\htdocs\Lumen\NewBikeBD\NewBikeBD\vendor\illuminate\container\Util.php(36): Illuminate\Container\BoundMethod::Illuminate\Container\{closure}()
#14 C:\xampp\htdocs\Lumen\NewBikeBD\NewBikeBD\vendor\illuminate\container\BoundMethod.php(90): Illuminate\Container\Util::unwrapIfClosure(Object(Closure))
#15 C:\xampp\htdocs\Lumen\NewBikeBD\NewBikeBD\vendor\illuminate\container\BoundMethod.php(34): Illuminate\Container\BoundMethod::callBoundMethod(Object(Laravel\Lumen\Application), Array, Object(Closure))
#16 C:\xampp\htdocs\Lumen\NewBikeBD\NewBikeBD\vendor\illuminate\container\Container.php(590): Illuminate\Container\BoundMethod::call(Object(Laravel\Lumen\Application), Array, Array, NULL)
#17 C:\xampp\htdocs\Lumen\NewBikeBD\NewBikeBD\vendor\laravel\lumen-framework\src\Concerns\RoutesRequests.php(376): Illuminate\Container\Container->call(Array, Array)
#18 C:\xampp\htdocs\Lumen\NewBikeBD\NewBikeBD\vendor\laravel\lumen-framework\src\Concerns\RoutesRequests.php(342): Laravel\Lumen\Application->callControllerCallable(Array, Array)
#19 C:\xampp\htdocs\Lumen\NewBikeBD\NewBikeBD\vendor\laravel\lumen-framework\src\Concerns\RoutesRequests.php(316): Laravel\Lumen\Application->callLumenController(Object(App\Http\Controllers\PageController), 'category', Array)
#20 C:\xampp\htdocs\Lumen\NewBikeBD\NewBikeBD\vendor\laravel\lumen-framework\src\Concerns\RoutesRequests.php(278): Laravel\Lumen\Application->callControllerAction(Array)
#21 C:\xampp\htdocs\Lumen\NewBikeBD\NewBikeBD\vendor\laravel\lumen-framework\src\Concerns\RoutesRequests.php(263): Laravel\Lumen\Application->callActionOnArrayBasedRoute(Array)
#22 C:\xampp\htdocs\Lumen\NewBikeBD\NewBikeBD\vendor\laravel\lumen-framework\src\Concerns\RoutesRequests.php(233): Laravel\Lumen\Application->handleFoundRoute(Array)
#23 C:\xampp\htdocs\Lumen\NewBikeBD\NewBikeBD\vendor\laravel\lumen-framework\src\Concerns\RoutesRequests.php(169): Laravel\Lumen\Application->handleDispatcherResponse(Array)
#24 C:\xampp\htdocs\Lumen\NewBikeBD\NewBikeBD\vendor\laravel\lumen-framework\src\Concerns\RoutesRequests.php(416): Laravel\Lumen\Application->Laravel\Lumen\Concerns\{closure}(Object(Laravel\Lumen\Http\Request))
#25 C:\xampp\htdocs\Lumen\NewBikeBD\NewBikeBD\vendor\laravel\lumen-framework\src\Concerns\RoutesRequests.php(171): Laravel\Lumen\Application->sendThroughPipeline(Array, Object(Closure))
#26 C:\xampp\htdocs\Lumen\NewBikeBD\NewBikeBD\vendor\laravel\lumen-framework\src\Concerns\RoutesRequests.php(108): Laravel\Lumen\Application->dispatch(NULL)
#27 C:\xampp\htdocs\Lumen\NewBikeBD\NewBikeBD\public\index.php(28): Laravel\Lumen\Application->run()
#28 {main}

Next Illuminate\Database\QueryException: SQLSTATE[42S22]: Column not found: 1054 Unknown column 'like' in 'where clause' (SQL: select * from `pages` where `like` = pagetitle and `pages`.`deleted_at` is null) in C:\xampp\htdocs\Lumen\NewBikeBD\NewBikeBD\vendor\illuminate\database\Connection.php:669
Stack trace:
#0 C:\xampp\htdocs\Lumen\NewBikeBD\NewBikeBD\vendor\illuminate\database\Connection.php(629): Illuminate\Database\Connection->runQueryCallback('select * from `...', Array, Object(Closure))
#1 C:\xampp\htdocs\Lumen\NewBikeBD\NewBikeBD\vendor\illuminate\database\Connection.php(338): Illuminate\Database\Connection->run('select * from `...', Array, Object(Closure))
#2 C:\xampp\htdocs\Lumen\NewBikeBD\NewBikeBD\vendor\illuminate\database\Query\Builder.php(2132): Illuminate\Database\Connection->select('select * from `...', Array, true)
#3 C:\xampp\htdocs\Lumen\NewBikeBD\NewBikeBD\vendor\illuminate\database\Query\Builder.php(2120): Illuminate\Database\Query\Builder->runSelect()
#4 C:\xampp\htdocs\Lumen\NewBikeBD\NewBikeBD\vendor\illuminate\database\Query\Builder.php(2592): Illuminate\Database\Query\Builder->Illuminate\Database\Query\{closure}()
#5 C:\xampp\htdocs\Lumen\NewBikeBD\NewBikeBD\vendor\illuminate\database\Query\Builder.php(2121): Illuminate\Database\Query\Builder->onceWithColumns(Array, Object(Closure))
#6 C:\xampp\htdocs\Lumen\NewBikeBD\NewBikeBD\vendor\illuminate\database\Eloquent\Builder.php(537): Illuminate\Database\Query\Builder->get(Array)
#7 C:\xampp\htdocs\Lumen\NewBikeBD\NewBikeBD\vendor\illuminate\database\Eloquent\Builder.php(521): Illuminate\Database\Eloquent\Builder->getModels(Array)
#8 C:\xampp\htdocs\Lumen\NewBikeBD\NewBikeBD\app\Http\Controllers\PageController.php(63): Illuminate\Database\Eloquent\Builder->get()
#9 [internal function]: App\Http\Controllers\PageController->category('meta-fsdafsdaf-...')
#10 C:\xampp\htdocs\Lumen\NewBikeBD\NewBikeBD\vendor\illuminate\container\BoundMethod.php(32): call_user_func_array(Array, Array)
#11 C:\xampp\htdocs\Lumen\NewBikeBD\NewBikeBD\vendor\illuminate\container\Util.php(36): Illuminate\Container\BoundMethod::Illuminate\Container\{closure}()
#12 C:\xampp\htdocs\Lumen\NewBikeBD\NewBikeBD\vendor\illuminate\container\BoundMethod.php(90): Illuminate\Container\Util::unwrapIfClosure(Object(Closure))
#13 C:\xampp\htdocs\Lumen\NewBikeBD\NewBikeBD\vendor\illuminate\container\BoundMethod.php(34): Illuminate\Container\BoundMethod::callBoundMethod(Object(Laravel\Lumen\Application), Array, Object(Closure))
#14 C:\xampp\htdocs\Lumen\NewBikeBD\NewBikeBD\vendor\illuminate\container\Container.php(590): Illuminate\Container\BoundMethod::call(Object(Laravel\Lumen\Application), Array, Array, NULL)
#15 C:\xampp\htdocs\Lumen\NewBikeBD\NewBikeBD\vendor\laravel\lumen-framework\src\Concerns\RoutesRequests.php(376): Illuminate\Container\Container->call(Array, Array)
#16 C:\xampp\htdocs\Lumen\NewBikeBD\NewBikeBD\vendor\laravel\lumen-framework\src\Concerns\RoutesRequests.php(342): Laravel\Lumen\Application->callControllerCallable(Array, Array)
#17 C:\xampp\htdocs\Lumen\NewBikeBD\NewBikeBD\vendor\laravel\lumen-framework\src\Concerns\RoutesRequests.php(316): Laravel\Lumen\Application->callLumenController(Object(App\Http\Controllers\PageController), 'category', Array)
#18 C:\xampp\htdocs\Lumen\NewBikeBD\NewBikeBD\vendor\laravel\lumen-framework\src\Concerns\RoutesRequests.php(278): Laravel\Lumen\Application->callControllerAction(Array)
#19 C:\xampp\htdocs\Lumen\NewBikeBD\NewBikeBD\vendor\laravel\lumen-framework\src\Concerns\RoutesRequests.php(263): Laravel\Lumen\Application->callActionOnArrayBasedRoute(Array)
#20 C:\xampp\htdocs\Lumen\NewBikeBD\NewBikeBD\vendor\laravel\lumen-framework\src\Concerns\RoutesRequests.php(233): Laravel\Lumen\Application->handleFoundRoute(Array)
#21 C:\xampp\htdocs\Lumen\NewBikeBD\NewBikeBD\vendor\laravel\lumen-framework\src\Concerns\RoutesRequests.php(169): Laravel\Lumen\Application->handleDispatcherResponse(Array)
#22 C:\xampp\htdocs\Lumen\NewBikeBD\NewBikeBD\vendor\laravel\lumen-framework\src\Concerns\RoutesRequests.php(416): Laravel\Lumen\Application->Laravel\Lumen\Concerns\{closure}(Object(Laravel\Lumen\Http\Request))
#23 C:\xampp\htdocs\Lumen\NewBikeBD\NewBikeBD\vendor\laravel\lumen-framework\src\Concerns\RoutesRequests.php(171): Laravel\Lumen\Application->sendThroughPipeline(Array, Object(Closure))
#24 C:\xampp\htdocs\Lumen\NewBikeBD\NewBikeBD\vendor\laravel\lumen-framework\src\Concerns\RoutesRequests.php(108): Laravel\Lumen\Application->dispatch(NULL)
#25 C:\xampp\htdocs\Lumen\NewBikeBD\NewBikeBD\public\index.php(28): Laravel\Lumen\Application->run()
#26 {main} {"exception":"[object] (Illuminate\\Database\\QueryException(code: 42S22): SQLSTATE[42S22]: Column not found: 1054 Unknown column 'like' in 'where clause' (SQL: select * from `pages` where `like` = pagetitle and `pages`.`deleted_at` is null) at C:\\xampp\\htdocs\\Lumen\\NewBikeBD\\NewBikeBD\\vendor\\illuminate\\database\\Connection.php:669)
[stacktrace]
#0 C:\\xampp\\htdocs\\Lumen\\NewBikeBD\\NewBikeBD\\vendor\\illuminate\\database\\Connection.php(629): Illuminate\\Database\\Connection->runQueryCallback('select * from `...', Array, Object(Closure))
#1 C:\\xampp\\htdocs\\Lumen\\NewBikeBD\\NewBikeBD\\vendor\\illuminate\\database\\Connection.php(338): Illuminate\\Database\\Connection->run('select * from `...', Array, Object(Closure))
#2 C:\\xampp\\htdocs\\Lumen\\NewBikeBD\\NewBikeBD\\vendor\\illuminate\\database\\Query\\Builder.php(2132): Illuminate\\Database\\Connection->select('select * from `...', Array, true)
#3 C:\\xampp\\htdocs\\Lumen\\NewBikeBD\\NewBikeBD\\vendor\\illuminate\\database\\Query\\Builder.php(2120): Illuminate\\Database\\Query\\Builder->runSelect()
#4 C:\\xampp\\htdocs\\Lumen\\NewBikeBD\\NewBikeBD\\vendor\\illuminate\\database\\Query\\Builder.php(2592): Illuminate\\Database\\Query\\Builder->Illuminate\\Database\\Query\\{closure}()
#5 C:\\xampp\\htdocs\\Lumen\\NewBikeBD\\NewBikeBD\\vendor\\illuminate\\database\\Query\\Builder.php(2121): Illuminate\\Database\\Query\\Builder->onceWithColumns(Array, Object(Closure))
#6 C:\\xampp\\htdocs\\Lumen\\NewBikeBD\\NewBikeBD\\vendor\\illuminate\\database\\Eloquent\\Builder.php(537): Illuminate\\Database\\Query\\Builder->get(Array)
#7 C:\\xampp\\htdocs\\Lumen\\NewBikeBD\\NewBikeBD\\vendor\\illuminate\\database\\Eloquent\\Builder.php(521): Illuminate\\Database\\Eloquent\\Builder->getModels(Array)
#8 C:\\xampp\\htdocs\\Lumen\\NewBikeBD\\NewBikeBD\\app\\Http\\Controllers\\PageController.php(63): Illuminate\\Database\\Eloquent\\Builder->get()
#9 [internal function]: App\\Http\\Controllers\\PageController->category('meta-fsdafsdaf-...')
#10 C:\\xampp\\htdocs\\Lumen\\NewBikeBD\\NewBikeBD\\vendor\\illuminate\\container\\BoundMethod.php(32): call_user_func_array(Array, Array)
#11 C:\\xampp\\htdocs\\Lumen\\NewBikeBD\\NewBikeBD\\vendor\\illuminate\\container\\Util.php(36): Illuminate\\Container\\BoundMethod::Illuminate\\Container\\{closure}()
#12 C:\\xampp\\htdocs\\Lumen\\NewBikeBD\\NewBikeBD\\vendor\\illuminate\\container\\BoundMethod.php(90): Illuminate\\Container\\Util::unwrapIfClosure(Object(Closure))
#13 C:\\xampp\\htdocs\\Lumen\\NewBikeBD\\NewBikeBD\\vendor\\illuminate\\container\\BoundMethod.php(34): Illuminate\\Container\\BoundMethod::callBoundMethod(Object(Laravel\\Lumen\\Application), Array, Object(Closure))
#14 C:\\xampp\\htdocs\\Lumen\\NewBikeBD\\NewBikeBD\\vendor\\illuminate\\container\\Container.php(590): Illuminate\\Container\\BoundMethod::call(Object(Laravel\\Lumen\\Application), Array, Array, NULL)
#15 C:\\xampp\\htdocs\\Lumen\\NewBikeBD\\NewBikeBD\\vendor\\laravel\\lumen-framework\\src\\Concerns\\RoutesRequests.php(376): Illuminate\\Container\\Container->call(Array, Array)
#16 C:\\xampp\\htdocs\\Lumen\\NewBikeBD\\NewBikeBD\\vendor\\laravel\\lumen-framework\\src\\Concerns\\RoutesRequests.php(342): Laravel\\Lumen\\Application->callControllerCallable(Array, Array)
#17 C:\\xampp\\htdocs\\Lumen\\NewBikeBD\\NewBikeBD\\vendor\\laravel\\lumen-framework\\src\\Concerns\\RoutesRequests.php(316): Laravel\\Lumen\\Application->callLumenController(Object(App\\Http\\Controllers\\PageController), 'category', Array)
#18 C:\\xampp\\htdocs\\Lumen\\NewBikeBD\\NewBikeBD\\vendor\\laravel\\lumen-framework\\src\\Concerns\\RoutesRequests.php(278): Laravel\\Lumen\\Application->callControllerAction(Array)
#19 C:\\xampp\\htdocs\\Lumen\\NewBikeBD\\NewBikeBD\\vendor\\laravel\\lumen-framework\\src\\Concerns\\RoutesRequests.php(263): Laravel\\Lumen\\Application->callActionOnArrayBasedRoute(Array)
#20 C:\\xampp\\htdocs\\Lumen\\NewBikeBD\\NewBikeBD\\vendor\\laravel\\lumen-framework\\src\\Concerns\\RoutesRequests.php(233): Laravel\\Lumen\\Application->handleFoundRoute(Array)
#21 C:\\xampp\\htdocs\\Lumen\\NewBikeBD\\NewBikeBD\\vendor\\laravel\\lumen-framework\\src\\Concerns\\RoutesRequests.php(169): Laravel\\Lumen\\Application->handleDispatcherResponse(Array)
#22 C:\\xampp\\htdocs\\Lumen\\NewBikeBD\\NewBikeBD\\vendor\\laravel\\lumen-framework\\src\\Concerns\\RoutesRequests.php(416): Laravel\\Lumen\\Application->Laravel\\Lumen\\Concerns\\{closure}(Object(Laravel\\Lumen\\Http\\Request))
#23 C:\\xampp\\htdocs\\Lumen\\NewBikeBD\\NewBikeBD\\vendor\\laravel\\lumen-framework\\src\\Concerns\\RoutesRequests.php(171): Laravel\\Lumen\\Application->sendThroughPipeline(Array, Object(Closure))
#24 C:\\xampp\\htdocs\\Lumen\\NewBikeBD\\NewBikeBD\\vendor\\laravel\\lumen-framework\\src\\Concerns\\RoutesRequests.php(108): Laravel\\Lumen\\Application->dispatch(NULL)
#25 C:\\xampp\\htdocs\\Lumen\\NewBikeBD\\NewBikeBD\\public\\index.php(28): Laravel\\Lumen\\Application->run()
#26 {main}

[previous exception] [object] (PDOException(code: 42S22): SQLSTATE[42S22]: Column not found: 1054 Unknown column 'like' in 'where clause' at C:\\xampp\\htdocs\\Lumen\\NewBikeBD\\NewBikeBD\\vendor\\illuminate\\database\\Connection.php:331)
[stacktrace]
#0 C:\\xampp\\htdocs\\Lumen\\NewBikeBD\\NewBikeBD\\vendor\\illuminate\\database\\Connection.php(331): PDO->prepare('select * from `...')
#1 C:\\xampp\\htdocs\\Lumen\\NewBikeBD\\NewBikeBD\\vendor\\illuminate\\database\\Connection.php(662): Illuminate\\Database\\Connection->Illuminate\\Database\\{closure}('select * from `...', Array)
#2 C:\\xampp\\htdocs\\Lumen\\NewBikeBD\\NewBikeBD\\vendor\\illuminate\\database\\Connection.php(629): Illuminate\\Database\\Connection->runQueryCallback('select * from `...', Array, Object(Closure))
#3 C:\\xampp\\htdocs\\Lumen\\NewBikeBD\\NewBikeBD\\vendor\\illuminate\\database\\Connection.php(338): Illuminate\\Database\\Connection->run('select * from `...', Array, Object(Closure))
#4 C:\\xampp\\htdocs\\Lumen\\NewBikeBD\\NewBikeBD\\vendor\\illuminate\\database\\Query\\Builder.php(2132): Illuminate\\Database\\Connection->select('select * from `...', Array, true)
#5 C:\\xampp\\htdocs\\Lumen\\NewBikeBD\\NewBikeBD\\vendor\\illuminate\\database\\Query\\Builder.php(2120): Illuminate\\Database\\Query\\Builder->runSelect()
#6 C:\\xampp\\htdocs\\Lumen\\NewBikeBD\\NewBikeBD\\vendor\\illuminate\\database\\Query\\Builder.php(2592): Illuminate\\Database\\Query\\Builder->Illuminate\\Database\\Query\\{closure}()
#7 C:\\xampp\\htdocs\\Lumen\\NewBikeBD\\NewBikeBD\\vendor\\illuminate\\database\\Query\\Builder.php(2121): Illuminate\\Database\\Query\\Builder->onceWithColumns(Array, Object(Closure))
#8 C:\\xampp\\htdocs\\Lumen\\NewBikeBD\\NewBikeBD\\vendor\\illuminate\\database\\Eloquent\\Builder.php(537): Illuminate\\Database\\Query\\Builder->get(Array)
#9 C:\\xampp\\htdocs\\Lumen\\NewBikeBD\\NewBikeBD\\vendor\\illuminate\\database\\Eloquent\\Builder.php(521): Illuminate\\Database\\Eloquent\\Builder->getModels(Array)
#10 C:\\xampp\\htdocs\\Lumen\\NewBikeBD\\NewBikeBD\\app\\Http\\Controllers\\PageController.php(63): Illuminate\\Database\\Eloquent\\Builder->get()
#11 [internal function]: App\\Http\\Controllers\\PageController->category('meta-fsdafsdaf-...')
#12 C:\\xampp\\htdocs\\Lumen\\NewBikeBD\\NewBikeBD\\vendor\\illuminate\\container\\BoundMethod.php(32): call_user_func_array(Array, Array)
#13 C:\\xampp\\htdocs\\Lumen\\NewBikeBD\\NewBikeBD\\vendor\\illuminate\\container\\Util.php(36): Illuminate\\Container\\BoundMethod::Illuminate\\Container\\{closure}()
#14 C:\\xampp\\htdocs\\Lumen\\NewBikeBD\\NewBikeBD\\vendor\\illuminate\\container\\BoundMethod.php(90): Illuminate\\Container\\Util::unwrapIfClosure(Object(Closure))
#15 C:\\xampp\\htdocs\\Lumen\\NewBikeBD\\NewBikeBD\\vendor\\illuminate\\container\\BoundMethod.php(34): Illuminate\\Container\\BoundMethod::callBoundMethod(Object(Laravel\\Lumen\\Application), Array, Object(Closure))
#16 C:\\xampp\\htdocs\\Lumen\\NewBikeBD\\NewBikeBD\\vendor\\illuminate\\container\\Container.php(590): Illuminate\\Container\\BoundMethod::call(Object(Laravel\\Lumen\\Application), Array, Array, NULL)
#17 C:\\xampp\\htdocs\\Lumen\\NewBikeBD\\NewBikeBD\\vendor\\laravel\\lumen-framework\\src\\Concerns\\RoutesRequests.php(376): Illuminate\\Container\\Container->call(Array, Array)
#18 C:\\xampp\\htdocs\\Lumen\\NewBikeBD\\NewBikeBD\\vendor\\laravel\\lumen-framework\\src\\Concerns\\RoutesRequests.php(342): Laravel\\Lumen\\Application->callControllerCallable(Array, Array)
#19 C:\\xampp\\htdocs\\Lumen\\NewBikeBD\\NewBikeBD\\vendor\\laravel\\lumen-framework\\src\\Concerns\\RoutesRequests.php(316): Laravel\\Lumen\\Application->callLumenController(Object(App\\Http\\Controllers\\PageController), 'category', Array)
#20 C:\\xampp\\htdocs\\Lumen\\NewBikeBD\\NewBikeBD\\vendor\\laravel\\lumen-framework\\src\\Concerns\\RoutesRequests.php(278): Laravel\\Lumen\\Application->callControllerAction(Array)
#21 C:\\xampp\\htdocs\\Lumen\\NewBikeBD\\NewBikeBD\\vendor\\laravel\\lumen-framework\\src\\Concerns\\RoutesRequests.php(263): Laravel\\Lumen\\Application->callActionOnArrayBasedRoute(Array)
#22 C:\\xampp\\htdocs\\Lumen\\NewBikeBD\\NewBikeBD\\vendor\\laravel\\lumen-framework\\src\\Concerns\\RoutesRequests.php(233): Laravel\\Lumen\\Application->handleFoundRoute(Array)
#23 C:\\xampp\\htdocs\\Lumen\\NewBikeBD\\NewBikeBD\\vendor\\laravel\\lumen-framework\\src\\Concerns\\RoutesRequests.php(169): Laravel\\Lumen\\Application->handleDispatcherResponse(Array)
#24 C:\\xampp\\htdocs\\Lumen\\NewBikeBD\\NewBikeBD\\vendor\\laravel\\lumen-framework\\src\\Concerns\\RoutesRequests.php(416): Laravel\\Lumen\\Application->Laravel\\Lumen\\Concerns\\{closure}(Object(Laravel\\Lumen\\Http\\Request))
#25 C:\\xampp\\htdocs\\Lumen\\NewBikeBD\\NewBikeBD\\vendor\\laravel\\lumen-framework\\src\\Concerns\\RoutesRequests.php(171): Laravel\\Lumen\\Application->sendThroughPipeline(Array, Object(Closure))
#26 C:\\xampp\\htdocs\\Lumen\\NewBikeBD\\NewBikeBD\\vendor\\laravel\\lumen-framework\\src\\Concerns\\RoutesRequests.php(108): Laravel\\Lumen\\Application->dispatch(NULL)
#27 C:\\xampp\\htdocs\\Lumen\\NewBikeBD\\NewBikeBD\\public\\index.php(28): Laravel\\Lumen\\Application->run()
#28 {main}
"} 
[2020-02-16 11:36:45] local.ERROR: Symfony\Component\Debug\Exception\FatalErrorException: syntax error, unexpected '}', expecting end of file in C:\xampp\htdocs\Lumen\NewBikeBD\NewBikeBD\routes\web.php:286
Stack trace:
#0 C:\xampp\htdocs\Lumen\NewBikeBD\NewBikeBD\vendor\laravel\lumen-framework\src\Concerns\RegistersExceptionHandlers.php(54): Laravel\Lumen\Application->handleShutdown()
#1 [internal function]: Laravel\Lumen\Application->Laravel\Lumen\Concerns\{closure}()
#2 {main} {"exception":"[object] (Symfony\\Component\\Debug\\Exception\\FatalErrorException(code: 4): syntax error, unexpected '}', expecting end of file at C:\\xampp\\htdocs\\Lumen\\NewBikeBD\\NewBikeBD\outes\\web.php:286)
[stacktrace]
#0 C:\\xampp\\htdocs\\Lumen\\NewBikeBD\\NewBikeBD\\vendor\\laravel\\lumen-framework\\src\\Concerns\\RegistersExceptionHandlers.php(54): Laravel\\Lumen\\Application->handleShutdown()
#1 [internal function]: Laravel\\Lumen\\Application->Laravel\\Lumen\\Concerns\\{closure}()
#2 {main}
"} 
